server_8.log: seed=511, mu=5.000000, QSize=15
1.850000 1
1.967000 2
2.364000 3
2.462000 2
2.487000 3
2.503000 2
2.798000 1
2.829000 2
2.931000 3
2.990000 4
3.035000 3
3.472000 2
3.535000 3
3.581000 2
3.638000 1
3.822000 2
3.879000 1
3.948000 0
4.271000 1
4.364000 2
4.855000 1
4.890000 0
5.379000 1
5.506000 0
6.099000 1
6.354000 0
6.679000 1
6.739000 2
7.053000 3
7.329000 2
7.406000 1
7.443000 0
7.487000 1
7.645000 0
7.811000 1
8.073000 2
8.214000 1
8.305000 0
8.483000 1
8.734000 0
8.734000 1
8.820000 0
8.928000 1
9.072000 2
9.120000 1
9.170000 0
9.204000 1
9.550000 0
9.919000 1
10.059000 2
10.179000 1
10.325000 0
10.633000 1
10.670000 2
10.999000 1
11.000000 0
11.073000 1
11.481000 0
11.738000 1
11.769000 0
12.026000 1
12.069000 0
12.138000 1
12.249000 0
12.459000 1
12.542000 2
12.660000 3
12.719000 2
12.822000 1
13.038000 2
13.130000 3
13.207000 4
13.238000 5
13.340000 6
13.815000 5
13.820000 4
13.836000 5
13.882000 4
13.950000 3
13.965000 4
14.004000 3
14.058000 2
14.073000 1
14.180000 2
14.256000 3
14.309000 4
14.353000 3
14.389000 4
14.650000 5
14.695000 4
14.729000 5
14.799000 4
14.839000 3
15.009000 4
15.030000 5
15.049000 4
15.050000 5
15.069000 6
15.249000 7
15.362000 8
15.635000 7
16.299000 6
16.394000 5
16.417000 6
16.549000 5
16.590000 6
16.644000 5
16.809000 4
16.970000 5
16.990000 6
17.104000 5
17.169000 6
17.179000 7
17.219000 6
17.254000 5
17.331000 6
17.372000 7
17.429000 8
17.556000 7
17.556000 8
17.819000 9
17.880000 10
17.912000 11
17.951000 10
17.963000 11
18.144000 12
18.254000 11
18.275000 12
18.376000 13
18.638000 14
19.054000 13
19.104000 14
19.175000 15
19.306000 14
19.337000 13
19.415000 14
19.579000 13
19.580000 14
19.599000 13
19.688000 14
19.720000 13
19.849000 14
19.865000 13
19.922000 14
19.953000 13
20.050000 14
20.186000 15
20.286000 14
20.308000 13
20.540000 14
20.559000 13
20.565000 14
20.659000 13
20.659000 14
20.732000 15
20.762000 14
20.889000 13
20.919000 12
20.928000 11
21.054000 10
21.319000 11
21.335000 10
21.509000 11
21.549000 12
21.619000 11
21.658000 10
22.210000 11
22.269000 10
22.390000 11
22.555000 12
22.708000 11
22.830000 10
22.885000 9
22.987000 8
23.095000 9
23.195000 10
23.206000 9
23.269000 8
23.336000 9
23.423000 8
23.479000 7
23.480000 8
23.573000 7
23.915000 6
23.962000 7
24.104000 6
24.105000 7
24.193000 6
24.229000 5
24.309000 4
24.329000 5
24.489000 4
24.505000 3
24.624000 2
24.721000 1
24.761000 2
24.774000 3
24.859000 2
25.015000 1
25.071000 2
25.296000 1
25.299000 2
25.352000 3
25.589000 2
25.649000 1
25.665000 0
25.785000 1
25.880000 0
25.938000 1
25.954000 0
26.210000 1
26.279000 2
26.375000 1
26.619000 0
26.654000 1
26.839000 0
26.984000 1
27.069000 0
27.194000 1
27.299000 0
27.590000 1
27.621000 2
27.836000 1
27.925000 2
27.984000 1
28.189000 0
28.599000 1
28.639000 2
28.690000 3
28.819000 2
28.854000 1
28.970000 2
29.003000 3
29.177000 4
29.210000 5
29.289000 4
29.392000 5
29.709000 4
29.864000 3
30.149000 2
30.259000 1
30.350000 2
30.488000 3
30.504000 2
30.630000 1
30.667000 2
30.729000 1
31.009000 2
31.030000 1
31.112000 2
31.142000 1
31.244000 0
31.659000 1
31.674000 0
31.694000 1
31.755000 0
31.956000 1
32.019000 0
32.171000 1
32.331000 2
32.529000 1
32.549000 0
33.349000 1
33.549000 2
33.845000 1
33.861000 2
33.889000 1
33.969000 0
34.554000 1
34.659000 0
34.726000 1
34.860000 2
35.015000 1
35.031000 2
35.130000 1
35.279000 0
35.606000 1
35.806000 2
35.822000 3
35.870000 2
35.889000 1
35.929000 0
35.951000 1
36.069000 2
36.110000 3
36.149000 2
36.150000 3
36.399000 2
36.400000 3
36.412000 2
36.459000 3
36.615000 4
36.705000 5
36.876000 4
36.896000 3
36.922000 4
37.020000 5
37.122000 4
37.219000 3
37.254000 2
37.619000 1
37.649000 0
37.649000 1
37.820000 0
37.956000 1
38.089000 0
38.329000 1
38.388000 0
38.559000 1
39.013000 0
39.288000 1
39.424000 0
39.504000 1
39.559000 2
39.599000 3
39.656000 4
39.897000 3
40.000000 4
40.113000 3
40.220000 4
40.295000 5
40.296000 6
40.337000 7
40.495000 8
40.527000 9
40.582000 10
40.637000 11
41.069000 10
41.269000 9
41.289000 10
41.529000 11
41.671000 12
41.702000 13
41.749000 12
42.033000 11
42.189000 12
42.206000 13
42.232000 14
42.580000 15
42.680000 14
42.883000 15
43.058000 14
43.490000 15
43.699000 14
43.714000 13
43.799000 14
43.900000 15
44.384000 14
44.413000 13
44.584000 12
44.729000 11
44.770000 12
44.804000 11
44.907000 12
44.923000 13
44.999000 12
45.252000 11
45.484000 12
45.569000 13
45.579000 14
45.660000 15
45.681000 14
45.829000 13
45.989000 14
46.020000 13
46.579000 12
46.591000 11
46.690000 12
47.149000 11
47.257000 10
47.479000 9
47.915000 8
48.010000 9
48.210000 10
48.233000 11
48.265000 10
48.282000 11
48.297000 10
48.497000 11
48.709000 12
48.709000 11
48.771000 12
48.786000 11
48.989000 10
49.060000 9
49.173000 8
49.322000 9
49.355000 10
49.594000 11
49.629000 12
49.687000 13
49.750000 14
49.856000 13
49.887000 12
50.159000 13
50.278000 12
50.280000 11
50.315000 10
50.401000 9
50.714000 10
51.029000 9
51.249000 8
51.249000 9
51.271000 10
51.359000 11
51.480000 12
51.603000 11
51.680000 10
51.808000 9
51.839000 10
52.054000 9
52.169000 10
52.302000 9
52.590000 10
52.641000 9
52.655000 10
52.705000 11
52.836000 12
52.867000 13
52.920000 12
52.920000 11
52.969000 10
53.137000 11
53.153000 12
53.256000 13
53.285000 14
53.300000 13
53.469000 14
53.725000 13
53.802000 12
54.075000 11
54.152000 10
54.319000 9
54.369000 10
54.489000 11
54.512000 12
54.570000 13
54.584000 12
54.606000 11
54.719000 10
54.769000 9
54.949000 8
55.122000 7
55.230000 8
55.389000 7
55.465000 6
55.486000 5
55.565000 6
55.849000 5
55.909000 6
56.029000 5
56.049000 4
56.372000 5
56.569000 6
56.669000 7
56.889000 6
56.977000 5
57.085000 6
57.272000 7
57.287000 6
57.755000 7
57.770000 8
57.770000 7
57.804000 8
57.908000 9
58.171000 10
58.747000 9
58.769000 8
58.821000 9
58.859000 10
58.971000 11
59.130000 12
59.145000 13
59.168000 12
59.567000 11
59.720000 12
59.950000 13
60.029000 14
60.031000 13
60.120000 14
60.271000 13
60.339000 12
60.435000 11
60.492000 10
60.620000 11
60.640000 12
60.656000 11
60.754000 10
60.849000 9
60.940000 8
60.949000 9
61.111000 10
61.188000 9
61.499000 8
61.499000 9
61.590000 10
61.684000 9
61.755000 10
61.777000 11
61.949000 10
62.065000 11
62.245000 10
62.416000 9
62.519000 8
62.519000 9
62.539000 8
62.633000 7
62.887000 8
63.108000 9
63.231000 8
63.249000 7
63.328000 6
63.400000 7
63.578000 6
63.779000 7
63.839000 6
63.879000 5
63.916000 4
63.963000 3
64.054000 4
64.069000 5
64.129000 6
64.194000 5
64.365000 4
64.403000 3
64.439000 2
64.519000 3
64.600000 2
64.802000 3
65.024000 2
65.024000 3
65.027000 2
65.170000 3
65.189000 2
65.227000 1
65.379000 0
65.452000 1
65.471000 0
65.472000 1
65.560000 2
65.619000 3
65.689000 4
65.721000 5
65.769000 6
65.830000 7
65.889000 6
65.938000 7
66.149000 8
66.319000 9
66.669000 10
66.789000 9
66.821000 8
66.894000 7
66.895000 6
66.895000 7
67.010000 8
67.243000 9
67.409000 8
67.549000 7
67.616000 8
67.674000 7
67.749000 6
68.452000 7
68.538000 6
68.624000 5
68.625000 6
68.799000 5
68.829000 6
68.870000 7
68.907000 6
69.124000 5
69.151000 6
69.182000 5
69.364000 6
69.535000 7
69.562000 8
69.699000 7
69.719000 6
70.011000 7
70.256000 6
70.256000 7
70.390000 6
70.647000 5
71.040000 6
71.095000 5
71.290000 6
71.380000 7
71.449000 8
71.514000 9
71.602000 8
71.619000 7
71.774000 8
71.790000 7
71.849000 6
71.869000 5
71.910000 6
71.985000 7
72.244000 6
72.367000 7
72.411000 8
72.586000 7
72.853000 6
73.086000 5
73.230000 6
73.232000 5
73.304000 4
73.341000 3
73.360000 4
73.400000 5
73.494000 6
73.570000 7
73.587000 6
73.629000 5
73.675000 4
73.707000 5
73.722000 4
73.829000 5
74.070000 6
74.274000 5
74.275000 6
74.275000 7
74.345000 8
74.389000 7
74.420000 6
74.420000 7
74.579000 8
74.909000 9
75.018000 8
75.195000 7
75.227000 6
75.243000 7
75.275000 8
75.291000 9
75.322000 8
75.338000 7
75.401000 8
75.455000 9
75.580000 10
75.648000 9
75.877000 8
76.239000 9
76.374000 10
76.639000 9
76.719000 8
76.853000 9
76.869000 10
76.879000 11
76.900000 12
76.979000 11
77.089000 10
77.109000 11
77.265000 10
77.265000 11
77.324000 12
77.344000 11
77.441000 12
77.472000 13
77.520000 14
77.535000 15
77.984000 14
78.179000 13
78.219000 12
78.267000 13
78.369000 14
78.549000 13
78.571000 14
78.605000 15
78.619000 14
78.924000 15
78.955000 14
79.259000 15
79.378000 14
79.453000 13
79.655000 12
79.687000 13
79.729000 14
79.865000 15
79.909000 14
79.985000 13
80.049000 12
80.120000 13
80.140000 14
80.203000 13
80.232000 12
80.249000 11
80.303000 10
80.499000 9
80.499000 10
80.645000 11
80.702000 12
80.856000 11
80.883000 10
80.972000 11
81.078000 12
81.108000 13
81.387000 14
81.499000 15
81.909000 14
81.983000 13
82.039000 14
82.255000 15
82.270000 14
82.370000 13
82.372000 12
82.409000 13
82.500000 14
82.666000 15
82.873000 14
82.897000 15
82.999000 14
83.129000 15
83.587000 14
83.650000 15
83.915000 14
84.079000 15
84.144000 14
84.629000 13
84.632000 14
84.844000 15
84.847000 14
85.003000 15
85.049000 14
85.190000 15
85.466000 14
85.839000 13
85.841000 14
85.919000 15
86.307000 14
86.529000 15
87.014000 14
87.079000 13
87.079000 14
87.161000 15
87.252000 14
87.465000 13
87.729000 12
87.803000 11
88.197000 12
88.405000 11
88.614000 12
88.673000 11
88.689000 10
88.865000 11
88.880000 10
88.909000 9
88.938000 10
89.078000 9
89.152000 10
89.239000 9
89.310000 8
89.409000 7
89.511000 6
89.571000 7
89.741000 6
89.772000 5
89.845000 6
89.885000 7
90.021000 8
90.115000 7
90.122000 8
90.253000 7
90.375000 6
90.376000 7
90.423000 6
90.535000 7
90.640000 8
90.949000 7
90.968000 8
91.099000 9
91.140000 10
91.159000 9
91.722000 8
91.870000 7
92.072000 6
92.269000 5
92.349000 6
92.425000 5
92.518000 4
92.589000 5
92.640000 4
92.702000 5
92.742000 6
92.772000 5
92.779000 4
92.795000 3
92.972000 2
93.002000 3
93.021000 4
93.069000 3
93.210000 4
93.269000 5
93.422000 6
93.449000 7
93.529000 8
93.584000 7
93.720000 8
93.805000 7
93.840000 6
93.865000 7
93.903000 8
93.961000 9
93.999000 8
94.121000 7
94.169000 6
94.287000 5
94.354000 6
94.392000 5
94.429000 4
94.463000 5
94.640000 6
94.809000 7
94.866000 6
95.124000 7
95.249000 6
95.271000 5
95.333000 4
95.404000 3
95.516000 4
95.619000 3
95.719000 2
95.734000 1
95.821000 0
95.919000 1
96.031000 2
96.049000 3
96.064000 4
96.120000 3
96.170000 2
96.176000 1
96.319000 2
96.590000 3
96.720000 2
96.739000 1
97.074000 2
97.120000 3
97.279000 4
97.450000 5
97.465000 4
97.529000 3
97.538000 4
97.698000 5
97.728000 4
97.728000 5
97.839000 4
98.079000 3
98.100000 4
98.114000 3
98.459000 4
98.544000 3
98.567000 4
98.567000 3
98.605000 2
98.679000 1
98.680000 2
98.736000 1
98.814000 0
99.021000 1
99.145000 2
99.845000 1
99.882000 0
99.938000 1
100.087000 0
100.728000 1
100.749000 2
100.987000 1
101.085000 2
101.221000 3
101.539000 2
101.638000 1
101.653000 0
101.755000 1
101.779000 2
101.795000 3
101.854000 2
102.065000 1
102.155000 2
102.336000 1
102.354000 2
102.410000 3
102.590000 4
102.678000 5
102.779000 4
102.879000 3
102.923000 4
102.989000 5
103.005000 6
103.030000 7
103.067000 6
103.160000 7
103.420000 8
103.750000 9
103.945000 10
103.972000 9
104.088000 10
104.130000 11
104.196000 10
104.249000 11
104.271000 10
104.271000 11
104.287000 10
104.355000 11
104.373000 10
104.490000 11
104.819000 10
104.859000 9
104.899000 8
104.971000 7
105.138000 6
105.230000 7
105.513000 8
105.588000 7
105.825000 6
105.928000 7
105.943000 6
106.004000 7
106.019000 8
106.578000 9
106.609000 8
106.672000 9
106.792000 10
106.971000 11
107.207000 12
107.264000 13
107.426000 14
107.479000 15
107.579000 14
107.896000 15
108.274000 14
108.371000 15
108.558000 14
108.559000 15
108.589000 14
108.743000 15
109.245000 14
109.319000 15
109.554000 14
109.629000 15
110.140000 14
110.152000 15
110.172000 14
110.173000 15
110.313000 14
110.480000 13
110.499000 12
110.548000 13
110.879000 14
111.008000 13
111.072000 12
111.078000 11
111.193000 10
111.195000 11
111.281000 10
111.417000 11
111.539000 10
111.703000 9
111.811000 10
111.833000 11
112.068000 10
112.072000 11
112.105000 10
112.501000 9
112.516000 8
112.560000 7
112.649000 6
112.816000 7
112.900000 8
112.937000 9
112.952000 10
112.972000 11
113.135000 10
113.189000 11
113.201000 10
113.299000 11
113.509000 10
113.699000 9
113.699000 10
113.750000 11
113.785000 10
113.812000 9
113.845000 8
113.970000 9
114.088000 8
114.119000 9
114.359000 10
114.380000 11
114.738000 12
114.829000 11
115.049000 10
115.160000 11
115.239000 10
115.240000 11
115.259000 12
115.281000 11
115.400000 12
115.489000 11
115.599000 12
115.980000 13
115.995000 12
116.211000 11
116.349000 10
116.370000 11
116.611000 12
116.749000 13
116.800000 14
116.923000 13
116.989000 12
117.010000 13
117.199000 12
117.241000 13
117.259000 12
117.286000 13
117.670000 14
117.829000 15
117.925000 14
118.059000 13
118.077000 14
118.165000 13
118.171000 12
118.219000 13
118.239000 12
118.346000 11
118.349000 12
118.422000 13
118.478000 14
118.583000 13
118.656000 12
118.839000 11
118.840000 12
118.872000 13
118.969000 12
119.239000 11
119.270000 12
119.309000 13
119.329000 14
119.330000 13
119.470000 14
119.617000 15
119.706000 14
119.749000 15
119.829000 14
119.936000 13
119.936000 14
120.239000 13
120.321000 12
120.479000 13
120.587000 12
120.629000 13
120.649000 12
120.799000 11
120.904000 10
121.031000 11
121.114000 12
121.222000 11
121.259000 12
121.348000 13
121.420000 12
121.553000 11
121.554000 12
121.581000 11
121.852000 10
122.238000 11
122.363000 10
122.410000 9
122.442000 10
122.676000 11
122.788000 12
122.849000 13
123.184000 14
123.310000 15
123.585000 14
123.585000 15
123.639000 14
124.005000 13
124.078000 12
124.138000 11
124.219000 12
124.259000 11
124.509000 10
124.509000 11
124.639000 10
124.679000 9
124.745000 8
124.772000 7
124.787000 8
124.802000 7
124.929000 8
125.220000 7
125.286000 8
125.457000 7
125.509000 6
125.605000 7
125.729000 8
125.888000 9
126.038000 10
126.229000 11
126.250000 10
126.315000 9
126.331000 10
126.496000 9
126.522000 8
126.686000 9
126.712000 10
126.788000 11
126.803000 10
126.870000 11
127.059000 10
127.080000 11
127.455000 10
127.535000 11
127.725000 12
127.783000 11
127.799000 10
127.889000 9
127.899000 10
127.955000 11
128.379000 10
128.424000 9
128.449000 8
128.564000 7
128.605000 8
128.705000 9
128.881000 10
129.095000 9
129.124000 10
129.229000 9
129.270000 10
129.513000 11
129.815000 10
129.899000 9
129.919000 8
130.069000 9
130.177000 10
130.271000 11
130.411000 12
130.529000 11
130.549000 10
130.569000 9
130.799000 10
131.042000 9
131.139000 10
131.154000 9
131.204000 8
131.299000 7
131.325000 6
131.339000 5
131.484000 4
131.579000 3
131.701000 4
131.716000 5
131.790000 4
131.806000 5
131.842000 6
131.985000 7
132.109000 6
132.299000 5
132.341000 4
132.471000 3
132.509000 4
132.569000 3
132.669000 4
132.719000 5
132.823000 6
132.854000 5
133.039000 4
133.054000 3
133.290000 4
133.306000 5
133.390000 6
133.405000 7
133.429000 8
133.644000 7
133.689000 8
133.810000 9
133.969000 8
134.094000 9
134.155000 8
134.241000 7
134.258000 8
134.323000 9
134.819000 8
134.990000 7
135.237000 8
135.300000 7
135.454000 6
135.530000 7
135.688000 8
135.817000 9
135.964000 8
135.982000 9
136.129000 10
136.149000 9
136.209000 8
136.409000 7
136.499000 8
136.599000 9
136.677000 8
136.692000 7
136.830000 8
136.886000 9
136.886000 8
136.911000 7
136.972000 8
137.089000 7
137.091000 8
137.105000 7
137.299000 6
137.459000 5
137.520000 6
138.046000 7
138.337000 6
138.359000 7
138.379000 8
138.537000 7
138.857000 6
139.000000 7
139.019000 6
139.122000 7
139.204000 6
139.354000 5
139.389000 4
139.573000 3
139.574000 4
139.589000 5
139.620000 6
139.639000 5
139.775000 6
139.837000 5
139.894000 4
139.949000 3
140.159000 2
140.368000 1
140.604000 0
140.669000 1
140.685000 2
140.729000 1
140.781000 0
140.793000 1
140.945000 2
141.238000 1
141.420000 2
141.487000 1
141.934000 2
141.948000 1
142.145000 2
142.455000 1
142.649000 2
143.021000 1
143.179000 2
143.354000 1
143.399000 2
143.437000 3
143.437000 2
143.545000 1
143.650000 2
143.669000 1
143.731000 0
144.347000 1
144.519000 0
144.569000 1
144.590000 0
144.719000 1
144.786000 2
144.807000 3
144.960000 2
144.979000 3
145.009000 2
145.057000 1
145.089000 2
145.249000 3
145.329000 4
145.710000 3
145.819000 2
145.883000 3
145.921000 2
146.084000 3
146.380000 2
146.430000 3
146.450000 4
146.545000 5
146.669000 4
146.704000 3
147.049000 2
147.069000 3
147.180000 2
147.191000 3
147.222000 2
147.238000 3
147.279000 4
147.300000 5
147.489000 4
147.509000 3
147.673000 2
147.730000 3
147.865000 4
147.994000 5
148.024000 4
148.024000 5
148.109000 6
148.129000 5
148.171000 6
148.299000 7
148.456000 8
148.554000 7
148.555000 8
148.769000 9
148.779000 8
148.953000 7
148.979000 8
149.076000 9
149.114000 10
149.284000 9
149.469000 10
149.604000 9
149.725000 10
149.749000 11
149.854000 12
149.909000 11
149.929000 10
149.948000 9
149.967000 10
150.056000 11
150.385000 10
150.424000 11
150.519000 12
150.539000 11
150.704000 10
151.081000 9
151.215000 10
151.234000 9
151.306000 8
152.389000 7
152.405000 6
152.479000 5
152.670000 4
152.765000 3
152.849000 2
152.930000 1
153.122000 0
