server_9.log: seed=511, mu=5.000000, QSize=15
1.193000 1
1.357000 2
1.762000 3
1.834000 2
1.899000 1
1.899000 2
2.217000 1
2.218000 2
2.310000 3
2.366000 4
2.451000 3
2.890000 2
2.904000 3
2.998000 2
3.048000 1
3.200000 2
3.294000 1
3.344000 0
3.659000 1
3.744000 2
4.242000 1
4.282000 0
4.748000 1
4.874000 0
5.473000 1
5.733000 0
6.054000 1
6.099000 2
6.423000 3
6.710000 2
6.793000 1
6.833000 0
6.853000 1
7.002000 0
7.172000 1
7.423000 2
7.576000 1
7.682000 0
7.838000 1
8.093000 0
8.093000 1
8.193000 0
8.275000 1
8.414000 2
8.477000 1
8.524000 0
8.541000 1
8.897000 0
9.252000 1
9.393000 2
9.506000 1
9.653000 0
9.956000 1
9.987000 2
10.303000 1
10.303000 0
10.382000 1
10.790000 0
11.047000 1
11.083000 0
11.352000 1
11.393000 0
11.456000 1
11.553000 0
11.767000 1
11.850000 2
11.964000 3
12.033000 2
12.137000 1
12.340000 2
12.435000 3
12.501000 4
12.531000 5
12.638000 6
13.128000 5
13.129000 6
13.134000 5
13.191000 4
13.252000 3
13.253000 4
13.313000 3
13.360000 2
13.375000 1
13.463000 2
13.533000 3
13.587000 4
13.647000 3
13.662000 4
13.925000 5
13.978000 4
14.017000 5
14.072000 4
14.122000 3
14.296000 4
14.315000 5
14.331000 4
14.331000 5
14.353000 6
14.529000 7
14.633000 8
14.909000 7
15.567000 6
15.663000 5
15.683000 6
15.823000 5
15.853000 6
15.918000 5
16.093000 4
16.224000 5
16.255000 6
16.379000 5
16.433000 6
16.449000 7
16.484000 6
16.509000 5
16.610000 6
16.656000 7
16.709000 8
16.812000 7
16.843000 8
17.098000 9
17.164000 10
17.198000 9
17.199000 10
17.251000 11
17.419000 12
17.500000 11
17.539000 12
17.634000 13
17.891000 14
18.301000 13
18.340000 14
18.407000 15
18.542000 14
18.572000 13
18.638000 14
18.790000 15
18.806000 14
18.821000 13
18.901000 14
18.941000 13
19.073000 14
19.093000 13
19.149000 14
19.170000 13
19.270000 14
19.413000 15
19.507000 14
19.543000 13
19.774000 14
19.797000 15
19.810000 14
19.873000 15
19.903000 14
19.938000 15
20.015000 14
20.138000 13
20.163000 12
20.183000 11
20.308000 10
20.526000 11
20.583000 10
20.708000 11
20.756000 12
20.869000 11
20.896000 10
21.403000 11
21.504000 10
21.580000 11
21.744000 12
21.938000 11
22.054000 10
22.113000 9
22.218000 8
22.287000 9
22.383000 10
22.442000 9
22.505000 8
22.521000 9
22.649000 8
22.650000 9
22.706000 8
22.803000 7
23.136000 6
23.136000 7
23.277000 8
23.317000 7
23.419000 6
23.443000 5
23.510000 6
23.535000 5
23.709000 4
23.726000 3
23.844000 2
23.945000 1
23.956000 2
23.956000 3
24.083000 2
24.238000 1
24.254000 2
24.488000 3
24.512000 2
24.535000 3
24.811000 2
24.872000 1
24.888000 0
24.972000 1
25.070000 0
25.133000 1
25.153000 0
25.402000 1
25.473000 2
25.582000 1
25.822000 0
25.844000 1
26.032000 0
26.172000 1
26.253000 0
26.372000 1
26.463000 0
26.773000 1
26.803000 2
27.022000 1
27.093000 2
27.158000 1
27.353000 0
27.758000 1
27.806000 2
27.855000 3
27.983000 2
28.010000 1
28.134000 2
28.171000 3
28.343000 4
28.382000 5
28.450000 4
28.562000 5
28.870000 4
29.021000 3
29.296000 2
29.412000 1
29.523000 2
29.663000 1
29.663000 2
29.787000 1
29.847000 2
29.871000 1
30.165000 0
30.181000 1
30.293000 0
30.293000 1
30.398000 0
30.820000 1
30.822000 0
30.856000 1
30.933000 0
31.113000 1
31.172000 0
31.332000 1
31.489000 2
31.697000 1
31.714000 0
32.480000 1
32.693000 2
32.983000 1
33.006000 2
33.021000 1
33.098000 0
33.693000 1
33.795000 0
33.863000 1
33.993000 2
34.143000 1
34.163000 2
34.258000 1
34.413000 0
34.724000 1
34.925000 2
34.940000 3
34.993000 2
35.013000 1
35.053000 0
35.069000 1
35.183000 2
35.233000 3
35.256000 4
35.270000 3
35.499000 4
35.520000 3
35.536000 2
35.563000 3
35.714000 4
35.806000 5
36.007000 4
36.022000 3
36.023000 4
36.114000 5
36.240000 4
36.333000 3
36.353000 2
36.703000 1
36.724000 2
36.743000 1
36.905000 0
37.023000 1
37.148000 0
37.382000 1
37.429000 0
37.613000 1
38.066000 0
38.339000 1
38.468000 0
38.563000 1
38.613000 2
38.654000 3
38.708000 4
38.960000 3
39.043000 4
39.171000 3
39.253000 4
39.319000 5
39.319000 6
39.350000 7
39.513000 8
39.549000 9
39.611000 10
39.671000 11
40.122000 10
40.320000 9
40.321000 10
40.556000 11
40.701000 12
40.723000 13
40.813000 12
41.106000 11
41.203000 12
41.223000 13
41.243000 14
41.574000 15
41.747000 14
41.884000 15
42.123000 14
42.493000 15
42.773000 14
42.795000 13
42.796000 14
42.889000 15
43.468000 14
43.489000 13
43.667000 12
43.741000 13
43.813000 12
43.884000 11
43.885000 12
43.912000 13
44.083000 12
44.346000 11
44.454000 12
44.536000 13
44.552000 14
44.637000 15
44.786000 14
44.933000 13
44.965000 14
45.133000 13
45.646000 14
45.688000 13
45.707000 12
46.281000 11
46.387000 10
46.609000 9
46.941000 10
47.037000 9
47.153000 10
47.165000 11
47.233000 12
47.378000 11
47.417000 10
47.438000 11
47.636000 12
47.690000 13
47.823000 12
47.906000 11
48.117000 10
48.192000 9
48.234000 10
48.269000 11
48.296000 10
48.501000 11
48.539000 12
48.603000 13
48.664000 14
48.981000 13
49.005000 12
49.053000 13
49.409000 12
49.410000 11
49.439000 10
49.513000 9
49.600000 10
50.122000 11
50.137000 10
50.153000 11
50.245000 12
50.352000 11
50.353000 12
50.701000 11
50.705000 12
50.771000 11
50.900000 10
51.033000 11
51.156000 10
51.423000 9
51.443000 10
51.503000 11
51.558000 12
51.688000 13
51.733000 14
51.768000 13
52.000000 14
52.014000 15
52.052000 14
52.053000 13
52.106000 12
52.121000 13
52.153000 14
52.343000 15
52.428000 14
52.844000 13
52.923000 12
53.188000 11
53.229000 12
53.264000 11
53.340000 12
53.356000 13
53.403000 14
53.438000 13
53.698000 12
53.721000 11
53.838000 10
53.883000 9
54.053000 8
54.054000 9
54.222000 8
54.387000 9
54.493000 8
54.569000 7
54.592000 6
54.733000 7
54.963000 6
55.143000 5
55.163000 4
55.183000 5
55.363000 6
55.466000 7
55.879000 8
56.005000 7
56.063000 8
56.100000 7
56.406000 6
56.534000 7
56.558000 8
56.586000 9
56.694000 10
56.887000 9
56.952000 10
57.604000 11
57.636000 12
57.740000 13
57.870000 12
57.885000 11
57.900000 12
57.915000 13
58.285000 12
58.479000 13
58.688000 12
58.696000 13
58.757000 14
58.843000 15
59.142000 14
59.363000 15
59.383000 14
59.439000 13
59.545000 12
59.602000 11
59.694000 12
59.769000 11
59.851000 12
59.857000 11
59.943000 10
60.019000 9
60.236000 10
60.258000 9
60.319000 10
60.473000 11
60.479000 12
60.563000 11
60.752000 10
60.773000 11
61.012000 10
61.223000 11
61.319000 10
61.480000 9
61.593000 8
61.593000 9
61.613000 8
61.708000 7
61.806000 8
62.103000 9
62.313000 8
62.333000 7
62.422000 6
62.472000 7
62.672000 6
62.763000 7
62.784000 8
62.837000 9
62.938000 8
62.983000 7
63.020000 6
63.056000 5
63.214000 6
63.287000 5
63.469000 4
63.498000 5
63.513000 4
63.544000 3
63.695000 2
63.715000 3
63.854000 4
64.108000 3
64.116000 2
64.132000 3
64.148000 4
64.222000 5
64.283000 4
64.283000 5
64.319000 4
64.348000 5
64.379000 6
64.422000 7
64.473000 6
64.474000 7
64.493000 6
64.579000 7
64.782000 8
64.913000 7
64.955000 8
65.298000 9
65.504000 10
65.613000 11
65.823000 10
65.854000 9
65.858000 10
65.912000 9
65.913000 8
66.223000 9
66.433000 8
66.569000 7
66.711000 6
66.783000 5
67.053000 6
67.233000 7
67.422000 8
67.473000 9
67.566000 8
67.655000 7
67.754000 8
67.822000 7
67.933000 6
67.953000 7
68.123000 8
68.143000 7
68.144000 8
68.199000 7
68.588000 8
68.706000 7
68.721000 6
68.833000 7
69.263000 6
69.405000 5
69.599000 6
69.663000 5
69.839000 6
69.923000 7
69.998000 8
70.070000 9
70.113000 8
70.333000 9
70.472000 10
70.552000 11
70.624000 10
70.641000 9
70.819000 8
70.887000 7
70.913000 6
70.933000 7
70.983000 8
71.273000 7
71.618000 6
71.793000 7
71.888000 6
71.907000 7
71.938000 8
72.022000 9
72.107000 10
72.123000 9
72.232000 10
72.262000 9
72.340000 8
72.356000 9
72.392000 8
72.587000 9
72.637000 8
72.677000 7
72.728000 6
72.771000 5
72.788000 6
72.788000 7
72.853000 8
72.934000 9
73.102000 10
73.312000 9
73.420000 10
73.437000 9
73.462000 8
73.752000 9
73.773000 10
73.782000 11
73.872000 12
73.933000 13
74.053000 12
74.053000 13
74.239000 12
74.270000 11
74.352000 10
74.372000 9
74.682000 8
74.706000 9
74.839000 10
74.906000 9
75.313000 10
75.327000 11
75.344000 12
75.372000 13
75.566000 14
75.663000 13
75.728000 14
75.743000 13
75.774000 14
75.898000 15
76.006000 14
76.128000 13
76.207000 14
76.293000 15
76.313000 14
76.392000 13
76.714000 14
76.808000 15
77.047000 14
77.051000 15
77.249000 14
77.273000 13
77.363000 14
77.603000 13
77.668000 12
77.690000 13
77.992000 12
78.110000 13
78.154000 14
78.288000 15
78.422000 14
78.512000 13
78.535000 14
78.556000 15
78.707000 14
78.903000 15
78.962000 14
79.042000 13
79.062000 14
79.102000 13
79.117000 14
79.262000 13
79.283000 12
79.302000 11
79.362000 10
79.391000 11
79.487000 12
79.503000 13
79.542000 12
79.768000 13
79.883000 14
79.912000 13
79.932000 14
79.952000 13
80.132000 14
80.187000 15
80.971000 14
81.047000 13
81.047000 14
81.283000 15
81.327000 14
81.423000 13
81.423000 12
81.517000 13
81.542000 14
81.703000 15
81.923000 14
81.999000 15
82.063000 14
82.253000 15
82.658000 14
82.998000 15
82.998000 14
83.217000 15
83.233000 14
83.384000 15
83.712000 14
83.942000 13
84.135000 12
84.203000 13
84.268000 14
84.561000 13
84.585000 14
84.629000 15
84.930000 14
85.153000 15
85.392000 14
85.420000 15
86.091000 14
86.162000 13
86.323000 12
86.514000 13
86.530000 12
86.788000 11
86.862000 10
86.920000 11
87.173000 12
87.243000 13
87.462000 12
87.462000 13
87.743000 12
87.759000 11
87.878000 12
87.942000 11
87.971000 10
88.142000 9
88.143000 10
88.183000 11
88.313000 10
88.313000 11
88.372000 10
88.419000 11
88.471000 10
88.572000 9
88.671000 10
88.813000 9
88.813000 10
88.850000 9
88.922000 10
89.202000 9
89.247000 10
89.337000 9
89.382000 10
89.433000 11
89.464000 10
89.506000 9
90.034000 8
90.233000 7
90.623000 8
90.804000 7
90.863000 8
90.938000 7
90.961000 8
90.989000 9
91.148000 8
91.243000 9
91.263000 10
91.337000 9
91.455000 10
91.488000 9
91.513000 10
91.573000 9
91.663000 10
91.693000 9
91.694000 10
91.779000 11
91.828000 10
91.832000 9
91.857000 8
91.975000 9
92.029000 8
92.119000 7
92.135000 8
92.159000 9
92.205000 10
92.592000 11
92.642000 10
92.706000 11
92.857000 10
92.886000 11
92.886000 10
93.047000 9
93.063000 10
93.158000 9
93.197000 8
93.322000 7
93.372000 8
93.422000 7
93.460000 6
93.756000 7
93.897000 6
94.153000 7
94.262000 8
94.277000 7
94.278000 8
94.298000 7
94.298000 8
94.348000 7
94.421000 6
94.552000 7
94.638000 6
94.732000 5
94.747000 4
94.832000 3
94.832000 4
95.022000 3
95.072000 2
95.093000 1
95.328000 2
95.393000 3
95.553000 4
95.629000 3
95.644000 2
95.724000 3
95.823000 4
95.979000 5
95.998000 6
96.356000 7
96.371000 6
96.432000 5
96.633000 4
96.709000 5
96.738000 4
96.814000 5
96.916000 6
96.963000 5
96.990000 4
97.253000 5
97.374000 6
97.420000 5
97.438000 4
97.478000 3
97.564000 2
97.622000 1
97.718000 0
98.148000 1
98.921000 2
98.938000 3
98.978000 2
99.013000 1
99.173000 0
99.264000 1
99.403000 2
99.524000 1
99.927000 2
99.942000 3
99.956000 4
100.083000 3
100.178000 2
100.191000 1
100.303000 0
100.304000 1
100.503000 0
100.505000 1
100.559000 2
100.733000 3
100.776000 2
100.824000 3
101.071000 4
101.133000 5
101.153000 6
101.169000 7
101.215000 6
101.290000 7
101.322000 6
101.521000 5
101.543000 6
101.869000 7
102.053000 8
102.190000 9
102.222000 10
102.333000 11
102.346000 12
102.422000 11
102.423000 12
102.558000 13
102.643000 12
102.703000 11
102.723000 10
102.823000 9
103.270000 8
103.293000 9
103.312000 8
103.353000 7
103.412000 6
103.563000 7
103.582000 6
103.963000 7
104.034000 6
104.036000 7
104.059000 8
104.287000 7
104.413000 6
104.613000 7
104.703000 8
104.834000 9
105.006000 10
105.083000 9
105.238000 10
105.283000 11
105.439000 12
105.493000 13
105.907000 14
106.046000 13
106.393000 14
106.579000 15
106.739000 14
106.772000 15
107.022000 14
107.053000 13
107.343000 14
107.658000 15
107.713000 14
108.019000 13
108.121000 14
108.181000 15
108.613000 14
108.649000 13
108.793000 12
108.870000 13
108.956000 12
108.971000 11
109.172000 12
109.389000 13
109.483000 12
109.546000 11
109.564000 10
109.693000 9
109.777000 8
109.778000 9
109.792000 10
110.038000 9
110.039000 10
110.200000 9
110.573000 8
110.614000 7
110.783000 8
110.873000 9
110.906000 10
110.922000 11
110.937000 12
111.003000 11
111.023000 10
111.063000 9
111.139000 10
111.155000 9
111.254000 10
111.653000 9
111.653000 10
111.708000 11
111.723000 10
111.926000 11
112.043000 10
112.064000 11
112.221000 10
112.299000 11
112.319000 10
112.319000 11
112.345000 10
112.373000 9
112.608000 8
112.671000 9
113.087000 10
113.154000 11
113.173000 12
113.306000 13
113.343000 12
113.507000 13
113.552000 12
113.735000 11
113.772000 10
113.887000 11
113.972000 10
114.273000 11
114.483000 10
114.506000 11
114.645000 12
114.703000 11
114.705000 12
114.838000 11
114.923000 12
115.149000 13
115.195000 14
115.409000 13
115.487000 12
115.579000 13
115.686000 12
115.748000 11
115.749000 12
115.788000 13
116.004000 14
116.153000 15
116.424000 14
116.561000 13
116.677000 12
116.699000 11
116.755000 10
116.755000 11
116.793000 12
116.869000 11
117.098000 10
117.158000 9
117.188000 10
117.223000 11
117.243000 12
117.334000 11
117.390000 12
117.462000 11
117.538000 12
117.673000 13
117.733000 12
117.812000 11
117.857000 12
118.198000 11
118.312000 10
118.414000 11
118.421000 10
118.573000 11
118.733000 10
118.818000 9
118.963000 10
119.052000 11
119.092000 10
119.139000 9
119.183000 10
119.277000 11
119.294000 10
119.403000 9
119.477000 10
119.709000 9
119.912000 8
120.043000 7
120.064000 6
120.150000 7
120.342000 6
120.350000 7
120.580000 8
120.693000 9
120.768000 10
120.841000 9
120.887000 8
121.105000 9
121.232000 10
121.353000 11
121.495000 12
121.525000 13
122.058000 12
122.103000 11
122.121000 12
122.423000 13
122.472000 12
122.549000 11
122.624000 10
122.709000 11
122.763000 10
122.838000 11
123.026000 10
123.162000 9
123.203000 8
123.204000 9
123.273000 8
123.289000 7
123.323000 6
123.523000 7
123.654000 8
123.722000 7
123.803000 8
123.939000 9
123.956000 8
124.003000 7
124.127000 8
124.247000 9
124.603000 10
124.644000 11
124.728000 12
124.743000 11
124.800000 10
124.823000 11
124.987000 10
125.016000 9
125.033000 10
125.302000 9
125.490000 10
125.563000 9
125.675000 10
125.850000 11
125.892000 12
125.963000 11
126.310000 10
126.325000 9
126.413000 8
126.538000 9
126.634000 10
126.807000 11
126.893000 10
126.945000 9
126.978000 8
127.052000 9
127.088000 8
127.182000 9
127.431000 10
127.610000 9
127.742000 8
127.978000 9
128.078000 10
128.163000 11
128.298000 12
128.324000 11
128.412000 10
128.433000 9
128.690000 10
129.023000 11
129.043000 10
129.063000 9
129.083000 8
129.559000 7
129.581000 8
129.597000 9
129.673000 8
129.693000 9
129.728000 8
129.729000 9
129.833000 8
129.856000 7
129.871000 6
129.872000 7
130.011000 6
130.089000 5
130.306000 4
130.398000 5
130.563000 6
130.614000 7
130.633000 6
130.723000 7
130.833000 6
130.869000 5
130.988000 4
131.088000 3
131.194000 4
131.211000 5
131.304000 6
131.320000 7
131.352000 8
131.374000 7
131.561000 6
131.584000 5
131.610000 6
131.734000 7
132.012000 8
132.178000 7
132.179000 8
132.257000 9
132.502000 8
132.679000 7
132.772000 6
133.156000 7
133.357000 6
133.438000 7
133.526000 6
133.590000 7
133.723000 8
133.838000 7
133.873000 8
133.987000 7
134.024000 8
134.385000 9
134.487000 10
134.503000 9
134.672000 8
134.722000 7
134.723000 8
134.783000 9
134.865000 10
134.921000 9
134.963000 10
135.193000 9
135.212000 8
135.393000 9
135.414000 8
135.433000 7
135.603000 6
135.612000 5
135.803000 4
135.919000 5
135.950000 4
136.233000 5
136.248000 6
136.822000 5
136.863000 6
136.994000 7
137.012000 6
137.333000 5
137.438000 6
137.443000 7
137.475000 8
137.489000 7
137.614000 8
137.672000 7
137.820000 6
137.859000 5
138.045000 4
138.106000 3
138.299000 2
138.344000 1
138.389000 0
138.491000 1
138.507000 2
138.613000 3
138.696000 2
138.771000 3
138.909000 2
139.150000 1
139.218000 0
139.235000 1
139.293000 0
139.756000 1
139.973000 2
140.193000 1
140.435000 0
140.465000 1
140.922000 0
140.973000 1
141.173000 2
141.216000 3
141.414000 4
141.472000 3
142.038000 2
142.098000 3
142.314000 4
142.368000 3
142.455000 2
142.472000 3
142.548000 2
142.549000 3
142.569000 4
142.657000 3
142.713000 2
142.756000 3
142.862000 4
142.890000 3
142.921000 2
143.017000 3
143.114000 4
143.148000 3
143.202000 2
143.248000 1
143.656000 2
143.852000 3
143.891000 2
144.003000 1
144.106000 0
144.192000 1
144.212000 2
144.312000 3
144.652000 2
144.838000 3
144.922000 2
144.957000 1
144.957000 2
145.005000 3
145.042000 4
145.083000 5
145.302000 4
145.437000 3
145.482000 2
145.523000 3
145.655000 4
145.753000 3
145.773000 4
145.773000 3
145.808000 4
145.892000 5
145.932000 4
145.947000 5
146.055000 6
146.211000 7
146.287000 6
146.293000 7
146.387000 6
146.507000 7
146.722000 8
146.817000 7
146.818000 8
146.864000 9
147.042000 8
147.202000 9
147.223000 8
147.442000 9
147.462000 10
147.556000 9
147.557000 10
147.682000 11
147.773000 12
147.893000 11
148.139000 12
148.188000 11
148.204000 10
148.222000 9
148.243000 10
148.662000 9
148.811000 8
148.928000 9
148.988000 8
149.148000 9
149.227000 10
149.362000 9
149.423000 10
149.520000 9
149.603000 8
149.660000 9
150.011000 10
150.172000 11
150.548000 12
150.683000 11
150.703000 10
150.779000 9
150.977000 8
151.074000 7
151.163000 6
151.243000 5
151.444000 4
151.518000 3
151.537000 2
151.598000 1
151.707000 0
