server_1.log: seed=511, mu=5.000000, QSize=15
1.822000 1
1.933000 2
2.345000 3
2.427000 2
2.468000 3
2.468000 2
2.775000 1
2.824000 2
2.939000 3
2.998000 2
2.999000 3
3.421000 2
3.530000 1
3.584000 0
3.584000 1
3.804000 0
3.892000 1
3.939000 0
4.432000 1
4.575000 2
5.005000 1
5.036000 0
5.669000 1
5.804000 0
6.447000 1
6.716000 0
7.069000 1
7.125000 2
7.459000 3
7.715000 2
7.787000 1
7.821000 0
7.926000 1
8.073000 0
8.272000 1
8.539000 2
8.695000 1
8.789000 0
8.976000 1
9.228000 0
9.237000 1
9.328000 0
9.438000 1
9.580000 2
9.639000 1
9.688000 0
9.717000 1
10.075000 0
10.485000 1
10.638000 2
10.737000 1
10.884000 0
11.245000 1
11.281000 2
11.597000 1
11.599000 0
11.698000 1
12.111000 0
12.415000 1
12.447000 0
12.739000 1
12.770000 0
12.849000 1
12.947000 0
13.192000 1
13.279000 2
13.403000 3
13.454000 2
13.548000 1
13.820000 2
13.926000 3
13.997000 4
14.028000 5
14.144000 6
14.539000 5
14.554000 4
14.607000 3
14.678000 4
14.678000 3
14.738000 2
14.795000 1
14.810000 0
14.812000 1
15.038000 2
15.079000 1
15.136000 2
15.187000 3
15.269000 4
15.405000 3
15.503000 2
15.548000 1
15.548000 2
15.637000 3
15.761000 2
15.932000 3
15.939000 4
15.969000 5
15.988000 6
16.184000 7
16.292000 8
16.339000 7
16.997000 6
17.091000 5
17.239000 4
17.329000 3
17.428000 4
17.494000 3
17.601000 4
17.780000 3
17.877000 2
17.907000 1
18.002000 2
18.039000 3
18.218000 2
18.227000 3
18.240000 4
18.412000 5
18.458000 6
18.519000 7
18.602000 6
18.659000 7
18.897000 6
18.941000 7
19.013000 8
19.048000 9
19.108000 10
19.288000 11
19.418000 12
19.521000 13
19.699000 12
19.797000 13
19.944000 12
19.979000 11
20.231000 10
20.247000 9
20.286000 10
20.364000 9
20.366000 10
20.518000 9
20.607000 8
20.619000 9
20.796000 10
20.916000 11
20.937000 10
20.961000 9
21.089000 10
21.166000 11
21.214000 10
21.292000 11
21.318000 10
21.434000 9
21.435000 10
21.560000 9
21.584000 8
21.600000 7
21.739000 6
21.816000 7
21.842000 8
21.927000 9
21.999000 10
22.019000 9
22.299000 8
22.316000 7
22.629000 8
22.829000 9
22.867000 10
22.915000 9
23.348000 8
23.450000 7
23.505000 6
23.568000 7
23.608000 6
23.772000 7
23.834000 6
23.889000 5
23.947000 6
24.050000 5
24.102000 4
24.188000 3
24.532000 2
24.532000 3
24.641000 4
24.715000 3
24.804000 2
24.804000 3
24.836000 2
24.910000 1
24.947000 2
25.094000 1
25.119000 0
25.468000 1
25.581000 0
25.618000 1
25.707000 0
25.857000 1
25.999000 0
26.319000 1
26.336000 2
26.476000 1
26.661000 2
26.752000 1
26.909000 2
26.961000 3
27.056000 2
27.118000 1
27.137000 0
27.428000 1
27.521000 0
27.600000 1
27.619000 0
27.889000 1
27.973000 2
28.055000 1
28.303000 0
28.380000 1
28.565000 0
28.739000 1
28.824000 0
28.961000 1
29.058000 0
29.389000 1
29.425000 2
29.638000 1
29.739000 2
29.768000 1
29.964000 0
30.457000 1
30.497000 2
30.549000 3
30.679000 2
30.702000 1
30.858000 2
30.895000 3
31.078000 4
31.108000 5
31.154000 4
31.303000 5
31.569000 4
31.718000 3
31.989000 2
32.100000 1
32.342000 2
32.346000 1
32.465000 0
32.489000 1
32.579000 0
32.684000 1
32.972000 0
33.047000 1
33.153000 0
33.154000 1
33.245000 0
33.728000 1
33.736000 0
33.760000 1
33.839000 0
34.044000 1
34.100000 0
34.264000 1
34.440000 2
34.627000 1
34.647000 0
35.529000 1
35.749000 2
36.020000 1
36.059000 0
36.095000 1
36.166000 0
36.839000 1
36.961000 0
37.024000 1
37.163000 2
37.305000 1
37.336000 2
37.418000 1
37.567000 0
37.956000 1
38.174000 2
38.199000 3
38.214000 2
38.242000 1
38.270000 0
38.336000 1
38.470000 2
38.514000 3
38.545000 2
38.546000 3
38.801000 2
38.815000 1
38.816000 2
38.892000 3
39.058000 4
39.162000 5
39.289000 4
39.318000 3
39.395000 4
39.489000 5
39.539000 4
39.634000 3
39.657000 2
40.009000 1
40.039000 0
40.157000 1
40.319000 0
40.486000 1
40.615000 0
40.891000 1
40.937000 0
41.139000 1
41.599000 0
41.919000 1
42.050000 0
42.161000 1
42.207000 2
42.247000 3
42.304000 4
42.555000 3
42.653000 4
42.776000 3
42.884000 4
42.958000 5
42.958000 6
43.003000 7
43.169000 8
43.208000 9
43.277000 10
43.336000 11
43.727000 10
43.929000 9
44.041000 10
44.289000 11
44.404000 10
44.450000 11
44.477000 12
44.689000 11
45.019000 12
45.042000 13
45.055000 14
45.339000 13
45.416000 14
45.716000 13
45.737000 14
46.354000 13
46.363000 12
46.380000 13
46.464000 14
46.719000 15
47.031000 14
47.056000 13
47.239000 12
47.402000 11
47.479000 10
47.676000 9
47.747000 10
47.906000 11
47.925000 12
47.939000 11
48.372000 10
48.519000 9
48.520000 10
48.608000 11
48.619000 12
48.719000 11
48.720000 12
49.069000 13
49.279000 12
49.287000 11
49.815000 12
49.852000 11
49.969000 10
50.189000 9
50.618000 8
50.969000 7
50.999000 6
51.220000 7
51.409000 6
51.441000 7
51.450000 8
51.489000 7
51.508000 8
51.699000 7
51.746000 8
51.770000 7
51.869000 6
51.966000 7
52.044000 8
52.558000 7
52.584000 6
52.638000 7
52.682000 8
52.933000 9
52.979000 8
52.979000 7
52.979000 8
53.016000 7
53.052000 8
53.087000 7
53.116000 8
53.543000 9
53.736000 8
53.958000 7
54.144000 8
54.307000 7
54.369000 6
54.509000 5
54.714000 6
54.741000 7
54.758000 6
54.849000 7
54.966000 8
55.015000 7
55.340000 8
55.348000 7
55.622000 6
55.634000 5
55.683000 4
55.699000 5
56.007000 4
56.133000 5
56.208000 6
56.251000 7
56.391000 8
56.439000 7
56.443000 8
56.517000 7
56.734000 8
56.772000 9
56.797000 8
56.873000 7
56.883000 8
56.915000 9
57.046000 8
57.108000 9
57.305000 8
57.325000 7
57.436000 6
57.469000 5
57.646000 4
57.814000 3
58.089000 4
58.089000 3
58.169000 2
58.191000 1
58.220000 2
58.245000 3
58.308000 4
58.550000 3
58.741000 2
58.764000 1
59.005000 2
59.361000 3
59.604000 2
59.699000 1
59.749000 2
59.998000 1
60.240000 2
60.450000 3
60.472000 2
60.561000 3
61.012000 4
61.216000 5
61.460000 4
61.478000 3
61.729000 4
61.760000 5
61.794000 6
61.879000 5
61.898000 6
62.179000 7
62.302000 6
62.758000 5
62.877000 6
62.919000 7
63.001000 6
63.031000 7
63.069000 6
63.173000 5
63.195000 6
63.211000 7
63.237000 6
63.395000 5
63.489000 4
63.569000 3
63.654000 2
63.830000 3
63.899000 2
64.073000 3
64.145000 4
64.207000 3
64.237000 4
64.398000 3
64.657000 2
64.777000 3
64.803000 4
64.953000 3
65.115000 2
65.136000 3
65.217000 2
65.236000 1
65.325000 2
65.326000 1
65.748000 2
65.837000 3
65.913000 2
65.938000 1
65.999000 2
66.014000 1
66.015000 2
66.269000 1
66.342000 2
66.533000 1
66.571000 0
66.840000 1
66.878000 0
67.237000 1
67.271000 0
67.464000 1
67.708000 0
67.789000 1
67.958000 0
68.189000 1
68.229000 0
68.489000 1
68.499000 2
68.518000 1
68.549000 2
68.665000 1
68.961000 2
69.089000 1
69.106000 0
69.267000 1
69.427000 0
69.497000 1
69.539000 0
69.649000 1
69.808000 0
69.939000 1
69.949000 0
69.957000 1
70.045000 2
70.099000 3
70.178000 4
70.211000 5
70.259000 6
70.320000 7
70.378000 6
70.441000 7
70.657000 8
70.844000 9
71.219000 10
71.278000 9
71.319000 8
71.384000 7
71.385000 6
71.458000 7
71.586000 8
71.838000 9
71.905000 8
72.039000 7
72.169000 6
72.243000 7
72.258000 6
73.039000 5
73.125000 4
73.142000 5
73.291000 4
73.320000 5
73.407000 4
73.544000 5
73.590000 6
73.624000 5
73.682000 4
73.906000 5
74.131000 6
74.188000 5
74.206000 4
74.320000 5
74.348000 6
74.749000 5
74.835000 6
74.889000 5
75.109000 6
75.139000 5
75.593000 4
75.941000 5
76.097000 4
76.110000 3
76.209000 4
76.293000 3
76.301000 4
76.358000 3
76.369000 2
76.370000 3
76.444000 4
76.718000 5
76.733000 4
76.869000 5
76.950000 6
77.086000 5
77.366000 4
77.367000 5
77.419000 6
77.610000 5
77.747000 4
77.820000 3
77.858000 2
78.113000 1
78.158000 0
78.308000 1
78.358000 0
78.428000 1
78.460000 2
78.471000 1
78.550000 2
78.641000 3
78.779000 4
78.910000 5
79.019000 4
79.129000 3
79.149000 2
79.159000 3
79.364000 4
79.365000 5
79.439000 6
79.531000 7
79.717000 8
79.738000 7
79.925000 6
79.959000 5
80.042000 4
80.069000 3
80.070000 4
80.379000 3
80.429000 4
80.483000 5
80.493000 6
80.589000 7
80.601000 6
80.649000 7
80.783000 8
81.352000 7
81.428000 6
81.503000 7
81.644000 8
81.684000 7
81.799000 6
81.997000 5
82.072000 4
82.160000 5
82.175000 6
82.183000 7
82.208000 8
82.419000 9
82.618000 10
82.678000 11
82.718000 10
82.810000 11
82.842000 12
82.898000 13
82.917000 12
82.917000 13
82.941000 12
83.148000 13
83.237000 14
83.254000 13
83.318000 12
83.653000 11
83.682000 12
83.784000 13
84.009000 14
84.042000 15
84.089000 14
84.177000 13
84.389000 12
84.389000 13
84.649000 12
84.729000 11
84.740000 12
84.792000 11
84.956000 10
84.971000 9
84.988000 8
85.037000 7
85.189000 8
85.226000 7
85.241000 8
85.384000 9
85.415000 10
85.589000 9
85.625000 8
85.646000 9
85.671000 10
86.049000 11
86.214000 12
86.274000 13
86.563000 14
86.648000 13
86.666000 14
86.684000 15
86.725000 14
86.979000 15
87.005000 14
87.100000 13
87.100000 12
87.101000 13
87.155000 14
87.379000 15
87.595000 14
87.725000 13
87.805000 14
88.047000 15
88.311000 14
88.480000 15
88.649000 14
88.739000 15
88.882000 14
89.001000 15
89.355000 14
89.407000 15
89.589000 14
89.614000 15
89.785000 14
89.883000 15
90.212000 14
90.593000 13
90.679000 14
90.901000 15
91.053000 14
91.077000 15
91.756000 14
91.826000 13
91.970000 14
92.003000 13
92.050000 14
92.218000 13
92.393000 14
92.434000 15
92.482000 14
92.554000 13
92.704000 14
92.997000 15
93.157000 14
93.271000 15
93.432000 14
93.457000 13
93.643000 12
93.679000 11
93.853000 10
94.018000 9
94.083000 8
94.179000 7
94.277000 6
94.452000 7
94.506000 6
94.543000 5
94.876000 4
94.899000 5
95.004000 4
95.124000 3
95.163000 4
95.163000 3
95.233000 4
95.459000 5
95.679000 4
95.878000 3
95.917000 4
96.208000 5
96.249000 6
96.392000 7
96.441000 6
96.498000 7
96.578000 6
96.766000 7
96.782000 6
96.923000 7
96.974000 6
97.039000 7
97.134000 6
97.221000 5
97.344000 4
97.393000 5
97.475000 4
97.485000 3
97.514000 2
97.530000 3
97.578000 4
97.685000 3
97.772000 2
98.293000 1
98.513000 0
98.882000 1
98.916000 0
99.135000 1
99.251000 2
99.284000 1
99.285000 2
99.396000 1
99.436000 0
99.568000 1
99.582000 2
99.684000 1
99.779000 2
99.787000 1
99.825000 0
99.846000 1
100.014000 2
100.036000 3
100.123000 4
100.292000 3
100.317000 4
100.482000 5
100.536000 6
100.581000 7
100.668000 6
100.681000 5
100.734000 4
100.808000 3
101.001000 4
101.037000 3
101.120000 4
101.137000 3
101.161000 2
101.241000 1
101.308000 2
101.434000 1
101.484000 0
101.497000 1
101.515000 0
101.832000 1
102.249000 2
102.372000 1
102.385000 0
102.688000 1
102.800000 2
102.820000 3
102.830000 4
103.108000 5
103.409000 4
103.410000 5
103.454000 4
103.644000 3
103.751000 2
103.936000 3
103.978000 2
104.000000 3
104.016000 2
104.169000 3
104.371000 4
104.444000 3
104.475000 2
104.475000 3
104.517000 2
104.596000 1
104.652000 0
104.654000 1
104.670000 2
104.733000 1
105.075000 2
105.495000 3
105.556000 2
105.601000 1
105.611000 2
105.721000 3
105.756000 2
106.019000 1
106.089000 2
106.223000 3
106.568000 2
106.651000 1
106.669000 0
107.064000 1
107.163000 0
107.904000 1
107.914000 2
108.107000 1
108.271000 2
108.375000 1
108.419000 2
108.814000 1
108.916000 0
108.983000 1
109.006000 2
109.023000 3
109.178000 2
109.407000 3
109.613000 4
109.669000 5
109.857000 6
109.954000 7
110.092000 6
110.216000 7
110.282000 8
110.297000 9
110.317000 8
110.317000 9
110.386000 8
110.401000 7
110.451000 8
110.491000 7
110.723000 8
110.939000 7
110.973000 6
110.998000 5
111.056000 4
111.081000 5
111.216000 4
111.293000 5
111.438000 6
111.486000 7
111.620000 8
111.751000 9
111.765000 8
111.838000 9
111.981000 10
112.007000 9
112.130000 8
112.790000 7
112.791000 8
113.095000 9
113.539000 10
113.617000 11
113.631000 12
113.752000 11
114.234000 12
114.330000 13
114.460000 12
114.461000 13
114.639000 14
114.741000 13
114.773000 12
114.896000 13
114.946000 14
115.114000 15
115.452000 14
115.609000 15
115.763000 14
116.120000 15
116.349000 14
116.389000 13
116.509000 14
116.525000 13
116.688000 12
116.705000 11
117.138000 12
117.224000 11
117.285000 10
117.301000 9
117.430000 8
117.472000 9
117.517000 8
117.792000 7
117.972000 6
117.973000 7
118.028000 8
118.046000 9
118.168000 10
118.186000 11
118.344000 10
118.393000 9
118.442000 10
118.783000 9
118.784000 10
118.809000 9
118.863000 8
118.955000 7
119.110000 8
119.348000 9
119.442000 8
119.501000 7
119.774000 8
119.789000 9
119.820000 8
120.005000 7
120.053000 8
120.084000 7
120.115000 6
120.137000 5
120.380000 4
120.854000 5
120.948000 6
120.988000 7
121.005000 8
121.020000 9
121.122000 8
121.247000 9
121.325000 8
121.367000 9
121.506000 8
121.537000 7
121.733000 6
121.788000 7
121.852000 8
122.112000 9
122.254000 8
122.271000 9
122.466000 8
122.550000 9
122.563000 10
122.605000 9
122.952000 10
123.186000 9
123.266000 8
123.398000 9
123.469000 8
123.469000 9
123.489000 10
123.529000 9
123.625000 10
123.839000 11
124.196000 10
124.255000 11
124.361000 10
124.475000 9
124.509000 8
124.578000 7
124.670000 8
124.699000 7
124.934000 6
124.934000 7
125.006000 6
125.086000 7
125.147000 8
125.198000 7
125.324000 6
125.375000 7
125.588000 6
125.620000 7
125.668000 6
125.668000 7
126.055000 6
126.093000 7
126.173000 6
126.259000 7
126.274000 6
126.309000 7
126.540000 8
126.577000 7
126.654000 6
126.705000 7
126.834000 8
126.914000 9
126.923000 8
126.985000 7
126.986000 8
127.141000 7
127.241000 6
127.366000 7
127.407000 8
127.554000 7
127.758000 6
127.840000 7
127.891000 6
127.891000 7
127.932000 6
127.933000 7
128.091000 8
128.202000 7
128.255000 8
128.470000 9
128.671000 10
128.709000 9
128.764000 8
129.254000 9
129.423000 10
129.857000 11
129.937000 10
129.949000 11
129.984000 10
130.090000 11
130.175000 12
130.349000 11
130.384000 12
130.434000 11
130.507000 10
130.626000 9
130.879000 8
131.004000 7
131.035000 6
131.114000 5
131.115000 6
131.134000 5
131.177000 4
131.327000 5
131.570000 6
131.586000 5
131.704000 6
131.776000 7
131.828000 6
131.885000 5
132.153000 6
132.300000 7
132.432000 8
132.582000 9
132.614000 10
132.634000 9
132.719000 8
132.901000 7
132.923000 6
133.213000 5
133.266000 6
133.474000 5
133.584000 6
133.863000 5
133.884000 6
134.026000 7
134.194000 6
134.210000 5
134.294000 4
134.414000 5
134.766000 6
134.784000 5
134.841000 4
134.864000 3
134.912000 4
134.976000 3
135.074000 4
135.226000 5
135.425000 6
135.495000 5
135.542000 6
135.633000 5
135.929000 6
135.958000 7
136.051000 8
136.157000 9
136.224000 8
136.303000 7
136.324000 6
136.387000 7
136.874000 8
136.944000 7
136.964000 6
136.984000 5
137.070000 6
137.254000 7
137.305000 8
137.458000 7
137.584000 6
137.644000 5
137.754000 4
137.774000 3
137.790000 2
137.934000 1
138.007000 2
138.023000 1
138.110000 2
138.244000 1
138.305000 2
138.567000 1
138.568000 2
138.712000 3
138.754000 2
138.785000 1
138.912000 0
138.969000 1
139.064000 0
139.574000 1
139.684000 2
139.791000 3
139.865000 2
139.940000 3
140.039000 2
140.055000 1
140.355000 2
140.639000 1
140.724000 2
140.976000 1
141.168000 0
141.326000 1
141.339000 2
141.415000 1
141.430000 2
141.470000 3
141.624000 4
142.014000 3
142.174000 2
142.191000 3
142.374000 4
142.436000 5
142.473000 4
142.555000 5
142.625000 4
143.064000 5
143.081000 6
143.141000 5
143.162000 6
143.185000 7
143.206000 8
143.320000 7
143.379000 6
143.491000 7
143.590000 6
143.630000 7
143.855000 6
143.872000 5
143.934000 6
144.061000 5
144.090000 4
144.115000 5
144.197000 6
144.276000 5
144.291000 4
144.478000 3
144.618000 2
145.180000 3
145.474000 4
145.497000 3
145.636000 4
145.698000 3
145.779000 4
145.947000 5
146.021000 4
146.103000 5
146.184000 4
146.377000 3
146.507000 4
146.521000 3
146.570000 2
146.625000 3
146.753000 2
146.814000 1
146.874000 2
146.930000 3
147.008000 2
147.024000 3
147.064000 2
147.124000 1
147.145000 2
147.334000 1
147.551000 0
147.615000 1
147.855000 0
148.186000 1
148.250000 0
148.524000 1
148.533000 2
148.563000 1
149.007000 0
149.203000 1
149.334000 2
149.441000 1
149.822000 2
149.831000 3
149.854000 4
149.907000 3
150.012000 4
150.424000 3
150.974000 4
150.989000 3
151.327000 2
151.409000 1
151.509000 0
