server_3.log: seed=511, mu=5.000000, QSize=15
1.907000 1
2.008000 2
2.412000 3
2.503000 2
2.561000 3
2.585000 2
2.881000 1
2.897000 2
2.992000 3
3.046000 4
3.115000 3
3.548000 2
3.620000 3
3.667000 2
3.718000 1
3.916000 2
3.954000 1
3.998000 0
4.398000 1
4.499000 2
4.971000 1
5.002000 0
5.569000 1
5.698000 0
6.331000 1
6.594000 0
6.938000 1
6.990000 2
7.328000 3
7.598000 2
7.677000 1
7.711000 0
7.798000 1
7.952000 0
8.128000 1
8.398000 2
8.547000 1
8.645000 0
8.827000 1
9.088000 0
9.091000 1
9.177000 0
9.288000 1
9.435000 2
9.488000 1
9.543000 0
9.578000 1
9.933000 0
10.328000 1
10.504000 2
10.586000 1
10.730000 0
11.108000 1
11.138000 2
11.464000 1
11.465000 0
11.551000 1
11.971000 0
12.248000 1
12.288000 0
12.568000 1
12.607000 0
12.685000 1
12.778000 0
13.015000 1
13.103000 2
13.231000 3
13.277000 2
13.368000 1
13.629000 2
13.722000 3
13.815000 4
13.853000 5
13.972000 6
14.364000 5
14.380000 4
14.448000 3
14.486000 4
14.516000 3
14.580000 2
14.622000 3
14.628000 2
14.638000 1
14.854000 2
14.908000 1
14.928000 2
14.988000 3
15.079000 4
15.242000 3
15.333000 2
15.348000 3
15.370000 2
15.443000 3
15.588000 2
15.732000 3
15.748000 4
15.770000 5
15.798000 6
15.987000 7
16.099000 8
16.163000 7
16.828000 6
16.933000 5
17.081000 4
17.178000 3
17.213000 4
17.353000 3
17.389000 4
17.648000 3
17.758000 2
17.793000 1
17.794000 2
17.834000 3
18.019000 4
18.038000 5
18.106000 4
18.198000 5
18.248000 6
18.317000 7
18.458000 8
18.488000 7
18.730000 8
18.797000 9
18.797000 8
18.819000 9
18.889000 10
19.057000 11
19.188000 12
19.286000 13
19.568000 14
19.590000 13
19.838000 12
19.875000 11
20.050000 12
20.117000 11
20.128000 12
20.153000 11
20.272000 10
20.388000 11
20.417000 10
20.505000 9
20.548000 10
20.667000 11
20.834000 10
20.849000 11
20.868000 10
20.939000 11
21.058000 12
21.122000 11
21.210000 12
21.223000 11
21.328000 10
21.452000 9
21.488000 8
21.503000 7
21.586000 8
21.607000 9
21.631000 8
21.699000 9
21.770000 10
21.913000 9
22.193000 8
22.220000 7
22.384000 8
22.578000 9
22.614000 10
22.823000 9
23.258000 8
23.294000 9
23.370000 8
23.418000 7
23.479000 8
23.518000 7
23.649000 8
23.733000 7
23.809000 6
23.952000 5
24.013000 4
24.108000 3
24.218000 4
24.319000 5
24.453000 4
24.471000 5
24.608000 6
24.650000 5
24.743000 4
24.778000 3
24.863000 2
25.045000 1
25.061000 0
25.119000 1
25.238000 0
25.284000 1
25.388000 0
25.518000 1
25.657000 0
25.968000 1
25.978000 2
26.135000 1
26.293000 2
26.406000 1
26.536000 2
26.588000 3
26.708000 2
26.772000 1
26.786000 0
27.038000 1
27.128000 0
27.205000 1
27.219000 0
27.488000 1
27.563000 2
27.659000 1
27.903000 0
27.951000 1
28.154000 0
28.308000 1
28.388000 0
28.528000 1
28.628000 0
28.950000 1
28.986000 2
29.203000 1
29.307000 2
29.338000 1
29.544000 0
29.998000 1
30.037000 2
30.088000 3
30.227000 2
30.271000 1
30.383000 2
30.408000 3
30.587000 4
30.619000 5
30.708000 4
30.809000 5
31.128000 4
31.273000 3
31.547000 2
31.652000 1
31.831000 2
31.908000 1
31.983000 2
32.023000 1
32.113000 0
32.171000 1
32.469000 0
32.528000 1
32.630000 2
32.638000 1
32.734000 0
33.188000 1
33.208000 0
33.228000 1
33.298000 0
33.498000 1
33.558000 0
33.718000 1
33.877000 2
34.073000 1
34.104000 0
34.936000 1
35.149000 2
35.426000 1
35.466000 0
35.487000 1
35.558000 0
36.228000 1
36.338000 0
36.408000 1
36.548000 2
36.695000 1
36.723000 2
36.803000 1
36.948000 0
37.328000 1
37.539000 2
37.552000 3
37.588000 2
37.618000 1
37.647000 0
37.688000 1
37.802000 2
37.848000 3
37.871000 4
37.885000 3
38.138000 2
38.139000 3
38.158000 2
38.209000 3
38.377000 4
38.470000 5
38.628000 4
38.642000 3
38.698000 4
38.789000 5
38.863000 4
38.957000 3
38.978000 2
39.328000 1
39.368000 0
39.438000 1
39.598000 0
39.754000 1
39.883000 0
40.138000 1
40.186000 0
40.379000 1
40.829000 0
41.148000 1
41.279000 0
41.388000 1
41.449000 2
41.488000 3
41.538000 4
41.778000 3
41.883000 4
41.999000 3
42.104000 4
42.180000 5
42.181000 6
42.218000 7
42.378000 8
42.421000 9
42.479000 10
42.537000 11
42.960000 10
43.158000 9
43.218000 10
43.468000 11
43.620000 12
43.638000 11
43.649000 12
43.921000 11
44.158000 12
44.169000 13
44.188000 14
44.549000 15
44.565000 14
44.878000 15
44.937000 14
45.518000 15
45.588000 14
45.608000 13
45.609000 14
45.858000 15
46.278000 14
46.298000 13
46.473000 12
46.623000 11
46.698000 10
46.870000 11
46.883000 10
47.020000 11
47.038000 12
47.148000 11
47.588000 10
47.624000 11
47.713000 12
47.729000 13
47.744000 12
47.814000 13
47.929000 12
48.159000 13
48.493000 12
48.502000 11
48.889000 12
49.063000 11
49.175000 10
49.403000 9
49.836000 8
50.188000 7
50.228000 6
50.274000 7
50.487000 8
50.498000 9
50.550000 10
50.631000 9
50.709000 8
50.782000 9
50.913000 8
50.973000 7
50.994000 8
51.069000 9
51.088000 8
51.644000 9
51.678000 10
51.776000 9
51.808000 8
51.939000 9
51.986000 10
52.053000 11
52.112000 12
52.208000 11
52.208000 10
52.237000 9
52.318000 8
52.528000 9
52.944000 8
53.113000 9
53.163000 8
53.523000 7
53.583000 6
53.662000 7
53.689000 8
53.710000 7
53.787000 8
53.908000 9
53.963000 8
54.228000 7
54.287000 8
54.580000 7
54.638000 8
54.868000 7
54.869000 6
54.918000 5
55.069000 6
55.129000 7
55.178000 8
55.242000 7
55.308000 8
55.344000 9
55.628000 10
55.639000 11
55.657000 10
55.728000 9
55.758000 10
55.797000 11
55.983000 12
55.998000 11
56.078000 10
56.248000 9
56.513000 8
56.532000 7
56.643000 6
56.686000 5
56.858000 4
56.929000 5
57.028000 4
57.058000 5
57.073000 6
57.128000 7
57.298000 6
57.377000 5
57.409000 4
57.769000 3
57.833000 4
57.954000 3
57.980000 2
58.188000 3
58.548000 4
58.834000 3
58.928000 2
59.028000 3
59.218000 4
59.228000 3
59.327000 4
59.708000 3
59.761000 4
59.954000 5
60.455000 6
60.485000 7
60.513000 8
60.630000 9
60.687000 8
60.708000 7
60.902000 8
61.108000 7
61.512000 6
61.591000 7
61.629000 8
61.752000 9
61.913000 10
61.929000 11
61.953000 10
62.195000 9
62.255000 8
62.350000 7
62.408000 6
62.529000 7
62.574000 6
62.661000 5
62.748000 4
62.767000 5
62.824000 4
62.841000 5
62.930000 6
63.066000 5
63.383000 4
63.467000 5
63.502000 6
63.573000 5
63.827000 4
63.830000 5
63.998000 6
64.135000 5
64.297000 4
64.398000 3
64.408000 2
64.409000 3
64.496000 2
64.498000 3
64.668000 4
64.681000 5
64.993000 6
65.109000 5
65.137000 4
65.222000 3
65.478000 2
65.479000 3
65.738000 2
65.772000 1
65.815000 0
65.872000 1
65.912000 0
66.098000 1
66.337000 0
66.404000 1
66.587000 0
66.798000 1
66.838000 0
67.088000 1
67.102000 2
67.117000 1
67.148000 2
67.278000 1
67.554000 2
67.698000 1
67.713000 0
67.852000 1
68.003000 0
68.085000 1
68.119000 0
68.229000 1
68.393000 0
68.518000 1
68.536000 0
68.537000 1
68.628000 2
68.679000 3
68.752000 4
68.778000 5
68.824000 6
68.883000 7
68.969000 6
69.008000 7
69.224000 8
69.398000 9
69.759000 10
69.873000 9
69.910000 8
69.971000 7
69.972000 6
69.989000 7
70.108000 8
70.358000 9
70.487000 8
70.619000 7
70.743000 6
70.744000 7
70.821000 6
71.608000 5
71.628000 6
71.688000 5
71.808000 6
71.864000 5
71.981000 4
72.018000 5
72.058000 6
72.195000 5
72.258000 4
72.354000 5
72.578000 6
72.757000 7
72.762000 6
72.781000 5
72.782000 6
73.262000 7
73.319000 6
73.458000 5
73.518000 6
73.708000 5
74.151000 4
74.337000 5
74.594000 6
74.658000 5
74.679000 4
74.679000 5
74.748000 6
74.821000 7
74.857000 6
74.926000 5
74.941000 4
75.094000 5
75.237000 6
75.320000 5
75.321000 6
75.668000 5
75.721000 6
75.777000 7
75.938000 6
76.173000 5
76.306000 4
76.373000 3
76.408000 2
76.638000 3
76.655000 2
76.709000 1
76.754000 0
76.760000 1
76.788000 2
76.808000 1
76.888000 2
76.976000 3
77.123000 4
77.248000 5
77.353000 4
77.478000 3
77.498000 2
77.499000 3
77.699000 4
77.699000 5
77.779000 6
77.859000 7
78.031000 8
78.085000 7
78.266000 6
78.310000 5
78.363000 6
78.403000 5
78.426000 4
78.720000 5
78.738000 4
78.738000 5
78.749000 6
78.848000 7
78.912000 8
78.958000 7
79.051000 8
79.721000 7
79.749000 8
79.801000 7
79.883000 8
80.063000 7
80.178000 6
80.362000 5
80.396000 6
80.408000 7
80.421000 8
80.458000 7
80.461000 8
80.673000 9
80.839000 10
80.886000 11
81.020000 12
81.065000 13
81.098000 12
81.108000 13
81.128000 14
81.312000 13
81.335000 12
81.354000 13
81.454000 14
81.648000 13
81.718000 12
81.892000 13
81.992000 14
82.048000 13
82.202000 14
82.233000 15
82.488000 14
82.572000 13
82.573000 14
82.771000 13
82.924000 14
83.039000 13
83.128000 12
83.198000 11
83.358000 10
83.378000 9
83.382000 10
83.393000 9
83.439000 10
83.457000 9
83.589000 10
83.625000 11
83.635000 10
83.854000 11
83.882000 12
84.008000 11
84.038000 10
84.250000 11
84.408000 12
84.474000 13
84.769000 14
84.875000 15
85.073000 14
85.143000 13
85.192000 14
85.308000 15
85.439000 14
85.528000 13
85.528000 12
85.574000 13
85.621000 14
85.892000 15
86.022000 14
86.129000 15
86.153000 14
86.289000 15
86.746000 14
86.798000 15
87.078000 14
87.079000 15
87.312000 14
87.359000 15
87.788000 14
87.828000 15
88.011000 14
88.029000 15
88.208000 14
88.621000 15
88.638000 14
88.855000 15
89.008000 14
89.029000 15
89.468000 14
89.909000 15
90.165000 14
90.238000 13
90.338000 14
90.386000 15
90.408000 14
90.615000 13
90.652000 14
90.878000 13
90.938000 14
90.948000 13
91.079000 14
91.213000 15
91.548000 14
91.830000 13
91.848000 12
92.038000 11
92.072000 10
92.258000 9
92.378000 10
92.418000 9
92.476000 8
92.578000 7
92.675000 6
92.808000 7
92.918000 6
92.958000 5
93.063000 6
93.144000 7
93.298000 6
93.378000 7
93.438000 6
93.563000 5
93.621000 4
93.828000 5
94.106000 6
94.138000 5
94.148000 6
94.299000 7
94.343000 6
94.408000 7
94.672000 8
94.829000 9
94.903000 8
94.943000 9
95.054000 8
95.258000 7
95.278000 8
95.418000 9
95.458000 8
95.468000 9
95.613000 8
95.708000 7
95.825000 6
95.955000 5
95.972000 4
95.998000 3
96.194000 2
96.286000 1
96.738000 2
96.807000 1
96.978000 2
97.025000 1
97.048000 0
97.088000 1
97.124000 2
97.248000 1
97.374000 0
97.402000 1
97.418000 2
97.447000 1
97.569000 0
97.608000 1
97.665000 2
97.717000 1
97.756000 0
97.828000 1
97.848000 2
97.929000 3
98.119000 4
98.271000 3
98.277000 4
98.325000 5
98.370000 6
98.653000 5
98.677000 4
98.728000 3
98.782000 4
98.798000 3
98.904000 4
99.013000 3
99.090000 4
99.108000 3
99.138000 2
99.221000 1
99.277000 2
99.413000 1
99.468000 0
99.618000 1
99.628000 0
100.038000 1
100.464000 2
100.573000 1
100.574000 2
100.585000 1
100.586000 2
100.604000 3
100.863000 4
101.164000 5
101.308000 4
101.358000 3
101.558000 2
101.677000 1
101.686000 2
101.738000 3
101.903000 2
101.904000 3
101.938000 2
102.089000 3
102.188000 4
102.354000 5
102.368000 4
102.388000 3
102.390000 4
102.428000 3
102.513000 2
102.568000 1
102.648000 0
102.785000 1
103.166000 2
103.288000 3
103.408000 4
103.619000 3
103.651000 2
103.778000 3
103.814000 2
103.914000 3
104.074000 2
104.621000 1
104.705000 0
104.736000 1
104.763000 0
105.558000 1
105.575000 2
105.664000 1
105.878000 0
105.922000 1
106.053000 2
106.208000 1
106.619000 2
106.639000 3
106.659000 2
106.662000 3
106.763000 2
106.969000 1
107.032000 2
107.228000 3
107.288000 4
107.469000 5
107.568000 6
107.823000 7
107.876000 6
107.898000 7
107.913000 8
107.931000 9
108.061000 10
108.098000 9
108.170000 8
108.188000 7
108.278000 6
108.338000 7
108.703000 8
108.721000 7
108.758000 6
108.788000 5
108.848000 4
108.908000 5
109.018000 4
109.048000 5
109.078000 6
109.208000 7
109.238000 8
109.318000 9
109.467000 10
109.480000 9
109.721000 8
109.837000 7
110.250000 8
110.511000 7
110.535000 8
110.970000 9
111.048000 10
111.063000 11
111.478000 10
111.653000 11
111.743000 12
111.872000 13
112.052000 14
112.185000 13
112.296000 14
112.339000 15
112.459000 14
112.505000 15
112.505000 14
112.558000 15
113.162000 14
113.473000 13
113.514000 14
113.702000 15
114.069000 14
114.108000 13
114.244000 12
114.398000 11
114.421000 10
114.518000 11
114.839000 12
114.938000 11
115.007000 10
115.021000 9
115.148000 8
115.235000 7
115.334000 8
115.408000 9
115.433000 10
115.498000 9
115.558000 10
115.581000 11
115.668000 10
115.829000 11
116.033000 10
116.068000 9
116.158000 10
116.454000 9
116.472000 8
116.483000 9
116.513000 8
116.608000 7
116.708000 8
117.103000 7
117.123000 8
117.139000 9
117.182000 8
117.390000 9
117.503000 8
117.676000 7
117.760000 6
117.783000 5
117.813000 4
118.057000 3
118.169000 4
118.268000 5
118.310000 6
118.324000 7
118.338000 8
118.564000 9
118.688000 10
118.808000 9
119.020000 8
119.108000 9
119.176000 10
119.198000 9
119.233000 8
119.408000 9
119.438000 8
119.561000 9
119.825000 10
119.844000 11
119.948000 10
120.168000 9
120.214000 10
120.308000 9
120.659000 10
120.727000 11
120.738000 12
120.883000 11
120.885000 12
120.965000 11
121.099000 12
121.170000 11
121.220000 10
121.496000 11
121.888000 10
121.903000 11
122.020000 10
122.135000 9
122.150000 8
122.164000 9
122.208000 8
122.310000 9
122.329000 8
122.364000 9
122.570000 8
122.588000 9
122.633000 8
122.818000 7
122.833000 8
122.905000 9
122.940000 8
123.204000 7
123.278000 6
123.314000 7
123.488000 8
123.537000 9
123.653000 8
123.758000 9
123.774000 8
123.887000 7
123.914000 8
124.056000 9
124.139000 10
124.187000 9
124.198000 10
124.275000 9
124.544000 8
124.569000 9
124.597000 8
124.597000 9
124.748000 8
124.858000 7
125.027000 8
125.070000 9
125.098000 10
125.169000 9
125.243000 10
125.367000 9
125.398000 10
125.498000 9
125.528000 8
125.529000 9
125.719000 10
125.798000 9
126.283000 10
126.311000 9
126.363000 8
126.437000 9
126.854000 10
126.948000 11
127.098000 12
127.178000 13
127.405000 14
127.537000 13
127.583000 12
127.941000 11
128.018000 10
128.078000 9
128.123000 10
128.198000 9
128.348000 10
128.458000 9
128.588000 8
128.589000 9
128.618000 8
128.698000 7
128.714000 6
128.717000 7
128.749000 6
128.794000 7
129.144000 8
129.160000 7
129.289000 8
129.404000 7
129.425000 8
129.454000 7
129.591000 8
129.627000 9
130.188000 8
130.255000 9
130.255000 8
130.445000 7
130.471000 6
130.568000 7
130.753000 6
130.868000 7
131.008000 6
131.008000 7
131.392000 8
131.405000 7
131.728000 8
131.749000 7
131.762000 6
131.846000 5
131.865000 6
132.054000 7
132.208000 8
132.318000 7
132.363000 6
132.398000 5
132.399000 6
132.509000 7
132.509000 6
132.890000 7
132.929000 8
133.020000 9
133.035000 8
133.108000 9
133.168000 8
133.328000 9
133.755000 8
133.805000 9
133.835000 8
133.853000 7
134.008000 8
134.195000 9
134.250000 10
134.458000 9
134.477000 8
134.498000 7
134.924000 8
134.978000 7
135.022000 8
135.111000 7
135.168000 6
135.204000 7
135.268000 6
135.288000 5
135.311000 4
135.450000 3
135.469000 4
135.548000 3
135.608000 4
135.758000 3
135.864000 4
136.078000 3
136.268000 2
136.308000 1
136.428000 0
136.448000 1
136.544000 0
136.554000 1
136.650000 2
136.787000 3
136.838000 2
137.031000 1
137.058000 0
137.198000 1
137.563000 2
137.788000 1
138.116000 0
138.152000 1
138.176000 2
138.278000 3
138.322000 4
138.328000 3
138.419000 2
138.479000 3
138.995000 2
139.028000 3
139.168000 2
139.200000 3
139.259000 4
139.380000 5
139.468000 4
139.624000 3
139.880000 4
139.894000 5
139.978000 6
139.993000 7
140.009000 8
140.133000 7
140.293000 8
140.308000 7
140.371000 6
140.424000 7
140.581000 6
140.718000 7
140.848000 6
140.863000 5
140.902000 6
140.978000 7
141.058000 6
141.083000 5
141.252000 4
141.263000 3
141.450000 2
141.598000 1
141.936000 2
142.233000 3
142.389000 4
142.480000 3
142.521000 4
142.674000 3
142.688000 4
142.848000 5
142.993000 4
143.152000 3
143.238000 4
143.337000 3
143.337000 4
143.484000 3
143.523000 2
143.589000 3
143.641000 4
143.708000 3
143.724000 4
143.768000 3
143.836000 4
143.971000 3
144.023000 2
144.068000 1
144.278000 0
144.288000 1
144.493000 0
144.848000 1
145.090000 0
145.175000 1
145.191000 2
145.232000 1
145.283000 0
145.848000 1
145.978000 2
146.293000 1
146.455000 2
146.463000 3
146.488000 4
146.523000 3
146.643000 4
146.986000 3
147.488000 2
147.574000 3
147.608000 4
147.721000 5
147.885000 6
148.060000 5
148.373000 6
148.394000 5
148.468000 4
148.581000 3
148.709000 2
148.771000 1
148.929000 2
148.943000 1
148.973000 0
149.152000 1
149.388000 0
149.668000 1
149.728000 0
150.218000 1
150.263000 0
150.445000 1
150.480000 2
150.691000 3
151.099000 2
151.202000 1
151.300000 0
151.418000 1
151.868000 0
