server_7.log: seed=511, mu=5.000000, QSize=15
1.809000 1
1.939000 2
2.318000 3
2.437000 2
2.438000 3
2.476000 2
2.757000 3
2.773000 2
2.869000 3
2.930000 4
3.011000 3
3.445000 2
3.476000 3
3.554000 2
3.615000 1
3.757000 2
3.842000 1
3.897000 0
4.227000 1
4.317000 2
4.797000 1
4.837000 0
5.351000 1
5.487000 0
6.077000 1
6.339000 0
6.658000 1
6.717000 2
7.033000 3
7.309000 2
7.397000 1
7.437000 0
7.483000 1
7.637000 0
7.797000 1
8.055000 2
8.217000 1
8.322000 0
8.467000 1
8.707000 0
8.708000 1
8.797000 0
8.897000 1
9.037000 2
9.087000 1
9.147000 0
9.161000 1
9.517000 0
9.891000 1
10.045000 2
10.147000 1
10.298000 0
10.622000 1
10.657000 2
10.973000 1
10.974000 0
11.057000 1
11.467000 0
11.732000 1
11.759000 0
12.037000 1
12.067000 0
12.145000 1
12.241000 0
12.472000 1
12.563000 2
12.690000 3
12.737000 2
12.842000 1
13.077000 2
13.168000 3
13.240000 4
13.277000 5
13.399000 6
13.827000 5
13.848000 4
13.888000 5
13.903000 4
13.966000 3
14.008000 4
14.024000 3
14.073000 2
14.088000 1
14.223000 2
14.308000 3
14.367000 2
14.368000 3
14.443000 4
14.698000 3
14.699000 4
14.788000 3
14.790000 4
14.827000 3
15.043000 2
15.073000 3
15.092000 4
15.107000 5
15.122000 6
15.309000 7
15.413000 8
15.617000 7
16.288000 6
16.387000 5
16.478000 6
16.533000 5
16.626000 4
16.642000 5
16.793000 4
17.022000 5
17.049000 6
17.091000 5
17.190000 4
17.221000 3
17.226000 4
17.242000 5
17.403000 6
17.449000 7
17.510000 8
17.526000 7
17.646000 8
17.900000 9
17.915000 8
17.968000 9
17.988000 10
18.050000 11
18.213000 10
18.213000 11
18.337000 12
18.443000 13
18.712000 14
19.017000 13
19.174000 14
19.243000 15
19.259000 14
19.299000 13
19.478000 14
19.536000 13
19.554000 12
19.641000 13
19.677000 12
19.748000 13
19.825000 12
19.917000 11
19.919000 12
19.996000 13
20.107000 14
20.244000 13
20.244000 14
20.277000 13
20.537000 12
20.598000 13
20.618000 14
20.632000 13
20.695000 14
20.744000 13
20.762000 14
20.871000 13
20.892000 12
20.909000 11
21.037000 10
21.325000 9
21.352000 10
21.545000 11
21.592000 12
21.608000 11
21.623000 10
22.226000 9
22.244000 10
22.424000 11
22.583000 12
22.657000 11
22.757000 10
22.816000 9
22.924000 8
23.133000 7
23.133000 8
23.189000 7
23.228000 8
23.337000 7
23.375000 8
23.390000 7
23.483000 6
23.515000 7
23.827000 6
24.006000 7
24.028000 6
24.130000 5
24.162000 4
24.163000 5
24.247000 4
24.387000 5
24.426000 4
24.441000 3
24.554000 2
24.657000 1
24.796000 0
24.816000 1
24.827000 2
24.975000 1
25.130000 2
25.252000 1
25.368000 2
25.424000 3
25.557000 2
25.617000 1
25.634000 0
25.856000 1
25.947000 0
26.017000 1
26.037000 0
26.293000 1
26.377000 2
26.469000 1
26.724000 0
26.752000 1
26.944000 0
27.097000 1
27.176000 0
27.297000 1
27.391000 0
27.692000 1
27.738000 2
27.947000 1
28.039000 2
28.091000 1
28.289000 0
28.710000 1
28.767000 2
28.818000 3
28.937000 2
28.969000 1
29.098000 2
29.154000 3
29.338000 4
29.376000 5
29.401000 4
29.568000 5
29.816000 4
29.967000 3
30.246000 2
30.357000 1
30.541000 2
30.597000 1
30.689000 2
30.726000 1
30.818000 0
30.873000 1
31.159000 0
31.217000 1
31.322000 2
31.336000 1
31.442000 0
31.872000 1
31.887000 0
31.907000 1
31.976000 0
32.173000 1
32.247000 0
32.392000 1
32.547000 2
32.752000 1
32.772000 0
33.567000 1
33.772000 2
34.067000 1
34.088000 2
34.105000 1
34.177000 0
34.781000 1
34.898000 0
34.957000 1
35.098000 2
35.242000 1
35.258000 2
35.357000 1
35.507000 0
35.838000 1
36.048000 2
36.059000 3
36.091000 2
36.124000 1
36.167000 0
36.187000 1
36.299000 2
36.342000 3
36.363000 4
36.382000 3
36.618000 4
36.638000 3
36.657000 2
36.681000 3
36.848000 4
36.944000 5
37.129000 4
37.142000 3
37.162000 4
37.258000 5
37.364000 4
37.456000 3
37.477000 2
37.825000 1
37.859000 0
37.891000 1
38.062000 0
38.198000 1
38.333000 0
38.572000 1
38.626000 0
38.797000 1
39.253000 0
39.541000 1
39.672000 0
39.757000 1
39.817000 2
39.858000 3
39.917000 4
40.159000 3
40.248000 4
40.370000 3
40.457000 4
40.528000 5
40.528000 6
40.573000 7
40.723000 8
40.764000 9
40.823000 10
40.874000 11
41.327000 10
41.524000 9
41.524000 10
41.757000 11
41.907000 12
41.934000 13
42.007000 12
42.290000 11
42.417000 12
42.427000 13
42.448000 14
42.786000 15
42.933000 14
43.089000 15
43.317000 14
43.698000 15
43.963000 14
43.987000 13
44.004000 14
44.092000 15
44.652000 14
44.673000 13
44.842000 12
44.962000 13
44.993000 12
45.067000 11
45.101000 12
45.125000 13
45.247000 12
45.507000 11
45.678000 12
45.767000 13
45.783000 14
45.869000 15
45.947000 14
46.092000 13
46.206000 14
46.276000 13
46.831000 12
46.847000 11
46.909000 12
47.417000 11
47.528000 10
47.757000 9
48.193000 8
48.226000 9
48.441000 10
48.457000 11
48.518000 12
48.537000 11
48.568000 10
48.738000 11
48.943000 12
48.972000 11
49.012000 12
49.047000 11
49.251000 10
49.318000 9
49.423000 8
49.568000 9
49.604000 10
49.837000 11
49.877000 12
49.942000 13
49.998000 14
50.109000 13
50.140000 12
50.414000 13
50.535000 12
50.536000 11
50.575000 10
50.647000 9
50.966000 10
51.260000 9
51.473000 8
51.489000 9
51.507000 10
51.603000 11
51.718000 12
51.825000 11
51.884000 10
52.017000 9
52.071000 10
52.263000 9
52.408000 10
52.513000 9
52.827000 10
52.847000 9
52.888000 10
52.933000 11
53.068000 12
53.109000 13
53.123000 12
53.124000 11
53.183000 10
53.386000 11
53.409000 12
53.512000 11
53.513000 12
53.549000 13
53.738000 14
53.932000 13
54.006000 12
54.264000 11
54.339000 10
54.509000 9
54.648000 10
54.775000 9
54.775000 10
54.790000 9
54.791000 10
54.854000 11
54.906000 10
54.947000 9
55.121000 8
55.289000 7
55.518000 8
55.565000 7
55.657000 6
55.677000 5
55.858000 6
56.042000 5
56.217000 4
56.217000 5
56.244000 4
56.670000 5
56.862000 6
56.968000 7
57.081000 6
57.174000 5
57.395000 6
57.467000 5
57.591000 6
57.952000 5
58.078000 6
58.118000 7
58.162000 8
58.262000 9
58.538000 10
58.927000 9
58.948000 8
59.188000 9
59.220000 10
59.338000 11
59.347000 10
59.494000 11
59.510000 12
59.742000 11
60.091000 12
60.190000 11
60.322000 12
60.391000 13
60.427000 12
60.478000 13
60.494000 12
60.591000 11
60.662000 10
60.823000 9
60.913000 8
60.992000 7
60.992000 8
61.014000 9
61.077000 8
61.317000 7
61.338000 8
61.517000 9
61.625000 8
61.822000 7
61.907000 8
62.001000 9
62.073000 8
62.158000 9
62.179000 10
62.388000 9
62.479000 10
62.557000 9
62.654000 8
62.672000 7
62.757000 6
62.941000 7
63.322000 8
63.359000 7
63.391000 6
63.468000 5
63.550000 6
63.732000 5
63.841000 6
63.987000 5
64.026000 4
64.077000 3
64.117000 2
64.213000 3
64.351000 2
64.490000 3
64.508000 4
64.528000 3
64.548000 4
64.567000 3
64.600000 2
64.747000 1
64.942000 2
65.162000 1
65.177000 0
65.229000 1
65.392000 0
65.448000 1
65.479000 0
65.597000 1
65.757000 0
65.879000 1
65.893000 0
65.893000 1
65.974000 2
66.038000 3
66.113000 4
66.145000 5
66.191000 6
66.249000 7
66.323000 6
66.360000 7
66.573000 8
66.757000 9
67.108000 10
67.235000 9
67.265000 8
67.318000 9
67.337000 8
67.337000 7
67.450000 8
67.686000 9
67.861000 8
67.997000 7
68.055000 8
68.118000 7
68.193000 6
68.898000 7
68.971000 6
69.058000 5
69.074000 6
69.223000 5
69.272000 6
69.309000 7
69.341000 6
69.567000 5
69.603000 6
69.633000 5
69.807000 6
69.988000 7
70.008000 8
70.141000 7
70.157000 6
70.467000 7
70.697000 6
70.713000 7
70.837000 6
71.087000 5
71.497000 6
71.532000 5
71.754000 6
71.843000 7
71.908000 8
71.983000 9
72.035000 8
72.056000 7
72.236000 6
72.252000 7
72.311000 6
72.327000 5
72.398000 6
72.470000 7
72.696000 6
72.858000 7
72.916000 8
73.049000 7
73.329000 6
73.564000 5
73.708000 4
73.749000 5
73.782000 4
73.826000 3
73.868000 4
73.908000 5
74.002000 6
74.077000 5
74.078000 6
74.117000 5
74.157000 4
74.197000 3
74.213000 4
74.348000 5
74.578000 6
74.747000 5
74.780000 6
74.780000 7
74.859000 6
74.860000 7
74.892000 6
74.942000 7
75.115000 8
75.435000 9
75.480000 8
75.657000 7
75.693000 6
75.775000 5
75.776000 6
75.791000 5
75.807000 6
75.822000 7
75.913000 8
75.982000 9
76.108000 8
76.109000 9
76.336000 8
76.785000 9
76.908000 10
77.093000 9
77.168000 8
77.388000 9
77.408000 10
77.423000 11
77.430000 10
77.446000 11
77.541000 10
77.644000 11
77.726000 10
77.817000 9
77.818000 10
77.877000 11
78.003000 12
78.038000 13
78.081000 14
78.100000 15
78.467000 14
78.677000 13
78.713000 12
78.824000 13
78.918000 14
79.033000 13
79.098000 12
79.118000 13
79.153000 14
79.428000 13
79.478000 14
79.818000 15
79.861000 14
79.942000 13
80.144000 12
80.244000 13
80.298000 14
80.417000 13
80.433000 14
80.471000 15
80.499000 14
80.559000 13
80.694000 14
80.710000 13
80.723000 12
80.726000 13
80.739000 12
80.786000 11
80.972000 10
81.088000 11
81.241000 12
81.311000 13
81.344000 12
81.387000 11
81.588000 12
81.685000 13
81.708000 14
81.988000 15
82.413000 14
82.489000 13
82.657000 14
82.777000 13
82.872000 12
82.873000 11
82.890000 12
83.038000 13
83.134000 14
83.308000 15
83.375000 14
83.502000 13
83.541000 14
83.764000 15
84.087000 14
84.258000 15
84.422000 14
84.507000 15
84.650000 14
84.693000 15
85.132000 14
85.262000 15
85.355000 14
85.482000 15
85.559000 14
85.639000 15
85.976000 14
85.991000 15
86.341000 14
86.488000 15
86.808000 14
86.898000 15
87.517000 14
87.592000 13
87.593000 14
87.724000 15
87.757000 14
87.798000 15
87.977000 14
88.242000 13
88.335000 12
88.827000 13
88.937000 12
89.226000 11
89.241000 10
89.241000 11
89.431000 10
89.461000 9
89.492000 10
89.563000 11
89.633000 10
89.779000 11
89.792000 10
89.856000 9
89.957000 8
90.053000 7
90.217000 8
90.290000 7
90.326000 6
90.483000 7
90.521000 8
90.667000 7
90.668000 8
90.766000 9
90.809000 8
90.934000 7
90.976000 6
91.023000 7
91.168000 8
91.278000 9
91.497000 8
91.611000 9
91.712000 8
91.748000 9
91.798000 10
92.272000 9
92.417000 8
92.634000 7
92.837000 6
92.990000 5
93.018000 6
93.085000 5
93.206000 4
93.248000 5
93.344000 4
93.359000 3
93.360000 4
93.377000 3
93.392000 4
93.548000 3
93.637000 2
93.669000 3
93.688000 4
93.872000 5
93.934000 6
94.092000 7
94.118000 8
94.157000 7
94.193000 8
94.387000 7
94.388000 8
94.422000 7
94.542000 8
94.587000 7
94.588000 8
94.633000 9
94.708000 8
94.747000 7
94.861000 6
94.973000 5
95.014000 4
95.038000 5
95.142000 6
95.323000 7
95.467000 6
95.506000 7
95.825000 8
95.857000 7
95.877000 6
95.933000 5
95.997000 4
96.211000 3
96.226000 4
96.318000 3
96.337000 2
96.414000 1
96.604000 0
96.629000 1
96.677000 0
96.738000 1
96.757000 0
96.758000 1
96.777000 2
97.037000 3
97.307000 2
97.315000 1
97.315000 2
97.808000 3
97.869000 4
98.032000 3
98.034000 4
98.087000 3
98.196000 4
98.277000 3
98.298000 4
98.386000 3
98.460000 4
98.477000 5
98.610000 4
98.641000 3
98.848000 4
99.073000 3
99.092000 2
99.132000 1
99.216000 0
99.217000 1
99.278000 0
99.332000 1
99.414000 0
99.443000 1
99.809000 2
99.944000 3
100.281000 2
100.310000 1
100.478000 0
100.741000 1
101.007000 0
101.537000 1
101.557000 2
101.892000 3
102.027000 4
102.092000 3
102.187000 2
102.203000 1
102.308000 0
102.573000 1
102.587000 2
102.607000 3
102.787000 2
102.957000 3
103.065000 2
103.157000 3
103.213000 4
103.391000 5
103.484000 6
103.515000 5
103.606000 4
103.735000 5
103.795000 4
103.803000 5
103.826000 6
103.841000 7
103.976000 8
104.232000 9
104.569000 10
104.707000 9
104.758000 10
104.891000 11
104.922000 10
104.922000 11
104.987000 10
105.007000 9
105.044000 10
105.061000 11
105.107000 10
105.138000 11
105.279000 12
105.557000 11
105.592000 10
105.632000 9
105.692000 8
105.857000 7
106.028000 8
106.302000 7
106.303000 8
106.553000 7
106.673000 6
106.718000 7
106.793000 8
106.813000 9
107.332000 8
107.384000 9
107.477000 10
107.606000 11
107.788000 12
108.023000 13
108.078000 14
108.233000 15
108.289000 14
108.307000 15
108.994000 14
109.194000 15
109.267000 14
109.304000 13
109.377000 14
109.571000 15
109.967000 14
110.158000 15
110.293000 14
110.478000 15
110.875000 14
110.906000 13
110.952000 14
111.020000 15
111.053000 14
111.144000 15
111.206000 14
111.226000 13
111.408000 14
111.725000 15
111.740000 14
111.808000 13
111.823000 12
111.937000 11
112.027000 10
112.041000 11
112.259000 12
112.297000 11
112.460000 10
112.659000 11
112.678000 12
112.831000 11
112.861000 10
112.928000 11
113.252000 10
113.270000 9
113.311000 8
113.397000 7
113.673000 8
113.760000 9
113.791000 10
113.807000 11
113.827000 12
113.878000 11
113.937000 10
114.043000 11
114.153000 12
114.257000 11
114.437000 10
114.517000 9
114.537000 8
114.558000 9
114.572000 8
114.611000 9
114.812000 8
114.844000 9
114.989000 10
115.231000 11
115.246000 12
115.544000 11
115.607000 12
115.758000 11
115.947000 10
115.976000 9
116.028000 10
116.105000 11
116.122000 12
116.183000 11
116.248000 12
116.448000 13
116.697000 12
116.826000 13
116.902000 12
117.044000 11
117.221000 12
117.460000 13
117.596000 14
117.612000 13
117.643000 14
117.692000 13
117.857000 14
117.892000 13
117.947000 12
118.092000 13
118.143000 14
118.539000 15
118.607000 14
118.694000 15
118.731000 14
118.732000 15
118.847000 14
118.868000 13
118.930000 12
118.944000 13
119.042000 12
119.093000 13
119.226000 14
119.278000 13
119.318000 14
119.337000 13
119.379000 14
119.526000 13
119.659000 12
119.737000 13
119.779000 14
119.927000 13
120.003000 12
120.188000 13
120.224000 14
120.252000 15
120.390000 14
120.403000 15
120.517000 14
120.558000 15
120.617000 14
120.686000 15
120.911000 14
120.996000 13
121.272000 12
121.322000 11
121.423000 12
121.487000 11
121.575000 12
121.591000 11
121.908000 10
121.977000 11
122.073000 12
122.117000 11
122.212000 12
122.242000 11
122.263000 10
122.297000 11
122.492000 12
122.543000 11
123.048000 10
123.087000 9
123.183000 10
123.398000 11
123.628000 12
123.747000 13
123.828000 14
124.163000 15
124.262000 14
124.298000 15
124.313000 14
124.423000 15
124.672000 14
124.745000 13
124.817000 12
124.942000 11
125.195000 10
125.211000 11
125.317000 10
125.357000 9
125.433000 8
125.448000 7
125.476000 6
125.510000 7
125.809000 8
125.879000 7
125.943000 8
126.114000 7
126.167000 6
126.304000 7
126.625000 8
126.752000 9
126.897000 8
126.918000 9
126.961000 8
127.069000 9
127.144000 8
127.169000 7
127.258000 8
127.362000 9
127.457000 8
127.717000 7
127.738000 8
127.779000 9
127.857000 10
127.948000 11
128.110000 10
128.158000 11
128.437000 10
128.455000 9
128.543000 8
128.618000 9
128.808000 10
128.989000 11
129.027000 10
129.048000 11
129.082000 10
129.112000 9
129.217000 8
129.703000 9
129.738000 8
129.792000 9
129.867000 8
129.979000 9
130.237000 10
130.374000 11
130.457000 10
130.532000 9
130.551000 8
130.626000 9
131.167000 8
131.188000 7
131.189000 8
131.207000 7
131.303000 8
131.408000 9
131.543000 10
131.682000 9
131.797000 8
131.853000 7
131.930000 8
131.959000 7
131.975000 6
131.990000 5
132.133000 4
132.216000 3
132.288000 4
132.424000 3
132.739000 2
132.847000 3
132.862000 4
132.924000 3
132.948000 2
132.949000 3
132.987000 4
133.075000 3
133.137000 4
133.172000 3
133.457000 2
133.636000 1
133.651000 0
133.663000 1
133.835000 2
133.887000 3
133.998000 4
134.257000 3
134.468000 4
134.488000 5
134.559000 6
134.578000 7
134.582000 6
134.595000 7
134.758000 6
134.842000 5
134.858000 6
134.973000 7
135.257000 8
135.427000 7
135.427000 8
135.492000 9
135.591000 8
135.902000 7
136.063000 6
136.418000 7
136.573000 6
136.707000 7
136.742000 6
136.791000 5
136.861000 6
136.977000 7
136.987000 6
137.135000 7
137.257000 6
137.277000 5
137.299000 6
137.474000 5
137.492000 4
137.658000 3
137.674000 2
137.674000 3
137.774000 4
137.858000 3
137.998000 2
138.015000 3
138.065000 4
138.157000 5
138.261000 6
138.701000 7
138.871000 6
139.065000 5
139.237000 6
139.387000 5
139.540000 4
139.555000 5
139.575000 6
139.724000 5
139.867000 4
139.907000 3
140.097000 2
140.164000 1
140.197000 2
140.333000 3
140.352000 2
140.395000 1
140.443000 0
140.787000 1
140.802000 2
140.827000 3
140.978000 4
140.997000 3
141.218000 2
141.457000 1
141.525000 0
141.888000 1
141.911000 2
141.943000 1
142.028000 2
142.198000 3
142.377000 2
142.608000 1
142.668000 2
143.077000 1
143.196000 2
143.416000 3
143.587000 2
143.907000 3
144.159000 2
144.433000 3
144.499000 2
144.573000 1
144.638000 2
144.673000 1
144.674000 2
144.790000 1
144.857000 0
144.876000 1
145.047000 0
145.577000 1
145.609000 0
145.802000 1
145.963000 2
146.026000 1
146.041000 2
146.076000 1
146.076000 2
146.137000 1
146.258000 2
146.377000 3
146.528000 4
146.608000 5
146.787000 4
146.897000 3
146.997000 2
147.152000 3
147.360000 4
147.447000 3
147.720000 2
147.722000 3
147.750000 4
147.768000 3
147.858000 4
148.103000 3
148.240000 2
148.277000 1
148.401000 2
148.537000 1
148.541000 2
148.553000 1
148.592000 2
148.632000 3
148.659000 4
148.712000 3
149.066000 2
149.103000 3
149.167000 2
149.238000 3
149.357000 4
149.398000 5
149.471000 6
149.527000 7
149.597000 6
149.639000 7
149.807000 8
149.837000 7
149.906000 8
150.009000 7
150.118000 8
150.343000 7
150.345000 8
150.442000 9
150.475000 10
150.669000 9
150.826000 10
150.976000 9
150.993000 8
151.015000 7
151.076000 8
151.455000 7
151.608000 6
151.787000 5
152.157000 4
152.307000 3
152.377000 2
153.467000 1
153.477000 0
