server_0.log: seed=511, mu=5.000000, QSize=15
1.975000 1
2.079000 2
2.494000 3
2.571000 2
2.606000 1
2.614000 2
2.906000 1
2.964000 2
3.062000 3
3.114000 4
3.138000 3
3.570000 2
3.679000 1
3.703000 2
3.726000 1
3.957000 0
4.007000 1
4.056000 0
4.515000 1
4.609000 2
5.118000 1
5.153000 0
5.740000 1
5.880000 0
6.527000 1
6.793000 0
7.175000 1
7.234000 2
7.575000 3
7.830000 2
7.903000 1
7.940000 0
8.051000 1
8.204000 0
8.388000 1
8.661000 2
8.809000 1
8.901000 0
9.101000 1
9.340000 0
9.383000 1
9.473000 0
9.580000 1
9.724000 2
9.773000 1
9.821000 0
9.857000 1
10.201000 0
10.631000 1
10.784000 2
10.881000 1
11.025000 0
11.403000 1
11.446000 2
11.758000 1
11.762000 0
11.871000 1
12.286000 0
12.591000 1
12.621000 0
12.911000 1
12.945000 0
13.021000 1
13.119000 0
13.365000 1
13.451000 2
13.598000 3
13.630000 2
13.725000 1
14.004000 2
14.094000 3
14.168000 4
14.218000 5
14.337000 6
14.715000 5
14.726000 4
14.790000 3
14.886000 2
14.891000 3
14.939000 2
15.005000 1
15.020000 0
15.026000 1
15.254000 2
15.304000 1
15.335000 2
15.391000 3
15.475000 4
15.641000 3
15.733000 2
15.750000 3
15.773000 2
15.851000 3
15.982000 2
16.166000 3
16.179000 4
16.207000 5
16.239000 6
16.430000 7
16.539000 8
16.576000 7
17.241000 6
17.342000 5
17.493000 4
17.591000 3
17.690000 4
17.767000 3
17.867000 4
18.053000 3
18.152000 2
18.177000 1
18.271000 2
18.300000 3
18.489000 2
18.489000 3
18.498000 4
18.665000 5
18.720000 6
18.786000 7
18.870000 6
18.931000 7
19.172000 6
19.207000 7
19.266000 8
19.283000 9
19.342000 10
19.513000 11
19.656000 12
19.754000 13
19.976000 12
20.041000 13
20.223000 12
20.254000 11
20.491000 10
20.509000 9
20.540000 10
20.622000 11
20.635000 10
20.781000 9
20.861000 8
20.880000 9
21.041000 10
21.156000 11
21.206000 10
21.241000 9
21.336000 10
21.423000 11
21.491000 10
21.546000 11
21.598000 10
21.692000 11
21.715000 10
21.842000 9
21.873000 8
21.881000 7
22.007000 6
22.076000 7
22.101000 8
22.187000 9
22.268000 10
22.291000 9
22.563000 8
22.579000 7
22.906000 8
23.104000 9
23.141000 10
23.173000 9
23.609000 8
23.723000 7
23.774000 6
23.856000 7
23.881000 6
24.059000 7
24.098000 6
24.157000 5
24.235000 6
24.309000 5
24.363000 4
24.451000 3
24.791000 2
24.832000 3
24.935000 4
24.991000 3
25.086000 2
25.094000 3
25.116000 2
25.199000 1
25.239000 2
25.375000 1
25.396000 0
25.771000 1
25.885000 0
25.936000 1
26.036000 0
26.192000 1
26.334000 0
26.660000 1
26.671000 2
26.820000 1
26.991000 2
27.101000 1
27.245000 2
27.297000 3
27.399000 2
27.457000 1
27.467000 0
27.763000 1
27.858000 0
27.929000 1
27.937000 0
28.220000 1
28.300000 2
28.391000 1
28.635000 0
28.710000 1
28.905000 0
29.069000 1
29.150000 0
29.291000 1
29.388000 0
29.726000 1
29.761000 2
29.984000 1
30.078000 2
30.121000 1
30.329000 0
30.794000 1
30.841000 2
30.899000 3
31.037000 2
31.060000 1
31.201000 2
31.256000 3
31.449000 4
31.481000 5
31.493000 4
31.674000 5
31.915000 4
32.066000 3
32.340000 2
32.446000 1
32.697000 0
32.742000 1
32.862000 0
32.891000 1
32.984000 0
33.094000 1
33.379000 0
33.470000 1
33.578000 0
33.581000 1
33.671000 0
34.162000 1
34.169000 0
34.202000 1
34.271000 0
34.491000 1
34.563000 0
34.720000 1
34.887000 2
35.079000 1
35.112000 0
35.981000 1
36.205000 2
36.476000 1
36.522000 0
36.542000 1
36.613000 0
37.299000 1
37.412000 0
37.491000 1
37.636000 2
37.772000 1
37.815000 2
37.887000 1
38.029000 0
38.441000 1
38.662000 2
38.680000 3
38.698000 2
38.727000 1
38.769000 0
38.821000 1
38.943000 2
39.001000 3
39.016000 2
39.038000 3
39.261000 2
39.271000 1
39.317000 2
39.407000 3
39.567000 4
39.658000 5
39.740000 4
39.761000 3
39.901000 4
39.982000 3
39.991000 4
40.071000 3
40.095000 2
40.446000 1
40.475000 0
40.671000 1
40.837000 0
40.997000 1
41.124000 0
41.397000 1
41.446000 0
41.642000 1
42.103000 0
42.441000 1
42.571000 0
42.679000 1
42.725000 2
42.775000 3
42.824000 4
43.084000 3
43.178000 4
43.320000 3
43.412000 4
43.492000 5
43.524000 6
43.565000 7
43.741000 8
43.777000 9
43.836000 10
43.899000 11
44.271000 10
44.465000 9
44.605000 10
44.859000 11
44.937000 10
45.013000 11
45.041000 12
45.235000 11
45.566000 12
45.581000 13
45.592000 14
45.885000 13
45.957000 14
46.262000 13
46.286000 14
46.918000 13
46.930000 12
46.940000 13
47.030000 14
47.291000 15
47.603000 14
47.627000 13
47.812000 12
47.959000 11
48.036000 10
48.229000 9
48.326000 10
48.473000 11
48.493000 12
48.493000 11
48.927000 10
49.081000 9
49.093000 10
49.178000 11
49.193000 12
49.264000 11
49.280000 12
49.637000 13
49.833000 12
49.847000 11
50.391000 12
50.412000 11
50.525000 10
50.754000 9
51.186000 8
51.530000 7
51.562000 6
51.823000 7
51.968000 6
52.051000 7
52.051000 6
52.064000 7
52.118000 8
52.258000 7
52.320000 6
52.352000 7
52.423000 6
52.580000 7
52.657000 8
53.107000 7
53.139000 6
53.252000 7
53.291000 8
53.532000 7
53.533000 6
53.540000 7
53.565000 6
53.583000 7
53.641000 6
53.642000 7
53.701000 8
54.137000 9
54.262000 8
54.474000 7
54.740000 8
54.834000 7
54.891000 6
55.038000 5
55.287000 4
55.305000 5
55.334000 6
55.441000 7
55.541000 6
55.558000 7
55.883000 6
55.938000 7
56.157000 6
56.158000 5
56.208000 4
56.303000 5
56.536000 4
56.766000 5
56.829000 6
56.871000 7
56.957000 6
57.009000 7
57.027000 6
57.042000 7
57.292000 6
57.338000 7
57.354000 8
57.374000 7
57.471000 8
57.501000 9
57.551000 8
57.694000 9
57.824000 8
57.856000 7
57.967000 6
58.001000 5
58.180000 4
58.351000 3
58.617000 2
58.679000 3
58.691000 2
58.708000 1
58.818000 2
58.835000 3
58.892000 4
59.066000 3
59.245000 2
59.268000 1
59.601000 2
59.955000 3
60.101000 2
60.185000 1
60.337000 2
60.489000 1
60.826000 2
60.976000 1
61.026000 2
61.137000 3
61.591000 4
61.806000 5
61.964000 4
61.987000 3
62.321000 4
62.339000 5
62.372000 6
62.397000 5
62.484000 6
62.771000 7
62.791000 6
63.241000 5
63.471000 6
63.480000 5
63.506000 6
63.537000 5
63.633000 6
63.641000 5
63.700000 4
63.803000 5
63.823000 6
63.861000 5
63.963000 4
64.044000 3
64.120000 2
64.360000 1
64.442000 2
64.685000 1
64.690000 2
64.753000 3
64.852000 4
64.870000 3
65.120000 2
65.397000 3
65.422000 4
65.423000 3
65.580000 2
65.688000 1
65.698000 0
65.754000 1
65.836000 0
65.941000 1
66.373000 2
66.471000 3
66.539000 2
66.576000 1
66.636000 2
66.647000 3
66.659000 2
66.907000 1
66.966000 2
67.168000 1
67.201000 0
67.455000 1
67.511000 0
67.852000 1
67.893000 0
68.096000 1
68.328000 0
68.409000 1
68.580000 0
68.817000 1
68.853000 0
69.121000 1
69.137000 2
69.149000 1
69.186000 2
69.301000 1
69.603000 2
69.714000 1
69.732000 0
69.916000 1
70.075000 0
70.152000 1
70.199000 0
70.303000 1
70.458000 0
70.604000 1
70.620000 0
70.621000 1
70.707000 2
70.766000 3
70.843000 4
70.868000 5
70.920000 6
70.980000 7
71.050000 6
71.095000 7
71.313000 8
71.499000 9
71.882000 10
71.962000 9
71.991000 8
72.055000 7
72.056000 6
72.123000 7
72.243000 8
72.492000 9
72.583000 8
72.725000 7
72.851000 6
72.897000 7
72.922000 6
73.702000 5
73.787000 4
73.805000 5
73.961000 4
73.987000 5
74.092000 4
74.197000 5
74.240000 6
74.303000 5
74.363000 4
74.554000 5
74.780000 6
74.866000 5
74.899000 4
74.959000 5
74.984000 6
75.435000 5
75.474000 6
75.581000 5
75.737000 6
75.825000 5
76.275000 4
76.578000 5
76.779000 4
76.795000 3
76.838000 4
76.942000 5
76.980000 4
77.004000 5
77.041000 4
77.057000 3
77.087000 4
77.371000 5
77.424000 4
77.538000 5
77.612000 6
77.765000 5
78.029000 4
78.029000 5
78.083000 6
78.261000 5
78.396000 4
78.466000 3
78.501000 2
78.756000 1
78.804000 0
78.971000 1
79.010000 0
79.091000 1
79.123000 2
79.141000 1
79.218000 2
79.314000 3
79.451000 4
79.590000 5
79.685000 4
79.808000 3
79.826000 2
79.848000 3
80.066000 4
80.068000 5
80.141000 6
80.230000 7
80.411000 6
80.413000 7
80.591000 6
80.623000 5
80.710000 4
80.729000 3
80.756000 4
81.041000 3
81.121000 4
81.145000 5
81.158000 6
81.256000 7
81.265000 6
81.319000 7
81.457000 8
82.020000 7
82.092000 6
82.169000 7
82.316000 8
82.359000 7
82.476000 6
82.668000 5
82.751000 4
82.844000 5
82.860000 6
82.884000 7
82.911000 8
83.130000 9
83.317000 10
83.371000 11
83.386000 10
83.500000 11
83.546000 12
83.581000 11
83.599000 12
83.605000 11
83.623000 12
83.863000 13
83.936000 12
83.956000 13
84.009000 12
84.335000 11
84.413000 12
84.519000 13
84.740000 14
84.775000 13
84.777000 14
84.857000 13
85.060000 12
85.122000 13
85.325000 12
85.407000 11
85.476000 10
85.484000 11
85.629000 10
85.641000 9
85.651000 8
85.700000 7
85.881000 6
85.951000 7
86.000000 8
86.144000 9
86.177000 10
86.252000 9
86.281000 8
86.422000 9
86.450000 10
86.827000 11
86.992000 12
87.054000 13
87.313000 12
87.349000 13
87.391000 12
87.496000 13
87.520000 14
87.671000 13
87.760000 12
87.760000 11
87.819000 12
87.936000 13
87.991000 14
88.209000 15
88.251000 14
88.252000 15
88.378000 14
88.523000 15
88.967000 14
89.041000 15
89.312000 14
89.471000 15
89.543000 14
89.723000 15
90.023000 14
90.059000 15
90.241000 14
90.270000 15
90.436000 14
90.540000 15
90.859000 14
91.225000 13
91.341000 14
91.571000 15
91.681000 14
91.743000 15
92.391000 14
92.458000 13
92.644000 12
92.651000 13
92.731000 14
92.854000 13
93.076000 14
93.115000 15
93.123000 14
93.198000 13
93.380000 14
93.674000 15
93.801000 14
93.822000 15
94.075000 14
94.090000 13
94.283000 12
94.324000 11
94.496000 10
94.652000 9
94.740000 8
94.831000 7
94.939000 6
95.155000 7
95.185000 6
95.227000 5
95.567000 4
95.600000 5
95.700000 4
95.837000 3
95.875000 4
95.882000 3
95.947000 4
96.193000 5
96.392000 4
96.599000 3
96.658000 4
96.952000 5
96.998000 6
97.137000 7
97.161000 6
97.257000 7
97.307000 6
97.520000 5
97.538000 6
97.707000 7
97.722000 6
97.824000 7
97.882000 6
97.976000 5
98.105000 4
98.171000 5
98.237000 4
98.250000 3
98.271000 2
98.317000 3
98.374000 4
98.441000 3
98.534000 2
99.056000 1
99.271000 0
99.678000 1
99.714000 0
99.939000 1
100.049000 2
100.080000 3
100.091000 2
100.201000 1
100.247000 0
100.366000 1
100.381000 2
100.479000 1
100.577000 0
100.586000 1
100.620000 0
100.649000 1
100.822000 2
100.883000 3
100.972000 4
101.087000 3
101.168000 4
101.331000 5
101.386000 6
101.430000 7
101.471000 6
101.519000 5
101.579000 4
101.641000 3
101.866000 2
101.868000 3
101.974000 2
101.979000 3
101.991000 2
102.070000 1
102.173000 2
102.259000 1
102.306000 0
102.369000 1
102.379000 0
102.711000 1
103.131000 2
103.246000 1
103.255000 0
103.571000 1
103.690000 2
103.701000 3
103.725000 4
103.991000 5
104.287000 4
104.289000 5
104.337000 4
104.546000 3
104.651000 2
104.823000 3
104.874000 2
104.874000 3
104.901000 2
105.037000 3
105.214000 4
105.313000 5
105.330000 4
105.374000 3
105.437000 2
105.489000 3
105.510000 2
105.511000 3
105.559000 2
105.641000 1
105.905000 2
106.290000 3
106.406000 4
106.485000 3
106.530000 2
106.531000 3
106.681000 2
106.913000 3
106.940000 2
107.051000 3
107.486000 2
107.575000 1
107.598000 0
107.903000 1
108.001000 0
108.751000 1
108.766000 2
108.956000 1
109.131000 2
109.236000 1
109.272000 2
109.687000 1
109.786000 0
109.853000 1
109.877000 2
109.885000 3
110.041000 2
110.283000 3
110.489000 4
110.557000 5
110.752000 6
110.859000 7
110.957000 6
111.129000 7
111.171000 6
111.197000 7
111.225000 8
111.231000 9
111.237000 8
111.255000 7
111.359000 6
111.371000 7
111.651000 8
111.805000 7
111.840000 6
111.866000 5
111.933000 4
112.006000 5
112.102000 4
112.217000 5
112.361000 6
112.398000 7
112.535000 8
112.559000 7
112.559000 8
112.640000 9
112.788000 10
112.809000 9
112.940000 8
113.607000 9
113.607000 8
113.904000 9
114.351000 10
114.438000 11
114.453000 12
114.561000 11
115.066000 12
115.161000 13
115.257000 12
115.297000 13
115.474000 14
115.539000 13
115.564000 12
115.744000 13
115.787000 14
115.953000 15
116.224000 14
116.479000 15
116.542000 14
117.000000 15
117.128000 14
117.177000 13
117.192000 14
117.320000 13
117.399000 14
117.497000 13
117.518000 12
118.027000 11
118.027000 12
118.085000 11
118.103000 10
118.221000 9
118.315000 8
118.359000 9
118.580000 8
118.741000 7
118.868000 8
118.924000 9
118.932000 10
119.054000 11
119.072000 12
119.107000 11
119.141000 10
119.341000 11
119.527000 10
119.551000 9
119.591000 8
119.676000 7
119.677000 8
120.012000 9
120.165000 8
120.221000 7
120.263000 8
120.541000 7
120.690000 8
120.699000 9
120.723000 8
120.804000 7
120.835000 6
120.857000 5
120.973000 6
121.100000 5
121.781000 6
121.835000 5
121.879000 6
121.915000 7
121.934000 8
121.952000 9
122.041000 8
122.177000 9
122.229000 8
122.269000 7
122.314000 8
122.469000 7
122.737000 8
122.802000 9
123.029000 8
123.041000 9
123.200000 10
123.241000 9
123.374000 8
123.467000 9
123.484000 10
123.872000 11
123.947000 10
124.027000 9
124.237000 8
124.291000 7
124.329000 8
124.399000 9
124.427000 10
124.560000 11
124.774000 12
124.961000 11
125.107000 10
125.196000 11
125.212000 10
125.229000 9
125.298000 8
125.408000 7
125.616000 8
125.638000 7
125.709000 6
125.874000 7
125.898000 6
126.023000 5
126.024000 6
126.072000 7
126.289000 6
126.304000 7
126.361000 6
126.553000 7
126.618000 8
126.741000 7
126.855000 6
126.963000 5
127.041000 6
127.216000 7
127.257000 6
127.257000 7
127.349000 6
127.485000 7
127.621000 6
127.642000 7
127.686000 6
127.783000 7
127.842000 6
127.885000 7
127.938000 8
127.951000 7
128.267000 6
128.341000 7
128.371000 8
128.471000 7
128.597000 6
128.619000 5
128.809000 6
128.847000 7
128.871000 8
128.891000 7
129.022000 8
129.225000 9
129.362000 10
129.391000 9
129.435000 8
129.561000 9
130.148000 10
130.316000 11
130.604000 10
130.655000 9
130.751000 10
130.840000 11
130.988000 12
131.018000 11
131.076000 12
131.092000 11
131.154000 10
131.278000 9
131.291000 10
131.528000 9
131.651000 8
131.691000 7
131.763000 6
131.778000 5
131.821000 4
132.037000 5
132.221000 4
132.253000 5
132.462000 4
132.500000 5
132.521000 4
132.618000 5
132.691000 6
133.061000 7
133.208000 8
133.256000 7
133.318000 6
133.350000 7
133.499000 6
133.518000 7
133.526000 6
133.556000 7
133.825000 6
134.082000 5
134.217000 6
134.480000 5
134.541000 6
134.812000 5
134.821000 4
134.851000 5
134.924000 4
134.994000 5
135.386000 6
135.401000 5
135.440000 4
135.464000 3
135.571000 2
135.732000 3
135.871000 4
136.039000 5
136.091000 4
136.190000 5
136.221000 4
136.405000 5
136.515000 6
136.806000 5
136.880000 4
136.908000 5
136.908000 4
136.939000 5
137.025000 6
137.120000 7
137.341000 8
137.515000 7
137.528000 6
137.559000 5
137.842000 6
138.031000 5
138.047000 6
138.151000 5
138.209000 4
138.238000 5
138.296000 6
138.305000 5
138.324000 4
138.336000 3
138.483000 2
138.568000 1
138.798000 0
138.999000 1
139.101000 2
139.291000 3
139.323000 2
139.506000 1
139.546000 0
139.561000 1
139.677000 0
139.722000 1
139.820000 0
139.991000 1
140.293000 0
140.591000 1
140.705000 2
140.777000 1
140.784000 0
140.801000 1
140.942000 2
141.366000 3
141.386000 2
141.721000 1
141.742000 2
141.910000 1
142.000000 0
142.341000 1
142.357000 2
142.460000 3
142.500000 4
142.655000 5
142.916000 4
143.077000 3
143.224000 4
143.379000 3
143.413000 4
143.467000 5
143.533000 4
143.580000 5
144.043000 4
144.084000 5
144.098000 6
144.175000 7
144.194000 8
144.207000 9
144.215000 8
144.270000 7
144.464000 6
144.489000 7
144.627000 8
144.730000 7
144.756000 6
144.940000 7
144.955000 6
144.973000 5
145.124000 6
145.141000 5
145.149000 4
145.200000 5
145.336000 4
145.481000 3
146.191000 4
146.353000 3
146.491000 4
146.541000 3
146.662000 4
146.805000 5
146.864000 4
146.974000 5
147.038000 4
147.143000 5
147.221000 4
147.372000 3
147.411000 2
147.547000 3
147.600000 2
147.657000 3
147.666000 2
147.858000 1
147.899000 0
147.915000 1
147.960000 0
147.969000 1
148.062000 2
148.171000 1
148.171000 2
148.380000 1
148.620000 0
148.636000 1
148.700000 0
149.211000 1
149.261000 0
149.559000 1
149.577000 2
150.010000 1
150.254000 0
150.256000 1
150.389000 2
150.719000 1
150.877000 2
150.883000 3
150.907000 4
151.070000 5
151.220000 4
151.790000 3
152.126000 2
152.210000 1
152.311000 0
