server_6.log: seed=511, mu=5.000000, QSize=15
1.923000 1
2.052000 2
2.443000 3
2.519000 2
2.567000 1
2.567000 2
2.873000 1
2.890000 2
2.983000 3
3.052000 4
3.129000 3
3.556000 2
3.618000 3
3.669000 2
3.728000 1
3.918000 2
3.962000 1
4.014000 0
4.393000 1
4.488000 2
4.968000 1
5.008000 0
5.522000 1
5.657000 0
6.263000 1
6.532000 0
6.860000 1
6.907000 2
7.224000 3
7.505000 2
7.578000 1
7.614000 0
7.666000 1
7.825000 0
7.993000 1
8.258000 2
8.409000 1
8.502000 0
8.678000 1
8.928000 0
8.928000 1
9.020000 0
9.112000 1
9.250000 2
9.308000 1
9.354000 0
9.373000 1
9.718000 0
10.098000 1
10.241000 2
10.348000 1
10.503000 0
10.823000 1
10.855000 2
11.178000 1
11.178000 0
11.253000 1
11.667000 0
11.948000 1
11.989000 0
12.244000 1
12.288000 0
12.343000 1
12.448000 0
12.678000 1
12.757000 2
12.879000 3
12.940000 2
13.029000 1
13.258000 2
13.349000 3
13.425000 4
13.455000 5
13.559000 6
14.019000 5
14.039000 4
14.059000 5
14.102000 4
14.180000 3
14.181000 4
14.229000 3
14.289000 2
14.305000 1
14.404000 2
14.479000 3
14.532000 4
14.573000 3
14.607000 4
14.859000 5
14.898000 4
14.951000 5
14.991000 4
15.040000 3
15.238000 4
15.243000 3
15.258000 4
15.274000 5
15.289000 6
15.474000 7
15.586000 8
15.827000 7
16.498000 6
16.608000 5
16.666000 6
16.758000 5
16.829000 6
16.850000 5
17.015000 4
17.207000 5
17.239000 6
17.314000 5
17.411000 4
17.427000 5
17.442000 4
17.442000 5
17.605000 6
17.650000 7
17.708000 8
17.754000 7
17.843000 8
18.107000 9
18.138000 8
18.179000 9
18.199000 10
18.261000 11
18.439000 10
18.441000 11
18.570000 12
18.665000 13
18.933000 14
19.249000 13
19.406000 14
19.488000 13
19.492000 14
19.528000 13
19.741000 14
19.765000 13
19.781000 12
19.899000 11
19.899000 12
20.013000 13
20.041000 12
20.128000 11
20.183000 12
20.257000 13
20.389000 14
20.467000 13
20.500000 12
20.534000 13
20.758000 12
20.860000 11
20.891000 12
20.928000 13
20.971000 12
21.009000 13
21.088000 12
21.089000 13
21.108000 12
21.124000 11
21.259000 10
21.546000 9
21.699000 10
21.823000 9
21.839000 8
21.898000 9
21.933000 10
22.437000 9
22.604000 10
22.800000 11
22.877000 10
22.959000 11
22.978000 10
23.039000 9
23.144000 8
23.363000 7
23.422000 6
23.510000 7
23.565000 6
23.606000 7
23.621000 6
23.714000 5
23.754000 6
23.899000 7
24.054000 6
24.240000 5
24.328000 4
24.362000 3
24.399000 4
24.438000 3
24.544000 4
24.616000 3
24.630000 2
24.747000 1
24.789000 2
24.848000 1
24.988000 0
25.233000 1
25.248000 2
25.399000 1
25.559000 2
25.675000 1
25.806000 2
25.859000 3
25.973000 2
26.028000 1
26.049000 0
26.304000 1
26.404000 0
26.459000 1
26.479000 0
26.728000 1
26.798000 2
26.899000 1
27.148000 0
27.176000 1
27.369000 0
27.513000 1
27.608000 0
27.724000 1
27.819000 0
28.128000 1
28.163000 2
28.378000 1
28.470000 2
28.523000 1
28.717000 0
29.152000 1
29.199000 2
29.254000 3
29.370000 2
29.387000 1
29.549000 2
29.593000 3
29.781000 4
29.806000 5
29.819000 4
29.989000 5
30.243000 4
30.399000 3
30.668000 2
30.773000 1
30.973000 2
31.019000 1
31.118000 2
31.148000 1
31.228000 0
31.307000 1
31.591000 0
31.653000 1
31.761000 2
31.761000 1
31.858000 0
32.313000 1
32.338000 0
32.338000 1
32.408000 0
32.607000 1
32.670000 0
32.826000 1
32.994000 2
33.189000 1
33.209000 0
34.028000 1
34.249000 2
34.531000 1
34.573000 0
34.573000 1
34.648000 0
35.278000 1
35.385000 0
35.455000 1
35.594000 2
35.739000 1
35.759000 2
35.858000 1
36.009000 0
36.338000 1
36.554000 2
36.579000 3
36.599000 2
36.619000 1
36.659000 0
36.702000 1
36.815000 2
36.869000 3
36.913000 2
36.913000 3
37.157000 2
37.172000 3
37.172000 2
37.238000 3
37.390000 4
37.479000 5
37.638000 4
37.658000 3
37.699000 4
37.785000 5
37.888000 4
37.984000 3
38.008000 2
38.359000 1
38.394000 0
38.426000 1
38.598000 0
38.741000 1
38.875000 0
39.118000 1
39.173000 0
39.348000 1
39.806000 0
40.098000 1
40.237000 0
40.323000 1
40.379000 2
40.417000 3
40.470000 4
40.724000 3
40.819000 4
40.939000 3
41.044000 4
41.123000 5
41.123000 6
41.155000 7
41.319000 8
41.356000 9
41.410000 10
41.464000 11
41.894000 10
42.099000 9
42.122000 10
42.367000 11
42.514000 12
42.535000 13
42.580000 12
42.871000 11
43.038000 12
43.057000 13
43.073000 14
43.412000 15
43.521000 14
43.724000 15
43.893000 14
44.338000 15
44.538000 14
44.548000 13
44.664000 14
44.757000 15
45.223000 14
45.238000 13
45.406000 12
45.559000 11
45.629000 10
45.642000 11
45.785000 12
45.799000 13
45.814000 12
46.079000 11
46.372000 12
46.462000 13
46.476000 14
46.506000 13
46.555000 14
46.650000 13
46.843000 12
46.894000 13
47.405000 12
47.429000 11
47.591000 12
47.994000 11
48.108000 10
48.329000 9
48.759000 8
48.923000 9
49.108000 8
49.128000 9
49.133000 8
49.133000 9
49.188000 10
49.409000 11
49.543000 10
49.628000 9
49.629000 10
49.689000 11
49.849000 10
49.908000 9
50.007000 8
50.255000 9
50.299000 10
50.549000 11
50.587000 12
50.657000 13
50.687000 12
50.709000 13
50.729000 12
51.122000 11
51.123000 12
51.123000 11
51.168000 10
51.248000 9
51.687000 10
51.865000 9
52.085000 8
52.222000 9
52.254000 10
52.352000 11
52.440000 10
52.477000 11
52.509000 10
52.640000 9
52.840000 10
52.893000 9
53.149000 8
53.186000 9
53.490000 8
53.599000 9
53.664000 10
53.707000 11
53.778000 10
53.778000 9
53.836000 8
53.837000 9
53.869000 10
54.154000 11
54.169000 10
54.169000 11
54.269000 12
54.301000 13
54.489000 14
54.590000 13
54.658000 12
54.919000 11
54.997000 10
55.168000 9
55.405000 10
55.436000 9
55.457000 8
55.529000 9
55.550000 10
55.569000 9
55.605000 8
55.606000 9
55.779000 8
55.958000 7
56.234000 6
56.273000 7
56.306000 6
56.324000 5
56.609000 6
56.684000 5
56.864000 4
56.884000 3
56.967000 4
57.424000 5
57.606000 6
57.709000 7
57.729000 6
57.813000 5
58.122000 4
58.137000 5
58.337000 6
58.609000 5
58.819000 6
58.840000 7
58.879000 8
58.989000 9
59.270000 10
59.591000 9
59.614000 8
59.930000 9
59.962000 10
60.023000 9
60.079000 10
60.233000 11
60.254000 12
60.418000 11
60.844000 12
60.858000 11
61.069000 12
61.103000 11
61.138000 12
61.158000 11
61.232000 12
61.263000 11
61.323000 10
61.481000 9
61.571000 8
61.662000 7
61.738000 6
61.743000 7
61.775000 8
61.974000 7
62.100000 8
62.279000 7
62.282000 8
62.479000 7
62.671000 8
62.729000 7
62.765000 8
62.929000 9
62.949000 10
63.026000 9
63.200000 8
63.243000 9
63.308000 8
63.323000 7
63.418000 6
63.706000 7
64.018000 6
64.049000 5
64.081000 6
64.128000 5
64.300000 6
64.389000 5
64.609000 6
64.655000 5
64.688000 4
64.730000 3
64.768000 2
64.993000 3
65.008000 2
65.199000 1
65.256000 0
65.287000 1
65.309000 2
65.329000 1
65.349000 2
65.488000 1
65.738000 2
65.907000 1
65.922000 0
66.028000 1
66.179000 0
66.245000 1
66.290000 0
66.398000 1
66.555000 0
66.689000 1
66.706000 2
66.707000 1
66.801000 2
66.859000 3
66.925000 4
66.956000 5
67.009000 6
67.060000 7
67.133000 6
67.173000 7
67.378000 8
67.552000 9
67.919000 10
68.040000 9
68.071000 8
68.129000 7
68.129000 6
68.151000 7
68.272000 8
68.509000 9
68.658000 8
68.798000 7
68.892000 8
68.922000 7
68.999000 6
69.734000 7
69.772000 6
69.848000 5
69.905000 6
70.022000 5
70.116000 6
70.144000 5
70.160000 6
70.355000 5
70.424000 4
70.455000 5
70.670000 6
70.842000 7
70.873000 8
70.924000 7
70.944000 6
71.339000 7
71.488000 6
71.599000 7
71.634000 6
71.881000 5
72.335000 4
72.388000 5
72.639000 6
72.719000 7
72.780000 8
72.840000 7
72.855000 6
72.855000 7
73.038000 6
73.099000 5
73.119000 4
73.120000 5
73.271000 6
73.339000 7
73.487000 6
73.729000 7
73.789000 8
73.828000 7
74.090000 6
74.323000 5
74.455000 4
74.529000 3
74.563000 2
74.619000 3
74.737000 4
74.764000 5
74.809000 4
74.848000 3
74.851000 4
74.906000 3
74.931000 4
74.958000 3
75.065000 4
75.185000 5
75.425000 6
75.509000 5
75.623000 4
75.624000 5
75.624000 6
75.655000 5
75.699000 6
75.778000 7
75.949000 8
76.242000 7
76.279000 8
76.432000 7
76.473000 6
76.568000 5
76.584000 4
76.622000 5
76.649000 6
76.659000 7
76.754000 8
76.811000 9
76.893000 8
76.939000 9
77.125000 8
77.608000 9
77.735000 10
77.879000 9
77.953000 8
78.207000 7
78.222000 8
78.238000 9
78.248000 10
78.266000 11
78.321000 10
78.479000 11
78.498000 10
78.584000 9
78.642000 10
78.687000 11
78.822000 12
78.866000 13
78.907000 14
78.921000 15
79.218000 14
79.250000 15
79.419000 14
79.454000 13
79.670000 14
79.773000 13
79.773000 14
79.844000 13
79.990000 14
80.022000 15
80.180000 14
80.338000 15
80.601000 14
80.678000 13
80.678000 14
80.873000 13
81.105000 14
81.138000 13
81.158000 14
81.220000 13
81.289000 12
81.289000 13
81.328000 14
81.440000 13
81.456000 12
81.474000 11
81.526000 10
81.559000 11
81.578000 12
81.706000 11
81.938000 12
82.070000 11
82.086000 12
82.102000 11
82.154000 12
82.447000 13
82.557000 14
82.572000 15
83.129000 14
83.198000 13
83.224000 14
83.279000 15
83.489000 14
83.534000 15
83.579000 14
83.583000 13
83.769000 14
83.929000 15
84.074000 14
84.209000 13
84.210000 14
84.450000 15
84.809000 14
84.897000 15
85.140000 14
85.204000 15
85.370000 14
85.459000 15
85.848000 14
86.079000 13
86.216000 14
86.274000 13
86.426000 14
86.595000 15
86.697000 14
86.788000 15
87.079000 14
87.454000 15
87.537000 14
87.855000 15
88.236000 14
88.307000 13
88.432000 14
88.475000 13
88.579000 14
88.681000 13
88.708000 14
88.799000 15
88.940000 14
89.018000 13
89.628000 12
89.843000 13
89.906000 12
89.928000 11
90.118000 10
90.158000 9
90.258000 10
90.338000 9
90.507000 8
90.507000 9
90.569000 8
90.590000 9
90.660000 8
90.768000 7
90.804000 8
90.998000 7
91.036000 6
91.234000 7
91.371000 6
91.512000 7
91.513000 6
91.558000 7
91.649000 6
91.701000 5
91.702000 6
91.808000 7
92.069000 8
92.222000 7
92.222000 8
92.319000 9
92.426000 8
92.658000 9
92.783000 10
92.824000 11
92.984000 10
93.128000 9
93.351000 8
93.558000 7
93.708000 6
93.799000 5
93.923000 4
94.059000 3
94.059000 4
94.076000 3
94.091000 2
94.269000 1
94.293000 2
94.358000 1
94.403000 2
94.444000 3
94.719000 4
94.736000 5
94.878000 4
94.934000 5
94.988000 6
95.099000 5
95.139000 4
95.159000 5
95.183000 6
95.268000 7
95.298000 6
95.414000 5
95.458000 4
95.459000 5
95.588000 4
95.612000 5
95.658000 6
95.692000 5
95.707000 6
95.722000 5
96.107000 6
96.158000 5
96.215000 6
96.389000 7
96.535000 6
96.550000 5
96.566000 6
96.609000 5
96.684000 4
96.892000 5
96.904000 4
97.006000 3
97.022000 2
97.099000 1
97.299000 0
97.300000 1
97.339000 0
97.718000 1
97.738000 0
97.827000 1
97.842000 2
97.858000 3
98.109000 4
98.378000 3
98.399000 2
98.401000 3
98.895000 4
98.944000 5
99.105000 6
99.127000 5
99.174000 4
99.279000 5
99.370000 4
99.370000 5
99.478000 4
99.535000 5
99.576000 6
99.698000 5
99.740000 4
99.953000 5
100.169000 4
100.189000 3
100.232000 2
100.306000 1
100.322000 2
100.360000 1
100.435000 2
100.450000 1
100.540000 2
100.893000 3
101.029000 4
101.289000 3
101.329000 2
101.490000 1
101.746000 0
101.839000 1
102.399000 0
102.641000 1
102.656000 2
102.739000 1
102.759000 0
102.993000 1
103.089000 0
103.128000 1
103.338000 0
103.668000 1
103.680000 2
103.696000 3
103.942000 2
104.059000 3
104.259000 4
104.319000 5
104.381000 4
104.478000 3
104.499000 4
104.601000 5
104.669000 4
104.849000 5
104.922000 6
104.939000 7
104.954000 8
105.090000 9
105.355000 10
105.578000 9
105.694000 10
105.808000 9
105.882000 8
105.897000 7
105.898000 8
105.988000 7
106.049000 8
106.085000 9
106.206000 10
106.224000 11
106.297000 12
106.439000 11
106.439000 12
106.479000 11
106.515000 10
106.579000 9
106.748000 8
107.203000 7
107.203000 8
107.441000 7
107.488000 8
107.564000 7
107.898000 8
107.979000 9
107.999000 10
108.229000 9
108.573000 10
108.669000 11
108.790000 12
108.958000 13
109.193000 14
109.193000 13
109.238000 14
109.398000 15
109.893000 14
109.894000 15
110.179000 14
110.216000 13
110.390000 14
110.569000 15
110.881000 14
111.199000 13
111.360000 14
111.690000 15
111.786000 14
111.822000 13
111.957000 12
112.120000 11
112.134000 10
112.173000 11
112.240000 12
112.254000 13
112.370000 14
112.385000 15
112.644000 14
112.708000 13
112.729000 12
112.857000 11
112.949000 10
112.949000 11
113.205000 10
113.264000 11
113.379000 10
113.490000 11
113.753000 10
113.799000 9
113.890000 10
113.907000 11
114.154000 12
114.188000 11
114.214000 10
114.269000 9
114.362000 8
114.858000 7
114.909000 8
114.930000 7
115.000000 8
115.034000 9
115.049000 10
115.064000 11
115.240000 10
115.289000 11
115.400000 12
115.413000 11
115.506000 10
115.538000 9
115.580000 8
115.800000 9
115.821000 8
115.862000 9
116.090000 10
116.239000 11
116.485000 12
116.504000 13
116.558000 12
116.774000 11
116.869000 12
116.958000 11
116.998000 10
117.196000 9
117.309000 10
117.381000 11
117.398000 12
117.539000 13
117.708000 12
117.749000 13
117.929000 12
118.059000 11
118.139000 12
118.529000 13
118.629000 12
118.706000 11
118.772000 12
118.901000 13
118.919000 12
118.947000 13
118.969000 12
119.164000 13
119.393000 14
119.440000 15
119.640000 14
119.765000 13
119.839000 14
119.870000 13
119.889000 12
119.949000 11
119.995000 12
120.045000 13
120.058000 12
120.261000 13
120.291000 12
120.356000 11
120.421000 12
120.539000 11
120.556000 12
120.634000 13
120.671000 12
120.686000 13
120.935000 12
121.008000 11
121.052000 12
121.104000 13
121.388000 12
121.515000 13
121.515000 12
121.558000 13
121.588000 14
121.628000 13
121.748000 14
121.899000 15
121.939000 14
122.024000 13
122.025000 14
122.212000 15
122.308000 14
122.371000 13
122.518000 12
122.622000 11
122.774000 12
122.922000 13
122.938000 12
123.140000 11
123.264000 10
123.298000 9
123.334000 10
123.429000 11
123.571000 10
123.588000 11
123.670000 12
123.879000 13
124.078000 12
124.121000 11
124.568000 12
124.778000 13
125.017000 14
125.129000 15
125.291000 14
125.337000 13
125.556000 14
125.686000 15
125.698000 14
125.772000 13
125.829000 14
125.844000 13
125.975000 12
125.975000 13
126.009000 14
126.229000 13
126.358000 12
126.389000 11
126.469000 10
126.488000 9
126.528000 8
126.621000 9
126.929000 10
126.947000 9
127.180000 8
127.224000 9
127.239000 8
127.369000 9
127.739000 10
127.978000 9
128.050000 8
128.066000 9
128.199000 10
128.239000 9
128.264000 8
128.356000 9
128.508000 10
128.557000 9
128.691000 10
128.809000 11
128.829000 10
129.175000 11
129.206000 12
129.222000 11
129.301000 12
129.390000 13
129.555000 12
129.564000 11
129.595000 12
129.655000 11
130.056000 12
130.138000 11
130.178000 10
130.238000 9
130.253000 10
130.349000 9
130.425000 10
130.478000 11
130.876000 10
131.020000 9
131.140000 10
131.249000 11
131.440000 12
131.605000 11
131.689000 10
131.691000 11
131.712000 10
131.829000 11
132.079000 12
132.319000 11
132.341000 10
132.378000 9
132.643000 10
132.750000 11
132.847000 12
132.863000 11
132.979000 10
132.979000 11
133.031000 10
133.123000 9
133.139000 8
133.154000 7
133.296000 6
133.378000 5
133.379000 6
133.589000 5
133.731000 6
133.915000 5
134.099000 4
134.138000 3
134.253000 2
134.299000 3
134.319000 4
134.358000 3
134.409000 4
134.454000 5
134.608000 6
134.655000 5
134.828000 4
134.844000 3
135.151000 4
135.319000 5
135.364000 6
135.443000 5
135.481000 6
135.778000 5
135.954000 4
135.955000 5
135.973000 6
136.054000 5
136.055000 6
136.070000 7
136.118000 8
136.389000 9
136.507000 10
136.639000 9
136.792000 10
136.806000 9
136.969000 10
137.040000 11
137.109000 10
137.278000 9
137.789000 8
137.958000 7
137.980000 8
138.023000 7
138.224000 6
138.263000 7
138.419000 8
138.495000 7
138.514000 6
138.541000 7
138.697000 8
138.711000 7
138.740000 6
138.848000 7
138.909000 6
138.924000 5
139.105000 4
139.229000 5
139.249000 4
139.325000 5
139.555000 6
139.609000 7
139.689000 8
139.798000 9
140.139000 8
140.238000 9
140.328000 8
140.647000 7
140.788000 8
140.808000 7
140.998000 6
141.105000 7
141.121000 8
141.158000 7
141.199000 6
141.394000 5
141.465000 4
141.665000 3
141.718000 2
141.757000 3
141.772000 2
141.889000 3
141.974000 2
142.191000 1
142.356000 2
142.370000 3
142.389000 4
142.422000 3
142.499000 2
142.541000 3
142.555000 2
143.002000 1
143.243000 0
143.441000 1
143.457000 2
143.569000 3
143.722000 4
143.892000 3
144.189000 4
144.395000 3
144.730000 4
144.955000 5
144.972000 4
145.305000 3
145.379000 2
145.459000 3
145.475000 2
145.599000 1
145.651000 0
145.984000 1
146.158000 0
146.199000 1
146.239000 0
146.239000 1
146.439000 2
146.474000 1
146.517000 0
147.143000 1
147.192000 0
147.374000 1
147.541000 2
147.622000 3
147.659000 4
147.841000 5
147.964000 6
148.032000 5
148.122000 6
148.143000 5
148.211000 6
148.241000 5
148.691000 4
148.773000 5
148.972000 4
148.973000 5
149.009000 4
149.329000 5
149.344000 4
149.363000 5
149.479000 6
149.480000 5
149.514000 4
149.780000 3
149.794000 2
149.961000 1
150.018000 2
150.149000 3
150.199000 4
150.242000 5
150.274000 6
150.323000 5
150.428000 4
150.728000 5
150.858000 4
150.859000 5
150.979000 6
151.015000 7
151.091000 6
151.257000 5
151.618000 4
151.945000 3
152.249000 2
152.269000 1
152.284000 0
