server_2.log: seed=511, mu=5.000000, QSize=15
1.881000 1
1.990000 2
2.381000 3
2.478000 2
2.510000 3
2.518000 2
2.815000 1
2.853000 2
2.948000 3
3.012000 4
3.046000 3
3.481000 2
3.587000 1
3.588000 2
3.650000 1
3.883000 0
3.901000 1
3.954000 0
4.383000 1
4.466000 2
4.968000 1
5.003000 0
5.549000 1
5.673000 0
6.320000 1
6.584000 0
6.931000 1
6.991000 2
7.335000 3
7.581000 2
7.656000 1
7.691000 0
7.800000 1
7.953000 0
8.131000 1
8.397000 2
8.542000 1
8.638000 0
8.826000 1
9.067000 0
9.090000 1
9.181000 0
9.291000 1
9.452000 2
9.485000 1
9.540000 0
9.592000 1
9.940000 0
10.351000 1
10.512000 2
10.601000 1
10.752000 0
11.111000 1
11.149000 2
11.461000 1
11.464000 0
11.561000 1
11.968000 0
12.282000 1
12.310000 0
12.591000 1
12.620000 0
12.711000 1
12.811000 0
13.041000 1
13.122000 2
13.242000 3
13.311000 2
13.405000 1
13.646000 2
13.735000 3
13.808000 4
13.835000 5
13.951000 6
14.391000 5
14.401000 4
14.459000 3
14.478000 4
14.524000 3
14.585000 2
14.612000 3
14.641000 2
14.657000 1
14.837000 2
14.924000 3
14.935000 2
14.988000 3
15.072000 4
15.272000 3
15.338000 4
15.371000 3
15.427000 2
15.428000 3
15.639000 2
15.728000 3
15.747000 4
15.787000 5
15.814000 6
16.002000 7
16.112000 8
16.225000 7
16.888000 6
16.983000 5
17.135000 4
17.224000 3
17.242000 4
17.387000 3
17.422000 4
17.683000 3
17.781000 2
17.812000 1
17.818000 2
17.855000 3
18.044000 4
18.070000 5
18.118000 4
18.238000 5
18.292000 6
18.352000 7
18.502000 6
18.504000 7
18.781000 8
18.801000 7
18.842000 8
18.862000 9
18.932000 10
19.098000 11
19.233000 12
19.335000 13
19.613000 14
19.614000 13
19.866000 12
19.912000 11
20.102000 12
20.162000 11
20.175000 12
20.184000 11
20.311000 10
20.433000 11
20.464000 10
20.551000 9
20.597000 10
20.718000 11
20.876000 10
20.900000 11
20.901000 10
20.982000 11
21.106000 12
21.151000 11
21.252000 12
21.253000 11
21.361000 10
21.485000 9
21.519000 8
21.538000 7
21.642000 8
21.667000 7
21.669000 8
21.752000 9
21.822000 10
21.961000 9
22.235000 8
22.251000 7
22.450000 8
22.644000 9
22.692000 10
22.854000 9
23.285000 8
23.392000 7
23.393000 8
23.445000 7
23.552000 6
23.584000 7
23.758000 8
23.767000 7
23.835000 6
23.988000 5
24.033000 4
24.130000 3
24.334000 4
24.432000 5
24.481000 4
24.585000 5
24.666000 4
24.724000 5
24.761000 4
24.791000 3
24.866000 2
25.042000 1
25.060000 0
25.241000 1
25.362000 0
25.407000 1
25.511000 0
25.649000 1
25.792000 0
26.111000 1
26.131000 2
26.273000 1
26.442000 2
26.555000 1
26.691000 2
26.742000 3
26.851000 2
26.907000 1
26.916000 0
27.201000 1
27.292000 0
27.362000 1
27.371000 0
27.642000 1
27.722000 2
27.811000 1
28.056000 0
28.116000 1
28.301000 0
28.472000 1
28.552000 0
28.681000 1
28.786000 0
29.100000 1
29.134000 2
29.350000 1
29.456000 2
29.486000 1
29.686000 0
30.161000 1
30.212000 2
30.272000 3
30.380000 2
30.409000 1
30.570000 2
30.602000 3
30.786000 4
30.812000 5
30.852000 4
31.000000 5
31.276000 4
31.421000 3
31.714000 2
31.821000 1
32.022000 2
32.066000 1
32.161000 2
32.181000 1
32.262000 0
32.352000 1
32.635000 0
32.717000 1
32.821000 2
32.831000 1
32.927000 0
33.391000 1
33.411000 0
33.422000 1
33.491000 0
33.711000 1
33.764000 0
33.942000 1
34.100000 2
34.304000 1
34.332000 0
35.166000 1
35.392000 2
35.666000 1
35.711000 0
35.721000 1
35.796000 0
36.451000 1
36.561000 0
36.651000 1
36.792000 2
36.930000 1
36.962000 2
37.051000 1
37.198000 0
37.571000 1
37.785000 2
37.802000 3
37.832000 2
37.853000 1
37.881000 0
37.932000 1
38.052000 2
38.094000 3
38.131000 2
38.133000 3
38.387000 2
38.404000 1
38.405000 2
38.472000 3
38.642000 4
38.733000 5
38.886000 4
38.912000 3
38.964000 4
39.050000 5
39.142000 4
39.237000 3
39.256000 2
39.609000 1
39.651000 0
39.726000 1
39.894000 0
40.049000 1
40.173000 0
40.442000 1
40.491000 0
40.681000 1
41.134000 0
41.461000 1
41.597000 0
41.691000 1
41.752000 2
41.807000 3
41.862000 4
42.086000 3
42.218000 4
42.301000 3
42.442000 4
42.515000 5
42.517000 6
42.552000 7
42.722000 8
42.771000 9
42.834000 10
42.892000 11
43.270000 10
43.462000 9
43.592000 10
43.846000 11
43.935000 10
43.997000 11
44.023000 12
44.231000 11
44.542000 12
44.562000 13
44.572000 14
44.877000 13
44.926000 14
45.246000 13
45.266000 14
45.885000 13
45.897000 14
45.897000 13
45.972000 14
46.225000 15
46.561000 14
46.578000 13
46.750000 12
46.901000 11
46.981000 10
47.171000 9
47.242000 10
47.384000 11
47.399000 12
47.431000 11
47.865000 10
47.991000 11
48.017000 10
48.084000 11
48.096000 12
48.187000 13
48.211000 12
48.531000 13
48.771000 12
48.791000 11
49.263000 12
49.356000 11
49.471000 10
49.713000 9
50.156000 8
50.501000 7
50.533000 6
50.657000 7
50.877000 8
50.886000 9
50.931000 8
50.947000 9
51.007000 8
51.174000 9
51.217000 8
51.286000 7
51.399000 6
51.400000 7
51.466000 8
52.050000 9
52.081000 8
52.101000 9
52.111000 8
52.326000 9
52.372000 10
52.435000 11
52.487000 12
52.506000 11
52.507000 10
52.551000 9
52.635000 8
52.922000 9
53.256000 8
53.472000 7
53.508000 8
53.828000 7
53.891000 6
54.017000 5
54.068000 6
54.092000 7
54.197000 8
54.270000 7
54.313000 8
54.527000 7
54.693000 8
54.861000 7
55.047000 8
55.144000 7
55.145000 6
55.201000 5
55.487000 6
55.521000 5
55.563000 6
55.612000 7
55.748000 8
55.781000 9
55.941000 8
56.011000 7
56.077000 8
56.089000 9
56.197000 10
56.228000 11
56.270000 10
56.357000 9
56.434000 10
56.544000 9
56.801000 8
56.821000 7
56.937000 6
56.981000 5
57.210000 4
57.378000 3
57.394000 4
57.517000 5
57.534000 6
57.588000 7
57.645000 6
57.724000 5
57.741000 4
58.099000 3
58.280000 4
58.280000 3
58.300000 2
58.632000 3
59.002000 4
59.131000 3
59.222000 2
59.492000 3
59.519000 2
59.682000 3
59.798000 4
60.000000 3
60.251000 4
60.450000 5
60.962000 6
60.991000 5
60.992000 6
61.011000 5
61.029000 6
61.132000 7
61.413000 6
61.413000 7
61.818000 6
62.106000 7
62.140000 8
62.267000 7
62.268000 8
62.432000 9
62.458000 10
62.511000 9
62.596000 8
62.716000 7
62.777000 6
62.931000 5
63.029000 4
63.062000 5
63.131000 4
63.224000 3
63.300000 4
63.378000 5
63.461000 4
63.473000 5
63.781000 4
63.967000 3
64.021000 4
64.055000 5
64.222000 4
64.380000 5
64.551000 4
64.562000 5
64.717000 4
64.830000 3
64.845000 2
64.935000 1
64.983000 2
65.077000 3
65.250000 4
65.266000 5
65.537000 4
65.557000 3
65.585000 4
65.645000 3
65.912000 2
66.068000 3
66.166000 2
66.203000 1
66.251000 0
66.468000 1
66.508000 0
66.699000 1
66.932000 0
67.018000 1
67.193000 0
67.416000 1
67.451000 0
67.717000 1
67.739000 2
67.749000 1
67.784000 2
67.904000 1
68.184000 2
68.332000 1
68.345000 0
68.479000 1
68.659000 0
68.716000 1
68.749000 0
68.859000 1
69.040000 0
69.160000 1
69.185000 0
69.185000 1
69.273000 2
69.327000 3
69.408000 4
69.436000 5
69.480000 6
69.550000 7
69.605000 6
69.675000 7
69.902000 8
70.082000 9
70.456000 10
70.516000 9
70.561000 8
70.617000 7
70.617000 6
70.682000 7
70.803000 8
71.061000 9
71.135000 8
71.284000 7
71.413000 6
71.450000 7
71.494000 6
72.279000 5
72.351000 6
72.359000 5
72.526000 4
72.527000 5
72.643000 4
72.794000 5
72.849000 6
72.860000 5
72.916000 4
73.149000 5
73.363000 6
73.418000 5
73.436000 4
73.556000 5
73.584000 6
73.975000 5
74.062000 6
74.115000 5
74.324000 6
74.359000 5
74.799000 4
75.151000 5
75.302000 4
75.317000 3
75.417000 4
75.508000 5
75.508000 4
75.572000 3
75.573000 4
75.592000 3
75.649000 4
75.922000 5
75.965000 4
76.083000 5
76.177000 6
76.322000 5
76.573000 6
76.593000 5
76.623000 6
76.832000 5
76.972000 4
77.052000 3
77.095000 2
77.341000 1
77.382000 0
77.496000 1
77.549000 0
77.612000 1
77.649000 2
77.661000 1
77.742000 2
77.835000 3
77.983000 4
78.111000 5
78.216000 4
78.335000 3
78.356000 4
78.362000 3
78.606000 4
78.610000 5
78.681000 6
78.769000 7
78.947000 6
78.948000 7
79.132000 6
79.162000 5
79.252000 4
79.282000 3
79.288000 4
79.597000 3
79.642000 4
79.675000 5
79.699000 6
79.803000 7
79.839000 6
79.869000 7
79.998000 8
80.600000 7
80.687000 6
80.695000 7
80.828000 8
80.956000 7
81.067000 6
81.253000 5
81.335000 4
81.356000 5
81.363000 6
81.373000 7
81.397000 8
81.603000 9
81.776000 10
81.823000 11
81.948000 12
81.972000 11
81.989000 12
82.034000 13
82.053000 14
82.166000 13
82.195000 12
82.292000 13
82.388000 14
82.516000 13
82.582000 12
82.828000 13
82.917000 12
82.931000 13
83.158000 14
83.203000 15
83.342000 14
83.427000 13
83.538000 14
83.632000 13
83.888000 14
83.889000 13
83.967000 12
84.033000 11
84.187000 10
84.205000 9
84.230000 8
84.282000 7
84.337000 8
84.386000 9
84.469000 8
84.523000 9
84.558000 10
84.786000 11
84.813000 12
84.832000 11
84.862000 10
85.193000 11
85.352000 12
85.414000 13
85.703000 14
85.822000 15
85.889000 14
85.968000 13
86.133000 14
86.252000 13
86.253000 14
86.301000 15
86.348000 14
86.352000 13
86.512000 14
86.562000 15
86.847000 14
86.972000 13
87.065000 14
87.221000 15
87.564000 14
87.758000 15
87.907000 14
87.998000 15
88.152000 14
88.203000 15
88.642000 14
88.793000 15
88.862000 14
88.988000 15
89.062000 14
89.482000 13
89.585000 14
89.813000 15
89.852000 14
89.994000 15
90.307000 14
90.349000 15
91.012000 14
91.072000 13
91.236000 12
91.305000 13
91.358000 14
91.449000 13
91.623000 14
91.712000 13
91.792000 12
91.919000 13
92.068000 14
92.197000 15
92.402000 14
92.672000 13
92.692000 12
92.882000 11
92.912000 10
93.092000 9
93.257000 8
93.333000 7
93.370000 8
93.422000 7
93.532000 6
93.763000 5
93.804000 6
93.805000 5
94.062000 6
94.133000 7
94.151000 6
94.282000 5
94.364000 6
94.407000 5
94.456000 4
94.813000 5
94.977000 4
95.106000 5
95.163000 6
95.182000 5
95.311000 6
95.428000 7
95.703000 8
95.746000 7
95.859000 8
95.882000 7
95.968000 8
96.095000 7
96.292000 6
96.307000 7
96.447000 6
96.448000 7
96.503000 8
96.538000 7
96.657000 6
96.792000 5
96.812000 4
96.840000 3
97.017000 2
97.122000 1
97.659000 0
97.782000 1
97.991000 0
98.034000 1
98.062000 0
98.143000 1
98.168000 2
98.292000 1
98.407000 0
98.446000 1
98.455000 2
98.492000 1
98.607000 0
98.653000 1
98.721000 2
98.762000 1
98.797000 0
98.893000 1
98.920000 2
98.999000 3
99.200000 4
99.340000 3
99.366000 4
99.416000 5
99.462000 6
99.722000 5
99.752000 4
99.815000 3
99.873000 4
99.892000 3
99.986000 4
100.121000 3
100.175000 4
100.230000 3
100.248000 2
100.327000 1
100.357000 2
100.527000 1
100.565000 0
100.691000 1
100.712000 0
101.102000 1
101.535000 2
101.638000 1
101.651000 2
101.652000 1
101.670000 2
101.690000 3
101.966000 4
102.273000 5
102.372000 4
102.422000 3
102.612000 2
102.719000 1
102.794000 2
102.844000 3
102.942000 2
102.984000 1
103.003000 2
103.193000 3
103.293000 4
103.412000 3
103.436000 2
103.468000 3
103.468000 2
103.492000 3
103.542000 2
103.595000 1
103.682000 0
103.892000 1
104.283000 2
104.393000 3
104.503000 4
104.718000 3
104.747000 2
104.874000 3
104.905000 2
105.006000 3
105.164000 2
105.723000 1
105.812000 0
105.856000 1
105.877000 0
106.702000 1
106.723000 2
106.814000 1
107.022000 0
107.067000 1
107.223000 2
107.337000 1
107.784000 0
107.785000 1
107.802000 2
107.811000 3
107.880000 2
108.073000 1
108.189000 2
108.390000 3
108.443000 4
108.626000 5
108.738000 6
108.976000 5
109.002000 6
109.069000 7
109.081000 8
109.098000 9
109.246000 8
109.256000 9
109.316000 8
109.325000 7
109.418000 6
109.533000 7
109.862000 6
109.883000 7
109.902000 6
109.941000 5
110.016000 4
110.097000 5
110.182000 4
110.254000 5
110.286000 6
110.412000 7
110.433000 8
110.506000 9
110.634000 8
110.653000 9
110.877000 8
111.002000 7
111.448000 8
111.672000 7
111.748000 8
112.189000 9
112.263000 10
112.283000 11
112.632000 10
112.889000 11
112.989000 12
113.111000 13
113.310000 14
113.337000 13
113.557000 14
113.600000 15
113.617000 14
113.651000 13
113.761000 14
113.809000 15
114.314000 14
114.621000 13
114.793000 14
114.982000 15
115.208000 14
115.240000 13
115.379000 12
115.532000 11
115.547000 10
115.812000 11
116.072000 10
116.142000 9
116.144000 10
116.162000 9
116.282000 8
116.378000 7
116.647000 6
116.651000 7
116.716000 8
116.732000 9
116.810000 8
116.848000 9
116.868000 10
117.118000 11
117.180000 10
117.214000 9
117.453000 10
117.608000 9
117.631000 8
117.695000 7
117.773000 8
117.793000 7
118.000000 8
118.280000 7
118.342000 6
118.424000 7
118.442000 8
118.659000 7
118.703000 8
118.835000 7
118.918000 6
118.956000 5
118.990000 4
119.234000 3
119.493000 4
119.587000 5
119.621000 6
119.637000 7
119.651000 8
119.882000 9
119.973000 8
120.006000 9
120.177000 8
120.362000 7
120.385000 6
120.423000 7
120.479000 8
120.582000 7
120.727000 8
120.878000 9
121.090000 8
121.132000 9
121.148000 10
121.302000 9
121.446000 8
121.537000 9
121.993000 10
122.013000 9
122.073000 10
122.097000 9
122.105000 10
122.233000 11
122.302000 10
122.366000 9
122.453000 10
122.862000 11
123.033000 10
123.176000 9
123.268000 10
123.295000 9
123.307000 8
123.366000 7
123.494000 6
123.539000 7
123.678000 8
123.725000 7
123.726000 8
123.782000 7
123.946000 8
123.959000 7
124.097000 6
124.190000 7
124.243000 8
124.361000 7
124.442000 6
124.658000 7
124.826000 8
124.827000 7
124.868000 8
124.942000 7
125.054000 6
125.087000 7
125.243000 8
125.363000 7
125.383000 8
125.458000 7
125.469000 8
125.534000 9
125.733000 8
125.792000 7
125.913000 8
125.942000 7
125.945000 8
126.054000 7
126.362000 6
126.383000 7
126.427000 8
126.453000 9
126.562000 8
126.613000 9
126.692000 8
126.728000 7
126.775000 8
126.912000 9
127.003000 8
127.103000 9
127.512000 8
127.572000 7
127.683000 8
127.837000 9
128.270000 10
128.372000 11
128.522000 12
128.613000 13
128.752000 12
128.807000 11
128.823000 12
129.162000 11
129.235000 10
129.297000 9
129.418000 8
129.544000 9
129.672000 8
129.761000 9
129.798000 8
129.832000 7
129.902000 6
129.918000 5
129.957000 4
129.998000 5
130.124000 6
130.196000 7
130.359000 6
130.548000 7
130.592000 6
130.653000 5
130.696000 6
130.838000 7
130.998000 8
131.038000 9
131.385000 8
131.452000 7
131.632000 6
131.652000 5
131.673000 6
131.936000 5
131.984000 6
132.194000 5
132.283000 6
132.423000 7
132.595000 6
132.806000 7
132.934000 6
132.950000 5
133.032000 4
133.150000 5
133.284000 6
133.471000 7
133.511000 6
133.562000 5
133.592000 4
133.629000 5
133.707000 4
133.833000 5
133.940000 6
134.232000 5
134.329000 6
134.360000 5
134.360000 6
134.453000 7
134.550000 8
134.762000 9
134.953000 8
135.032000 7
135.051000 6
135.247000 7
135.457000 8
135.639000 9
135.661000 8
135.680000 7
135.693000 8
135.712000 7
136.182000 6
136.300000 5
136.362000 4
136.386000 5
136.472000 4
136.489000 3
136.490000 4
136.504000 3
136.642000 2
136.683000 3
136.726000 2
136.943000 1
136.944000 2
137.083000 3
137.266000 2
137.348000 3
137.447000 2
137.472000 1
137.598000 0
137.932000 1
138.032000 0
138.052000 1
138.155000 2
138.306000 3
138.342000 2
138.522000 1
138.536000 0
138.713000 1
139.083000 2
139.302000 1
139.631000 0
139.682000 1
139.699000 2
139.797000 3
139.846000 4
139.867000 3
139.950000 2
139.996000 3
140.524000 2
140.552000 3
140.692000 2
140.732000 3
140.792000 4
140.904000 5
140.997000 4
141.152000 3
141.396000 4
141.412000 5
141.493000 6
141.508000 7
141.535000 8
141.662000 7
141.822000 8
141.839000 7
141.900000 6
141.948000 7
142.092000 6
142.244000 7
142.370000 6
142.391000 5
142.422000 6
142.498000 7
142.587000 6
142.609000 5
142.783000 4
142.803000 3
142.987000 2
143.127000 1
143.464000 2
143.764000 3
143.947000 4
144.005000 3
144.072000 4
144.203000 3
144.238000 4
144.393000 5
144.522000 4
144.682000 3
144.784000 4
144.868000 3
144.886000 4
145.028000 3
145.068000 2
145.133000 3
145.188000 4
145.251000 3
145.281000 4
145.312000 3
145.393000 4
145.502000 3
145.542000 2
145.585000 1
145.792000 0
145.853000 1
146.067000 0
146.422000 1
146.672000 0
146.760000 1
146.770000 2
146.832000 1
146.877000 0
147.442000 1
147.582000 2
147.879000 1
148.068000 2
148.084000 3
148.111000 2
148.112000 3
148.268000 4
148.563000 3
149.070000 2
149.213000 3
149.243000 4
149.353000 5
149.519000 6
149.643000 5
149.981000 4
150.012000 5
150.067000 4
150.170000 3
150.279000 2
150.347000 1
150.518000 0
150.573000 1
150.601000 0
150.803000 1
151.035000 0
151.322000 1
151.372000 0
