server_5.log: seed=511, mu=5.000000, QSize=15
1.786000 1
1.889000 2
2.275000 3
2.389000 4
2.403000 3
2.438000 2
2.713000 3
2.745000 2
2.807000 3
2.865000 4
2.982000 3
3.406000 2
3.422000 3
3.518000 2
3.567000 1
3.716000 2
3.801000 1
3.857000 0
4.185000 1
4.268000 2
4.755000 1
4.791000 0
5.318000 1
5.449000 0
6.056000 1
6.321000 0
6.651000 1
6.702000 2
7.031000 3
7.303000 2
7.384000 1
7.417000 0
7.484000 1
7.640000 0
7.817000 1
8.090000 2
8.221000 1
8.320000 0
8.517000 1
8.767000 0
8.770000 1
8.859000 0
8.957000 1
9.097000 2
9.147000 1
9.197000 0
9.233000 1
9.587000 0
9.967000 1
10.128000 2
10.222000 1
10.370000 0
10.717000 1
10.750000 2
11.067000 1
11.070000 0
11.152000 1
11.567000 0
11.833000 1
11.860000 0
12.135000 1
12.177000 0
12.251000 1
12.346000 0
12.585000 1
12.677000 2
12.807000 3
12.848000 2
12.946000 1
13.197000 2
13.277000 3
13.343000 4
13.376000 5
13.483000 6
13.947000 5
13.967000 4
13.993000 5
14.024000 4
14.095000 3
14.118000 4
14.146000 3
14.209000 2
14.224000 1
14.333000 2
14.424000 3
14.473000 4
14.497000 3
14.553000 4
14.807000 5
14.827000 4
14.895000 5
14.929000 4
14.969000 3
15.180000 2
15.181000 3
15.198000 4
15.218000 5
15.238000 6
15.417000 7
15.522000 8
15.755000 7
16.422000 6
16.517000 5
16.612000 6
16.662000 5
16.767000 4
16.788000 5
16.936000 4
17.168000 5
17.197000 6
17.227000 5
17.321000 4
17.355000 3
17.385000 4
17.397000 5
17.556000 6
17.607000 7
17.662000 6
17.663000 7
17.797000 8
18.047000 7
18.056000 8
18.117000 9
18.150000 10
18.208000 11
18.349000 10
18.374000 11
18.503000 12
18.597000 13
18.873000 14
19.146000 13
19.351000 14
19.397000 13
19.437000 12
19.439000 13
19.672000 12
19.673000 13
19.690000 12
19.815000 11
19.845000 12
19.953000 13
19.969000 12
20.057000 11
20.125000 12
20.208000 13
20.352000 14
20.397000 13
20.427000 12
20.498000 13
20.687000 12
20.797000 11
20.872000 12
20.898000 13
20.913000 12
20.983000 13
21.027000 12
21.053000 11
21.054000 12
21.067000 11
21.192000 10
21.472000 9
21.663000 10
21.747000 9
21.767000 8
21.873000 9
21.920000 10
22.367000 9
22.585000 10
22.766000 11
22.816000 10
22.930000 11
22.930000 10
22.981000 9
23.077000 8
23.297000 7
23.352000 6
23.487000 7
23.502000 6
23.554000 5
23.584000 6
23.647000 5
23.749000 6
23.887000 7
23.982000 6
24.178000 5
24.277000 4
24.301000 3
24.389000 4
24.390000 3
24.535000 4
24.567000 3
24.587000 2
24.704000 1
24.767000 2
24.808000 1
24.947000 0
25.217000 1
25.237000 2
25.367000 1
25.539000 2
25.647000 1
25.778000 2
25.836000 3
25.944000 2
26.003000 1
26.018000 0
26.277000 1
26.370000 0
26.446000 1
26.457000 0
26.717000 1
26.792000 2
26.897000 1
27.147000 0
27.177000 1
27.367000 0
27.517000 1
27.597000 0
27.726000 1
27.824000 0
28.136000 1
28.167000 2
28.394000 1
28.477000 2
28.539000 1
28.744000 0
29.157000 1
29.205000 2
29.257000 3
29.377000 2
29.410000 1
29.547000 2
29.573000 3
29.753000 4
29.778000 5
29.841000 4
29.964000 5
30.263000 4
30.415000 3
30.692000 2
30.797000 1
30.968000 2
31.037000 1
31.118000 2
31.164000 1
31.252000 0
31.307000 1
31.598000 0
31.656000 1
31.763000 0
31.764000 1
31.863000 0
32.327000 1
32.343000 0
32.358000 1
32.434000 0
32.627000 1
32.684000 0
32.852000 1
33.008000 2
33.212000 1
33.227000 0
34.047000 1
34.258000 2
34.547000 1
34.591000 0
34.592000 1
34.667000 0
35.307000 1
35.407000 0
35.485000 1
35.628000 2
35.767000 1
35.794000 2
35.883000 1
36.037000 0
36.377000 1
36.596000 2
36.613000 3
36.636000 2
36.657000 1
36.693000 0
36.751000 1
36.869000 2
36.918000 3
36.946000 2
36.947000 3
37.195000 2
37.204000 3
37.211000 2
37.267000 3
37.423000 4
37.507000 5
37.687000 4
37.701000 3
37.735000 4
37.830000 5
37.917000 4
38.017000 3
38.046000 2
38.395000 1
38.429000 0
38.472000 1
38.637000 0
38.785000 1
38.922000 0
39.157000 1
39.217000 0
39.385000 1
39.842000 0
40.133000 1
40.267000 0
40.367000 1
40.412000 2
40.454000 3
40.504000 4
40.767000 3
40.848000 4
40.987000 3
41.063000 4
41.135000 5
41.137000 6
41.187000 7
41.347000 8
41.397000 9
41.449000 10
41.505000 11
41.942000 10
42.137000 9
42.184000 10
42.441000 11
42.581000 12
42.605000 13
42.611000 12
42.901000 11
43.117000 12
43.127000 13
43.148000 14
43.487000 15
43.553000 14
43.799000 15
43.934000 14
44.421000 15
44.580000 14
44.598000 13
44.747000 14
44.847000 15
45.280000 14
45.302000 13
45.475000 12
45.620000 11
45.695000 10
45.752000 11
45.877000 10
45.891000 11
45.908000 12
46.149000 11
46.488000 12
46.576000 11
46.577000 12
46.587000 13
46.667000 14
46.733000 13
46.919000 12
47.007000 13
47.483000 12
47.498000 11
47.717000 12
48.067000 11
48.191000 10
48.417000 9
48.847000 8
49.063000 9
49.197000 8
49.224000 7
49.278000 8
49.287000 9
49.343000 10
49.561000 11
49.633000 10
49.707000 9
49.782000 10
49.853000 11
49.918000 10
49.977000 9
50.094000 8
50.413000 9
50.446000 10
50.697000 11
50.745000 12
50.777000 11
50.807000 10
50.827000 11
50.865000 12
51.201000 11
51.202000 10
51.237000 9
51.278000 10
51.312000 9
51.848000 10
51.937000 9
52.153000 8
52.399000 9
52.422000 10
52.506000 9
52.520000 10
52.567000 9
52.640000 10
52.699000 9
52.946000 8
52.998000 9
53.195000 8
53.337000 9
53.546000 8
53.765000 9
53.827000 8
53.828000 9
53.828000 8
53.872000 7
53.873000 8
54.002000 9
54.033000 10
54.206000 9
54.308000 10
54.323000 11
54.431000 12
54.468000 13
54.636000 12
54.655000 13
54.717000 12
54.977000 11
55.063000 10
55.240000 9
55.496000 8
55.527000 7
55.578000 8
55.637000 7
55.672000 6
55.704000 7
55.719000 8
55.770000 9
55.837000 8
56.017000 7
56.305000 6
56.382000 5
56.403000 4
56.436000 5
56.754000 4
56.788000 5
56.932000 4
56.954000 3
57.152000 4
57.626000 5
57.787000 4
57.812000 5
57.874000 4
57.917000 5
58.170000 4
58.340000 5
58.537000 6
58.647000 5
59.025000 6
59.057000 7
59.097000 8
59.202000 9
59.467000 10
59.639000 9
59.655000 8
60.057000 7
60.132000 8
60.171000 9
60.285000 10
60.443000 11
60.458000 10
60.459000 11
60.908000 10
61.046000 11
61.147000 10
61.208000 9
61.278000 10
61.314000 9
61.357000 10
61.384000 9
61.456000 10
61.546000 9
61.632000 8
61.717000 7
61.797000 6
61.976000 7
62.003000 8
62.037000 7
62.326000 8
62.343000 7
62.505000 8
62.536000 7
62.791000 6
62.907000 7
62.999000 8
63.097000 7
63.163000 8
63.177000 9
63.267000 8
63.377000 7
63.396000 6
63.476000 7
63.484000 6
63.953000 7
64.077000 6
64.096000 5
64.185000 4
64.333000 5
64.437000 4
64.559000 5
64.693000 4
64.722000 3
64.761000 2
64.797000 1
64.858000 2
65.027000 1
65.201000 0
65.247000 1
65.298000 0
65.535000 1
65.547000 2
65.568000 1
65.586000 2
65.717000 1
65.985000 2
66.147000 1
66.163000 0
66.281000 1
66.434000 0
66.502000 1
66.533000 0
66.647000 1
66.803000 0
66.935000 1
66.947000 0
66.947000 1
67.034000 2
67.088000 3
67.167000 4
67.187000 5
67.223000 6
67.276000 7
67.367000 6
67.386000 7
67.597000 8
67.773000 9
68.133000 10
68.277000 9
68.316000 8
68.353000 9
68.382000 8
68.382000 7
68.463000 8
68.718000 9
68.918000 8
69.067000 7
69.098000 8
69.202000 7
69.274000 6
69.953000 7
70.057000 6
70.133000 7
70.145000 6
70.317000 5
70.341000 6
70.382000 7
70.436000 6
70.654000 5
70.678000 6
70.710000 5
70.887000 6
71.067000 7
71.107000 8
71.218000 7
71.235000 6
71.568000 7
71.777000 6
71.822000 7
71.913000 6
72.157000 5
72.597000 4
72.628000 5
72.882000 6
72.969000 7
73.027000 8
73.100000 7
73.105000 8
73.126000 7
73.307000 6
73.368000 5
73.369000 6
73.383000 5
73.518000 6
73.588000 7
73.753000 6
73.977000 7
74.035000 8
74.097000 7
74.357000 6
74.597000 5
74.741000 4
74.817000 3
74.854000 2
74.871000 3
74.993000 4
75.024000 5
75.106000 4
75.117000 5
75.150000 4
75.195000 5
75.196000 4
75.235000 3
75.334000 4
75.458000 5
75.708000 6
75.778000 5
75.887000 4
75.908000 5
75.908000 4
75.910000 5
75.987000 6
76.067000 7
76.243000 8
76.491000 7
76.591000 8
76.667000 7
76.710000 6
76.797000 5
76.817000 4
76.934000 5
76.962000 6
76.978000 7
77.077000 8
77.127000 7
77.139000 8
77.273000 9
77.360000 8
77.956000 9
78.085000 10
78.115000 9
78.185000 8
78.459000 7
78.577000 6
78.579000 7
78.593000 8
78.602000 9
78.631000 10
78.767000 9
78.836000 10
78.846000 9
79.013000 10
79.061000 11
79.185000 12
79.223000 13
79.277000 14
79.293000 15
79.481000 14
79.529000 15
79.688000 14
79.722000 13
80.047000 12
80.050000 13
80.129000 12
80.143000 13
80.357000 14
80.395000 15
80.467000 14
80.717000 15
80.896000 14
80.979000 13
81.056000 14
81.187000 13
81.451000 12
81.495000 13
81.542000 12
81.543000 13
81.617000 12
81.683000 13
81.715000 14
81.769000 13
81.785000 12
81.807000 11
81.861000 10
81.938000 11
81.961000 12
82.042000 11
82.316000 12
82.407000 11
82.435000 10
82.467000 11
82.532000 12
82.811000 13
82.929000 14
82.954000 15
83.467000 14
83.547000 13
83.608000 14
83.659000 15
83.840000 14
83.914000 15
83.936000 14
83.937000 13
84.144000 14
84.295000 15
84.427000 14
84.562000 13
84.563000 14
84.807000 15
85.157000 14
85.237000 15
85.487000 14
85.548000 15
85.723000 14
85.817000 15
86.213000 14
86.436000 13
86.585000 14
86.637000 13
86.802000 14
86.962000 15
87.062000 14
87.157000 15
87.427000 14
87.818000 15
87.887000 14
87.888000 15
88.593000 14
88.665000 13
88.788000 14
88.831000 13
88.936000 14
89.045000 13
89.063000 14
89.147000 15
89.314000 14
89.386000 13
89.995000 12
90.204000 13
90.262000 12
90.277000 11
90.467000 10
90.512000 9
90.630000 10
90.677000 9
90.836000 8
90.886000 9
90.897000 8
90.966000 9
90.987000 8
91.082000 7
91.193000 8
91.311000 7
91.357000 6
91.627000 7
91.689000 6
91.831000 5
91.912000 6
91.957000 5
91.960000 6
92.007000 5
92.126000 6
92.227000 7
92.486000 8
92.517000 7
92.632000 8
92.717000 7
92.736000 8
93.073000 9
93.210000 10
93.259000 11
93.286000 10
93.423000 9
93.634000 8
93.839000 7
93.992000 6
94.076000 5
94.207000 4
94.338000 3
94.357000 2
94.382000 1
94.505000 2
94.567000 1
94.657000 0
94.744000 1
94.853000 2
94.897000 3
95.167000 4
95.193000 5
95.269000 4
95.387000 5
95.453000 6
95.487000 5
95.512000 4
95.612000 5
95.643000 6
95.685000 5
95.735000 6
95.803000 5
95.843000 4
95.920000 5
95.957000 4
96.064000 3
96.074000 4
96.103000 3
96.117000 4
96.161000 5
96.589000 4
96.601000 5
96.735000 6
96.918000 7
96.967000 6
96.977000 5
97.027000 4
97.108000 3
97.109000 4
97.333000 3
97.431000 2
97.431000 3
97.447000 2
97.528000 1
97.717000 0
97.846000 1
97.892000 0
98.267000 1
98.285000 0
98.387000 1
98.396000 2
98.405000 3
98.667000 4
98.921000 3
98.936000 2
98.944000 3
99.448000 4
99.495000 5
99.653000 6
99.673000 5
99.724000 4
99.821000 5
99.912000 4
99.913000 5
100.024000 4
100.077000 5
100.111000 6
100.252000 5
100.285000 4
100.487000 5
100.707000 4
100.735000 3
100.768000 2
100.852000 1
100.853000 2
100.905000 1
100.959000 2
100.987000 1
101.068000 2
101.423000 3
101.554000 4
101.817000 3
101.852000 2
102.003000 1
102.283000 0
102.366000 1
102.915000 0
103.215000 1
103.251000 2
103.361000 1
103.447000 0
103.619000 1
103.716000 0
103.760000 1
103.971000 0
104.303000 1
104.318000 2
104.333000 3
104.597000 2
104.734000 3
104.938000 4
105.005000 5
105.035000 4
105.141000 3
105.189000 4
105.283000 5
105.343000 4
105.542000 5
105.614000 6
105.637000 7
105.645000 8
105.772000 9
106.046000 10
106.250000 9
106.396000 10
106.463000 9
106.535000 8
106.553000 7
106.603000 8
106.659000 7
106.761000 8
106.819000 9
106.954000 10
106.990000 11
107.069000 12
107.099000 11
107.137000 10
107.172000 9
107.211000 10
107.241000 9
107.407000 8
107.854000 7
107.992000 8
108.090000 7
108.222000 6
108.282000 7
108.707000 8
108.787000 9
108.803000 10
108.897000 9
109.386000 10
109.477000 11
109.600000 12
109.785000 13
109.851000 12
110.020000 13
110.063000 14
110.230000 15
110.558000 14
110.717000 15
110.847000 14
110.878000 13
111.222000 14
111.407000 15
111.537000 14
111.600000 15
111.857000 14
112.203000 15
112.438000 14
112.467000 13
112.518000 14
112.602000 13
112.767000 12
112.787000 11
112.993000 12
113.045000 13
113.059000 14
113.177000 15
113.300000 14
113.372000 13
113.392000 12
113.450000 13
113.507000 12
113.607000 11
113.768000 12
113.872000 11
114.037000 10
114.078000 11
114.319000 12
114.402000 11
114.434000 10
114.728000 11
114.748000 12
114.818000 11
114.835000 10
114.882000 9
114.969000 8
115.010000 9
115.461000 8
115.517000 7
115.777000 8
115.833000 7
115.874000 8
115.917000 9
115.933000 10
115.957000 11
116.007000 10
116.098000 9
116.123000 8
116.157000 7
116.172000 8
116.290000 9
116.407000 8
116.694000 9
116.757000 10
116.985000 11
117.141000 12
117.155000 11
117.381000 10
117.387000 11
117.404000 12
117.558000 11
117.580000 10
117.764000 11
117.780000 10
118.198000 11
118.272000 12
118.286000 13
118.286000 12
118.424000 13
118.501000 12
118.638000 11
118.639000 12
119.023000 13
119.216000 12
119.293000 11
119.417000 12
119.498000 11
119.556000 10
119.678000 11
119.817000 12
119.867000 13
120.083000 14
120.218000 13
120.327000 14
120.342000 13
120.373000 14
120.451000 13
120.467000 12
120.527000 11
120.643000 10
120.768000 11
120.877000 10
120.927000 11
120.937000 10
120.970000 11
121.127000 10
121.193000 11
121.246000 10
121.335000 11
121.470000 12
121.518000 11
121.549000 12
121.608000 13
121.608000 12
121.969000 13
121.984000 12
121.999000 13
122.105000 12
122.216000 11
122.417000 12
122.457000 13
122.478000 14
122.517000 13
122.601000 12
122.638000 13
122.798000 14
122.866000 13
122.927000 12
122.928000 13
123.087000 12
123.127000 13
123.192000 12
123.501000 11
123.685000 12
123.701000 11
123.822000 10
123.840000 11
123.855000 10
124.131000 9
124.263000 10
124.351000 11
124.495000 12
124.583000 13
124.647000 12
124.691000 11
124.784000 12
125.498000 13
125.709000 14
125.854000 13
125.900000 12
125.958000 13
126.070000 14
126.137000 15
126.259000 14
126.334000 13
126.412000 12
126.485000 13
126.535000 12
126.628000 13
126.767000 14
126.782000 13
126.909000 12
126.923000 13
126.939000 12
126.955000 13
127.016000 12
127.037000 11
127.074000 10
127.489000 9
127.567000 10
127.727000 9
127.786000 8
127.878000 9
128.167000 10
128.308000 11
128.527000 10
128.595000 9
128.684000 10
128.777000 9
128.800000 8
129.009000 9
129.097000 8
129.138000 9
129.302000 10
129.357000 9
129.457000 10
129.644000 11
129.749000 10
129.749000 11
130.083000 10
130.092000 9
130.122000 10
130.152000 11
130.182000 10
130.237000 11
130.336000 12
130.556000 13
130.657000 12
130.697000 11
130.733000 10
130.842000 9
131.020000 10
131.209000 11
131.362000 10
131.397000 11
131.452000 12
131.497000 11
132.088000 10
132.119000 11
132.166000 10
132.187000 9
132.225000 10
132.407000 11
132.658000 12
132.789000 11
132.803000 10
132.804000 11
132.834000 10
133.058000 11
133.307000 10
133.433000 9
133.487000 8
133.592000 7
133.610000 6
133.624000 5
133.625000 6
133.727000 7
133.768000 6
133.827000 7
133.853000 6
133.958000 7
134.063000 6
134.368000 7
134.387000 6
134.577000 5
134.617000 4
134.723000 5
134.747000 4
134.843000 3
135.136000 2
135.298000 3
135.313000 2
135.315000 3
135.329000 2
135.417000 3
135.458000 4
135.601000 5
135.924000 4
136.154000 5
136.250000 4
136.327000 5
136.375000 6
136.436000 5
136.488000 6
136.527000 5
136.968000 6
136.983000 7
137.069000 8
137.084000 9
137.100000 10
137.117000 9
137.282000 8
137.373000 9
137.502000 10
137.592000 9
137.749000 8
137.797000 9
137.966000 10
138.049000 11
138.257000 10
138.437000 9
138.492000 8
138.697000 7
138.973000 6
138.997000 5
138.998000 6
139.185000 5
139.217000 4
139.287000 5
139.394000 4
139.409000 3
139.451000 4
139.584000 5
139.594000 4
139.737000 3
139.758000 4
139.917000 5
140.293000 6
140.408000 7
140.627000 6
140.643000 7
140.696000 8
140.785000 9
140.816000 8
140.893000 9
141.143000 8
141.297000 7
141.333000 8
141.486000 7
141.635000 6
141.682000 5
141.868000 4
141.883000 5
141.927000 4
142.117000 3
142.157000 2
142.204000 1
142.206000 2
142.222000 3
142.413000 2
142.631000 1
142.856000 2
142.871000 1
142.934000 0
142.987000 1
143.027000 0
143.449000 1
143.465000 2
143.497000 3
143.658000 4
143.882000 3
144.129000 2
144.571000 3
144.585000 2
144.601000 3
144.708000 4
144.866000 5
145.095000 4
145.358000 5
145.664000 4
145.892000 5
146.007000 4
146.082000 3
146.119000 4
146.187000 3
146.307000 2
146.357000 1
146.527000 0
146.632000 1
146.657000 0
147.168000 1
147.385000 2
147.400000 1
147.416000 2
147.457000 1
147.517000 0
147.617000 1
148.267000 0
148.337000 1
148.441000 0
148.572000 1
148.670000 0
148.732000 1
148.817000 2
148.838000 3
149.028000 4
149.151000 5
149.187000 4
149.305000 5
149.383000 6
149.467000 5
149.507000 4
149.837000 3
149.946000 4
149.971000 3
150.002000 2
150.156000 3
150.267000 2
150.282000 1
150.449000 0
150.527000 1
150.553000 2
150.658000 3
150.888000 2
150.980000 1
151.211000 2
151.411000 1
151.641000 0
