server_4.log: seed=511, mu=5.000000, QSize=15
1.750000 1
1.869000 2
2.264000 3
2.353000 2
2.384000 3
2.394000 2
2.694000 1
2.717000 2
2.819000 3
2.870000 4
2.921000 3
3.356000 2
3.445000 3
3.464000 2
3.521000 1
3.744000 0
3.744000 1
3.792000 0
4.213000 1
4.303000 2
4.792000 1
4.837000 0
5.357000 1
5.488000 0
6.117000 1
6.374000 0
6.717000 1
6.776000 2
7.105000 3
7.373000 2
7.447000 1
7.480000 0
7.565000 1
7.716000 0
7.887000 1
8.159000 2
8.290000 1
8.392000 0
8.584000 1
8.841000 2
8.841000 1
8.937000 0
9.035000 1
9.178000 2
9.229000 1
9.276000 0
9.314000 1
9.657000 0
10.052000 1
10.207000 2
10.306000 1
10.460000 0
10.797000 1
10.838000 2
11.159000 1
11.162000 0
11.258000 1
11.672000 0
11.957000 1
11.997000 0
12.265000 1
12.300000 0
12.372000 1
12.474000 0
12.697000 1
12.792000 2
12.917000 3
12.961000 2
13.062000 1
13.310000 2
13.394000 3
13.470000 4
13.508000 5
13.628000 6
14.061000 5
14.063000 4
14.122000 3
14.148000 4
14.190000 3
14.255000 2
14.275000 3
14.302000 2
14.312000 1
14.498000 2
14.577000 1
14.578000 2
14.634000 3
14.720000 4
14.906000 3
14.988000 4
15.007000 3
15.051000 2
15.075000 3
15.263000 2
15.357000 3
15.375000 4
15.397000 5
15.417000 6
15.612000 7
15.723000 8
15.840000 7
16.507000 6
16.605000 5
16.767000 4
16.827000 5
16.852000 4
17.008000 5
17.023000 4
17.311000 3
17.407000 2
17.407000 3
17.437000 2
17.439000 3
17.627000 4
17.647000 5
17.737000 4
17.807000 5
17.860000 6
17.924000 7
18.073000 8
18.120000 7
18.342000 8
18.409000 9
18.425000 8
18.443000 9
18.509000 10
18.676000 11
18.808000 12
18.902000 13
19.177000 14
19.216000 13
19.465000 12
19.506000 11
19.658000 12
19.737000 13
19.747000 12
19.772000 11
19.889000 10
19.977000 11
20.043000 10
20.132000 9
20.133000 10
20.248000 11
20.429000 12
20.463000 11
20.497000 10
20.511000 11
20.639000 12
20.758000 11
20.786000 12
20.868000 11
20.982000 10
21.102000 9
21.131000 8
21.141000 7
21.152000 8
21.176000 9
21.258000 10
21.274000 9
21.334000 10
21.558000 9
21.841000 8
21.857000 7
21.948000 8
22.137000 9
22.183000 10
22.456000 9
22.858000 10
22.892000 9
23.003000 8
23.043000 9
23.059000 8
23.161000 7
23.212000 8
23.379000 7
23.437000 6
23.588000 5
23.635000 4
23.732000 3
23.781000 4
23.879000 5
24.033000 6
24.075000 5
24.169000 6
24.266000 5
24.367000 4
24.396000 3
24.481000 2
24.670000 1
24.682000 0
24.684000 1
24.797000 0
24.841000 1
24.942000 0
25.077000 1
25.222000 0
25.526000 1
25.537000 2
25.678000 1
25.838000 2
25.949000 1
26.088000 2
26.149000 3
26.243000 2
26.295000 1
26.311000 0
26.600000 1
26.704000 0
26.757000 1
26.777000 0
27.042000 1
27.133000 2
27.218000 1
27.461000 0
27.522000 1
27.712000 0
27.876000 1
27.967000 0
28.087000 1
28.187000 0
28.507000 1
28.537000 2
28.754000 1
28.849000 2
28.887000 1
29.088000 0
29.547000 1
29.588000 2
29.640000 3
29.772000 2
29.804000 1
29.948000 2
29.989000 3
30.176000 4
30.207000 5
30.252000 4
30.390000 5
30.667000 4
30.815000 3
31.093000 2
31.199000 1
31.399000 2
31.449000 1
31.548000 2
31.576000 1
31.659000 0
31.737000 1
32.029000 0
32.092000 1
32.203000 2
32.203000 1
32.318000 0
32.757000 1
32.777000 0
32.798000 1
32.858000 0
33.075000 1
33.137000 0
33.291000 1
33.459000 2
33.657000 1
33.687000 0
34.517000 1
34.734000 2
35.011000 1
35.053000 2
35.054000 1
35.125000 0
35.777000 1
35.881000 0
35.957000 1
36.095000 2
36.248000 1
36.268000 2
36.365000 1
36.507000 0
36.867000 1
37.088000 2
37.113000 3
37.128000 2
37.151000 1
37.194000 0
37.243000 1
37.363000 2
37.412000 3
37.435000 2
37.437000 3
37.682000 2
37.698000 1
37.699000 2
37.778000 3
37.946000 4
38.041000 5
38.176000 4
38.197000 3
38.271000 4
38.362000 5
38.424000 4
38.516000 3
38.539000 2
38.887000 1
38.931000 0
39.006000 1
39.175000 0
39.317000 1
39.447000 0
39.707000 1
39.758000 0
39.947000 1
40.397000 0
40.708000 1
40.854000 0
40.936000 1
40.988000 2
41.049000 3
41.102000 4
41.332000 3
41.448000 4
41.546000 3
41.668000 4
41.736000 5
41.737000 6
41.774000 7
41.933000 8
41.966000 9
42.025000 10
42.088000 11
42.501000 10
42.702000 9
42.758000 10
43.005000 11
43.159000 12
43.176000 11
43.187000 12
43.462000 11
43.701000 12
43.723000 13
43.743000 14
44.095000 15
44.110000 14
44.402000 15
44.487000 14
45.026000 15
45.137000 14
45.153000 13
45.353000 14
45.453000 15
45.817000 14
45.832000 13
46.001000 12
46.157000 11
46.235000 10
46.357000 11
46.430000 10
46.496000 11
46.516000 12
46.690000 11
47.101000 12
47.124000 11
47.187000 12
47.197000 13
47.268000 12
47.284000 13
47.462000 12
47.627000 13
48.023000 12
48.037000 11
48.348000 12
48.596000 11
48.707000 10
48.932000 9
49.377000 8
49.714000 9
49.724000 8
49.757000 7
49.936000 8
49.950000 9
50.001000 10
50.159000 9
50.217000 10
50.252000 9
50.438000 10
50.469000 9
50.504000 10
50.527000 9
50.637000 8
51.071000 9
51.109000 10
51.337000 9
51.353000 10
51.367000 9
51.395000 10
51.458000 11
51.517000 12
51.767000 11
51.768000 10
51.802000 9
51.882000 8
51.934000 9
52.514000 8
52.517000 9
52.725000 8
53.075000 9
53.078000 8
53.107000 9
53.136000 8
53.203000 9
53.276000 8
53.328000 9
53.534000 8
53.698000 9
53.789000 8
54.052000 9
54.131000 8
54.411000 7
54.413000 6
54.472000 5
54.473000 6
54.543000 7
54.589000 8
54.719000 9
54.753000 10
54.797000 9
55.033000 10
55.064000 11
55.176000 12
55.209000 13
55.222000 12
55.293000 11
55.399000 12
55.557000 11
55.637000 10
55.808000 9
56.073000 8
56.097000 7
56.204000 6
56.237000 5
56.339000 6
56.405000 5
56.462000 6
56.471000 7
56.526000 8
56.576000 7
56.855000 6
56.937000 5
56.952000 4
57.204000 5
57.311000 4
57.489000 3
57.514000 2
57.557000 3
57.916000 4
58.348000 3
58.394000 4
58.437000 3
58.586000 4
58.704000 5
58.735000 4
59.145000 5
59.217000 4
59.348000 5
59.837000 6
59.854000 7
59.889000 8
60.002000 9
60.210000 8
60.236000 7
60.273000 8
60.633000 7
60.973000 8
61.005000 9
61.038000 8
61.117000 9
61.280000 10
61.294000 11
61.490000 10
61.726000 9
61.792000 8
61.887000 7
61.888000 8
61.946000 7
62.102000 6
62.118000 7
62.176000 8
62.199000 7
62.278000 8
62.287000 7
62.365000 6
62.605000 5
62.811000 6
62.833000 7
62.909000 6
63.093000 5
63.158000 6
63.328000 7
63.343000 6
63.644000 5
63.736000 6
63.807000 5
63.825000 6
63.920000 5
63.942000 4
63.986000 5
63.995000 6
64.035000 5
64.311000 6
64.629000 5
64.652000 4
64.733000 3
64.788000 4
64.982000 3
65.176000 4
65.242000 3
65.283000 2
65.337000 1
65.384000 0
65.403000 1
65.646000 0
65.707000 1
65.877000 0
66.093000 1
66.127000 0
66.387000 1
66.408000 2
66.416000 1
66.448000 2
66.577000 1
66.848000 2
66.997000 1
67.007000 0
67.139000 1
67.294000 0
67.367000 1
67.409000 0
67.513000 1
67.668000 0
67.809000 1
67.816000 0
67.831000 1
67.918000 2
67.971000 3
68.048000 4
68.075000 5
68.118000 6
68.182000 7
68.254000 6
68.297000 7
68.518000 8
68.692000 9
69.055000 10
69.165000 9
69.197000 8
69.261000 7
69.267000 6
69.273000 7
69.394000 8
69.634000 9
69.784000 8
69.923000 7
70.017000 8
70.044000 7
70.125000 6
70.878000 7
70.897000 6
70.974000 5
71.056000 6
71.154000 5
71.263000 6
71.275000 5
71.309000 6
71.491000 5
71.552000 4
71.607000 5
71.824000 6
71.998000 7
72.033000 8
72.063000 7
72.082000 6
72.497000 7
72.627000 6
72.758000 5
72.759000 6
73.009000 5
73.458000 4
73.561000 5
73.816000 6
73.904000 7
73.967000 6
73.968000 7
73.982000 6
74.038000 7
74.157000 6
74.217000 5
74.226000 4
74.306000 5
74.455000 6
74.525000 7
74.590000 6
74.915000 7
74.931000 6
74.974000 7
75.207000 6
75.447000 5
75.587000 4
75.657000 3
75.699000 2
75.834000 3
75.950000 2
75.951000 3
75.994000 4
75.995000 3
76.042000 2
76.091000 1
76.092000 2
76.173000 3
76.313000 4
76.444000 5
76.632000 4
76.678000 5
76.752000 4
76.772000 3
76.876000 4
76.876000 5
76.948000 6
77.027000 7
77.204000 8
77.359000 7
77.538000 6
77.539000 7
77.577000 6
77.663000 5
77.678000 4
77.903000 5
77.925000 6
77.937000 7
77.992000 6
78.037000 7
78.106000 8
78.224000 7
78.237000 8
78.918000 9
78.976000 8
79.049000 9
79.056000 8
79.317000 7
79.432000 6
79.555000 7
79.568000 8
79.588000 9
79.617000 10
79.617000 9
79.706000 8
79.820000 9
79.987000 10
80.034000 11
80.168000 12
80.211000 13
80.258000 14
80.281000 15
80.344000 14
80.512000 15
80.546000 14
80.580000 13
80.609000 14
80.902000 13
80.976000 12
81.040000 13
81.138000 14
81.313000 13
81.347000 14
81.385000 15
81.741000 14
81.818000 13
82.019000 12
82.061000 13
82.275000 12
82.357000 11
82.424000 10
82.542000 11
82.587000 10
82.588000 11
82.607000 10
82.625000 9
82.683000 8
82.724000 9
82.754000 10
82.872000 9
82.988000 10
83.014000 11
83.233000 10
83.267000 9
83.378000 10
83.549000 11
83.622000 12
83.909000 13
84.008000 14
84.024000 15
84.291000 14
84.311000 15
84.377000 14
84.428000 15
84.667000 14
84.683000 15
84.757000 14
84.759000 13
84.988000 14
85.225000 15
85.257000 14
85.377000 15
85.392000 14
85.478000 15
85.983000 14
86.148000 15
86.317000 14
86.348000 15
86.544000 14
86.647000 15
87.023000 14
87.103000 15
87.251000 14
87.447000 13
87.695000 14
87.876000 13
87.915000 14
88.083000 15
88.237000 14
88.290000 15
88.691000 14
88.951000 15
89.400000 14
89.417000 15
89.473000 14
89.635000 13
89.666000 14
89.845000 13
89.958000 14
90.103000 15
90.121000 14
90.197000 13
90.239000 14
90.316000 15
90.800000 14
91.067000 13
91.097000 12
91.287000 11
91.323000 10
91.385000 11
91.497000 10
91.660000 9
91.727000 8
91.811000 9
91.820000 8
91.927000 7
92.066000 8
92.139000 9
92.157000 8
92.197000 7
92.357000 8
92.532000 7
92.662000 6
92.787000 5
92.796000 6
92.838000 5
93.078000 6
93.127000 7
93.268000 8
93.349000 7
93.378000 8
93.549000 7
93.645000 8
93.810000 9
93.918000 10
94.117000 9
94.250000 10
94.257000 9
94.384000 10
94.438000 11
94.462000 10
94.660000 9
94.816000 8
94.902000 7
95.023000 6
95.157000 5
95.167000 4
95.197000 3
95.374000 2
95.467000 1
95.698000 2
95.945000 3
95.993000 2
96.050000 3
96.075000 4
96.206000 3
96.238000 2
96.359000 3
96.373000 4
96.390000 3
96.507000 2
96.552000 1
96.581000 2
96.637000 3
96.675000 2
96.778000 1
96.796000 2
96.806000 1
96.816000 2
96.901000 3
97.086000 4
97.237000 5
97.245000 4
97.278000 5
97.325000 6
97.630000 5
97.643000 4
97.702000 3
97.742000 4
97.769000 3
97.852000 4
97.992000 3
98.038000 4
98.093000 3
98.113000 2
98.190000 1
98.211000 2
98.388000 1
98.428000 0
98.547000 1
98.557000 0
98.957000 1
99.373000 2
99.483000 3
99.497000 2
99.497000 3
99.507000 2
99.507000 3
99.768000 4
100.081000 5
100.231000 4
100.283000 3
100.470000 2
100.577000 1
100.588000 2
100.649000 3
100.797000 2
100.811000 3
100.838000 2
100.977000 3
101.077000 4
101.245000 5
101.257000 4
101.268000 5
101.287000 4
101.325000 3
101.409000 2
101.467000 1
101.545000 0
101.647000 1
102.023000 2
102.138000 3
102.248000 4
102.477000 3
102.512000 2
102.608000 3
102.665000 2
102.734000 3
102.933000 2
103.488000 1
103.548000 2
103.578000 1
103.607000 0
104.367000 1
104.373000 2
104.463000 1
104.675000 0
104.717000 1
104.857000 2
104.997000 1
105.409000 2
105.428000 3
105.452000 2
105.454000 3
105.546000 2
105.743000 1
105.817000 2
106.017000 3
106.068000 4
106.248000 5
106.343000 6
106.611000 7
106.658000 6
106.676000 7
106.698000 8
106.718000 9
106.845000 10
106.876000 9
106.947000 8
106.966000 7
107.061000 6
107.112000 7
107.453000 8
107.508000 7
107.547000 6
107.572000 5
107.634000 4
107.655000 5
107.798000 4
107.798000 5
107.838000 6
107.961000 7
107.978000 8
108.054000 9
108.198000 10
108.252000 9
108.495000 8
108.616000 7
108.993000 8
109.283000 7
109.283000 8
109.705000 9
109.785000 10
109.812000 11
110.237000 10
110.393000 11
110.480000 12
110.611000 13
110.790000 14
110.940000 13
111.038000 14
111.128000 15
111.220000 14
111.250000 13
111.290000 14
111.347000 15
111.913000 14
112.237000 13
112.297000 14
112.496000 15
112.820000 14
112.857000 13
112.997000 12
113.148000 11
113.167000 10
113.286000 11
113.618000 12
113.684000 11
113.748000 10
113.767000 9
113.885000 8
113.980000 7
114.102000 8
114.156000 9
114.174000 10
114.242000 9
114.288000 10
114.308000 11
114.414000 10
114.561000 11
114.800000 10
114.840000 9
114.898000 10
115.217000 11
115.235000 10
115.251000 9
115.292000 8
115.388000 7
115.447000 8
115.858000 9
115.867000 8
115.870000 9
115.932000 8
116.124000 9
116.240000 8
116.418000 7
116.511000 6
116.544000 5
116.579000 4
116.825000 3
116.909000 4
117.004000 5
117.042000 6
117.061000 7
117.071000 8
117.287000 9
117.412000 10
117.562000 9
117.777000 8
117.821000 9
117.887000 10
117.957000 9
117.987000 8
118.118000 9
118.187000 8
118.270000 9
118.519000 10
118.527000 11
118.698000 10
118.911000 9
118.914000 10
119.052000 9
119.353000 10
119.429000 11
119.448000 12
119.583000 13
119.617000 12
119.689000 11
119.788000 12
119.899000 11
119.966000 10
120.182000 11
120.584000 12
120.625000 11
120.762000 10
120.834000 11
120.873000 10
120.882000 9
120.937000 8
120.973000 9
121.030000 10
121.045000 9
121.250000 10
121.285000 9
121.347000 8
121.488000 9
121.533000 8
121.534000 9
121.652000 8
121.916000 7
121.932000 8
121.991000 7
122.103000 8
122.147000 9
122.373000 8
122.374000 9
122.487000 8
122.544000 9
122.585000 8
122.675000 9
122.762000 10
122.828000 11
122.894000 10
122.982000 9
123.193000 10
123.229000 11
123.253000 10
123.317000 9
123.472000 8
123.587000 7
123.668000 8
123.703000 9
123.728000 10
123.876000 11
123.901000 10
124.038000 11
124.105000 10
124.177000 11
124.249000 10
124.275000 9
124.371000 10
124.558000 9
124.935000 10
125.067000 9
125.088000 10
125.109000 9
125.508000 10
125.600000 11
125.748000 12
125.839000 13
126.053000 14
126.280000 13
126.328000 12
126.682000 11
126.750000 10
126.761000 11
126.813000 10
126.935000 9
126.971000 10
127.185000 9
127.211000 10
127.308000 9
127.337000 8
127.341000 9
127.411000 8
127.412000 9
127.435000 8
127.467000 7
127.760000 8
127.877000 7
127.903000 8
128.032000 9
128.127000 8
128.188000 7
128.188000 8
128.226000 9
128.849000 10
128.920000 9
128.988000 8
129.154000 9
129.163000 8
129.187000 7
129.462000 8
129.475000 7
129.607000 8
129.735000 7
129.981000 8
130.137000 7
130.310000 8
130.445000 9
130.476000 8
130.492000 7
130.573000 6
130.598000 7
130.742000 8
130.933000 9
131.052000 8
131.053000 9
131.102000 8
131.127000 7
131.236000 6
131.428000 7
131.462000 8
131.558000 9
131.648000 10
131.765000 9
131.864000 10
131.895000 9
132.337000 10
132.475000 9
132.539000 10
132.554000 9
132.576000 8
132.718000 9
132.767000 10
133.183000 9
133.202000 8
133.227000 7
133.441000 8
133.533000 9
133.705000 8
133.714000 9
133.819000 8
133.876000 7
133.966000 8
133.977000 7
133.997000 6
134.018000 5
134.103000 6
134.155000 5
134.247000 4
134.353000 5
134.467000 4
134.790000 3
134.936000 4
134.982000 3
135.013000 2
135.047000 3
135.147000 4
135.150000 3
135.257000 2
135.287000 3
135.549000 2
135.685000 3
135.725000 2
135.737000 1
136.046000 2
136.325000 1
136.623000 2
136.639000 3
136.652000 2
136.744000 3
136.775000 4
136.837000 3
136.924000 2
136.925000 3
137.474000 4
137.507000 3
137.644000 4
137.667000 3
137.692000 4
137.798000 5
137.971000 4
138.127000 3
138.280000 4
138.292000 5
138.373000 6
138.388000 7
138.404000 8
138.644000 7
138.678000 8
138.805000 9
138.819000 8
138.872000 7
139.074000 6
139.108000 7
139.286000 8
139.343000 7
139.355000 8
139.362000 7
139.558000 6
139.587000 5
139.753000 4
139.764000 3
139.956000 2
140.100000 1
140.297000 2
140.592000 3
140.755000 4
140.899000 5
140.983000 4
141.063000 5
141.182000 4
141.216000 5
141.511000 4
141.602000 5
141.676000 4
141.712000 5
141.862000 4
141.948000 5
142.003000 6
142.017000 5
142.055000 4
142.084000 5
142.203000 6
142.239000 5
142.306000 4
142.506000 3
142.546000 2
142.602000 1
142.648000 2
142.807000 1
143.026000 0
143.207000 1
143.447000 0
143.531000 1
143.543000 2
143.591000 1
143.637000 0
144.183000 1
144.313000 2
144.617000 1
144.789000 2
144.793000 3
144.823000 4
144.862000 3
144.978000 4
145.316000 3
145.826000 2
145.906000 3
145.927000 4
146.039000 5
146.208000 6
146.402000 5
146.687000 6
146.742000 5
146.830000 4
146.933000 3
147.059000 2
147.112000 1
147.225000 2
147.288000 1
147.326000 0
147.452000 1
147.688000 0
147.957000 1
148.017000 0
148.499000 1
148.557000 0
148.717000 1
148.757000 2
148.975000 3
149.362000 2
149.467000 1
149.588000 0
149.697000 1
149.937000 2
150.094000 3
150.147000 2
150.169000 3
150.203000 4
150.388000 5
150.453000 4
150.494000 3
150.507000 4
150.661000 5
150.742000 6
150.835000 5
150.967000 4
151.019000 3
151.284000 2
151.300000 1
151.312000 2
151.467000 1
151.825000 0
