client_7.log: seed=111, lambda=4.900000, T=150, total_pkts=685, total_drops=22
1.810000 2.439000 0.629000
1.940000 2.477000 0.537000
2.319000 2.774000 0.455000
2.439000 3.013000 0.574000
2.758000 3.447000 0.689000
2.870000 3.555000 0.685000
2.931000 3.616000 0.685000
3.476000 3.844000 0.368000
3.758000 3.898000 0.140000
4.228000 4.799000 0.571000
4.318000 4.838000 0.520000
5.352000 5.488000 0.136000
6.077000 6.340000 0.263000
6.659000 7.310000 0.651000
6.718000 7.399000 0.681000
7.033000 7.439000 0.406000
7.484000 7.639000 0.155000
7.798000 8.219000 0.421000
8.055000 8.325000 0.270000
8.468000 8.708000 0.240000
8.708000 8.798000 0.090000
8.898000 9.089000 0.191000
9.038000 9.149000 0.111000
9.162000 9.520000 0.358000
9.891000 10.148000 0.257000
10.045000 10.300000 0.255000
10.623000 10.975000 0.352000
10.658000 10.975000 0.317000
11.058000 11.469000 0.411000
11.733000 11.760000 0.027000
12.038000 12.069000 0.031000
12.146000 12.243000 0.097000
12.473000 12.741000 0.268000
12.563000 12.844000 0.281000
12.691000 13.828000 1.137000
13.078000 13.849000 0.771000
13.168000 13.905000 0.737000
13.239000 13.967000 0.728000
13.278000 14.025000 0.747000
13.398000 14.074000 0.676000
13.888000 14.089000 0.201000
14.009000 14.369000 0.360000
14.223000 14.699000 0.476000
14.308000 14.790000 0.482000
14.368000 14.829000 0.461000
14.444000 15.044000 0.600000
14.699000 15.619000 0.920000
14.791000 16.289000 1.498000
15.074000 16.388000 1.314000
15.093000 16.535000 1.442000
15.108000 16.627000 1.519000
15.123000 16.794000 1.671000
15.310000 17.092000 1.782000
15.413000 17.192000 1.779000
16.478000 17.223000 0.745000
16.642000 17.528000 0.886000
17.023000 17.916000 0.893000
17.050000 18.214000 1.164000
17.227000 19.019000 1.792000
17.243000 19.260000 2.017000
17.404000 19.300000 1.896000
17.450000 19.538000 2.088000
17.511000 19.556000 2.045000
17.646000 19.678000 2.032000
17.901000 19.827000 1.926000
17.968000 19.920000 1.952000
17.988000 20.245000 2.257000
18.050000 20.278000 2.228000
18.213000 20.539000 2.326000
18.338000 20.634000 2.296000
18.443000 20.745000 2.302000
18.712000 20.873000 2.161000
19.175000 20.894000 1.719000
19.243000 20.910000 1.667000
19.478000 21.039000 1.561000
19.642000 21.328000 1.686000
19.749000 21.609000 1.860000
19.918000 21.624000 1.706000
19.997000 22.227000 2.230000
20.108000 22.659000 2.551000
20.245000 22.759000 2.514000
20.598000 22.818000 2.220000
20.618000 22.925000 2.307000
20.696000 23.134000 2.438000
20.763000 23.190000 2.427000
21.353000 23.338000 1.985000
21.546000 23.391000 1.845000
21.593000 23.485000 1.892000
22.244000 23.829000 1.585000
22.425000 24.029000 1.604000
22.583000 24.132000 1.549000
23.134000 24.163000 1.029000
23.228000 24.248000 1.020000
23.376000 24.428000 1.052000
23.516000 24.442000 0.926000
24.007000 24.556000 0.549000
24.164000 24.658000 0.494000
24.388000 24.798000 0.410000
24.816000 24.977000 0.161000
24.828000 25.253000 0.425000
25.130000 25.558000 0.428000
25.368000 25.621000 0.253000
25.424000 25.636000 0.212000
25.857000 25.948000 0.091000
26.018000 26.038000 0.020000
26.294000 26.471000 0.177000
26.378000 26.726000 0.348000
26.752000 26.947000 0.195000
27.098000 27.178000 0.080000
27.298000 27.392000 0.094000
27.693000 27.950000 0.257000
27.738000 28.094000 0.356000
28.039000 28.290000 0.251000
28.711000 28.939000 0.228000
28.768000 28.970000 0.202000
28.818000 29.402000 0.584000
29.098000 29.818000 0.720000
29.154000 29.969000 0.815000
29.339000 30.248000 0.909000
29.375000 30.358000 0.983000
29.568000 30.599000 1.031000
30.542000 30.727000 0.185000
30.690000 30.820000 0.130000
30.874000 31.160000 0.286000
31.218000 31.338000 0.120000
31.323000 31.443000 0.120000
31.873000 31.888000 0.015000
31.908000 31.977000 0.069000
32.174000 32.248000 0.074000
32.392000 32.754000 0.362000
32.548000 32.774000 0.226000
33.568000 34.070000 0.502000
33.773000 34.107000 0.334000
34.088000 34.178000 0.090000
34.782000 34.900000 0.118000
34.958000 35.243000 0.285000
35.098000 35.359000 0.261000
35.259000 35.508000 0.249000
35.839000 36.092000 0.253000
36.049000 36.125000 0.076000
36.060000 36.169000 0.109000
36.188000 36.384000 0.196000
36.300000 36.639000 0.339000
36.343000 36.659000 0.316000
36.363000 37.131000 0.768000
36.618000 37.143000 0.525000
36.681000 37.366000 0.685000
36.848000 37.458000 0.610000
36.944000 37.478000 0.534000
37.162000 37.830000 0.668000
37.258000 37.860000 0.602000
37.892000 38.063000 0.171000
38.199000 38.334000 0.135000
38.573000 38.627000 0.054000
38.798000 39.255000 0.457000
39.542000 39.674000 0.132000
39.758000 40.161000 0.403000
39.818000 40.371000 0.553000
39.858000 41.328000 1.470000
39.918000 41.525000 1.607000
40.248000 42.009000 1.761000
40.458000 42.292000 1.834000
40.528000 42.935000 2.407000
40.529000 43.319000 2.790000
40.573000 43.965000 3.392000
40.723000 43.989000 3.266000
40.764000 44.654000 3.890000
40.824000 44.675000 3.851000
40.875000 44.844000 3.969000
41.525000 44.994000 3.469000
41.758000 45.069000 3.311000
41.908000 45.249000 3.341000
41.935000 45.509000 3.574000
42.418000 45.949000 3.531000
42.428000 46.093000 3.665000
42.448000 46.277000 3.829000
42.786000 46.833000 4.047000
43.090000 46.848000 3.758000
43.698000 47.418000 3.720000
43.774000 0.000000 0.000000
44.004000 47.530000 3.526000
44.093000 47.760000 3.667000
44.188000 0.000000 0.000000
44.963000 48.194000 3.231000
45.101000 48.539000 3.438000
45.125000 48.570000 3.445000
45.678000 48.974000 3.296000
45.767000 49.048000 3.281000
45.783000 49.252000 3.469000
45.870000 49.319000 3.449000
46.206000 49.426000 3.220000
46.910000 50.110000 3.200000
48.226000 50.141000 1.915000
48.442000 50.537000 2.095000
48.458000 50.537000 2.079000
48.518000 50.577000 2.059000
48.738000 50.649000 1.911000
48.943000 51.261000 2.318000
49.012000 51.474000 2.462000
49.568000 51.827000 2.259000
49.604000 51.885000 2.281000
49.837000 52.019000 2.182000
49.878000 52.266000 2.388000
49.942000 52.514000 2.572000
49.998000 52.849000 2.851000
50.414000 53.125000 2.711000
50.966000 53.125000 2.159000
51.490000 53.184000 1.694000
51.508000 53.514000 2.006000
51.604000 53.934000 2.330000
51.719000 54.008000 2.289000
52.071000 54.265000 2.194000
52.409000 54.341000 1.932000
52.828000 54.510000 1.682000
52.888000 54.776000 1.888000
52.933000 54.792000 1.859000
53.068000 54.908000 1.840000
53.109000 54.949000 1.840000
53.386000 55.123000 1.737000
53.410000 55.290000 1.880000
53.513000 55.567000 2.054000
53.549000 55.658000 2.109000
53.738000 55.678000 1.940000
54.648000 56.043000 1.395000
54.776000 56.218000 1.442000
54.791000 56.245000 1.454000
54.854000 57.083000 2.229000
55.519000 57.175000 1.656000
55.859000 57.470000 1.611000
56.218000 57.954000 1.736000
56.670000 58.928000 2.258000
56.862000 58.950000 2.088000
56.968000 59.349000 2.381000
57.395000 59.744000 2.349000
57.592000 60.192000 2.600000
58.078000 60.429000 2.351000
58.118000 60.495000 2.377000
58.163000 60.592000 2.429000
58.263000 60.664000 2.401000
58.538000 60.824000 2.286000
59.188000 60.915000 1.727000
59.220000 60.993000 1.773000
59.338000 61.078000 1.740000
59.495000 61.319000 1.824000
59.511000 61.627000 2.116000
60.091000 61.823000 1.732000
60.323000 62.074000 1.751000
60.391000 62.390000 1.999000
60.478000 62.559000 2.081000
60.993000 62.656000 1.663000
61.014000 62.673000 1.659000
61.339000 62.758000 1.419000
61.518000 63.361000 1.843000
61.908000 63.392000 1.484000
62.002000 63.469000 1.467000
62.158000 63.734000 1.576000
62.179000 63.988000 1.809000
62.479000 64.027000 1.548000
62.942000 64.079000 1.137000
63.323000 64.118000 0.795000
63.550000 64.352000 0.802000
63.842000 64.529000 0.687000
64.214000 64.570000 0.356000
64.491000 64.601000 0.110000
64.508000 64.749000 0.241000
64.548000 65.163000 0.615000
64.943000 65.179000 0.236000
65.230000 65.394000 0.164000
65.449000 65.480000 0.031000
65.598000 65.758000 0.160000
65.879000 65.894000 0.015000
65.894000 66.325000 0.431000
65.975000 67.236000 1.261000
66.038000 67.266000 1.228000
66.114000 67.338000 1.224000
66.146000 67.338000 1.192000
66.192000 67.863000 1.671000
66.249000 67.998000 1.749000
66.361000 68.120000 1.759000
66.573000 68.194000 1.621000
66.758000 68.974000 2.216000
67.109000 69.060000 1.951000
67.319000 69.225000 1.906000
67.451000 69.342000 1.891000
67.686000 69.569000 1.883000
68.055000 69.635000 1.580000
68.898000 70.142000 1.244000
69.075000 70.158000 1.083000
69.272000 70.699000 1.427000
69.310000 70.839000 1.529000
69.604000 71.089000 1.485000
69.808000 71.534000 1.726000
69.988000 72.037000 2.049000
70.008000 72.057000 2.049000
70.468000 72.242000 1.774000
70.713000 72.312000 1.599000
71.498000 72.328000 0.830000
71.753000 72.698000 0.945000
71.844000 73.050000 1.206000
71.908000 73.331000 1.423000
71.983000 73.565000 1.582000
72.252000 73.710000 1.458000
72.398000 73.783000 1.385000
72.471000 73.827000 1.356000
72.858000 74.079000 1.221000
72.916000 74.119000 1.203000
73.749000 74.160000 0.411000
73.868000 74.199000 0.331000
73.908000 74.749000 0.841000
74.002000 74.861000 0.859000
74.078000 74.893000 0.815000
74.214000 75.482000 1.268000
74.348000 75.659000 1.311000
74.578000 75.694000 1.116000
74.780000 75.777000 0.997000
74.781000 75.793000 1.012000
74.861000 76.110000 1.249000
74.943000 76.338000 1.395000
75.116000 77.094000 1.978000
75.435000 77.171000 1.736000
75.776000 77.432000 1.656000
75.808000 77.542000 1.734000
75.823000 77.727000 1.904000
75.913000 77.819000 1.906000
75.982000 78.469000 2.487000
76.109000 78.679000 2.570000
76.786000 78.715000 1.929000
76.908000 79.034000 2.126000
77.388000 79.099000 1.711000
77.408000 79.430000 2.022000
77.423000 79.862000 2.439000
77.447000 79.943000 2.496000
77.644000 80.145000 2.501000
77.818000 80.419000 2.601000
77.878000 80.501000 2.623000
78.003000 80.560000 2.557000
78.038000 80.712000 2.674000
78.082000 80.727000 2.645000
78.100000 80.740000 2.640000
78.318000 0.000000 0.000000
78.408000 0.000000 0.000000
78.825000 80.787000 1.962000
78.918000 80.973000 2.055000
79.118000 81.346000 2.228000
79.154000 81.389000 2.235000
79.479000 82.415000 2.936000
79.818000 82.490000 2.672000
80.244000 82.779000 2.535000
80.299000 82.874000 2.575000
80.433000 82.875000 2.442000
80.471000 83.377000 2.906000
80.695000 83.505000 2.810000
80.727000 84.088000 3.361000
81.088000 84.424000 3.336000
81.242000 84.652000 3.410000
81.311000 85.133000 3.822000
81.588000 85.356000 3.768000
81.686000 85.561000 3.875000
81.708000 85.977000 4.269000
81.988000 86.342000 4.354000
82.097000 0.000000 0.000000
82.142000 0.000000 0.000000
82.342000 0.000000 0.000000
82.398000 0.000000 0.000000
82.658000 86.809000 4.151000
82.890000 87.519000 4.629000
83.038000 87.594000 4.556000
83.135000 87.758000 4.623000
83.308000 87.979000 4.671000
83.541000 88.244000 4.703000
83.764000 88.336000 4.572000
83.795000 0.000000 0.000000
83.953000 0.000000 0.000000
84.064000 0.000000 0.000000
84.259000 88.940000 4.681000
84.508000 89.227000 4.719000
84.693000 89.242000 4.549000
85.263000 89.433000 4.170000
85.483000 89.462000 3.979000
85.639000 89.635000 3.996000
85.828000 0.000000 0.000000
85.991000 89.794000 3.803000
86.488000 89.858000 3.370000
86.556000 0.000000 0.000000
86.898000 89.958000 3.060000
86.939000 0.000000 0.000000
87.187000 0.000000 0.000000
87.462000 0.000000 0.000000
87.593000 90.055000 2.462000
87.725000 90.291000 2.566000
87.798000 90.327000 2.529000
88.828000 90.669000 1.841000
89.242000 90.811000 1.569000
89.493000 90.936000 1.443000
89.563000 90.977000 1.414000
89.780000 91.499000 1.719000
90.218000 91.714000 1.496000
90.484000 92.274000 1.790000
90.522000 92.419000 1.897000
90.668000 92.635000 1.967000
90.767000 92.839000 2.072000
91.024000 92.991000 1.967000
91.169000 93.086000 1.917000
91.278000 93.207000 1.929000
91.612000 93.346000 1.734000
91.748000 93.378000 1.630000
91.798000 93.379000 1.581000
93.018000 93.551000 0.533000
93.248000 93.639000 0.391000
93.360000 94.159000 0.799000
93.393000 94.389000 0.996000
93.668000 94.425000 0.757000
93.688000 94.589000 0.901000
93.872000 94.709000 0.837000
93.935000 94.749000 0.814000
94.093000 94.862000 0.769000
94.118000 94.974000 0.856000
94.194000 95.015000 0.821000
94.388000 95.469000 1.081000
94.543000 95.859000 1.316000
94.588000 95.879000 1.291000
94.634000 95.934000 1.300000
95.038000 95.998000 0.960000
95.143000 96.212000 1.069000
95.323000 96.320000 0.997000
95.506000 96.340000 0.834000
95.826000 96.415000 0.589000
96.227000 96.606000 0.379000
96.630000 96.678000 0.048000
96.738000 96.759000 0.021000
96.758000 97.309000 0.551000
96.778000 97.316000 0.538000
97.037000 98.035000 0.998000
97.316000 98.090000 0.774000
97.808000 98.279000 0.471000
97.869000 98.387000 0.518000
98.033000 98.612000 0.579000
98.197000 98.642000 0.445000
98.298000 99.075000 0.777000
98.461000 99.093000 0.632000
98.478000 99.134000 0.656000
98.849000 99.218000 0.369000
99.217000 99.280000 0.063000
99.333000 99.416000 0.083000
99.444000 100.283000 0.839000
99.809000 100.311000 0.502000
99.944000 100.480000 0.536000
100.742000 101.008000 0.266000
101.538000 102.093000 0.555000
101.558000 102.189000 0.631000
101.893000 102.204000 0.311000
102.028000 102.309000 0.281000
102.573000 102.789000 0.216000
102.588000 103.067000 0.479000
102.608000 103.516000 0.908000
102.958000 103.608000 0.650000
103.158000 103.796000 0.638000
103.213000 104.708000 1.495000
103.392000 104.923000 1.531000
103.485000 104.988000 1.503000
103.735000 105.009000 1.274000
103.803000 105.108000 1.305000
103.826000 105.559000 1.733000
103.842000 105.594000 1.752000
103.977000 105.634000 1.657000
104.233000 105.694000 1.461000
104.569000 105.859000 1.290000
104.758000 106.304000 1.546000
104.892000 106.555000 1.663000
104.923000 106.675000 1.752000
105.045000 107.334000 2.289000
105.061000 108.290000 3.229000
105.138000 108.996000 3.858000
105.280000 109.269000 3.989000
106.028000 109.306000 3.278000
106.303000 109.972000 3.669000
106.718000 110.294000 3.576000
106.794000 110.877000 4.083000
106.813000 110.908000 4.095000
107.384000 111.056000 3.672000
107.478000 111.207000 3.729000
107.606000 111.228000 3.622000
107.788000 111.741000 3.953000
108.024000 111.810000 3.786000
108.079000 111.825000 3.746000
108.233000 111.940000 3.707000
108.290000 112.028000 3.738000
108.716000 0.000000 0.000000
109.195000 112.300000 3.105000
109.377000 112.461000 3.084000
109.572000 112.833000 3.261000
110.158000 112.862000 2.704000
110.479000 113.254000 2.775000
110.953000 113.272000 2.319000
111.019000 113.312000 2.293000
111.038000 0.000000 0.000000
111.145000 113.399000 2.254000
111.161000 0.000000 0.000000
111.409000 113.881000 2.472000
111.726000 113.938000 2.212000
112.042000 114.258000 2.216000
112.260000 114.439000 2.179000
112.660000 114.519000 1.859000
112.679000 114.539000 1.860000
112.928000 114.574000 1.646000
113.674000 114.814000 1.140000
113.761000 115.545000 1.784000
113.791000 115.759000 1.968000
113.808000 115.948000 2.140000
113.828000 115.977000 2.149000
114.043000 116.184000 2.141000
114.153000 116.699000 2.546000
114.558000 116.904000 2.346000
114.612000 117.045000 2.433000
114.845000 117.614000 2.769000
114.990000 117.694000 2.704000
115.231000 117.893000 2.662000
115.246000 117.948000 2.702000
115.608000 118.608000 3.000000
116.028000 118.733000 2.705000
116.106000 118.850000 2.744000
116.122000 118.870000 2.748000
116.248000 118.931000 2.683000
116.448000 119.043000 2.595000
116.827000 119.279000 2.452000
117.222000 119.339000 2.117000
117.460000 119.528000 2.068000
117.596000 119.660000 2.064000
117.644000 119.928000 2.284000
117.857000 120.005000 2.148000
118.093000 120.392000 2.299000
118.143000 120.519000 2.376000
118.539000 120.619000 2.080000
118.695000 120.912000 2.217000
118.732000 120.997000 2.265000
118.944000 121.274000 2.330000
119.093000 121.323000 2.230000
119.226000 121.489000 2.263000
119.318000 121.592000 2.274000
119.379000 121.909000 2.530000
119.738000 122.119000 2.381000
119.778000 122.244000 2.466000
120.188000 122.264000 2.076000
120.224000 122.545000 2.321000
120.252000 123.049000 2.797000
120.404000 123.088000 2.684000
120.559000 124.264000 3.705000
120.686000 124.315000 3.629000
120.874000 0.000000 0.000000
121.424000 124.673000 3.249000
121.576000 124.747000 3.171000
121.978000 124.818000 2.840000
122.073000 124.945000 2.872000
122.212000 125.197000 2.985000
122.298000 125.319000 3.021000
122.493000 125.359000 2.866000
123.183000 125.434000 2.251000
123.398000 125.449000 2.051000
123.628000 125.481000 1.853000
123.748000 125.880000 2.132000
123.828000 126.115000 2.287000
124.164000 126.168000 2.004000
124.298000 126.899000 2.601000
124.424000 126.963000 2.539000
124.579000 0.000000 0.000000
124.612000 0.000000 0.000000
125.212000 127.146000 1.934000
125.511000 127.171000 1.660000
125.809000 127.458000 1.649000
125.944000 127.718000 1.774000
126.304000 128.111000 1.807000
126.626000 128.440000 1.814000
126.753000 128.457000 1.704000
126.919000 128.545000 1.626000
127.070000 129.029000 1.959000
127.259000 129.085000 1.826000
127.362000 129.113000 1.751000
127.738000 129.218000 1.480000
127.780000 129.740000 1.960000
127.858000 129.868000 2.010000
127.948000 130.458000 2.510000
128.158000 130.533000 2.375000
128.618000 130.552000 1.934000
128.808000 131.169000 2.361000
128.990000 131.190000 2.200000
129.048000 131.210000 2.162000
129.703000 131.684000 1.981000
129.793000 131.799000 2.006000
129.980000 131.855000 1.875000
130.238000 131.960000 1.722000
130.375000 131.977000 1.602000
130.627000 131.991000 1.364000
131.189000 132.134000 0.945000
131.304000 132.217000 0.913000
131.408000 132.425000 1.017000
131.544000 132.741000 1.197000
131.931000 132.925000 0.994000
132.288000 132.950000 0.662000
132.847000 133.076000 0.229000
132.863000 133.175000 0.312000
132.949000 133.459000 0.510000
132.988000 133.637000 0.649000
133.138000 133.653000 0.515000
133.664000 134.259000 0.595000
133.835000 134.584000 0.749000
133.888000 134.759000 0.871000
133.998000 134.844000 0.846000
134.469000 135.428000 0.959000
134.488000 135.593000 1.105000
134.560000 135.903000 1.343000
134.578000 136.064000 1.486000
134.595000 136.574000 1.979000
134.858000 136.744000 1.886000
134.974000 136.792000 1.818000
135.258000 136.990000 1.732000
135.428000 137.258000 1.830000
135.493000 137.279000 1.786000
136.418000 137.475000 1.057000
136.707000 137.494000 0.787000
136.861000 137.659000 0.798000
136.978000 137.675000 0.697000
137.135000 137.859000 0.724000
137.298000 138.000000 0.702000
137.675000 138.873000 1.198000
137.774000 139.067000 1.293000
138.015000 139.388000 1.373000
138.066000 139.542000 1.476000
138.158000 139.725000 1.567000
138.261000 139.869000 1.608000
138.702000 139.909000 1.207000
139.238000 140.099000 0.861000
139.556000 140.166000 0.610000
139.576000 140.354000 0.778000
140.198000 140.397000 0.199000
140.334000 140.445000 0.111000
140.788000 140.999000 0.211000
140.803000 141.220000 0.417000
140.827000 141.458000 0.631000
140.978000 141.526000 0.548000
141.889000 141.944000 0.055000
141.912000 142.378000 0.466000
142.028000 142.609000 0.581000
142.199000 143.080000 0.881000
142.668000 143.589000 0.921000
143.196000 144.161000 0.965000
143.415000 144.501000 1.086000
143.908000 144.575000 0.667000
144.433000 144.674000 0.241000
144.638000 144.791000 0.153000
144.673000 144.859000 0.186000
144.876000 145.049000 0.173000
145.578000 145.610000 0.032000
145.803000 146.027000 0.224000
145.964000 146.077000 0.113000
146.042000 146.140000 0.098000
146.077000 146.789000 0.712000
146.259000 146.898000 0.639000
146.377000 147.000000 0.623000
146.528000 147.449000 0.921000
146.608000 147.722000 1.114000
147.153000 147.769000 0.616000
147.361000 148.105000 0.744000
147.722000 148.242000 0.520000
147.751000 148.279000 0.528000
147.858000 148.541000 0.683000
148.401000 148.555000 0.154000
148.541000 148.715000 0.174000
148.592000 149.067000 0.475000
148.633000 149.169000 0.536000
148.660000 149.599000 0.939000
149.104000 149.839000 0.735000
149.238000 150.010000 0.772000
149.358000 150.345000 0.987000
149.399000 150.670000 1.271000
149.471000 150.978000 1.507000
149.528000 150.996000 1.468000
149.638000 151.018000 1.380000
149.808000 151.457000 1.649000
149.906000 151.610000 1.704000
150.119000 151.789000 1.670000
150.344000 152.158000 1.814000
150.443000 152.309000 1.866000
150.476000 152.379000 1.903000
150.827000 153.468000 2.641000
151.077000 153.478000 2.401000
