client_0.log: seed=111, lambda=4.550000, T=150, total_pkts=639, total_drops=13
1.975000 2.571000 0.596000
2.079000 2.606000 0.527000
2.493000 2.906000 0.413000
2.614000 3.138000 0.524000
2.964000 3.570000 0.606000
3.061000 3.679000 0.618000
3.114000 3.726000 0.612000
3.703000 3.957000 0.254000
4.007000 4.056000 0.049000
4.515000 5.119000 0.604000
4.609000 5.153000 0.544000
5.740000 5.881000 0.141000
6.526000 6.794000 0.268000
7.175000 7.830000 0.655000
7.234000 7.903000 0.669000
7.575000 7.940000 0.365000
8.051000 8.204000 0.153000
8.387000 8.810000 0.423000
8.661000 8.901000 0.240000
9.101000 9.340000 0.239000
9.383000 9.473000 0.090000
9.580000 9.774000 0.194000
9.724000 9.821000 0.097000
9.857000 10.201000 0.344000
10.631000 10.882000 0.251000
10.784000 11.025000 0.241000
11.403000 11.758000 0.355000
11.444000 11.763000 0.319000
11.871000 12.287000 0.416000
12.591000 12.621000 0.030000
12.911000 12.945000 0.034000
13.021000 13.119000 0.098000
13.365000 13.631000 0.266000
13.451000 13.725000 0.274000
13.598000 14.716000 1.118000
14.003000 14.726000 0.723000
14.094000 14.791000 0.697000
14.167000 14.887000 0.720000
14.217000 14.940000 0.723000
14.336000 15.005000 0.669000
14.890000 15.023000 0.133000
15.026000 15.304000 0.278000
15.254000 15.641000 0.387000
15.335000 15.733000 0.398000
15.390000 15.773000 0.383000
15.474000 15.988000 0.514000
15.750000 16.577000 0.827000
15.851000 17.242000 1.391000
16.165000 17.342000 1.177000
16.179000 17.494000 1.315000
16.206000 17.603000 1.397000
16.238000 17.768000 1.530000
16.430000 18.054000 1.624000
16.539000 18.153000 1.614000
17.690000 18.184000 0.494000
17.866000 18.489000 0.623000
18.271000 18.871000 0.600000
18.300000 19.172000 0.872000
18.489000 19.977000 1.488000
18.497000 20.223000 1.726000
18.664000 20.254000 1.590000
18.720000 20.492000 1.772000
18.786000 20.510000 1.724000
18.927000 20.636000 1.709000
19.206000 20.782000 1.576000
19.265000 20.863000 1.598000
19.283000 21.207000 1.924000
19.341000 21.241000 1.900000
19.513000 21.492000 1.979000
19.655000 21.599000 1.944000
19.754000 21.716000 1.962000
20.041000 21.843000 1.802000
20.540000 21.874000 1.334000
20.620000 21.881000 1.261000
20.880000 22.008000 1.128000
21.041000 22.291000 1.250000
21.155000 22.563000 1.408000
21.336000 22.579000 1.243000
21.423000 23.173000 1.750000
21.544000 23.609000 2.065000
21.692000 23.723000 2.031000
22.076000 23.775000 1.699000
22.101000 23.882000 1.781000
22.187000 24.099000 1.912000
22.268000 24.159000 1.891000
22.905000 24.310000 1.405000
23.104000 24.364000 1.260000
23.141000 24.452000 1.311000
23.855000 24.791000 0.936000
24.058000 24.992000 0.934000
24.235000 25.087000 0.852000
24.831000 25.116000 0.285000
24.934000 25.200000 0.266000
25.094000 25.376000 0.282000
25.238000 25.396000 0.158000
25.771000 25.885000 0.114000
25.936000 26.037000 0.101000
26.191000 26.334000 0.143000
26.660000 26.820000 0.160000
26.671000 27.101000 0.430000
26.991000 27.399000 0.408000
27.245000 27.457000 0.212000
27.296000 27.467000 0.171000
27.763000 27.859000 0.096000
27.929000 27.938000 0.009000
28.220000 28.392000 0.172000
28.300000 28.635000 0.335000
28.709000 28.907000 0.198000
29.068000 29.150000 0.082000
29.291000 29.388000 0.097000
29.725000 29.985000 0.260000
29.760000 30.122000 0.362000
30.078000 30.330000 0.252000
30.794000 31.037000 0.243000
30.841000 31.060000 0.219000
30.894000 31.493000 0.599000
31.201000 31.916000 0.715000
31.255000 32.067000 0.812000
31.444000 32.340000 0.896000
31.481000 32.447000 0.966000
31.674000 32.698000 1.024000
32.741000 32.862000 0.121000
32.891000 32.985000 0.094000
33.093000 33.380000 0.287000
33.470000 33.580000 0.110000
33.578000 33.672000 0.094000
34.162000 34.169000 0.007000
34.202000 34.272000 0.070000
34.491000 34.563000 0.072000
34.720000 35.080000 0.360000
34.887000 35.113000 0.226000
35.980000 36.476000 0.496000
36.205000 36.523000 0.318000
36.541000 36.613000 0.072000
37.299000 37.413000 0.114000
37.491000 37.772000 0.281000
37.635000 37.888000 0.253000
37.814000 38.031000 0.217000
38.441000 38.698000 0.257000
38.661000 38.731000 0.070000
38.680000 38.771000 0.091000
38.821000 39.017000 0.196000
38.943000 39.263000 0.320000
39.001000 39.271000 0.270000
39.038000 39.741000 0.703000
39.316000 39.762000 0.446000
39.406000 39.982000 0.576000
39.566000 40.072000 0.506000
39.657000 40.096000 0.439000
39.901000 40.448000 0.547000
39.991000 40.476000 0.485000
40.671000 40.837000 0.166000
40.997000 41.126000 0.129000
41.396000 41.447000 0.051000
41.642000 42.104000 0.462000
42.441000 42.572000 0.131000
42.679000 43.087000 0.408000
42.724000 43.321000 0.597000
42.774000 44.272000 1.498000
42.824000 44.466000 1.642000
43.178000 44.938000 1.760000
43.411000 45.235000 1.824000
43.491000 45.888000 2.397000
43.523000 46.262000 2.739000
43.565000 46.919000 3.354000
43.741000 46.931000 3.190000
43.776000 47.604000 3.828000
43.836000 47.633000 3.797000
43.899000 47.812000 3.913000
44.604000 47.960000 3.356000
44.859000 48.037000 3.178000
45.013000 48.230000 3.217000
45.041000 48.493000 3.452000
45.566000 48.932000 3.366000
45.581000 49.082000 3.501000
45.591000 49.265000 3.674000
45.957000 49.834000 3.877000
46.286000 49.847000 3.561000
46.939000 50.413000 3.474000
47.030000 50.526000 3.496000
47.290000 50.754000 3.464000
47.388000 0.000000 0.000000
47.489000 0.000000 0.000000
48.325000 51.186000 2.861000
48.473000 51.530000 3.057000
48.492000 51.562000 3.070000
49.092000 51.970000 2.878000
49.177000 52.052000 2.875000
49.193000 52.258000 3.065000
49.280000 52.321000 3.041000
49.637000 52.425000 2.788000
50.390000 53.107000 2.717000
51.823000 53.139000 1.316000
52.051000 53.533000 1.482000
52.064000 53.533000 1.469000
52.118000 53.565000 1.447000
52.351000 53.642000 1.291000
52.579000 54.262000 1.683000
52.657000 54.475000 1.818000
53.251000 54.834000 1.583000
53.291000 54.891000 1.600000
53.540000 55.040000 1.500000
53.581000 55.288000 1.707000
53.641000 55.542000 1.901000
53.701000 55.884000 2.183000
54.137000 56.158000 2.021000
54.739000 56.159000 1.420000
55.304000 56.208000 0.904000
55.334000 56.536000 1.202000
55.440000 56.958000 1.518000
55.558000 57.029000 1.471000
55.938000 57.292000 1.354000
56.302000 57.374000 1.072000
56.766000 57.552000 0.786000
56.829000 57.825000 0.996000
56.870000 57.856000 0.986000
57.009000 57.968000 0.959000
57.042000 58.001000 0.959000
57.337000 58.180000 0.843000
57.354000 58.352000 0.998000
57.470000 58.618000 1.148000
57.501000 58.692000 1.191000
57.694000 58.708000 1.014000
58.679000 59.066000 0.387000
58.817000 59.245000 0.428000
58.834000 59.268000 0.434000
58.891000 60.102000 1.211000
59.600000 60.185000 0.585000
59.954000 60.490000 0.536000
60.336000 60.976000 0.640000
60.826000 61.966000 1.140000
61.026000 61.987000 0.961000
61.137000 62.397000 1.260000
61.591000 62.792000 1.201000
61.805000 63.242000 1.437000
62.321000 63.480000 1.159000
62.339000 63.537000 1.198000
62.372000 63.642000 1.270000
62.484000 63.703000 1.219000
62.771000 63.865000 1.094000
63.471000 63.964000 0.493000
63.506000 64.046000 0.540000
63.633000 64.121000 0.488000
63.803000 64.364000 0.561000
63.823000 64.685000 0.862000
64.442000 64.870000 0.428000
64.690000 65.121000 0.431000
64.753000 65.423000 0.670000
64.851000 65.581000 0.730000
65.397000 65.689000 0.292000
65.421000 65.699000 0.278000
65.754000 65.836000 0.082000
65.941000 66.540000 0.599000
66.373000 66.578000 0.205000
66.471000 66.660000 0.189000
66.636000 66.908000 0.272000
66.647000 67.171000 0.524000
66.965000 67.205000 0.240000
67.454000 67.512000 0.058000
67.852000 67.894000 0.042000
68.096000 68.329000 0.233000
68.409000 68.580000 0.171000
68.817000 68.854000 0.037000
69.121000 69.150000 0.029000
69.137000 69.302000 0.165000
69.186000 69.715000 0.529000
69.602000 69.733000 0.131000
69.915000 70.076000 0.161000
70.152000 70.201000 0.049000
70.303000 70.459000 0.156000
70.604000 70.621000 0.017000
70.620000 71.051000 0.431000
70.707000 71.962000 1.255000
70.765000 71.992000 1.227000
70.843000 72.056000 1.213000
70.868000 72.057000 1.189000
70.920000 72.583000 1.663000
70.980000 72.727000 1.747000
71.095000 72.852000 1.757000
71.311000 72.924000 1.613000
71.499000 73.702000 2.203000
71.881000 73.787000 1.906000
72.123000 73.963000 1.840000
72.243000 74.093000 1.850000
72.491000 74.303000 1.812000
72.896000 74.364000 1.468000
73.801000 74.867000 1.066000
73.986000 74.900000 0.914000
74.197000 75.437000 1.240000
74.240000 75.582000 1.342000
74.554000 75.825000 1.271000
74.779000 76.276000 1.497000
74.959000 76.780000 1.821000
74.984000 76.796000 1.812000
75.473000 76.980000 1.507000
75.736000 77.043000 1.307000
76.577000 77.060000 0.483000
76.838000 77.425000 0.587000
76.941000 77.765000 0.824000
77.004000 78.029000 1.025000
77.087000 78.262000 1.175000
77.371000 78.397000 1.026000
77.537000 78.467000 0.930000
77.611000 78.501000 0.890000
78.029000 78.756000 0.727000
78.080000 78.805000 0.725000
78.971000 79.010000 0.039000
79.091000 79.142000 0.051000
79.122000 79.686000 0.564000
79.218000 79.808000 0.590000
79.313000 79.826000 0.513000
79.451000 80.412000 0.961000
79.590000 80.592000 1.002000
79.847000 80.623000 0.776000
80.066000 80.711000 0.645000
80.066000 80.730000 0.664000
80.141000 81.041000 0.900000
80.230000 81.266000 1.036000
80.411000 82.021000 1.610000
80.756000 82.093000 1.337000
81.121000 82.359000 1.238000
81.144000 82.476000 1.332000
81.157000 82.669000 1.512000
81.256000 82.751000 1.495000
81.319000 83.386000 2.067000
81.457000 83.581000 2.124000
82.169000 83.605000 1.436000
82.315000 83.937000 1.622000
82.843000 84.010000 1.167000
82.859000 84.336000 1.477000
82.884000 84.777000 1.893000
82.911000 84.857000 1.946000
83.129000 85.060000 1.931000
83.316000 85.326000 2.010000
83.371000 85.407000 2.036000
83.499000 85.476000 1.977000
83.546000 85.630000 2.084000
83.598000 85.642000 2.044000
83.621000 85.652000 2.031000
83.861000 85.701000 1.840000
83.955000 85.882000 1.927000
84.413000 86.253000 1.840000
84.519000 86.281000 1.762000
84.740000 87.314000 2.574000
84.777000 87.392000 2.615000
85.121000 87.672000 2.551000
85.482000 87.760000 2.278000
85.950000 87.761000 1.811000
86.000000 88.252000 2.252000
86.143000 88.379000 2.236000
86.176000 88.967000 2.791000
86.421000 89.313000 2.892000
86.450000 89.543000 3.093000
86.827000 90.024000 3.197000
86.991000 90.243000 3.252000
87.054000 90.437000 3.383000
87.349000 90.859000 3.510000
87.496000 91.226000 3.730000
87.520000 91.683000 4.163000
87.817000 92.392000 4.575000
87.936000 92.459000 4.523000
87.991000 92.648000 4.657000
88.209000 92.855000 4.646000
88.251000 93.123000 4.872000
88.523000 93.198000 4.675000
88.771000 0.000000 0.000000
88.941000 0.000000 0.000000
89.041000 93.801000 4.760000
89.222000 0.000000 0.000000
89.471000 94.075000 4.604000
89.723000 94.090000 4.367000
89.756000 0.000000 0.000000
89.940000 0.000000 0.000000
90.059000 94.283000 4.224000
90.267000 94.324000 4.057000
90.540000 94.497000 3.957000
90.735000 0.000000 0.000000
91.341000 94.652000 3.311000
91.570000 94.740000 3.170000
91.741000 94.835000 3.094000
91.940000 0.000000 0.000000
92.099000 0.000000 0.000000
92.649000 94.940000 2.291000
92.731000 95.186000 2.455000
93.076000 95.229000 2.153000
93.114000 95.568000 2.454000
93.379000 95.700000 2.321000
93.674000 95.838000 2.164000
93.822000 95.883000 2.061000
93.956000 0.000000 0.000000
94.034000 0.000000 0.000000
95.155000 96.393000 1.238000
95.600000 96.600000 1.000000
95.874000 97.162000 1.288000
95.947000 97.307000 1.360000
96.191000 97.521000 1.330000
96.657000 97.723000 1.066000
96.951000 97.882000 0.931000
96.998000 97.977000 0.979000
97.137000 98.105000 0.968000
97.257000 98.238000 0.981000
97.537000 98.251000 0.714000
97.707000 98.272000 0.565000
97.824000 98.441000 0.617000
98.171000 98.534000 0.363000
98.317000 99.056000 0.739000
98.374000 99.271000 0.897000
99.678000 99.715000 0.037000
99.938000 100.092000 0.154000
100.049000 100.201000 0.152000
100.080000 100.247000 0.167000
100.366000 100.480000 0.114000
100.381000 100.584000 0.203000
100.585000 100.621000 0.036000
100.649000 101.087000 0.438000
100.821000 101.474000 0.653000
100.883000 101.520000 0.637000
100.971000 101.579000 0.608000
101.168000 101.641000 0.473000
101.331000 101.867000 0.536000
101.384000 101.975000 0.591000
101.430000 101.991000 0.561000
101.867000 102.071000 0.204000
101.979000 102.260000 0.281000
102.171000 102.307000 0.136000
102.368000 102.380000 0.012000
102.711000 103.246000 0.535000
103.130000 103.256000 0.126000
103.571000 104.289000 0.718000
103.689000 104.337000 0.648000
103.698000 104.547000 0.849000
103.724000 104.651000 0.927000
103.991000 104.874000 0.883000
104.288000 104.901000 0.613000
104.823000 105.332000 0.509000
104.874000 105.375000 0.501000
105.037000 105.437000 0.400000
105.214000 105.511000 0.297000
105.311000 105.560000 0.249000
105.489000 105.641000 0.152000
105.511000 106.486000 0.975000
105.905000 106.531000 0.626000
106.289000 106.682000 0.393000
106.405000 106.940000 0.535000
106.530000 107.487000 0.957000
106.913000 107.575000 0.662000
107.049000 107.599000 0.550000
107.903000 108.001000 0.098000
108.751000 108.956000 0.205000
108.766000 109.236000 0.470000
109.131000 109.688000 0.557000
109.271000 109.786000 0.515000
109.853000 110.041000 0.188000
109.876000 110.957000 1.081000
109.884000 111.172000 1.288000
110.282000 111.239000 0.957000
110.488000 111.256000 0.768000
110.557000 111.359000 0.802000
110.751000 111.806000 1.055000
110.859000 111.840000 0.981000
111.128000 111.867000 0.739000
111.196000 111.933000 0.737000
111.224000 112.104000 0.880000
111.230000 112.559000 1.329000
111.371000 112.809000 1.438000
111.651000 112.941000 1.290000
112.006000 113.608000 1.602000
112.217000 114.563000 2.346000
112.361000 115.258000 2.897000
112.398000 115.539000 3.141000
112.535000 115.565000 3.030000
112.559000 116.224000 3.665000
112.640000 116.543000 3.903000
112.788000 117.140000 4.352000
113.606000 117.177000 3.571000
113.904000 117.321000 3.417000
114.350000 117.497000 3.147000
114.438000 117.519000 3.081000
114.453000 118.027000 3.574000
115.066000 118.086000 3.020000
115.160000 118.105000 2.945000
115.297000 118.223000 2.926000
115.474000 118.316000 2.842000
115.743000 118.580000 2.837000
115.787000 118.741000 2.954000
115.952000 119.107000 3.155000
116.020000 0.000000 0.000000
116.478000 119.142000 2.664000
117.000000 119.527000 2.527000
117.191000 119.552000 2.361000
117.399000 119.592000 2.193000
118.027000 119.677000 1.650000
118.358000 120.165000 1.807000
118.867000 120.221000 1.354000
118.922000 120.547000 1.625000
118.931000 120.724000 1.793000
119.054000 120.804000 1.750000
119.071000 120.835000 1.764000
119.341000 120.857000 1.516000
119.677000 121.101000 1.424000
120.011000 121.835000 1.824000
120.262000 122.041000 1.779000
120.690000 122.230000 1.540000
120.698000 122.269000 1.571000
120.972000 122.527000 1.555000
121.780000 123.030000 1.250000
121.878000 123.242000 1.364000
121.914000 123.374000 1.460000
121.933000 123.948000 2.015000
121.951000 124.029000 2.078000
122.177000 124.238000 2.061000
122.311000 124.291000 1.980000
122.737000 124.965000 2.228000
122.801000 125.108000 2.307000
123.041000 125.212000 2.171000
123.199000 125.229000 2.030000
123.466000 125.299000 1.833000
123.483000 125.408000 1.925000
123.872000 125.638000 1.766000
124.329000 125.709000 1.380000
124.399000 125.898000 1.499000
124.426000 126.024000 1.598000
124.560000 126.289000 1.729000
124.773000 126.365000 1.592000
125.194000 126.742000 1.548000
125.615000 126.856000 1.241000
125.874000 126.963000 1.089000
126.023000 127.257000 1.234000
126.072000 127.350000 1.278000
126.304000 127.622000 1.318000
126.553000 127.687000 1.134000
126.617000 127.843000 1.226000
127.041000 127.954000 0.913000
127.216000 128.267000 1.051000
127.257000 128.472000 1.215000
127.485000 128.598000 1.113000
127.642000 128.619000 0.977000
127.783000 128.892000 1.109000
127.884000 129.392000 1.508000
127.937000 129.435000 1.498000
128.341000 130.604000 2.263000
128.371000 130.657000 2.286000
128.808000 131.019000 2.211000
128.847000 131.092000 2.245000
128.871000 131.155000 2.284000
129.022000 131.279000 2.257000
129.210000 131.529000 2.319000
129.362000 131.651000 2.289000
129.561000 131.691000 2.130000
130.144000 131.763000 1.619000
130.316000 131.779000 1.463000
130.750000 131.822000 1.072000
130.840000 132.222000 1.382000
130.988000 132.463000 1.475000
131.075000 132.521000 1.446000
131.291000 133.256000 1.965000
132.037000 133.319000 1.282000
132.252000 133.502000 1.250000
132.500000 133.527000 1.027000
132.617000 133.825000 1.208000
132.691000 134.083000 1.392000
133.061000 134.481000 1.420000
133.208000 134.812000 1.604000
133.349000 134.823000 1.474000
133.517000 134.925000 1.408000
133.556000 135.401000 1.845000
134.217000 135.440000 1.223000
134.541000 135.465000 0.924000
134.851000 135.571000 0.720000
134.994000 136.092000 1.098000
135.386000 136.222000 0.836000
135.731000 136.806000 1.075000
135.871000 136.881000 1.010000
136.039000 136.909000 0.870000
136.190000 137.516000 1.326000
136.405000 137.529000 1.124000
136.515000 137.559000 1.044000
136.907000 138.031000 1.124000
136.939000 138.153000 1.214000
137.024000 138.209000 1.185000
137.117000 138.306000 1.189000
137.341000 138.325000 0.984000
137.841000 138.337000 0.496000
138.046000 138.484000 0.438000
138.238000 138.574000 0.336000
138.296000 138.799000 0.503000
138.998000 139.324000 0.326000
139.101000 139.507000 0.406000
139.291000 139.547000 0.256000
139.561000 139.686000 0.125000
139.722000 139.821000 0.099000
139.991000 140.295000 0.304000
140.591000 140.777000 0.186000
140.704000 140.785000 0.081000
140.801000 141.388000 0.587000
140.941000 141.723000 0.782000
141.365000 141.911000 0.546000
141.741000 142.002000 0.261000
142.341000 142.917000 0.576000
142.357000 143.081000 0.724000
142.460000 143.379000 0.919000
142.499000 143.534000 1.035000
142.655000 144.044000 1.389000
143.224000 144.216000 0.992000
143.413000 144.270000 0.857000
143.467000 144.466000 0.999000
143.579000 144.730000 1.151000
144.084000 144.757000 0.673000
144.098000 144.956000 0.858000
144.175000 144.974000 0.799000
144.192000 145.142000 0.950000
144.207000 145.150000 0.943000
144.489000 145.337000 0.848000
144.627000 145.481000 0.854000
144.940000 146.354000 1.414000
145.123000 146.542000 1.419000
145.199000 146.865000 1.666000
146.191000 147.038000 0.847000
146.491000 147.221000 0.730000
146.661000 147.372000 0.711000
146.805000 147.413000 0.608000
146.973000 147.601000 0.628000
147.143000 147.668000 0.525000
147.546000 147.858000 0.312000
147.656000 147.899000 0.243000
147.915000 147.960000 0.045000
147.969000 148.171000 0.202000
148.062000 148.381000 0.319000
148.171000 148.621000 0.450000
148.636000 148.701000 0.065000
149.210000 149.263000 0.053000
149.559000 150.010000 0.451000
149.577000 150.256000 0.679000
150.254000 150.720000 0.466000
150.388000 151.221000 0.833000
150.876000 151.790000 0.914000
150.883000 152.128000 1.245000
150.907000 152.210000 1.303000
151.070000 152.311000 1.241000
