client_4.log: seed=111, lambda=4.750000, T=150, total_pkts=661, total_drops=15
1.737000 2.340000 0.603000
1.856000 2.381000 0.525000
2.250000 2.681000 0.431000
2.371000 2.908000 0.537000
2.704000 3.343000 0.639000
2.805000 3.451000 0.646000
2.857000 3.508000 0.651000
3.432000 3.730000 0.298000
3.730000 3.779000 0.049000
4.200000 4.779000 0.579000
4.289000 4.825000 0.536000
5.343000 5.475000 0.132000
6.103000 6.361000 0.258000
6.703000 7.360000 0.657000
6.762000 7.434000 0.672000
7.092000 7.468000 0.376000
7.552000 7.703000 0.151000
7.874000 8.277000 0.403000
8.143000 8.380000 0.237000
8.570000 8.831000 0.261000
8.826000 8.924000 0.098000
9.021000 9.216000 0.195000
9.164000 9.264000 0.100000
9.300000 9.645000 0.345000
10.039000 10.298000 0.259000
10.194000 10.447000 0.253000
10.784000 11.147000 0.363000
10.824000 11.149000 0.325000
11.243000 11.659000 0.416000
11.944000 11.984000 0.040000
12.252000 12.287000 0.035000
12.359000 12.461000 0.102000
12.683000 12.948000 0.265000
12.778000 13.050000 0.272000
12.903000 14.048000 1.145000
13.294000 14.051000 0.757000
13.379000 14.109000 0.730000
13.456000 14.184000 0.728000
13.494000 14.243000 0.749000
13.614000 14.290000 0.676000
14.133000 14.299000 0.166000
14.261000 14.564000 0.303000
14.484000 14.894000 0.410000
14.564000 14.995000 0.431000
14.620000 15.044000 0.424000
14.706000 15.250000 0.544000
14.974000 15.827000 0.853000
15.061000 16.496000 1.435000
15.343000 16.593000 1.250000
15.361000 16.755000 1.394000
15.384000 16.840000 1.456000
15.403000 17.010000 1.607000
15.598000 17.298000 1.700000
15.709000 17.394000 1.685000
16.812000 17.425000 0.613000
16.994000 17.723000 0.729000
17.393000 18.108000 0.715000
17.424000 18.413000 0.989000
17.614000 19.204000 1.590000
17.634000 19.452000 1.818000
17.794000 19.493000 1.699000
17.846000 19.734000 1.888000
17.911000 19.760000 1.849000
18.059000 19.876000 1.817000
18.327000 20.031000 1.704000
18.395000 20.119000 1.724000
18.429000 20.450000 2.021000
18.496000 20.488000 1.992000
18.663000 20.746000 2.083000
18.794000 20.855000 2.061000
18.889000 20.972000 2.083000
19.163000 21.089000 1.926000
19.644000 21.118000 1.474000
19.724000 21.130000 1.406000
19.964000 21.264000 1.300000
20.119000 21.545000 1.426000
20.234000 21.829000 1.595000
20.415000 21.844000 1.429000
20.496000 22.444000 1.948000
20.625000 22.880000 2.255000
20.772000 22.990000 2.218000
21.138000 23.047000 1.909000
21.162000 23.149000 1.987000
21.244000 23.367000 2.123000
21.320000 23.425000 2.105000
21.934000 23.576000 1.642000
22.124000 23.622000 1.498000
22.169000 23.720000 1.551000
22.844000 24.062000 1.218000
23.029000 24.254000 1.225000
23.198000 24.355000 1.157000
23.767000 24.384000 0.617000
23.865000 24.469000 0.604000
24.019000 24.658000 0.639000
24.155000 24.671000 0.516000
24.669000 24.785000 0.116000
24.828000 24.930000 0.102000
25.064000 25.209000 0.145000
25.513000 25.665000 0.152000
25.524000 25.937000 0.413000
25.825000 26.230000 0.405000
26.074000 26.284000 0.210000
26.134000 26.298000 0.164000
26.586000 26.692000 0.106000
26.744000 26.764000 0.020000
27.028000 27.206000 0.178000
27.119000 27.450000 0.331000
27.509000 27.700000 0.191000
27.862000 27.955000 0.093000
28.074000 28.175000 0.101000
28.493000 28.741000 0.248000
28.523000 28.874000 0.351000
28.835000 29.075000 0.240000
29.534000 29.760000 0.226000
29.574000 29.792000 0.218000
29.626000 30.240000 0.614000
29.934000 30.654000 0.720000
29.974000 30.802000 0.828000
30.162000 31.081000 0.919000
30.193000 31.186000 0.993000
30.376000 31.436000 1.060000
31.385000 31.564000 0.179000
31.534000 31.646000 0.112000
31.724000 32.017000 0.293000
32.079000 32.191000 0.112000
32.189000 32.305000 0.116000
32.744000 32.765000 0.021000
32.784000 32.845000 0.061000
33.062000 33.124000 0.062000
33.278000 33.644000 0.366000
33.445000 33.675000 0.230000
34.503000 34.999000 0.496000
34.720000 35.041000 0.321000
35.039000 35.112000 0.073000
35.763000 35.868000 0.105000
35.943000 36.235000 0.292000
36.081000 36.352000 0.271000
36.254000 36.495000 0.241000
36.854000 37.116000 0.262000
37.074000 37.138000 0.064000
37.099000 37.182000 0.083000
37.229000 37.423000 0.194000
37.349000 37.670000 0.321000
37.397000 37.686000 0.289000
37.422000 38.163000 0.741000
37.685000 38.184000 0.499000
37.764000 38.412000 0.648000
37.932000 38.503000 0.571000
38.027000 38.526000 0.499000
38.257000 38.875000 0.618000
38.348000 38.919000 0.571000
38.992000 39.162000 0.170000
39.304000 39.434000 0.130000
39.694000 39.745000 0.051000
39.934000 40.386000 0.452000
40.694000 40.843000 0.149000
40.922000 41.319000 0.397000
40.974000 41.534000 0.560000
41.035000 42.489000 1.454000
41.088000 42.689000 1.601000
41.434000 43.163000 1.729000
41.654000 43.450000 1.796000
41.722000 44.097000 2.375000
41.722000 44.475000 2.753000
41.760000 45.125000 3.365000
41.919000 45.140000 3.221000
41.952000 45.804000 3.852000
42.011000 45.819000 3.808000
42.074000 45.989000 3.915000
42.744000 46.145000 3.401000
42.991000 46.223000 3.232000
43.144000 46.418000 3.274000
43.173000 46.678000 3.505000
43.687000 47.112000 3.425000
43.710000 47.256000 3.546000
43.729000 47.450000 3.721000
44.080000 48.011000 3.931000
44.389000 48.025000 3.636000
45.012000 48.584000 3.572000
45.094000 0.000000 0.000000
45.339000 48.694000 3.355000
45.439000 48.921000 3.482000
45.534000 0.000000 0.000000
46.343000 49.365000 3.022000
46.482000 49.711000 3.229000
46.501000 49.744000 3.243000
47.087000 50.150000 3.063000
47.174000 50.240000 3.066000
47.183000 50.456000 3.273000
47.270000 50.516000 3.246000
47.613000 50.624000 3.011000
48.334000 51.324000 2.990000
49.701000 51.355000 1.654000
49.922000 51.754000 1.832000
49.936000 51.755000 1.819000
49.987000 51.789000 1.802000
50.203000 51.870000 1.667000
50.424000 52.502000 2.078000
50.490000 52.713000 2.223000
51.057000 53.066000 2.009000
51.094000 53.124000 2.030000
51.339000 53.264000 1.925000
51.381000 53.522000 2.141000
51.443000 53.776000 2.333000
51.504000 54.118000 2.614000
51.920000 54.399000 2.479000
52.503000 54.401000 1.898000
53.060000 54.460000 1.400000
53.093000 54.784000 1.691000
53.189000 55.209000 2.020000
53.314000 55.281000 1.967000
53.684000 55.545000 1.861000
54.039000 55.624000 1.585000
54.459000 55.795000 1.336000
54.529000 56.060000 1.531000
54.576000 56.085000 1.509000
54.705000 56.191000 1.486000
54.739000 56.225000 1.486000
55.019000 56.392000 1.373000
55.050000 56.567000 1.517000
55.162000 56.843000 1.681000
55.194000 56.924000 1.730000
55.386000 56.940000 1.554000
56.324000 57.299000 0.975000
56.449000 57.476000 1.027000
56.458000 57.501000 1.043000
56.511000 58.336000 1.825000
57.190000 58.425000 1.235000
57.543000 58.723000 1.180000
57.902000 59.204000 1.302000
58.380000 60.197000 1.817000
58.572000 60.224000 1.652000
58.690000 60.620000 1.930000
59.131000 61.024000 1.893000
59.334000 61.477000 2.143000
59.823000 61.714000 1.891000
59.840000 61.780000 1.940000
59.875000 61.875000 2.000000
59.985000 61.933000 1.948000
60.259000 62.090000 1.831000
60.960000 62.186000 1.226000
60.992000 62.274000 1.282000
61.104000 62.352000 1.248000
61.266000 62.592000 1.326000
61.281000 62.896000 1.615000
61.874000 63.080000 1.206000
62.104000 63.332000 1.228000
62.162000 63.634000 1.472000
62.263000 63.795000 1.532000
62.797000 63.908000 1.111000
62.819000 63.930000 1.111000
63.144000 64.023000 0.879000
63.314000 64.616000 1.302000
63.722000 64.639000 0.917000
63.811000 64.722000 0.911000
63.973000 64.970000 0.997000
63.981000 65.229000 1.248000
64.297000 65.270000 0.973000
64.775000 65.324000 0.549000
65.162000 65.372000 0.210000
65.389000 65.634000 0.245000
65.693000 65.864000 0.171000
66.079000 66.114000 0.035000
66.374000 66.403000 0.029000
66.394000 66.565000 0.171000
66.435000 66.985000 0.550000
66.834000 66.995000 0.161000
67.126000 67.281000 0.155000
67.353000 67.396000 0.043000
67.499000 67.655000 0.156000
67.794000 67.803000 0.009000
67.817000 68.241000 0.424000
67.904000 69.152000 1.248000
67.957000 69.185000 1.228000
68.033000 69.253000 1.220000
68.062000 69.255000 1.193000
68.104000 69.771000 1.667000
68.168000 69.910000 1.742000
68.284000 70.031000 1.747000
68.504000 70.112000 1.608000
68.678000 70.885000 2.207000
69.041000 70.967000 1.926000
69.259000 71.142000 1.883000
69.380000 71.263000 1.883000
69.621000 71.479000 1.858000
70.004000 71.539000 1.535000
70.864000 72.051000 1.187000
71.042000 72.071000 1.029000
71.249000 72.615000 1.366000
71.294000 72.745000 1.451000
71.594000 72.996000 1.402000
71.810000 73.445000 1.635000
71.984000 73.954000 1.970000
72.020000 73.970000 1.950000
72.483000 74.144000 1.661000
72.745000 74.204000 1.459000
73.547000 74.213000 0.666000
73.802000 74.577000 0.775000
73.890000 74.918000 1.028000
73.954000 75.196000 1.242000
74.023000 75.437000 1.414000
74.292000 75.574000 1.282000
74.441000 75.645000 1.204000
74.511000 75.687000 1.176000
74.901000 75.938000 1.037000
74.960000 75.984000 1.024000
75.820000 76.029000 0.209000
75.937000 76.078000 0.141000
75.979000 76.620000 0.641000
76.078000 76.740000 0.662000
76.157000 76.760000 0.603000
76.299000 77.346000 1.047000
76.431000 77.525000 1.094000
76.664000 77.565000 0.901000
76.862000 77.651000 0.789000
76.863000 77.666000 0.803000
76.934000 77.979000 1.045000
77.013000 78.212000 1.199000
77.190000 78.965000 1.775000
77.525000 79.044000 1.519000
77.890000 79.305000 1.415000
77.911000 79.420000 1.509000
77.923000 79.604000 1.681000
78.024000 79.693000 1.669000
78.092000 80.332000 2.240000
78.224000 80.535000 2.311000
78.904000 80.568000 1.664000
79.034000 80.890000 1.856000
79.541000 80.964000 1.423000
79.554000 81.300000 1.746000
79.574000 81.728000 2.154000
79.603000 81.806000 2.203000
79.806000 82.007000 2.201000
79.974000 82.263000 2.289000
80.019000 82.348000 2.329000
80.154000 82.412000 2.258000
80.197000 82.574000 2.377000
80.244000 82.594000 2.350000
80.267000 82.612000 2.345000
80.498000 82.671000 2.173000
80.595000 82.860000 2.265000
81.027000 83.221000 2.194000
81.124000 83.254000 2.130000
81.333000 84.280000 2.947000
81.371000 84.365000 2.994000
81.694000 0.000000 0.000000
82.047000 84.655000 2.608000
82.527000 84.745000 2.218000
82.574000 84.746000 2.172000
82.710000 85.245000 2.535000
82.740000 85.380000 2.640000
82.974000 85.970000 2.996000
82.999000 86.305000 3.306000
83.364000 86.531000 3.167000
83.535000 87.010000 3.475000
83.608000 87.238000 3.630000
83.895000 87.434000 3.539000
83.994000 87.864000 3.870000
84.010000 88.224000 4.214000
84.297000 88.678000 4.381000
84.413000 89.387000 4.974000
84.459000 0.000000 0.000000
84.669000 89.461000 4.792000
84.721000 0.000000 0.000000
84.974000 89.623000 4.649000
85.211000 89.833000 4.622000
85.363000 90.108000 4.745000
85.464000 90.185000 4.721000
85.639000 0.000000 0.000000
85.889000 0.000000 0.000000
86.134000 90.787000 4.653000
86.162000 0.000000 0.000000
86.334000 91.055000 4.721000
86.441000 0.000000 0.000000
86.634000 91.086000 4.452000
86.895000 0.000000 0.000000
87.089000 91.275000 4.186000
87.681000 91.311000 3.630000
87.902000 91.484000 3.582000
88.069000 91.648000 3.579000
88.276000 91.715000 3.439000
88.429000 0.000000 0.000000
88.938000 91.808000 2.870000
89.021000 0.000000 0.000000
89.369000 0.000000 0.000000
89.402000 91.915000 2.513000
89.653000 92.144000 2.491000
89.944000 92.184000 2.240000
90.089000 92.520000 2.431000
90.225000 92.650000 2.425000
90.302000 92.774000 2.472000
91.371000 92.825000 1.454000
91.797000 93.337000 1.540000
92.052000 93.537000 1.485000
92.125000 94.105000 1.980000
92.343000 94.247000 1.904000
92.782000 94.450000 1.668000
93.064000 94.648000 1.584000
93.112000 94.805000 1.693000
93.254000 94.890000 1.636000
93.364000 95.010000 1.646000
93.631000 95.145000 1.514000
93.796000 95.154000 1.358000
93.904000 95.185000 1.281000
94.236000 95.362000 1.126000
94.370000 95.454000 1.084000
94.424000 95.980000 1.556000
95.684000 96.193000 0.509000
95.931000 96.225000 0.294000
96.036000 96.379000 0.343000
96.061000 96.495000 0.434000
96.344000 96.540000 0.196000
96.359000 96.663000 0.304000
96.564000 96.765000 0.201000
96.623000 96.794000 0.171000
96.782000 97.233000 0.451000
96.802000 97.618000 0.816000
96.886000 97.631000 0.745000
97.071000 97.689000 0.618000
97.223000 97.756000 0.533000
97.264000 97.979000 0.715000
97.311000 98.081000 0.770000
97.728000 98.100000 0.372000
97.838000 98.177000 0.339000
98.024000 98.376000 0.352000
98.197000 98.416000 0.219000
98.534000 98.544000 0.010000
98.944000 99.484000 0.540000
99.358000 99.494000 0.136000
99.470000 100.218000 0.748000
99.484000 100.270000 0.786000
99.493000 100.460000 0.967000
99.754000 100.564000 0.810000
100.067000 100.785000 0.718000
100.574000 100.825000 0.251000
100.634000 101.247000 0.613000
100.797000 101.275000 0.478000
100.963000 101.313000 0.350000
101.063000 101.396000 0.333000
101.231000 101.455000 0.224000
101.254000 101.533000 0.279000
101.634000 102.466000 0.832000
102.009000 102.500000 0.491000
102.124000 102.653000 0.529000
102.234000 102.920000 0.686000
102.594000 103.476000 0.882000
102.720000 103.567000 0.847000
103.534000 103.596000 0.062000
104.353000 104.451000 0.098000
104.359000 104.661000 0.302000
104.703000 104.985000 0.282000
104.843000 105.441000 0.598000
105.395000 105.534000 0.139000
105.414000 105.731000 0.317000
105.440000 106.646000 1.206000
105.804000 106.863000 1.059000
106.004000 106.938000 0.934000
106.054000 106.954000 0.900000
106.234000 107.049000 0.815000
106.329000 107.495000 1.166000
106.597000 107.534000 0.937000
106.662000 107.559000 0.897000
106.684000 107.622000 0.938000
106.704000 107.785000 1.081000
106.830000 108.240000 1.410000
107.098000 108.484000 1.386000
107.438000 108.604000 1.166000
107.641000 109.270000 1.629000
107.784000 110.225000 2.441000
107.824000 110.928000 3.104000
107.947000 111.207000 3.260000
107.964000 111.237000 3.273000
108.040000 111.901000 3.861000
108.184000 112.224000 4.040000
108.979000 112.808000 3.829000
109.269000 112.844000 3.575000
109.691000 112.985000 3.294000
109.771000 113.137000 3.366000
109.798000 113.154000 3.356000
110.379000 113.673000 3.294000
110.467000 113.736000 3.269000
110.597000 113.754000 3.157000
110.777000 113.873000 3.096000
111.024000 113.968000 2.944000
111.114000 114.230000 3.116000
111.276000 114.402000 3.126000
111.334000 114.788000 3.454000
111.779000 0.000000 0.000000
112.284000 114.828000 2.544000
112.477000 115.223000 2.746000
112.674000 0.000000 0.000000
113.272000 115.238000 1.966000
113.604000 115.281000 1.677000
114.088000 115.375000 1.287000
114.142000 115.856000 1.714000
114.160000 115.920000 1.760000
114.274000 116.227000 1.953000
114.294000 116.405000 2.111000
114.547000 116.499000 1.952000
114.884000 116.531000 1.647000
115.203000 116.567000 1.364000
115.432000 116.812000 1.380000
115.843000 117.552000 1.709000
115.856000 117.764000 1.908000
116.108000 117.945000 1.837000
116.895000 117.976000 1.081000
116.990000 118.175000 1.185000
117.028000 118.685000 1.657000
117.044000 118.901000 1.857000
117.056000 119.040000 1.984000
117.274000 119.604000 2.330000
117.398000 119.677000 2.279000
117.807000 119.886000 2.079000
117.874000 119.954000 2.080000
118.104000 120.613000 2.509000
118.257000 120.750000 2.493000
118.505000 120.861000 2.356000
118.513000 120.870000 2.357000
118.900000 120.925000 2.025000
119.339000 121.032000 1.693000
119.415000 121.273000 1.858000
119.434000 121.334000 1.900000
119.569000 121.520000 1.951000
119.774000 121.640000 1.866000
120.168000 121.904000 1.736000
120.570000 121.978000 1.408000
120.820000 122.360000 1.540000
120.959000 122.475000 1.516000
121.016000 122.572000 1.556000
121.236000 122.882000 1.646000
121.474000 122.969000 1.495000
121.519000 123.241000 1.722000
121.918000 123.304000 1.386000
122.089000 123.459000 1.370000
122.132000 123.575000 1.443000
122.360000 123.889000 1.529000
122.527000 124.093000 1.566000
122.661000 124.237000 1.576000
122.749000 124.263000 1.514000
122.814000 124.545000 1.731000
123.179000 125.054000 1.875000
123.214000 125.097000 1.883000
123.654000 126.267000 2.613000
123.689000 126.315000 2.626000
123.714000 126.670000 2.956000
123.862000 126.737000 2.875000
124.024000 126.800000 2.776000
124.162000 126.922000 2.760000
124.357000 127.172000 2.815000
124.921000 127.296000 2.375000
125.074000 127.327000 2.253000
125.494000 127.398000 1.904000
125.586000 127.422000 1.836000
125.734000 127.455000 1.721000
125.825000 127.867000 2.042000
126.039000 128.114000 2.075000
126.747000 128.175000 1.428000
126.958000 128.908000 1.950000
127.196000 128.975000 1.779000
127.327000 129.150000 1.823000
127.397000 129.174000 1.777000
127.746000 129.463000 1.717000
127.889000 129.723000 1.834000
128.017000 130.124000 2.107000
128.174000 130.468000 2.294000
128.213000 130.481000 2.268000
128.835000 130.561000 1.726000
129.140000 131.039000 1.899000
129.448000 131.090000 1.642000
129.593000 131.114000 1.521000
129.967000 131.225000 1.258000
130.294000 131.753000 1.459000
130.431000 131.883000 1.452000
130.584000 132.463000 1.879000
130.728000 132.542000 1.814000
130.919000 132.563000 1.644000
131.038000 133.171000 2.133000
131.414000 133.190000 1.776000
131.448000 133.214000 1.766000
131.544000 133.692000 2.148000
131.634000 133.806000 2.172000
131.850000 133.863000 2.013000
132.323000 133.965000 1.642000
132.525000 133.985000 1.460000
132.704000 134.005000 1.301000
132.753000 134.142000 1.389000
133.427000 134.235000 0.808000
133.519000 134.456000 0.937000
133.699000 134.778000 1.079000
133.952000 134.972000 1.020000
134.089000 135.003000 0.914000
134.339000 135.138000 0.799000
134.921000 135.244000 0.323000
135.034000 135.537000 0.503000
135.130000 135.713000 0.583000
135.274000 135.724000 0.450000
135.671000 136.312000 0.641000
136.032000 136.639000 0.607000
136.609000 136.825000 0.216000
136.625000 136.912000 0.287000
136.729000 137.495000 0.766000
136.761000 137.654000 0.893000
136.911000 137.959000 1.048000
137.460000 138.115000 0.655000
137.630000 138.631000 1.001000
137.678000 138.806000 1.128000
137.784000 138.860000 1.076000
138.266000 139.062000 0.796000
138.279000 139.331000 1.052000
138.359000 139.350000 0.991000
138.374000 139.547000 1.173000
138.390000 139.575000 1.185000
138.664000 139.740000 1.076000
138.790000 139.751000 0.961000
139.094000 139.943000 0.849000
139.272000 140.088000 0.816000
139.341000 140.971000 1.630000
140.283000 141.169000 0.886000
140.578000 141.498000 0.920000
140.741000 141.663000 0.922000
140.885000 141.850000 0.965000
141.044000 142.005000 0.961000
141.203000 142.042000 0.839000
141.588000 142.227000 0.639000
141.698000 142.294000 0.596000
141.934000 142.493000 0.559000
141.989000 142.534000 0.545000
142.070000 142.589000 0.519000
142.189000 142.797000 0.608000
142.634000 143.014000 0.380000
143.193000 143.436000 0.243000
143.517000 143.578000 0.061000
143.529000 143.625000 0.096000
144.170000 144.606000 0.436000
144.299000 144.849000 0.550000
144.775000 145.308000 0.533000
144.779000 145.814000 1.035000
144.809000 146.389000 1.580000
144.964000 146.729000 1.765000
145.892000 146.818000 0.926000
145.913000 146.920000 1.007000
146.025000 147.046000 1.021000
146.194000 147.100000 0.906000
146.674000 147.276000 0.602000
147.210000 147.313000 0.103000
147.438000 147.675000 0.237000
147.944000 148.005000 0.061000
148.486000 148.544000 0.058000
148.703000 149.350000 0.647000
148.744000 149.454000 0.710000
148.961000 149.575000 0.614000
149.684000 150.135000 0.451000
149.923000 150.441000 0.518000
150.080000 150.482000 0.402000
150.154000 150.822000 0.668000
150.189000 150.954000 0.765000
150.374000 151.006000 0.632000
150.493000 151.271000 0.778000
150.648000 151.288000 0.640000
150.728000 151.455000 0.727000
151.298000 151.812000 0.514000
