client_8.log: seed=111, lambda=4.950000, T=150, total_pkts=692, total_drops=23
1.845000 2.458000 0.613000
1.963000 2.500000 0.537000
2.360000 2.794000 0.434000
2.482000 3.031000 0.549000
2.824000 3.468000 0.644000
2.927000 3.577000 0.650000
2.984000 3.634000 0.650000
3.530000 3.875000 0.345000
3.817000 3.945000 0.128000
4.267000 4.852000 0.585000
4.360000 4.886000 0.526000
5.375000 5.502000 0.127000
6.094000 6.350000 0.256000
6.674000 7.325000 0.651000
6.735000 7.402000 0.667000
7.049000 7.440000 0.391000
7.483000 7.641000 0.158000
7.807000 8.210000 0.403000
8.068000 8.301000 0.233000
8.479000 8.730000 0.251000
8.729000 8.816000 0.087000
8.923000 9.116000 0.193000
9.067000 9.166000 0.099000
9.199000 9.546000 0.347000
9.915000 10.175000 0.260000
10.054000 10.321000 0.267000
10.628000 10.995000 0.367000
10.665000 10.996000 0.331000
11.069000 11.478000 0.409000
11.733000 11.765000 0.032000
12.022000 12.065000 0.043000
12.134000 12.246000 0.112000
12.455000 12.715000 0.260000
12.538000 12.818000 0.280000
12.655000 13.811000 1.156000
13.034000 13.818000 0.784000
13.125000 13.878000 0.753000
13.202000 13.947000 0.745000
13.233000 14.001000 0.768000
13.335000 14.055000 0.720000
13.831000 14.071000 0.240000
13.960000 14.349000 0.389000
14.175000 14.692000 0.517000
14.251000 14.795000 0.544000
14.305000 14.836000 0.531000
14.385000 15.046000 0.661000
14.646000 15.631000 0.985000
14.725000 16.296000 1.571000
15.005000 16.391000 1.386000
15.025000 16.546000 1.521000
15.045000 16.640000 1.595000
15.065000 16.806000 1.741000
15.244000 17.100000 1.856000
15.358000 17.216000 1.858000
16.413000 17.251000 0.838000
16.585000 17.552000 0.967000
16.965000 17.947000 0.982000
16.985000 18.250000 1.265000
17.165000 19.050000 1.885000
17.175000 19.302000 2.127000
17.326000 19.333000 2.007000
17.367000 19.575000 2.208000
17.425000 19.596000 2.171000
17.552000 19.716000 2.164000
17.814000 19.862000 2.048000
17.875000 19.950000 2.075000
17.907000 20.282000 2.375000
17.959000 20.305000 2.346000
18.139000 20.555000 2.416000
18.270000 20.655000 2.385000
18.371000 20.759000 2.388000
18.633000 20.886000 2.253000
19.100000 20.916000 1.816000
19.170000 20.924000 1.754000
19.410000 21.050000 1.640000
19.575000 21.332000 1.757000
19.683000 21.616000 1.933000
19.844000 21.654000 1.810000
19.918000 22.266000 2.348000
20.045000 22.704000 2.659000
20.182000 22.826000 2.644000
20.535000 22.881000 2.346000
20.560000 22.983000 2.423000
20.655000 23.202000 2.547000
20.728000 23.266000 2.538000
21.315000 23.419000 2.104000
21.505000 23.476000 1.971000
21.545000 23.569000 2.024000
22.205000 23.911000 1.706000
22.385000 24.100000 1.715000
22.550000 24.190000 1.640000
23.090000 24.226000 1.136000
23.190000 24.305000 1.115000
23.332000 24.485000 1.153000
23.475000 24.501000 1.026000
23.958000 24.621000 0.663000
24.101000 24.717000 0.616000
24.325000 24.855000 0.530000
24.755000 25.011000 0.256000
24.770000 25.292000 0.522000
25.067000 25.585000 0.518000
25.295000 25.647000 0.352000
25.348000 25.662000 0.314000
25.781000 25.876000 0.095000
25.933000 25.950000 0.017000
26.205000 26.371000 0.166000
26.275000 26.615000 0.340000
26.650000 26.837000 0.187000
26.980000 27.065000 0.085000
27.190000 27.296000 0.106000
27.585000 27.832000 0.247000
27.616000 27.981000 0.365000
27.920000 28.186000 0.266000
28.595000 28.816000 0.221000
28.635000 28.851000 0.216000
28.685000 29.286000 0.601000
28.966000 29.705000 0.739000
28.999000 29.860000 0.861000
29.173000 30.146000 0.973000
29.206000 30.255000 1.049000
29.388000 30.500000 1.112000
30.345000 30.627000 0.282000
30.484000 30.725000 0.241000
30.663000 31.027000 0.364000
31.005000 31.139000 0.134000
31.108000 31.241000 0.133000
31.654000 31.670000 0.016000
31.689000 31.751000 0.062000
31.951000 32.015000 0.064000
32.167000 32.525000 0.358000
32.327000 32.546000 0.219000
33.344000 33.842000 0.498000
33.545000 33.885000 0.340000
33.856000 33.966000 0.110000
34.550000 34.655000 0.105000
34.721000 35.011000 0.290000
34.855000 35.127000 0.272000
35.026000 35.275000 0.249000
35.602000 35.866000 0.264000
35.802000 35.885000 0.083000
35.817000 35.925000 0.108000
35.947000 36.146000 0.199000
36.064000 36.396000 0.332000
36.105000 36.408000 0.303000
36.145000 36.873000 0.728000
36.395000 36.892000 0.497000
36.455000 37.118000 0.663000
36.610000 37.216000 0.606000
36.701000 37.251000 0.550000
36.918000 37.615000 0.697000
37.015000 37.645000 0.630000
37.645000 37.816000 0.171000
37.952000 38.086000 0.134000
38.325000 38.384000 0.059000
38.555000 39.010000 0.455000
39.284000 39.421000 0.137000
39.499000 39.893000 0.394000
39.555000 40.109000 0.554000
39.595000 41.066000 1.471000
39.652000 41.265000 1.613000
39.995000 41.746000 1.751000
40.215000 42.030000 1.815000
40.290000 42.677000 2.387000
40.291000 43.055000 2.764000
40.332000 43.697000 3.365000
40.490000 43.712000 3.222000
40.523000 44.381000 3.858000
40.578000 44.409000 3.831000
40.633000 44.582000 3.949000
41.285000 44.725000 3.440000
41.525000 44.802000 3.277000
41.667000 44.996000 3.329000
41.698000 45.248000 3.550000
42.184000 45.678000 3.494000
42.200000 45.826000 3.626000
42.228000 46.016000 3.788000
42.575000 46.575000 4.000000
42.878000 46.587000 3.709000
43.485000 47.146000 3.661000
43.559000 0.000000 0.000000
43.795000 47.253000 3.458000
43.895000 47.475000 3.580000
43.989000 0.000000 0.000000
44.765000 47.911000 3.146000
44.903000 48.262000 3.359000
44.918000 48.293000 3.375000
45.480000 48.709000 3.229000
45.565000 48.782000 3.217000
45.575000 48.985000 3.410000
45.655000 49.057000 3.402000
45.985000 49.169000 3.184000
46.685000 49.852000 3.167000
48.005000 49.883000 1.878000
48.205000 50.275000 2.070000
48.228000 50.276000 2.048000
48.277000 50.311000 2.034000
48.492000 50.398000 1.906000
48.704000 51.025000 2.321000
48.767000 51.245000 2.478000
49.317000 51.599000 2.282000
49.350000 51.677000 2.327000
49.589000 51.804000 2.215000
49.624000 52.050000 2.426000
49.683000 52.298000 2.615000
49.745000 52.639000 2.894000
50.155000 52.916000 2.761000
50.709000 52.916000 2.207000
51.245000 52.967000 1.722000
51.266000 53.296000 2.030000
51.354000 53.722000 2.368000
51.475000 53.798000 2.323000
51.835000 54.071000 2.236000
52.164000 54.148000 1.984000
52.585000 54.316000 1.731000
52.651000 54.581000 1.930000
52.700000 54.603000 1.903000
52.831000 54.715000 1.884000
52.862000 54.766000 1.904000
53.133000 54.946000 1.813000
53.148000 55.118000 1.970000
53.252000 55.386000 2.134000
53.280000 55.461000 2.181000
53.465000 55.483000 2.018000
54.364000 55.845000 1.481000
54.485000 56.025000 1.540000
54.507000 56.046000 1.539000
54.565000 56.885000 2.320000
55.225000 56.974000 1.749000
55.560000 57.283000 1.723000
55.904000 57.766000 1.862000
56.368000 58.743000 2.375000
56.564000 58.765000 2.201000
56.664000 59.164000 2.500000
57.081000 59.563000 2.482000
57.267000 60.029000 2.762000
57.750000 60.267000 2.517000
57.765000 60.335000 2.570000
57.800000 60.432000 2.632000
57.903000 60.488000 2.585000
58.167000 60.653000 2.486000
58.817000 60.750000 1.933000
58.854000 60.848000 1.994000
58.967000 60.936000 1.969000
59.125000 61.184000 2.059000
59.140000 61.495000 2.355000
59.715000 61.680000 1.965000
59.945000 61.946000 2.001000
60.025000 62.242000 2.217000
60.116000 62.413000 2.297000
60.615000 62.515000 1.900000
60.636000 62.535000 1.899000
60.944000 62.630000 1.686000
61.106000 63.227000 2.121000
61.495000 63.246000 1.751000
61.585000 63.325000 1.740000
61.750000 63.574000 1.824000
61.772000 63.835000 2.063000
62.060000 63.875000 1.815000
62.514000 63.913000 1.399000
62.882000 63.959000 1.077000
63.104000 64.190000 1.086000
63.395000 64.361000 0.966000
63.775000 64.399000 0.624000
64.049000 64.435000 0.386000
64.065000 64.596000 0.531000
64.124000 65.020000 0.896000
64.515000 65.023000 0.508000
64.797000 65.186000 0.389000
65.019000 65.224000 0.205000
65.165000 65.375000 0.210000
65.447000 65.467000 0.020000
65.467000 65.885000 0.418000
65.555000 66.785000 1.230000
65.615000 66.817000 1.202000
65.685000 66.890000 1.205000
65.717000 66.891000 1.174000
65.764000 67.410000 1.646000
65.825000 67.546000 1.721000
65.934000 67.670000 1.736000
66.144000 67.747000 1.603000
66.314000 68.534000 2.220000
66.665000 68.621000 1.956000
66.890000 68.795000 1.905000
67.005000 68.904000 1.899000
67.239000 69.120000 1.881000
67.611000 69.178000 1.567000
68.445000 69.696000 1.251000
68.620000 69.716000 1.096000
68.825000 70.252000 1.427000
68.865000 70.387000 1.522000
69.147000 70.643000 1.496000
69.360000 71.091000 1.731000
69.530000 71.598000 2.068000
69.557000 71.615000 2.058000
70.006000 71.786000 1.780000
70.252000 71.845000 1.593000
71.035000 71.866000 0.831000
71.283000 72.240000 0.957000
71.376000 72.584000 1.208000
71.445000 72.849000 1.404000
71.509000 73.082000 1.573000
71.770000 73.229000 1.459000
71.905000 73.300000 1.395000
71.980000 73.337000 1.357000
72.362000 73.583000 1.221000
72.407000 73.625000 1.218000
73.225000 73.672000 0.447000
73.355000 73.718000 0.363000
73.395000 74.271000 0.876000
73.489000 74.385000 0.896000
73.565000 74.416000 0.851000
73.702000 75.015000 1.313000
73.825000 75.192000 1.367000
74.065000 75.224000 1.159000
74.270000 75.318000 1.048000
74.271000 75.334000 1.063000
74.341000 75.646000 1.305000
74.415000 75.874000 1.459000
74.574000 76.635000 2.061000
74.905000 76.716000 1.811000
75.238000 76.977000 1.739000
75.270000 77.085000 1.815000
75.286000 77.261000 1.975000
75.395000 77.340000 1.945000
75.450000 77.980000 2.530000
75.575000 78.175000 2.600000
76.235000 78.215000 1.980000
76.369000 78.545000 2.176000
76.848000 78.616000 1.768000
76.865000 78.951000 2.086000
76.875000 79.374000 2.499000
76.895000 79.449000 2.554000
77.105000 79.651000 2.546000
77.261000 79.905000 2.644000
77.320000 79.981000 2.661000
77.437000 80.045000 2.608000
77.467000 80.205000 2.738000
77.515000 80.229000 2.714000
77.530000 80.245000 2.715000
77.745000 0.000000 0.000000
77.844000 0.000000 0.000000
78.263000 80.299000 2.036000
78.365000 80.495000 2.130000
78.566000 80.853000 2.287000
78.600000 80.879000 2.279000
78.920000 81.906000 2.986000
79.254000 81.980000 2.726000
79.683000 82.266000 2.583000
79.725000 82.367000 2.642000
79.860000 82.368000 2.508000
79.894000 0.000000 0.000000
80.115000 82.870000 2.755000
80.135000 82.996000 2.861000
80.494000 83.583000 3.089000
80.640000 83.913000 3.273000
80.697000 84.140000 3.443000
80.967000 84.625000 3.658000
81.073000 84.843000 3.770000
81.103000 85.045000 3.942000
81.383000 85.463000 4.080000
81.494000 85.836000 4.342000
81.545000 0.000000 0.000000
81.745000 0.000000 0.000000
81.786000 0.000000 0.000000
82.034000 86.304000 4.270000
82.251000 87.010000 4.759000
82.404000 87.075000 4.671000
82.495000 87.248000 4.753000
82.661000 87.461000 4.800000
82.892000 87.725000 4.833000
83.125000 87.801000 4.676000
83.156000 0.000000 0.000000
83.325000 0.000000 0.000000
83.445000 0.000000 0.000000
83.645000 88.402000 4.757000
83.895000 0.000000 0.000000
84.075000 88.669000 4.594000
84.628000 88.685000 4.057000
84.839000 88.877000 4.038000
84.998000 88.905000 3.907000
85.185000 89.075000 3.890000
85.332000 0.000000 0.000000
85.836000 89.236000 3.400000
85.914000 89.307000 3.393000
86.235000 0.000000 0.000000
86.272000 0.000000 0.000000
86.524000 89.405000 2.881000
86.801000 0.000000 0.000000
86.938000 0.000000 0.000000
87.075000 89.508000 2.433000
87.156000 89.737000 2.581000
88.192000 89.768000 1.576000
88.610000 90.111000 1.501000
88.860000 90.249000 1.389000
88.934000 90.371000 1.437000
89.148000 90.419000 1.271000
89.567000 90.947000 1.380000
89.840000 91.155000 1.315000
89.880000 91.718000 1.838000
90.017000 91.867000 1.850000
90.116000 92.069000 1.953000
90.371000 92.266000 1.895000
90.530000 92.421000 1.891000
90.635000 92.515000 1.880000
90.963000 92.637000 1.674000
91.095000 92.768000 1.673000
91.135000 92.775000 1.640000
92.344000 92.791000 0.447000
92.584000 92.971000 0.387000
92.698000 93.065000 0.367000
92.737000 93.581000 0.844000
92.998000 93.802000 0.804000
93.017000 93.836000 0.819000
93.205000 93.996000 0.791000
93.264000 94.117000 0.853000
93.418000 94.166000 0.748000
93.445000 94.283000 0.838000
93.525000 94.389000 0.864000
93.715000 94.426000 0.711000
93.860000 94.863000 1.003000
93.899000 95.246000 1.347000
93.956000 95.267000 1.311000
94.349000 95.329000 0.980000
94.458000 95.399000 0.941000
94.635000 95.615000 0.980000
94.805000 95.716000 0.911000
95.119000 95.731000 0.612000
95.511000 95.817000 0.306000
95.915000 96.117000 0.202000
96.027000 96.166000 0.139000
96.045000 96.172000 0.127000
96.060000 96.716000 0.656000
96.315000 96.735000 0.420000
96.585000 97.462000 0.877000
97.069000 97.528000 0.459000
97.115000 97.724000 0.609000
97.274000 97.836000 0.562000
97.445000 98.076000 0.631000
97.533000 98.110000 0.577000
97.693000 98.540000 0.847000
97.724000 98.563000 0.839000
98.095000 98.601000 0.506000
98.455000 98.676000 0.221000
98.562000 98.732000 0.170000
98.676000 98.810000 0.134000
99.017000 99.841000 0.824000
99.140000 99.878000 0.738000
99.934000 100.087000 0.153000
100.724000 100.983000 0.259000
100.744000 101.536000 0.792000
101.080000 101.634000 0.554000
101.217000 101.650000 0.433000
101.750000 101.850000 0.100000
101.775000 102.061000 0.286000
101.790000 102.332000 0.542000
102.150000 102.775000 0.625000
102.350000 102.876000 0.526000
102.405000 103.064000 0.659000
102.585000 103.969000 1.384000
102.673000 104.193000 1.520000
102.919000 104.267000 1.348000
102.984000 104.283000 1.299000
103.000000 104.370000 1.370000
103.025000 104.816000 1.791000
103.156000 104.856000 1.700000
103.416000 104.896000 1.480000
103.743000 104.967000 1.224000
103.940000 105.134000 1.194000
104.084000 105.584000 1.500000
104.125000 105.821000 1.696000
104.244000 105.940000 1.696000
104.266000 106.605000 2.339000
104.350000 107.575000 3.225000
104.485000 108.271000 3.786000
105.225000 108.555000 3.330000
105.508000 108.586000 3.078000
105.923000 109.241000 3.318000
105.999000 109.550000 3.551000
106.014000 110.136000 4.122000
106.573000 110.168000 3.595000
106.668000 110.310000 3.642000
106.785000 110.477000 3.692000
106.966000 110.496000 3.530000
107.203000 111.005000 3.802000
107.260000 111.068000 3.808000
107.421000 111.075000 3.654000
107.475000 111.190000 3.715000
107.892000 111.277000 3.385000
108.366000 111.536000 3.170000
108.554000 111.699000 3.145000
108.737000 112.064000 3.327000
109.314000 112.101000 2.787000
109.625000 112.498000 2.873000
110.088000 0.000000 0.000000
110.148000 112.512000 2.364000
110.168000 112.556000 2.388000
110.285000 0.000000 0.000000
110.303000 0.000000 0.000000
110.543000 112.647000 2.104000
110.875000 113.132000 2.257000
111.191000 113.197000 2.006000
111.412000 113.506000 2.094000
111.806000 113.695000 1.889000
111.828000 113.781000 1.953000
112.067000 113.809000 1.742000
112.811000 113.841000 1.030000
112.895000 114.084000 1.189000
112.932000 114.826000 1.894000
112.947000 115.047000 2.100000
112.967000 115.236000 2.269000
113.185000 115.277000 2.092000
113.295000 115.485000 2.190000
113.695000 115.991000 2.296000
113.745000 116.208000 2.463000
113.965000 116.345000 2.380000
114.114000 116.919000 2.805000
114.355000 116.986000 2.631000
114.375000 117.195000 2.820000
114.734000 117.257000 2.523000
115.155000 117.922000 2.767000
115.235000 118.055000 2.820000
115.255000 118.161000 2.906000
115.396000 118.167000 2.771000
115.594000 118.235000 2.641000
115.975000 118.343000 2.368000
116.365000 118.580000 2.215000
116.606000 118.652000 2.046000
116.745000 118.835000 2.090000
116.795000 118.966000 2.171000
117.005000 119.235000 2.230000
117.235000 119.326000 2.091000
117.281000 119.701000 2.420000
117.665000 119.825000 2.160000
117.824000 119.932000 2.108000
117.865000 0.000000 0.000000
118.073000 120.235000 2.162000
118.214000 120.317000 2.103000
118.342000 120.583000 2.241000
118.417000 120.645000 2.228000
118.474000 120.795000 2.321000
118.835000 120.900000 2.065000
118.867000 121.218000 2.351000
119.266000 121.416000 2.150000
119.304000 121.549000 2.245000
119.324000 121.577000 2.253000
119.466000 121.848000 2.382000
119.613000 122.359000 2.746000
119.745000 122.406000 2.661000
119.932000 123.581000 3.649000
120.474000 123.635000 3.161000
120.625000 124.001000 3.376000
121.026000 124.074000 3.048000
121.109000 124.137000 3.028000
121.255000 124.255000 3.000000
121.344000 124.505000 3.161000
121.549000 124.635000 3.086000
122.234000 124.675000 2.441000
122.438000 124.741000 2.303000
122.672000 124.768000 2.096000
122.784000 124.798000 2.014000
122.844000 125.216000 2.372000
123.179000 125.453000 2.274000
123.305000 125.505000 2.200000
123.435000 0.000000 0.000000
123.581000 126.246000 2.665000
123.614000 0.000000 0.000000
124.215000 126.311000 2.096000
124.504000 126.494000 1.990000
124.783000 126.518000 1.735000
124.925000 126.799000 1.874000
125.281000 127.056000 1.775000
125.600000 127.451000 1.851000
125.725000 127.779000 2.054000
125.884000 127.796000 1.912000
126.032000 127.886000 1.854000
126.225000 128.375000 2.150000
126.326000 128.420000 2.094000
126.681000 128.445000 1.764000
126.708000 128.560000 1.852000
126.784000 129.091000 2.307000
126.865000 129.227000 2.362000
127.075000 129.811000 2.736000
127.530000 129.896000 2.366000
127.720000 129.917000 2.197000
127.895000 130.526000 2.631000
127.950000 130.546000 2.596000
128.600000 130.566000 1.966000
128.701000 131.038000 2.337000
128.876000 131.150000 2.274000
129.119000 131.201000 2.082000
129.265000 131.295000 2.030000
129.508000 131.321000 1.813000
130.065000 131.335000 1.270000
130.172000 131.480000 1.308000
130.266000 131.575000 1.309000
130.406000 131.787000 1.381000
130.795000 132.105000 1.310000
131.134000 132.295000 1.161000
131.697000 132.338000 0.641000
131.712000 132.467000 0.755000
131.801000 132.566000 0.765000
131.837000 132.850000 1.013000
131.980000 133.035000 1.055000
132.504000 133.050000 0.546000
132.665000 133.640000 0.975000
132.714000 133.965000 1.251000
132.818000 134.151000 1.333000
133.285000 134.238000 0.953000
133.301000 134.815000 1.514000
133.385000 134.986000 1.601000
133.400000 135.297000 1.897000
133.425000 135.450000 2.025000
133.685000 135.960000 2.275000
133.805000 136.145000 2.340000
134.090000 136.205000 2.115000
134.253000 136.406000 2.153000
134.318000 136.674000 2.356000
135.233000 136.688000 1.455000
135.525000 136.884000 1.359000
135.683000 136.908000 1.225000
135.813000 137.086000 1.273000
135.977000 137.103000 1.126000
136.125000 137.296000 1.171000
136.495000 137.455000 0.960000
136.595000 138.333000 1.738000
136.825000 138.533000 1.708000
136.881000 138.853000 1.972000
136.967000 139.015000 2.048000
137.086000 139.200000 2.114000
137.515000 139.350000 1.835000
138.042000 139.384000 1.342000
138.355000 139.569000 1.214000
138.375000 139.635000 1.260000
138.995000 139.833000 0.838000
139.117000 139.890000 0.773000
139.569000 139.946000 0.377000
139.584000 140.156000 0.572000
139.616000 140.365000 0.749000
139.770000 140.603000 0.833000
140.665000 140.725000 0.060000
140.680000 140.778000 0.098000
140.788000 141.235000 0.447000
140.941000 141.485000 0.544000
141.415000 141.945000 0.530000
141.928000 142.451000 0.523000
142.141000 143.018000 0.877000
142.645000 143.350000 0.705000
143.175000 143.438000 0.263000
143.394000 143.541000 0.147000
143.431000 143.666000 0.235000
143.645000 143.727000 0.082000
144.342000 144.515000 0.173000
144.564000 144.586000 0.022000
144.715000 144.957000 0.242000
144.782000 145.005000 0.223000
144.802000 145.053000 0.251000
144.975000 145.706000 0.731000
145.085000 145.816000 0.731000
145.244000 145.917000 0.673000
145.324000 146.376000 1.052000
145.878000 146.666000 0.788000
146.079000 146.705000 0.626000
146.425000 147.045000 0.620000
146.445000 147.176000 0.731000
146.541000 147.218000 0.677000
147.065000 147.485000 0.420000
147.187000 147.506000 0.319000
147.233000 147.669000 0.436000
147.274000 148.020000 0.746000
147.295000 148.125000 0.830000
147.725000 148.550000 0.825000
147.860000 148.775000 0.915000
147.989000 148.949000 0.960000
148.019000 149.281000 1.262000
148.105000 149.601000 1.496000
148.166000 149.906000 1.740000
148.295000 149.926000 1.631000
148.450000 149.945000 1.495000
148.550000 150.381000 1.831000
148.765000 150.535000 1.770000
148.975000 150.700000 1.725000
149.071000 151.078000 2.007000
149.110000 151.231000 2.121000
149.464000 151.302000 1.838000
149.720000 152.385000 2.665000
149.743000 152.401000 2.658000
149.849000 152.475000 2.626000
149.961000 152.666000 2.705000
150.052000 152.762000 2.710000
150.419000 152.845000 2.426000
150.514000 152.926000 2.412000
151.210000 153.118000 1.908000
