client_2.log: seed=111, lambda=4.650000, T=150, total_pkts=647, total_drops=15
1.864000 2.461000 0.597000
1.973000 2.501000 0.528000
2.365000 2.799000 0.434000
2.493000 3.029000 0.536000
2.837000 3.466000 0.629000
2.931000 3.571000 0.640000
2.995000 3.634000 0.639000
3.571000 3.867000 0.296000
3.884000 3.939000 0.055000
4.366000 4.953000 0.587000
4.449000 4.987000 0.538000
5.532000 5.658000 0.126000
6.302000 6.568000 0.266000
6.915000 7.565000 0.650000
6.975000 7.640000 0.665000
7.318000 7.675000 0.357000
7.783000 7.936000 0.153000
8.115000 8.526000 0.411000
8.380000 8.622000 0.242000
8.810000 9.052000 0.242000
9.073000 9.172000 0.099000
9.274000 9.471000 0.197000
9.435000 9.525000 0.090000
9.575000 9.924000 0.349000
10.334000 10.585000 0.251000
10.495000 10.736000 0.241000
11.094000 11.447000 0.353000
11.132000 11.448000 0.316000
11.545000 11.952000 0.407000
12.266000 12.293000 0.027000
12.574000 12.604000 0.030000
12.695000 12.795000 0.100000
13.024000 13.296000 0.272000
13.105000 13.390000 0.285000
13.225000 14.375000 1.150000
13.629000 14.385000 0.756000
13.715000 14.444000 0.729000
13.790000 14.508000 0.718000
13.818000 14.569000 0.751000
13.934000 14.626000 0.692000
14.460000 14.641000 0.181000
14.594000 14.919000 0.325000
14.820000 15.258000 0.438000
14.906000 15.359000 0.453000
14.971000 15.411000 0.440000
15.055000 15.623000 0.568000
15.321000 16.209000 0.888000
15.410000 16.873000 1.463000
15.711000 16.967000 1.256000
15.730000 17.120000 1.390000
15.770000 17.208000 1.438000
15.796000 17.372000 1.576000
15.985000 17.667000 1.682000
16.095000 17.769000 1.674000
17.225000 17.801000 0.576000
17.405000 18.102000 0.697000
17.795000 18.488000 0.693000
17.838000 18.786000 0.948000
18.027000 19.598000 1.571000
18.053000 19.850000 1.797000
18.221000 19.896000 1.675000
18.275000 20.146000 1.871000
18.335000 20.169000 1.834000
18.487000 20.295000 1.808000
18.764000 20.449000 1.685000
18.825000 20.536000 1.711000
18.845000 20.861000 2.016000
18.914000 20.885000 1.971000
19.081000 21.136000 2.055000
19.215000 21.237000 2.022000
19.318000 21.345000 2.027000
19.596000 21.469000 1.873000
20.085000 21.503000 1.418000
20.158000 21.522000 1.364000
20.416000 21.652000 1.236000
20.580000 21.947000 1.367000
20.700000 22.219000 1.519000
20.883000 22.235000 1.352000
20.965000 22.838000 1.873000
21.089000 23.269000 2.180000
21.235000 23.376000 2.141000
21.624000 23.429000 1.805000
21.650000 23.538000 1.888000
21.734000 23.751000 2.017000
21.805000 23.819000 2.014000
22.433000 23.972000 1.539000
22.627000 24.017000 1.390000
22.675000 24.115000 1.440000
23.375000 24.466000 1.091000
23.565000 24.650000 1.085000
23.741000 24.746000 1.005000
24.315000 24.776000 0.461000
24.415000 24.851000 0.436000
24.565000 25.026000 0.461000
24.707000 25.044000 0.337000
25.224000 25.346000 0.122000
25.390000 25.495000 0.105000
25.632000 25.776000 0.144000
26.095000 26.258000 0.163000
26.114000 26.540000 0.426000
26.425000 26.835000 0.410000
26.673000 26.892000 0.219000
26.724000 26.901000 0.177000
27.185000 27.276000 0.091000
27.345000 27.355000 0.010000
27.625000 27.795000 0.170000
27.705000 28.041000 0.336000
28.099000 28.285000 0.186000
28.455000 28.536000 0.081000
28.665000 28.770000 0.105000
29.084000 29.335000 0.251000
29.117000 29.471000 0.354000
29.438000 29.670000 0.232000
30.144000 30.366000 0.222000
30.195000 30.393000 0.198000
30.255000 30.838000 0.583000
30.552000 31.260000 0.708000
30.585000 31.406000 0.821000
30.768000 31.699000 0.931000
30.795000 31.806000 1.011000
30.983000 32.050000 1.067000
32.005000 32.165000 0.160000
32.145000 32.246000 0.101000
32.335000 32.620000 0.285000
32.700000 32.816000 0.116000
32.804000 32.911000 0.107000
33.375000 33.395000 0.020000
33.405000 33.476000 0.071000
33.694000 33.747000 0.053000
33.926000 34.288000 0.362000
34.083000 34.316000 0.233000
35.149000 35.650000 0.501000
35.374000 35.695000 0.321000
35.703000 35.782000 0.079000
36.434000 36.545000 0.111000
36.634000 36.919000 0.285000
36.775000 37.036000 0.261000
36.945000 37.182000 0.237000
37.555000 37.816000 0.261000
37.768000 37.837000 0.069000
37.785000 37.866000 0.081000
37.915000 38.116000 0.201000
38.035000 38.371000 0.336000
38.077000 38.388000 0.311000
38.116000 38.871000 0.755000
38.387000 38.896000 0.509000
38.455000 39.127000 0.672000
38.623000 39.221000 0.598000
38.716000 39.241000 0.525000
38.947000 39.593000 0.646000
39.033000 39.635000 0.602000
39.709000 39.878000 0.169000
40.032000 40.157000 0.125000
40.425000 40.475000 0.050000
40.665000 41.119000 0.454000
41.445000 41.581000 0.136000
41.674000 42.070000 0.396000
41.735000 42.287000 0.552000
41.790000 43.254000 1.464000
41.845000 43.446000 1.601000
42.201000 43.920000 1.719000
42.425000 44.215000 1.790000
42.498000 44.862000 2.364000
42.500000 45.230000 2.730000
42.534000 45.869000 3.335000
42.705000 45.881000 3.176000
42.754000 46.545000 3.791000
42.815000 46.562000 3.747000
42.875000 46.735000 3.860000
43.575000 46.886000 3.311000
43.828000 46.968000 3.140000
43.980000 47.155000 3.175000
44.006000 47.415000 3.409000
44.525000 47.849000 3.324000
44.544000 48.003000 3.459000
44.555000 48.196000 3.641000
44.909000 48.756000 3.847000
45.229000 48.775000 3.546000
45.869000 49.341000 3.472000
45.955000 49.456000 3.501000
46.205000 49.697000 3.492000
46.305000 0.000000 0.000000
46.408000 0.000000 0.000000
47.225000 50.141000 2.916000
47.365000 50.485000 3.120000
47.382000 50.517000 3.135000
47.974000 50.915000 2.941000
48.067000 50.992000 2.925000
48.080000 51.201000 3.121000
48.169000 51.270000 3.101000
48.515000 51.383000 2.868000
49.245000 52.067000 2.822000
50.640000 52.095000 1.455000
50.860000 52.490000 1.630000
50.869000 52.491000 1.622000
50.930000 52.536000 1.606000
51.157000 52.619000 1.462000
51.383000 53.241000 1.858000
51.450000 53.456000 2.006000
52.033000 53.813000 1.780000
52.064000 53.876000 1.812000
52.309000 54.001000 1.692000
52.355000 54.254000 1.899000
52.418000 54.511000 2.093000
52.470000 54.845000 2.375000
52.905000 55.128000 2.223000
53.491000 55.130000 1.639000
54.050000 55.185000 1.135000
54.075000 55.505000 1.430000
54.180000 55.925000 1.745000
54.295000 55.995000 1.700000
54.675000 56.253000 1.578000
55.030000 56.341000 1.311000
55.469000 56.528000 1.059000
55.545000 56.785000 1.240000
55.595000 56.805000 1.210000
55.731000 56.921000 1.190000
55.764000 56.969000 1.205000
56.060000 57.194000 1.134000
56.072000 57.362000 1.290000
56.180000 57.630000 1.450000
56.211000 57.708000 1.497000
56.415000 57.725000 1.310000
57.378000 58.083000 0.705000
57.500000 58.264000 0.764000
57.515000 58.284000 0.769000
57.570000 59.119000 1.549000
58.263000 59.206000 0.943000
58.614000 59.504000 0.890000
58.985000 59.985000 1.000000
59.475000 60.975000 1.500000
59.665000 60.996000 1.331000
59.781000 61.397000 1.616000
60.234000 61.802000 1.568000
60.433000 62.252000 1.819000
60.945000 62.496000 1.551000
60.975000 62.581000 1.606000
61.011000 62.700000 1.689000
61.115000 62.762000 1.647000
61.397000 62.916000 1.519000
62.089000 63.023000 0.934000
62.123000 63.115000 0.992000
62.251000 63.210000 0.959000
62.415000 63.446000 1.031000
62.441000 63.768000 1.327000
63.045000 63.950000 0.905000
63.283000 64.206000 0.923000
63.360000 64.535000 1.175000
63.455000 64.703000 1.248000
64.005000 64.814000 0.809000
64.038000 64.829000 0.791000
64.363000 64.919000 0.556000
64.546000 65.521000 0.975000
64.965000 65.541000 0.576000
65.060000 65.630000 0.570000
65.233000 65.896000 0.663000
65.249000 66.150000 0.901000
65.568000 66.187000 0.619000
66.051000 66.236000 0.185000
66.451000 66.492000 0.041000
66.682000 66.916000 0.234000
67.001000 67.178000 0.177000
67.399000 67.435000 0.036000
67.700000 67.733000 0.033000
67.723000 67.888000 0.165000
67.767000 68.316000 0.549000
68.167000 68.329000 0.162000
68.462000 68.643000 0.181000
68.699000 68.733000 0.034000
68.843000 69.024000 0.181000
69.143000 69.169000 0.026000
69.168000 69.589000 0.421000
69.256000 70.500000 1.244000
69.310000 70.545000 1.235000
69.391000 70.600000 1.209000
69.418000 70.601000 1.183000
69.463000 71.119000 1.656000
69.533000 71.269000 1.736000
69.658000 71.397000 1.739000
69.881000 71.478000 1.597000
70.065000 72.263000 2.198000
70.439000 72.343000 1.904000
70.665000 72.510000 1.845000
70.786000 72.627000 1.841000
71.044000 72.844000 1.800000
71.433000 72.900000 1.467000
72.335000 73.403000 1.068000
72.510000 73.420000 0.910000
72.777000 73.960000 1.183000
72.833000 74.099000 1.266000
73.132000 74.343000 1.211000
73.345000 74.784000 1.439000
73.539000 75.286000 1.747000
73.567000 75.301000 1.734000
74.045000 75.494000 1.449000
74.307000 75.556000 1.249000
75.134000 75.577000 0.443000
75.400000 75.951000 0.551000
75.484000 76.307000 0.823000
75.556000 76.579000 1.023000
75.631000 76.820000 1.189000
75.905000 76.956000 1.051000
76.066000 77.037000 0.971000
76.159000 77.079000 0.920000
76.556000 77.325000 0.769000
76.606000 77.366000 0.760000
77.479000 77.533000 0.054000
77.595000 77.645000 0.050000
77.632000 78.200000 0.568000
77.725000 78.319000 0.594000
77.816000 78.346000 0.530000
77.966000 78.931000 0.965000
78.095000 79.116000 1.021000
78.338000 79.146000 0.808000
78.552000 79.236000 0.684000
78.593000 79.268000 0.675000
78.665000 79.584000 0.919000
78.752000 79.823000 1.071000
78.931000 80.584000 1.653000
79.271000 80.672000 1.401000
79.625000 80.941000 1.316000
79.655000 81.051000 1.396000
79.682000 81.237000 1.555000
79.786000 81.319000 1.533000
79.852000 81.956000 2.104000
79.980000 82.151000 2.171000
80.678000 82.180000 1.502000
80.811000 82.500000 1.689000
81.339000 82.567000 1.228000
81.346000 82.901000 1.555000
81.356000 83.326000 1.970000
81.380000 83.412000 2.032000
81.586000 83.617000 2.031000
81.759000 83.873000 2.114000
81.806000 83.952000 2.146000
81.931000 84.018000 2.087000
81.970000 84.172000 2.202000
82.016000 84.189000 2.173000
82.036000 84.215000 2.179000
82.275000 84.266000 1.991000
82.371000 84.454000 2.083000
82.811000 84.817000 2.006000
82.914000 84.846000 1.932000
83.141000 85.876000 2.735000
83.186000 85.952000 2.766000
83.521000 86.237000 2.716000
83.871000 86.334000 2.463000
84.319000 86.336000 2.017000
84.368000 86.831000 2.463000
84.506000 86.957000 2.451000
84.541000 87.549000 3.008000
84.769000 87.892000 3.123000
84.796000 88.139000 3.343000
85.176000 88.627000 3.451000
85.335000 88.846000 3.511000
85.396000 89.046000 3.650000
85.686000 89.468000 3.782000
85.805000 89.838000 4.033000
85.825000 0.000000 0.000000
86.116000 90.291000 4.175000
86.236000 90.996000 4.760000
86.284000 91.057000 4.773000
86.495000 91.220000 4.725000
86.544000 91.433000 4.889000
86.805000 0.000000 0.000000
87.048000 91.696000 4.648000
87.204000 91.777000 4.573000
87.302000 0.000000 0.000000
87.485000 0.000000 0.000000
87.741000 92.386000 4.645000
87.981000 92.657000 4.676000
88.020000 0.000000 0.000000
88.186000 92.677000 4.491000
88.309000 0.000000 0.000000
88.506000 0.000000 0.000000
88.776000 92.866000 4.090000
88.971000 92.897000 3.926000
89.568000 93.078000 3.510000
89.796000 93.242000 3.446000
89.977000 93.317000 3.340000
90.171000 0.000000 0.000000
90.333000 93.406000 3.073000
90.861000 0.000000 0.000000
90.938000 0.000000 0.000000
91.287000 93.517000 2.230000
91.341000 93.747000 2.406000
91.605000 93.789000 2.184000
91.902000 94.136000 2.234000
92.050000 94.266000 2.216000
92.179000 94.391000 2.212000
92.256000 0.000000 0.000000
93.353000 94.440000 1.087000
93.785000 94.961000 1.176000
94.045000 95.166000 1.121000
94.115000 95.731000 1.616000
94.345000 95.870000 1.525000
94.796000 96.079000 1.283000
95.086000 96.277000 1.191000
95.146000 96.431000 1.285000
95.294000 96.523000 1.229000
95.411000 96.641000 1.230000
95.686000 96.777000 1.091000
95.841000 96.797000 0.956000
95.951000 96.824000 0.873000
96.290000 97.001000 0.711000
96.431000 97.106000 0.675000
96.486000 97.643000 1.157000
97.765000 97.975000 0.210000
98.016000 98.046000 0.030000
98.126000 98.277000 0.151000
98.151000 98.391000 0.240000
98.429000 98.478000 0.049000
98.437000 98.591000 0.154000
98.635000 98.746000 0.111000
98.704000 98.782000 0.078000
98.876000 99.325000 0.449000
98.904000 99.706000 0.802000
98.982000 99.739000 0.757000
99.183000 99.799000 0.616000
99.349000 99.877000 0.528000
99.399000 100.105000 0.706000
99.445000 100.213000 0.768000
99.856000 100.232000 0.376000
99.969000 100.313000 0.344000
100.158000 100.511000 0.353000
100.340000 100.551000 0.211000
100.674000 100.696000 0.022000
101.085000 101.622000 0.537000
101.518000 101.636000 0.118000
101.634000 102.357000 0.723000
101.653000 102.406000 0.753000
101.673000 102.596000 0.923000
101.947000 102.703000 0.756000
102.256000 102.927000 0.671000
102.776000 102.968000 0.192000
102.827000 103.397000 0.570000
102.986000 103.420000 0.434000
103.173000 103.452000 0.279000
103.276000 103.526000 0.250000
103.451000 103.580000 0.129000
103.474000 103.666000 0.192000
103.875000 104.703000 0.828000
104.266000 104.732000 0.466000
104.376000 104.889000 0.513000
104.486000 105.148000 0.662000
104.857000 105.709000 0.852000
104.990000 105.797000 0.807000
105.839000 105.861000 0.022000
106.686000 106.798000 0.112000
106.706000 107.006000 0.300000
107.050000 107.322000 0.272000
107.206000 107.768000 0.562000
107.767000 107.864000 0.097000
107.785000 108.057000 0.272000
107.794000 108.961000 1.167000
108.172000 109.231000 1.059000
108.373000 109.300000 0.927000
108.426000 109.308000 0.882000
108.609000 109.402000 0.793000
108.720000 109.846000 1.126000
108.985000 109.886000 0.901000
109.051000 109.928000 0.877000
109.064000 110.001000 0.937000
109.081000 110.169000 1.088000
109.235000 110.618000 1.383000
109.516000 110.862000 1.346000
109.866000 110.987000 1.121000
110.079000 111.657000 1.578000
110.236000 112.618000 2.382000
110.269000 113.322000 3.053000
110.395000 113.602000 3.207000
110.416000 113.635000 3.219000
110.489000 114.298000 3.809000
110.636000 114.605000 3.969000
111.431000 115.193000 3.762000
111.731000 115.225000 3.494000
112.171000 115.363000 3.192000
112.246000 115.516000 3.270000
112.266000 115.531000 3.265000
112.872000 116.056000 3.184000
112.966000 116.127000 3.161000
113.094000 116.147000 3.053000
113.293000 116.267000 2.974000
113.540000 116.363000 2.823000
113.582000 116.632000 3.050000
113.744000 116.794000 3.050000
113.792000 117.164000 3.372000
114.247000 0.000000 0.000000
114.775000 117.198000 2.423000
114.966000 117.592000 2.626000
115.178000 0.000000 0.000000
115.795000 117.620000 1.825000
116.125000 117.680000 1.555000
116.631000 117.777000 1.146000
116.699000 118.265000 1.566000
116.715000 118.326000 1.611000
116.831000 118.643000 1.812000
116.851000 118.819000 1.968000
117.101000 118.902000 1.801000
117.436000 118.940000 1.504000
117.756000 118.974000 1.218000
117.982000 119.218000 1.236000
118.407000 119.957000 1.550000
118.425000 120.161000 1.736000
118.686000 120.347000 1.661000
119.476000 120.370000 0.894000
119.569000 120.567000 0.998000
119.603000 121.074000 1.471000
119.620000 121.289000 1.669000
119.632000 121.430000 1.798000
119.866000 121.998000 2.132000
119.989000 122.082000 2.093000
120.406000 122.286000 1.880000
120.462000 122.350000 1.888000
120.710000 123.017000 2.307000
120.861000 123.162000 2.301000
121.116000 123.279000 2.163000
121.131000 123.294000 2.163000
121.520000 123.350000 1.830000
121.976000 123.480000 1.504000
122.056000 123.709000 1.653000
122.079000 123.766000 1.687000
122.216000 123.943000 1.727000
122.436000 124.082000 1.646000
122.845000 124.345000 1.500000
123.251000 124.426000 1.175000
123.522000 124.811000 1.289000
123.661000 124.926000 1.265000
123.709000 125.038000 1.329000
123.928000 125.347000 1.419000
124.172000 125.444000 1.272000
124.226000 125.717000 1.491000
124.641000 125.777000 1.136000
124.809000 125.927000 1.118000
124.851000 126.038000 1.187000
125.070000 126.348000 1.278000
125.225000 126.548000 1.323000
125.366000 126.677000 1.311000
125.452000 126.712000 1.260000
125.516000 126.987000 1.471000
125.896000 127.497000 1.601000
125.927000 127.557000 1.630000
126.366000 128.736000 2.370000
126.410000 128.791000 2.381000
126.436000 129.146000 2.710000
126.596000 129.219000 2.623000
126.758000 129.282000 2.524000
126.895000 129.402000 2.507000
127.086000 129.656000 2.570000
127.666000 129.783000 2.117000
127.819000 129.817000 1.998000
128.253000 129.886000 1.633000
128.355000 129.902000 1.547000
128.505000 129.941000 1.436000
128.596000 130.343000 1.747000
128.806000 130.577000 1.771000
129.525000 130.637000 1.112000
129.741000 131.369000 1.628000
129.981000 131.436000 1.455000
130.107000 131.616000 1.509000
130.179000 131.637000 1.458000
130.531000 131.921000 1.390000
130.678000 132.178000 1.500000
130.821000 132.580000 1.759000
130.980000 132.918000 1.938000
131.021000 132.933000 1.912000
131.656000 133.019000 1.363000
131.966000 133.495000 1.529000
132.266000 133.546000 1.280000
132.406000 133.576000 1.170000
132.789000 133.691000 0.902000
133.133000 134.216000 1.083000
133.267000 134.344000 1.077000
133.454000 134.938000 1.484000
133.612000 135.017000 1.405000
133.815000 135.035000 1.220000
133.923000 135.645000 1.722000
134.312000 135.664000 1.352000
134.343000 135.696000 1.353000
134.436000 136.169000 1.733000
134.533000 136.285000 1.752000
134.745000 136.347000 1.602000
135.230000 136.457000 1.227000
135.440000 136.473000 1.033000
135.622000 136.489000 0.867000
135.676000 136.626000 0.950000
136.369000 136.710000 0.341000
136.472000 136.927000 0.455000
136.666000 137.250000 0.584000
136.926000 137.431000 0.505000
137.065000 137.456000 0.391000
137.331000 137.585000 0.254000
137.915000 138.022000 0.107000
138.034000 138.326000 0.292000
138.137000 138.506000 0.369000
138.281000 138.521000 0.240000
138.696000 139.286000 0.590000
139.066000 139.615000 0.549000
139.666000 139.852000 0.186000
139.683000 139.935000 0.252000
139.774000 140.514000 0.740000
139.829000 140.678000 0.849000
139.979000 140.981000 1.002000
140.535000 141.137000 0.602000
140.715000 141.647000 0.932000
140.775000 141.824000 1.049000
140.887000 141.884000 0.997000
141.379000 142.077000 0.698000
141.395000 142.354000 0.959000
141.476000 142.376000 0.900000
141.491000 142.572000 1.081000
141.518000 142.594000 1.076000
141.805000 142.767000 0.962000
141.931000 142.787000 0.856000
142.226000 142.971000 0.745000
142.405000 143.111000 0.706000
142.481000 143.989000 1.508000
143.447000 144.188000 0.741000
143.746000 144.506000 0.760000
143.930000 144.668000 0.738000
144.056000 144.852000 0.796000
144.221000 145.013000 0.792000
144.375000 145.052000 0.677000
144.767000 145.235000 0.468000
144.869000 145.296000 0.427000
145.116000 145.486000 0.370000
145.171000 145.526000 0.355000
145.264000 145.569000 0.305000
145.376000 145.776000 0.400000
145.835000 146.052000 0.217000
146.405000 146.657000 0.252000
146.743000 146.816000 0.073000
146.753000 146.862000 0.109000
147.426000 147.863000 0.437000
147.566000 148.095000 0.529000
148.050000 148.547000 0.497000
148.066000 149.054000 0.988000
148.094000 149.627000 1.533000
148.251000 149.966000 1.715000
149.196000 150.051000 0.855000
149.226000 150.154000 0.928000
149.336000 150.263000 0.927000
149.500000 150.332000 0.832000
149.995000 150.503000 0.508000
150.556000 150.585000 0.029000
150.786000 151.019000 0.233000
151.305000 151.356000 0.051000
