client_1.log: seed=111, lambda=4.600000, T=150, total_pkts=640, total_drops=14
1.802000 2.408000 0.606000
1.913000 2.449000 0.536000
2.325000 2.756000 0.431000
2.448000 2.979000 0.531000
2.804000 3.402000 0.598000
2.919000 3.511000 0.592000
2.979000 3.564000 0.585000
3.564000 3.785000 0.221000
3.872000 3.921000 0.049000
4.412000 4.986000 0.574000
4.555000 5.017000 0.462000
5.649000 5.785000 0.136000
6.427000 6.697000 0.270000
7.049000 7.696000 0.647000
7.105000 7.768000 0.663000
7.440000 7.802000 0.362000
7.907000 8.054000 0.147000
8.252000 8.676000 0.424000
8.519000 8.770000 0.251000
8.955000 9.209000 0.254000
9.217000 9.309000 0.092000
9.418000 9.620000 0.202000
9.560000 9.669000 0.109000
9.697000 10.057000 0.360000
10.465000 10.718000 0.253000
10.618000 10.865000 0.247000
11.225000 11.579000 0.354000
11.261000 11.580000 0.319000
11.679000 12.091000 0.412000
12.396000 12.428000 0.032000
12.719000 12.750000 0.031000
12.829000 12.928000 0.099000
13.172000 13.435000 0.263000
13.259000 13.529000 0.270000
13.383000 14.521000 1.138000
13.800000 14.535000 0.735000
13.906000 14.588000 0.682000
13.976000 14.665000 0.689000
14.008000 14.719000 0.711000
14.124000 14.776000 0.652000
14.650000 14.792000 0.142000
14.792000 15.060000 0.268000
15.018000 15.386000 0.368000
15.116000 15.486000 0.370000
15.168000 15.529000 0.361000
15.249000 15.743000 0.494000
15.528000 16.321000 0.793000
15.617000 16.978000 1.361000
15.912000 17.072000 1.160000
15.919000 17.221000 1.302000
15.950000 17.311000 1.361000
15.968000 17.475000 1.507000
16.164000 17.761000 1.597000
16.272000 17.860000 1.588000
17.408000 17.888000 0.480000
17.582000 18.199000 0.617000
17.983000 18.583000 0.600000
18.019000 18.878000 0.859000
18.207000 19.681000 1.474000
18.219000 19.925000 1.706000
18.393000 19.965000 1.572000
18.438000 20.212000 1.774000
18.499000 20.228000 1.729000
18.638000 20.346000 1.708000
18.919000 20.499000 1.580000
18.990000 20.588000 1.598000
19.028000 20.918000 1.890000
19.089000 20.942000 1.853000
19.268000 21.196000 1.928000
19.398000 21.300000 1.902000
19.501000 21.415000 1.914000
19.777000 21.541000 1.764000
20.266000 21.565000 1.299000
20.346000 21.582000 1.236000
20.599000 21.723000 1.124000
20.776000 22.000000 1.224000
20.895000 22.279000 1.384000
21.069000 22.297000 1.228000
21.146000 22.896000 1.750000
21.269000 23.329000 2.060000
21.415000 23.431000 2.016000
21.796000 23.488000 1.692000
21.822000 23.589000 1.767000
21.907000 23.815000 1.908000
21.979000 23.869000 1.890000
22.609000 24.031000 1.422000
22.808000 24.082000 1.274000
22.847000 24.170000 1.323000
23.548000 24.513000 0.965000
23.752000 24.695000 0.943000
23.927000 24.785000 0.858000
24.512000 24.817000 0.305000
24.619000 24.891000 0.272000
24.784000 25.078000 0.294000
24.928000 25.099000 0.171000
25.449000 25.562000 0.113000
25.599000 25.689000 0.090000
25.837000 25.981000 0.144000
26.299000 26.457000 0.158000
26.316000 26.733000 0.417000
26.641000 27.039000 0.398000
26.889000 27.099000 0.210000
26.941000 27.118000 0.177000
27.409000 27.502000 0.093000
27.581000 27.600000 0.019000
27.869000 28.038000 0.169000
27.954000 28.292000 0.338000
28.360000 28.546000 0.186000
28.719000 28.805000 0.086000
28.941000 29.039000 0.098000
29.369000 29.619000 0.250000
29.405000 29.751000 0.346000
29.719000 29.945000 0.226000
30.437000 30.660000 0.223000
30.478000 30.684000 0.206000
30.529000 31.136000 0.607000
30.837000 31.550000 0.713000
30.874000 31.699000 0.825000
31.058000 31.975000 0.917000
31.088000 32.081000 0.993000
31.283000 32.327000 1.044000
32.321000 32.445000 0.124000
32.469000 32.560000 0.091000
32.664000 32.955000 0.291000
33.027000 33.134000 0.107000
33.134000 33.226000 0.092000
33.708000 33.717000 0.009000
33.740000 33.821000 0.081000
34.024000 34.080000 0.056000
34.245000 34.609000 0.364000
34.419000 34.628000 0.209000
35.509000 36.001000 0.492000
35.730000 36.041000 0.311000
36.075000 36.147000 0.072000
36.819000 36.942000 0.123000
37.004000 37.286000 0.282000
37.143000 37.398000 0.255000
37.316000 37.548000 0.232000
37.937000 38.195000 0.258000
38.154000 38.223000 0.069000
38.179000 38.251000 0.072000
38.316000 38.526000 0.210000
38.449000 38.783000 0.334000
38.495000 38.796000 0.301000
38.525000 39.270000 0.745000
38.795000 39.300000 0.505000
38.872000 39.523000 0.651000
39.038000 39.615000 0.577000
39.142000 39.638000 0.496000
39.375000 39.990000 0.615000
39.469000 40.023000 0.554000
40.137000 40.300000 0.163000
40.466000 40.596000 0.130000
40.871000 40.918000 0.047000
41.119000 41.580000 0.461000
41.899000 42.031000 0.132000
42.141000 42.536000 0.395000
42.187000 42.757000 0.570000
42.227000 43.709000 1.482000
42.284000 43.911000 1.627000
42.634000 44.384000 1.750000
42.864000 44.672000 1.808000
42.938000 45.321000 2.383000
42.938000 45.698000 2.760000
42.981000 46.336000 3.355000
43.149000 46.345000 3.196000
43.188000 47.012000 3.824000
43.253000 47.037000 3.784000
43.316000 47.222000 3.906000
44.019000 47.383000 3.364000
44.269000 47.459000 3.190000
44.430000 47.658000 3.228000
44.457000 47.919000 3.462000
44.997000 48.356000 3.359000
45.022000 48.501000 3.479000
45.036000 48.700000 3.664000
45.396000 49.261000 3.865000
45.717000 49.269000 3.552000
46.359000 49.834000 3.475000
46.444000 49.950000 3.506000
46.700000 50.172000 3.472000
46.799000 0.000000 0.000000
46.901000 0.000000 0.000000
47.727000 50.599000 2.872000
47.886000 50.950000 3.064000
47.905000 50.980000 3.075000
48.499000 51.391000 2.892000
48.589000 51.474000 2.885000
48.599000 51.680000 3.081000
48.699000 51.752000 3.053000
49.049000 51.851000 2.802000
49.795000 52.540000 2.745000
51.199000 52.565000 1.366000
51.419000 52.959000 1.540000
51.429000 52.959000 1.530000
51.488000 52.997000 1.509000
51.719000 53.068000 1.349000
51.946000 53.718000 1.772000
52.024000 53.939000 1.915000
52.618000 54.288000 1.670000
52.662000 54.350000 1.688000
52.914000 54.490000 1.576000
52.959000 54.739000 1.780000
53.032000 54.996000 1.964000
53.096000 55.329000 2.233000
53.523000 55.608000 2.085000
54.119000 55.615000 1.496000
54.694000 55.665000 0.971000
54.721000 55.989000 1.268000
54.829000 56.424000 1.595000
54.946000 56.498000 1.552000
55.319000 56.778000 1.459000
55.679000 56.854000 1.175000
56.113000 57.028000 0.915000
56.188000 57.285000 1.097000
56.231000 57.306000 1.075000
56.369000 57.416000 1.047000
56.419000 57.450000 1.031000
56.714000 57.628000 0.914000
56.751000 57.795000 1.044000
56.864000 58.073000 1.209000
56.895000 58.150000 1.255000
57.088000 58.172000 1.084000
58.069000 58.531000 0.462000
58.200000 58.723000 0.523000
58.220000 58.745000 0.525000
58.285000 59.585000 1.300000
58.985000 59.680000 0.695000
59.341000 59.980000 0.639000
59.729000 60.452000 0.723000
60.219000 61.441000 1.222000
60.429000 61.459000 1.030000
60.541000 61.860000 1.319000
60.992000 62.283000 1.291000
61.196000 62.738000 1.542000
61.708000 62.982000 1.274000
61.739000 63.049000 1.310000
61.769000 63.154000 1.385000
61.877000 63.218000 1.341000
62.159000 63.378000 1.219000
62.857000 63.470000 0.613000
62.900000 63.550000 0.650000
63.011000 63.636000 0.625000
63.176000 63.881000 0.705000
63.191000 64.188000 0.997000
63.810000 64.378000 0.568000
64.053000 64.638000 0.585000
64.119000 64.934000 0.815000
64.217000 65.097000 0.880000
64.753000 65.198000 0.445000
64.783000 65.217000 0.434000
65.116000 65.307000 0.191000
65.305000 65.894000 0.589000
65.728000 65.918000 0.190000
65.817000 65.995000 0.178000
65.979000 66.249000 0.270000
65.995000 66.514000 0.519000
66.322000 66.552000 0.230000
66.819000 66.859000 0.040000
67.217000 67.251000 0.034000
67.444000 67.689000 0.245000
67.769000 67.940000 0.171000
68.169000 68.210000 0.041000
68.469000 68.498000 0.029000
68.479000 68.646000 0.167000
68.529000 69.071000 0.542000
68.941000 69.087000 0.146000
69.248000 69.408000 0.160000
69.477000 69.521000 0.044000
69.629000 69.790000 0.161000
69.919000 69.930000 0.011000
69.937000 70.359000 0.422000
70.025000 71.260000 1.235000
70.079000 71.300000 1.221000
70.158000 71.365000 1.207000
70.191000 71.366000 1.175000
70.238000 71.889000 1.651000
70.300000 72.020000 1.720000
70.420000 72.151000 1.731000
70.637000 72.239000 1.602000
70.824000 73.022000 2.198000
71.199000 73.107000 1.908000
71.438000 73.273000 1.835000
71.566000 73.389000 1.823000
71.818000 73.605000 1.787000
72.222000 73.663000 1.441000
73.122000 74.171000 1.049000
73.299000 74.188000 0.889000
73.524000 74.730000 1.206000
73.569000 74.870000 1.301000
73.885000 75.121000 1.236000
74.111000 75.575000 1.464000
74.299000 76.079000 1.780000
74.328000 76.091000 1.763000
74.815000 76.275000 1.460000
75.089000 76.340000 1.251000
75.919000 76.350000 0.431000
76.189000 76.714000 0.525000
76.281000 77.067000 0.786000
76.350000 77.347000 0.997000
76.424000 77.592000 1.168000
76.698000 77.728000 1.030000
76.849000 77.801000 0.952000
76.930000 77.840000 0.910000
77.346000 78.094000 0.748000
77.399000 78.139000 0.740000
78.288000 78.340000 0.052000
78.408000 78.452000 0.044000
78.439000 79.000000 0.561000
78.529000 79.110000 0.581000
78.620000 79.131000 0.511000
78.758000 79.719000 0.961000
78.889000 79.906000 1.017000
79.138000 79.942000 0.804000
79.344000 80.023000 0.679000
79.345000 80.050000 0.705000
79.418000 80.360000 0.942000
79.511000 80.582000 1.071000
79.696000 81.333000 1.637000
80.049000 81.409000 1.360000
80.409000 81.665000 1.256000
80.459000 81.779000 1.320000
80.473000 81.978000 1.505000
80.569000 82.052000 1.483000
80.629000 82.700000 2.071000
80.763000 82.898000 2.135000
81.483000 82.922000 1.439000
81.624000 83.235000 1.611000
82.141000 83.299000 1.158000
82.155000 83.635000 1.480000
82.163000 84.075000 1.912000
82.188000 84.158000 1.970000
82.399000 84.369000 1.970000
82.599000 84.630000 2.031000
82.658000 84.711000 2.053000
82.790000 84.773000 1.983000
82.822000 84.937000 2.115000
82.878000 84.952000 2.074000
82.897000 84.969000 2.072000
83.128000 85.018000 1.890000
83.217000 85.207000 1.990000
83.662000 85.570000 1.908000
83.764000 85.607000 1.843000
83.989000 86.629000 2.640000
84.019000 86.705000 2.686000
84.369000 86.986000 2.617000
84.719000 87.081000 2.362000
85.169000 87.081000 1.912000
85.221000 87.576000 2.355000
85.365000 87.706000 2.341000
85.396000 88.293000 2.897000
85.626000 88.630000 3.004000
85.651000 88.863000 3.212000
86.029000 89.336000 3.307000
86.195000 89.571000 3.376000
86.254000 89.765000 3.511000
86.543000 90.193000 3.650000
86.646000 90.574000 3.928000
86.665000 91.033000 4.368000
86.959000 91.736000 4.777000
87.080000 91.811000 4.731000
87.135000 91.984000 4.849000
87.360000 92.199000 4.839000
87.518000 0.000000 0.000000
87.785000 92.463000 4.678000
88.028000 92.535000 4.507000
88.183000 0.000000 0.000000
88.283000 0.000000 0.000000
88.457000 93.137000 4.680000
88.719000 93.412000 4.693000
88.981000 93.438000 4.457000
89.064000 0.000000 0.000000
89.265000 0.000000 0.000000
89.387000 93.624000 4.237000
89.594000 93.660000 4.066000
89.863000 93.834000 3.971000
90.054000 0.000000 0.000000
90.659000 93.999000 3.340000
90.881000 94.064000 3.183000
91.057000 94.160000 3.103000
91.250000 0.000000 0.000000
91.415000 0.000000 0.000000
91.950000 94.258000 2.308000
92.030000 94.487000 2.457000
92.374000 94.524000 2.150000
92.415000 94.857000 2.442000
92.684000 94.985000 2.301000
92.977000 95.105000 2.128000
93.122000 0.000000 0.000000
93.251000 95.144000 1.893000
93.331000 0.000000 0.000000
94.433000 95.660000 1.227000
94.880000 95.858000 0.978000
95.144000 96.422000 1.278000
95.213000 96.558000 1.345000
95.438000 96.763000 1.325000
95.898000 96.955000 1.057000
96.189000 97.115000 0.926000
96.230000 97.202000 0.972000
96.372000 97.324000 0.952000
96.478000 97.455000 0.977000
96.746000 97.466000 0.720000
96.903000 97.495000 0.592000
97.019000 97.666000 0.647000
97.373000 97.753000 0.380000
97.511000 98.275000 0.764000
97.558000 98.494000 0.936000
98.862000 98.897000 0.035000
99.115000 99.265000 0.150000
99.231000 99.377000 0.146000
99.265000 99.417000 0.152000
99.548000 99.665000 0.117000
99.562000 99.768000 0.206000
99.759000 99.806000 0.047000
99.826000 100.274000 0.448000
99.994000 100.649000 0.655000
100.016000 100.662000 0.646000
100.103000 100.716000 0.613000
100.296000 100.790000 0.494000
100.462000 101.018000 0.556000
100.516000 101.119000 0.603000
100.561000 101.143000 0.582000
100.981000 101.222000 0.241000
101.100000 101.415000 0.315000
101.288000 101.465000 0.177000
101.477000 101.497000 0.020000
101.812000 102.353000 0.541000
102.229000 102.366000 0.137000
102.668000 103.391000 0.723000
102.780000 103.435000 0.655000
102.800000 103.625000 0.825000
102.810000 103.733000 0.923000
103.088000 103.959000 0.871000
103.390000 103.997000 0.607000
103.916000 104.425000 0.509000
103.980000 104.455000 0.475000
104.149000 104.498000 0.349000
104.351000 104.577000 0.226000
104.455000 104.634000 0.179000
104.634000 104.714000 0.080000
104.651000 105.536000 0.885000
105.055000 105.582000 0.527000
105.475000 105.737000 0.262000
105.591000 106.000000 0.409000
105.701000 106.549000 0.848000
106.070000 106.632000 0.562000
106.203000 106.650000 0.447000
107.045000 107.144000 0.099000
107.884000 108.088000 0.204000
107.894000 108.357000 0.463000
108.251000 108.795000 0.544000
108.399000 108.897000 0.498000
108.964000 109.159000 0.195000
108.986000 110.073000 1.087000
109.003000 110.297000 1.294000
109.387000 110.369000 0.982000
109.593000 110.382000 0.789000
109.650000 110.472000 0.822000
109.837000 110.920000 1.083000
109.933000 110.953000 1.020000
110.196000 110.979000 0.783000
110.263000 111.037000 0.774000
110.278000 111.197000 0.919000
110.297000 111.746000 1.449000
110.431000 111.988000 1.557000
110.703000 112.111000 1.408000
111.061000 112.772000 1.711000
111.273000 113.733000 2.460000
111.419000 114.442000 3.023000
111.466000 114.722000 3.256000
111.600000 114.755000 3.155000
111.731000 115.433000 3.702000
111.818000 115.744000 3.926000
111.961000 116.330000 4.369000
112.771000 116.371000 3.600000
113.075000 116.506000 3.431000
113.519000 116.670000 3.151000
113.597000 116.687000 3.090000
113.611000 117.205000 3.594000
114.213000 117.266000 3.053000
114.309000 117.282000 2.973000
114.441000 117.411000 2.970000
114.619000 117.498000 2.879000
114.876000 117.773000 2.897000
114.927000 117.953000 3.026000
115.094000 118.325000 3.231000
115.143000 0.000000 0.000000
115.589000 118.374000 2.785000
116.101000 118.764000 2.663000
116.294000 0.000000 0.000000
116.489000 118.790000 2.301000
117.118000 118.844000 1.726000
117.452000 118.936000 1.484000
117.953000 119.423000 1.470000
118.008000 119.482000 1.474000
118.026000 119.801000 1.775000
118.148000 119.986000 1.838000
118.166000 120.065000 1.899000
118.422000 120.096000 1.674000
118.763000 120.118000 1.355000
119.090000 120.361000 1.271000
119.328000 121.103000 1.775000
119.754000 121.306000 1.552000
119.769000 121.486000 1.717000
120.033000 121.518000 1.485000
120.834000 121.714000 0.880000
120.928000 122.235000 1.307000
120.968000 122.446000 1.478000
120.985000 122.586000 1.601000
121.001000 123.167000 2.166000
121.227000 123.247000 2.020000
121.348000 123.450000 2.102000
121.768000 123.510000 1.742000
121.833000 124.177000 2.344000
122.092000 124.342000 2.250000
122.250000 124.456000 2.206000
122.531000 124.490000 1.959000
122.543000 124.559000 2.016000
122.933000 124.680000 1.747000
123.379000 124.914000 1.535000
123.450000 124.987000 1.537000
123.469000 125.179000 1.710000
123.606000 125.304000 1.698000
123.819000 125.569000 1.750000
124.235000 125.649000 1.414000
124.651000 126.036000 1.385000
124.914000 126.154000 1.240000
125.066000 126.255000 1.189000
125.127000 126.558000 1.431000
125.355000 126.635000 1.280000
125.600000 126.905000 1.305000
125.648000 126.966000 1.318000
126.073000 127.121000 1.048000
126.239000 127.222000 0.983000
126.289000 127.535000 1.246000
126.520000 127.740000 1.220000
126.685000 127.872000 1.187000
126.814000 127.913000 1.099000
126.895000 128.183000 1.288000
126.965000 128.691000 1.726000
127.346000 128.745000 1.399000
127.386000 129.918000 2.532000
127.820000 129.965000 2.145000
127.871000 130.331000 2.460000
127.913000 130.416000 2.503000
128.071000 130.488000 2.417000
128.235000 130.607000 2.372000
128.450000 130.860000 2.410000
128.651000 130.984000 2.333000
129.234000 131.015000 1.781000
129.403000 131.096000 1.693000
129.837000 131.115000 1.278000
129.929000 131.158000 1.229000
130.070000 131.566000 1.496000
130.154000 131.810000 1.656000
130.364000 131.865000 1.501000
131.095000 132.616000 1.521000
131.307000 132.700000 1.393000
131.551000 132.882000 1.331000
131.684000 132.904000 1.220000
131.756000 133.194000 1.438000
132.133000 133.454000 1.321000
132.280000 133.844000 1.564000
132.412000 134.175000 1.763000
132.563000 134.191000 1.628000
132.594000 134.275000 1.681000
133.246000 134.765000 1.519000
133.564000 134.823000 1.259000
133.864000 134.846000 0.982000
134.007000 134.957000 0.950000
134.394000 135.476000 1.082000
134.746000 135.615000 0.869000
134.893000 136.206000 1.313000
135.054000 136.285000 1.231000
135.206000 136.305000 1.099000
135.404000 136.925000 1.521000
135.522000 136.945000 1.423000
135.909000 136.965000 1.056000
135.938000 137.442000 1.504000
136.031000 137.565000 1.534000
136.136000 137.625000 1.489000
136.367000 137.736000 1.369000
136.854000 137.755000 0.901000
137.050000 137.771000 0.721000
137.234000 137.915000 0.681000
137.284000 138.004000 0.720000
137.987000 138.225000 0.238000
138.089000 138.548000 0.459000
138.285000 138.735000 0.450000
138.547000 138.766000 0.219000
138.693000 138.894000 0.201000
138.949000 139.044000 0.095000
139.554000 139.846000 0.292000
139.664000 140.020000 0.356000
139.771000 140.036000 0.265000
139.920000 140.620000 0.700000
140.335000 140.957000 0.622000
140.705000 141.150000 0.445000
141.306000 141.395000 0.089000
141.319000 141.995000 0.676000
141.411000 142.155000 0.744000
141.450000 142.454000 1.004000
141.604000 142.607000 1.003000
142.170000 143.123000 0.953000
142.353000 143.302000 0.949000
142.416000 143.376000 0.960000
142.535000 143.571000 1.036000
143.044000 143.836000 0.792000
143.061000 143.852000 0.791000
143.142000 144.042000 0.900000
143.165000 144.071000 0.906000
143.186000 144.258000 1.072000
143.471000 144.272000 0.801000
143.610000 144.459000 0.849000
143.914000 144.599000 0.685000
144.095000 145.480000 1.385000
144.176000 145.680000 1.504000
145.160000 146.002000 0.842000
145.453000 146.165000 0.712000
145.616000 146.359000 0.743000
145.758000 146.508000 0.750000
145.923000 146.551000 0.628000
146.083000 146.738000 0.655000
146.486000 146.794000 0.308000
146.604000 146.989000 0.385000
146.853000 147.045000 0.192000
146.910000 147.105000 0.195000
147.004000 147.315000 0.311000
147.124000 147.531000 0.407000
147.595000 147.835000 0.240000
148.166000 148.231000 0.065000
148.504000 148.544000 0.040000
148.514000 148.988000 0.474000
149.184000 149.422000 0.238000
149.314000 149.889000 0.575000
149.802000 150.405000 0.603000
149.811000 150.970000 1.159000
149.834000 151.308000 1.474000
149.991000 151.390000 1.399000
150.953000 151.491000 0.538000
