client_5.log: seed=111, lambda=4.800000, T=150, total_pkts=666, total_drops=17
1.770000 2.388000 0.618000
1.874000 2.423000 0.549000
2.259000 2.730000 0.471000
2.373000 2.966000 0.593000
2.697000 3.391000 0.694000
2.791000 3.503000 0.712000
2.849000 3.552000 0.703000
3.406000 3.786000 0.380000
3.700000 3.843000 0.143000
4.170000 4.741000 0.571000
4.252000 4.776000 0.524000
5.302000 5.434000 0.132000
6.041000 6.306000 0.265000
6.635000 7.288000 0.653000
6.686000 7.369000 0.683000
7.015000 7.404000 0.389000
7.469000 7.625000 0.156000
7.801000 8.207000 0.406000
8.074000 8.305000 0.231000
8.501000 8.752000 0.251000
8.751000 8.844000 0.093000
8.942000 9.133000 0.191000
9.082000 9.183000 0.101000
9.217000 9.573000 0.356000
9.951000 10.207000 0.256000
10.112000 10.356000 0.244000
10.701000 11.054000 0.353000
10.734000 11.055000 0.321000
11.137000 11.554000 0.417000
11.817000 11.845000 0.028000
12.119000 12.162000 0.043000
12.236000 12.331000 0.095000
12.569000 12.834000 0.265000
12.662000 12.931000 0.269000
12.791000 13.933000 1.142000
13.181000 13.952000 0.771000
13.261000 14.009000 0.748000
13.327000 14.080000 0.753000
13.360000 14.131000 0.771000
13.467000 14.194000 0.727000
13.977000 14.209000 0.232000
14.103000 14.484000 0.381000
14.317000 14.812000 0.495000
14.408000 14.914000 0.506000
14.457000 14.954000 0.497000
14.537000 15.166000 0.629000
14.791000 15.741000 0.950000
14.879000 16.408000 1.529000
15.165000 16.502000 1.337000
15.181000 16.647000 1.466000
15.202000 16.753000 1.551000
15.221000 16.922000 1.701000
15.402000 17.212000 1.810000
15.506000 17.309000 1.803000
16.596000 17.339000 0.743000
16.772000 17.647000 0.875000
17.151000 18.032000 0.881000
17.182000 18.334000 1.152000
17.368000 19.132000 1.764000
17.382000 19.382000 2.000000
17.541000 19.423000 1.882000
17.591000 19.658000 2.067000
17.647000 19.677000 2.030000
17.781000 19.801000 2.020000
18.040000 19.954000 1.914000
18.101000 20.043000 1.942000
18.134000 20.385000 2.251000
18.191000 20.412000 2.221000
18.358000 20.672000 2.314000
18.487000 20.783000 2.296000
18.581000 20.898000 2.317000
18.857000 21.012000 2.155000
19.336000 21.038000 1.702000
19.422000 21.054000 1.632000
19.656000 21.177000 1.521000
19.829000 21.459000 1.630000
19.937000 21.732000 1.795000
20.108000 21.752000 1.644000
20.192000 22.355000 2.163000
20.335000 22.802000 2.467000
20.482000 22.915000 2.433000
20.856000 22.966000 2.110000
20.881000 23.062000 2.181000
20.967000 23.282000 2.315000
21.038000 23.337000 2.299000
21.647000 23.486000 1.839000
21.857000 23.539000 1.682000
21.904000 23.633000 1.729000
22.569000 23.967000 1.398000
22.750000 24.164000 1.414000
22.913000 24.264000 1.351000
23.470000 24.286000 0.816000
23.568000 24.375000 0.807000
23.733000 24.552000 0.819000
23.871000 24.572000 0.701000
24.371000 24.689000 0.318000
24.519000 24.793000 0.274000
24.751000 24.932000 0.181000
25.201000 25.353000 0.152000
25.221000 25.632000 0.411000
25.521000 25.930000 0.409000
25.762000 25.988000 0.226000
25.820000 26.003000 0.183000
26.261000 26.355000 0.094000
26.430000 26.442000 0.012000
26.701000 26.882000 0.181000
26.776000 27.132000 0.356000
27.161000 27.353000 0.192000
27.501000 27.583000 0.082000
27.710000 27.809000 0.099000
28.120000 28.379000 0.259000
28.151000 28.528000 0.377000
28.461000 28.730000 0.269000
29.142000 29.363000 0.221000
29.189000 29.395000 0.206000
29.241000 29.826000 0.585000
29.531000 30.248000 0.717000
29.557000 30.400000 0.843000
29.736000 30.677000 0.941000
29.761000 30.782000 1.021000
29.947000 31.023000 1.076000
30.951000 31.150000 0.199000
31.102000 31.238000 0.136000
31.292000 31.584000 0.292000
31.640000 31.748000 0.108000
31.747000 31.849000 0.102000
32.311000 32.328000 0.017000
32.342000 32.420000 0.078000
32.611000 32.669000 0.058000
32.836000 33.197000 0.361000
32.991000 33.211000 0.220000
34.031000 34.533000 0.502000
34.242000 34.576000 0.334000
34.576000 34.654000 0.078000
35.291000 35.392000 0.101000
35.470000 35.752000 0.282000
35.612000 35.869000 0.257000
35.778000 36.023000 0.245000
36.361000 36.621000 0.260000
36.580000 36.646000 0.066000
36.597000 36.678000 0.081000
36.735000 36.931000 0.196000
36.853000 37.180000 0.327000
36.902000 37.196000 0.294000
36.930000 37.672000 0.742000
37.188000 37.686000 0.498000
37.250000 37.902000 0.652000
37.407000 38.006000 0.599000
37.491000 38.032000 0.541000
37.719000 38.380000 0.661000
37.812000 38.414000 0.602000
38.456000 38.623000 0.167000
38.769000 38.907000 0.138000
39.141000 39.202000 0.061000
39.370000 39.827000 0.457000
40.117000 40.251000 0.134000
40.351000 40.754000 0.403000
40.396000 40.972000 0.576000
40.439000 41.927000 1.488000
40.488000 42.123000 1.635000
40.831000 42.600000 1.769000
41.047000 42.887000 1.840000
41.119000 43.538000 2.419000
41.121000 43.920000 2.799000
41.170000 44.567000 3.397000
41.331000 44.584000 3.253000
41.382000 45.266000 3.884000
41.432000 45.288000 3.856000
41.488000 45.460000 3.972000
42.167000 45.605000 3.438000
42.425000 45.680000 3.255000
42.565000 45.863000 3.298000
42.589000 46.134000 3.545000
43.101000 46.562000 3.461000
43.111000 46.719000 3.608000
43.132000 46.904000 3.772000
43.471000 47.468000 3.997000
43.783000 47.483000 3.700000
44.402000 48.053000 3.651000
44.491000 0.000000 0.000000
44.731000 48.177000 3.446000
44.831000 48.402000 3.571000
44.941000 0.000000 0.000000
45.737000 48.833000 3.096000
45.875000 49.183000 3.308000
45.892000 49.209000 3.317000
46.472000 49.619000 3.147000
46.561000 49.692000 3.131000
46.571000 49.905000 3.334000
46.651000 49.963000 3.312000
46.991000 50.080000 3.089000
47.701000 50.762000 3.061000
49.047000 50.792000 1.745000
49.262000 51.186000 1.924000
49.272000 51.186000 1.914000
49.327000 51.222000 1.895000
49.544000 51.298000 1.754000
49.766000 51.923000 2.157000
49.836000 52.139000 2.303000
50.397000 52.492000 2.095000
50.430000 52.553000 2.123000
50.681000 52.686000 2.005000
50.729000 52.931000 2.202000
50.791000 53.180000 2.389000
50.848000 53.530000 2.682000
51.262000 53.812000 2.550000
51.832000 53.813000 1.981000
52.382000 53.858000 1.476000
52.406000 54.200000 1.794000
52.504000 54.621000 2.117000
52.624000 54.702000 2.078000
52.982000 54.963000 1.981000
53.321000 55.049000 1.728000
53.749000 55.226000 1.477000
53.811000 55.481000 1.670000
53.857000 55.514000 1.657000
53.987000 55.622000 1.635000
54.017000 55.657000 1.640000
54.291000 55.823000 1.532000
54.307000 56.007000 1.700000
54.415000 56.290000 1.875000
54.451000 56.367000 1.916000
54.639000 56.388000 1.749000
55.563000 56.739000 1.176000
55.688000 56.918000 1.230000
55.703000 56.940000 1.237000
55.754000 57.772000 2.018000
56.420000 57.858000 1.438000
56.772000 58.155000 1.383000
57.136000 58.632000 1.496000
57.610000 59.625000 2.015000
57.797000 59.641000 1.844000
57.901000 60.042000 2.141000
58.324000 60.443000 2.119000
58.521000 60.893000 2.372000
59.009000 61.132000 2.123000
59.041000 61.193000 2.152000
59.081000 61.300000 2.219000
59.186000 61.369000 2.183000
59.451000 61.531000 2.080000
60.116000 61.617000 1.501000
60.155000 61.702000 1.547000
60.269000 61.782000 1.513000
60.427000 62.022000 1.595000
60.442000 62.329000 1.887000
61.030000 62.521000 1.491000
61.262000 62.777000 1.515000
61.341000 63.082000 1.741000
61.440000 63.255000 1.815000
61.959000 63.362000 1.403000
61.987000 63.382000 1.395000
62.310000 63.470000 1.160000
62.489000 64.062000 1.573000
62.891000 64.081000 1.190000
62.983000 64.170000 1.187000
63.147000 64.423000 1.276000
63.161000 64.678000 1.517000
63.460000 64.708000 1.248000
63.938000 64.746000 0.808000
64.316000 64.782000 0.466000
64.543000 65.012000 0.469000
64.841000 65.186000 0.345000
65.231000 65.283000 0.052000
65.519000 65.553000 0.034000
65.531000 65.702000 0.171000
65.570000 66.136000 0.566000
65.969000 66.148000 0.179000
66.265000 66.421000 0.156000
66.486000 66.518000 0.032000
66.631000 66.789000 0.158000
66.919000 66.932000 0.013000
66.931000 67.357000 0.426000
67.018000 68.263000 1.245000
67.072000 68.302000 1.230000
67.151000 68.367000 1.216000
67.171000 68.367000 1.196000
67.207000 68.903000 1.696000
67.260000 69.054000 1.794000
67.370000 69.187000 1.817000
67.581000 69.259000 1.678000
67.756000 70.043000 2.287000
68.116000 70.130000 2.014000
68.337000 70.305000 1.968000
68.448000 70.421000 1.973000
68.702000 70.640000 1.938000
69.082000 70.696000 1.614000
69.937000 71.204000 1.267000
70.117000 71.220000 1.103000
70.325000 71.766000 1.441000
70.366000 71.898000 1.532000
70.662000 72.142000 1.480000
70.871000 72.582000 1.711000
71.051000 73.088000 2.037000
71.091000 73.113000 2.022000
71.551000 73.292000 1.741000
71.807000 73.354000 1.547000
72.611000 73.368000 0.757000
72.866000 73.740000 0.874000
72.953000 74.082000 1.129000
73.011000 74.342000 1.331000
73.089000 74.583000 1.494000
73.352000 74.727000 1.375000
73.501000 74.802000 1.301000
73.571000 74.840000 1.269000
73.960000 75.091000 1.131000
74.019000 75.135000 1.116000
74.855000 75.181000 0.326000
74.977000 75.221000 0.244000
75.008000 75.763000 0.755000
75.100000 75.872000 0.772000
75.178000 75.894000 0.716000
75.318000 76.477000 1.159000
75.441000 76.653000 1.212000
75.692000 76.695000 1.003000
75.892000 76.782000 0.890000
75.894000 76.803000 0.909000
75.971000 77.112000 1.141000
76.051000 77.345000 1.294000
76.226000 78.099000 1.873000
76.571000 78.169000 1.598000
76.918000 78.444000 1.526000
76.946000 78.563000 1.617000
76.962000 78.753000 1.791000
77.060000 78.832000 1.772000
77.122000 79.467000 2.345000
77.257000 79.673000 2.416000
77.939000 79.708000 1.769000
78.069000 80.035000 1.966000
78.561000 80.114000 1.553000
78.577000 80.453000 1.876000
78.586000 80.881000 2.295000
78.615000 80.963000 2.348000
78.820000 81.172000 2.352000
78.997000 81.445000 2.448000
79.044000 81.528000 2.484000
79.169000 81.602000 2.433000
79.207000 81.755000 2.548000
79.261000 81.771000 2.510000
79.277000 81.792000 2.515000
79.513000 81.847000 2.334000
79.601000 0.000000 0.000000
80.032000 82.028000 1.996000
80.127000 82.393000 2.266000
80.341000 82.420000 2.079000
80.378000 83.453000 3.075000
80.701000 83.532000 2.831000
81.040000 83.829000 2.789000
81.479000 83.922000 2.443000
81.526000 83.922000 2.396000
81.667000 84.412000 2.745000
81.699000 84.548000 2.849000
81.923000 85.142000 3.219000
81.945000 85.472000 3.527000
82.300000 85.708000 3.408000
82.451000 86.198000 3.747000
82.514000 86.421000 3.907000
82.795000 86.622000 3.827000
82.913000 87.048000 4.135000
82.937000 87.412000 4.475000
83.216000 0.000000 0.000000
83.341000 0.000000 0.000000
83.388000 0.000000 0.000000
83.592000 87.872000 4.280000
83.643000 88.578000 4.935000
83.897000 88.650000 4.753000
84.128000 88.817000 4.689000
84.279000 89.030000 4.751000
84.370000 0.000000 0.000000
84.547000 89.300000 4.753000
84.791000 89.371000 4.580000
85.022000 0.000000 0.000000
85.055000 0.000000 0.000000
85.221000 89.980000 4.759000
85.340000 0.000000 0.000000
85.531000 90.247000 4.716000
85.801000 90.262000 4.461000
85.989000 0.000000 0.000000
86.570000 90.452000 3.882000
86.786000 90.497000 3.711000
86.946000 90.662000 3.716000
87.141000 90.822000 3.681000
87.296000 0.000000 0.000000
87.802000 90.882000 3.080000
87.871000 90.974000 3.103000
88.199000 0.000000 0.000000
88.234000 0.000000 0.000000
88.486000 0.000000 0.000000
88.772000 91.067000 2.295000
88.920000 91.296000 2.376000
89.047000 91.342000 2.295000
89.130000 91.675000 2.545000
90.187000 91.817000 1.630000
90.614000 91.944000 1.330000
90.869000 91.992000 1.123000
90.949000 92.502000 1.553000
91.177000 92.703000 1.526000
91.611000 93.271000 1.660000
91.896000 93.408000 1.512000
91.941000 93.622000 1.681000
92.110000 93.824000 1.714000
92.211000 93.977000 1.766000
92.470000 94.061000 1.591000
92.616000 94.193000 1.577000
92.720000 94.324000 1.604000
93.057000 94.345000 1.288000
93.194000 94.367000 1.173000
93.243000 94.553000 1.310000
94.489000 94.642000 0.153000
94.728000 95.253000 0.525000
94.836000 95.472000 0.636000
94.881000 95.498000 0.617000
95.150000 95.671000 0.521000
95.167000 95.789000 0.622000
95.370000 95.828000 0.458000
95.437000 95.942000 0.505000
95.596000 96.050000 0.454000
95.627000 96.089000 0.462000
95.719000 96.573000 0.854000
95.904000 96.952000 1.048000
96.058000 96.962000 0.904000
96.101000 97.012000 0.911000
96.145000 97.093000 0.948000
96.586000 97.318000 0.732000
96.719000 97.416000 0.697000
96.902000 97.432000 0.530000
97.093000 97.513000 0.420000
97.416000 97.702000 0.286000
97.830000 97.877000 0.047000
98.251000 98.270000 0.019000
98.371000 98.908000 0.537000
98.380000 98.922000 0.542000
98.389000 99.658000 1.269000
98.651000 99.709000 1.058000
98.928000 99.898000 0.970000
99.432000 100.009000 0.577000
99.480000 100.239000 0.759000
99.637000 100.270000 0.633000
99.805000 100.692000 0.887000
99.897000 100.721000 0.824000
100.061000 100.754000 0.693000
100.095000 100.838000 0.743000
100.471000 100.890000 0.419000
100.836000 100.972000 0.136000
100.943000 101.803000 0.860000
101.051000 101.838000 0.787000
101.407000 101.988000 0.581000
101.538000 102.268000 0.730000
102.350000 102.900000 0.550000
103.199000 103.346000 0.147000
103.236000 103.432000 0.196000
103.600000 103.701000 0.101000
103.745000 103.956000 0.211000
104.287000 104.582000 0.295000
104.303000 105.020000 0.717000
104.318000 105.126000 0.808000
104.718000 105.327000 0.609000
104.923000 106.235000 1.312000
104.990000 106.448000 1.458000
105.173000 106.520000 1.347000
105.267000 106.538000 1.271000
105.526000 106.644000 1.118000
105.598000 107.084000 1.486000
105.621000 107.121000 1.500000
105.629000 107.156000 1.527000
105.756000 107.226000 1.470000
106.031000 107.391000 1.360000
106.381000 107.839000 1.458000
106.587000 108.075000 1.488000
106.745000 108.207000 1.462000
106.804000 108.882000 2.078000
106.938000 109.836000 2.898000
106.974000 110.543000 3.569000
107.053000 110.832000 3.779000
107.194000 110.863000 3.669000
107.976000 111.523000 3.547000
108.266000 111.843000 3.577000
108.691000 112.422000 3.731000
108.771000 112.452000 3.681000
108.787000 112.587000 3.800000
109.370000 112.753000 3.383000
109.461000 112.773000 3.312000
109.584000 113.285000 3.701000
109.770000 113.358000 3.588000
110.005000 113.378000 3.373000
110.047000 113.491000 3.444000
110.215000 113.593000 3.378000
110.269000 0.000000 0.000000
110.702000 113.858000 3.156000
111.206000 114.022000 2.816000
111.391000 114.387000 2.996000
111.584000 114.418000 2.834000
112.187000 114.803000 2.616000
112.502000 114.820000 2.318000
112.977000 114.866000 1.889000
113.028000 114.954000 1.926000
113.043000 115.445000 2.402000
113.161000 115.501000 2.340000
113.181000 0.000000 0.000000
113.432000 115.819000 2.387000
113.752000 115.992000 2.240000
114.062000 116.083000 2.021000
114.303000 116.107000 1.804000
114.711000 116.142000 1.431000
114.732000 116.392000 1.660000
114.994000 117.140000 2.146000
115.761000 117.366000 1.605000
115.858000 117.543000 1.685000
115.901000 117.565000 1.664000
115.917000 117.765000 1.848000
115.942000 118.271000 2.329000
116.156000 118.486000 2.330000
116.274000 118.623000 2.349000
116.677000 119.201000 2.524000
116.741000 119.279000 2.538000
116.969000 119.483000 2.514000
117.125000 119.540000 2.415000
117.371000 120.203000 2.832000
117.388000 120.327000 2.939000
117.748000 120.436000 2.688000
118.181000 120.452000 2.271000
118.257000 120.512000 2.255000
118.271000 120.628000 2.357000
118.408000 120.862000 2.454000
118.623000 120.921000 2.298000
119.007000 121.112000 2.105000
119.402000 121.230000 1.828000
119.662000 121.503000 1.841000
119.801000 121.593000 1.792000
119.851000 121.968000 2.117000
120.067000 122.094000 2.027000
120.311000 122.201000 1.890000
120.358000 122.504000 2.146000
120.752000 122.586000 1.834000
120.911000 122.851000 1.940000
120.954000 122.913000 1.959000
121.177000 123.072000 1.895000
121.319000 123.178000 1.859000
121.454000 123.486000 2.032000
121.533000 123.685000 2.152000
121.592000 123.807000 2.215000
121.953000 123.840000 1.887000
121.983000 124.116000 2.133000
122.401000 124.632000 2.231000
122.441000 124.677000 2.236000
122.462000 125.839000 3.377000
122.622000 125.885000 3.263000
122.783000 126.244000 3.461000
122.912000 126.318000 3.406000
123.112000 126.397000 3.285000
123.670000 126.519000 2.849000
123.824000 126.767000 2.943000
124.247000 126.894000 2.647000
124.336000 126.924000 2.588000
124.479000 127.000000 2.521000
124.567000 127.022000 2.455000
124.768000 127.060000 2.292000
125.482000 127.474000 1.992000
125.693000 127.715000 2.022000
125.941000 127.771000 1.830000
126.054000 128.512000 2.458000
126.121000 128.580000 2.459000
126.469000 128.763000 2.294000
126.612000 128.787000 2.175000
126.751000 129.082000 2.331000
126.908000 129.341000 2.433000
126.939000 129.733000 2.794000
127.551000 130.068000 2.517000
127.861000 130.077000 2.216000
128.151000 130.166000 2.015000
128.291000 130.642000 2.351000
128.668000 130.682000 2.014000
128.992000 130.718000 1.726000
129.122000 130.827000 1.705000
129.286000 131.348000 2.062000
129.441000 131.482000 2.041000
129.628000 132.073000 2.445000
129.733000 132.151000 2.418000
130.106000 132.172000 2.066000
130.136000 132.774000 2.638000
130.221000 132.788000 2.567000
130.320000 132.819000 2.499000
130.541000 133.292000 2.751000
131.004000 133.418000 2.414000
131.193000 133.472000 2.279000
131.381000 133.577000 2.196000
131.436000 133.594000 2.158000
132.103000 133.609000 1.506000
132.209000 133.754000 1.545000
132.391000 133.838000 1.447000
132.642000 134.048000 1.406000
132.788000 134.372000 1.584000
133.042000 134.562000 1.520000
133.609000 134.602000 0.993000
133.711000 134.732000 1.021000
133.811000 134.828000 1.017000
133.941000 135.121000 1.180000
134.352000 135.299000 0.947000
134.707000 135.314000 0.607000
135.282000 135.909000 0.627000
135.298000 136.235000 0.937000
135.401000 136.421000 1.020000
135.442000 136.512000 1.070000
135.584000 137.102000 1.518000
136.135000 137.266000 1.131000
136.311000 137.578000 1.267000
136.359000 137.733000 1.374000
136.472000 138.243000 1.771000
136.952000 138.422000 1.470000
136.967000 138.478000 1.511000
137.053000 138.682000 1.629000
137.068000 138.958000 1.890000
137.084000 138.982000 1.898000
137.357000 139.170000 1.813000
137.486000 139.202000 1.716000
137.782000 139.379000 1.597000
137.950000 139.395000 1.445000
138.033000 139.579000 1.546000
138.982000 139.722000 0.740000
139.271000 140.612000 1.341000
139.436000 140.801000 1.365000
139.568000 141.128000 1.560000
139.742000 141.283000 1.541000
139.901000 141.471000 1.570000
140.277000 141.620000 1.343000
140.392000 141.667000 1.275000
140.627000 141.853000 1.226000
140.680000 141.912000 1.232000
140.769000 142.102000 1.333000
140.877000 142.143000 1.266000
141.317000 142.191000 0.874000
141.867000 142.398000 0.531000
142.189000 142.615000 0.426000
142.206000 142.857000 0.651000
142.840000 142.918000 0.078000
142.972000 143.012000 0.040000
143.433000 143.868000 0.435000
143.449000 144.114000 0.665000
143.481000 144.570000 1.089000
143.642000 145.080000 1.438000
144.555000 145.649000 1.094000
144.585000 145.992000 1.407000
144.692000 146.067000 1.375000
144.850000 146.172000 1.322000
145.342000 146.292000 0.950000
145.876000 146.343000 0.467000
146.104000 146.512000 0.408000
146.616000 146.641000 0.025000
147.152000 147.385000 0.233000
147.369000 147.442000 0.073000
147.400000 147.502000 0.102000
147.602000 148.251000 0.649000
148.321000 148.426000 0.105000
148.556000 148.655000 0.099000
148.716000 149.172000 0.456000
148.801000 149.452000 0.651000
148.822000 149.492000 0.670000
149.012000 149.822000 0.810000
149.135000 149.956000 0.821000
149.289000 149.987000 0.698000
149.367000 150.251000 0.884000
149.930000 150.267000 0.337000
150.140000 150.433000 0.293000
150.512000 150.873000 0.361000
150.538000 150.965000 0.427000
150.642000 151.396000 0.754000
151.194000 151.626000 0.432000
