client_3.log: seed=111, lambda=4.700000, T=150, total_pkts=652, total_drops=15
1.896000 2.493000 0.597000
1.997000 2.574000 0.577000
2.401000 2.870000 0.469000
2.550000 3.104000 0.554000
2.886000 3.537000 0.651000
2.981000 3.657000 0.676000
3.035000 3.707000 0.672000
3.609000 3.944000 0.335000
3.905000 3.987000 0.082000
4.387000 4.961000 0.574000
4.488000 4.991000 0.503000
5.558000 5.687000 0.129000
6.320000 6.585000 0.265000
6.927000 7.588000 0.661000
6.979000 7.667000 0.688000
7.317000 7.703000 0.386000
7.787000 7.942000 0.155000
8.117000 8.537000 0.420000
8.387000 8.635000 0.248000
8.816000 9.079000 0.263000
9.080000 9.167000 0.087000
9.277000 9.477000 0.200000
9.424000 9.533000 0.109000
9.567000 9.923000 0.356000
10.317000 10.576000 0.259000
10.493000 10.720000 0.227000
11.097000 11.454000 0.357000
11.127000 11.454000 0.327000
11.540000 11.961000 0.421000
12.237000 12.278000 0.041000
12.557000 12.597000 0.040000
12.674000 12.768000 0.094000
13.004000 13.267000 0.263000
13.092000 13.358000 0.266000
13.217000 14.354000 1.137000
13.618000 14.371000 0.753000
13.711000 14.438000 0.727000
13.802000 14.506000 0.704000
13.842000 14.570000 0.728000
13.960000 14.618000 0.658000
14.473000 14.627000 0.154000
14.611000 14.897000 0.286000
14.843000 15.232000 0.389000
14.917000 15.322000 0.405000
14.977000 15.360000 0.383000
15.067000 15.578000 0.511000
15.337000 16.154000 0.817000
15.432000 16.818000 1.386000
15.721000 16.924000 1.203000
15.737000 17.071000 1.334000
15.758000 17.168000 1.410000
15.787000 17.343000 1.556000
15.976000 17.637000 1.661000
16.087000 17.748000 1.661000
17.202000 17.783000 0.581000
17.377000 18.097000 0.720000
17.782000 18.478000 0.696000
17.822000 18.787000 0.965000
18.007000 19.580000 1.573000
18.027000 19.828000 1.801000
18.187000 19.865000 1.678000
18.237000 20.112000 1.875000
18.305000 20.143000 1.838000
18.447000 20.262000 1.815000
18.718000 20.407000 1.689000
18.785000 20.495000 1.710000
18.807000 20.824000 2.017000
18.877000 20.858000 1.981000
19.046000 21.112000 2.066000
19.176000 21.213000 2.037000
19.275000 21.319000 2.044000
19.557000 21.443000 1.886000
20.037000 21.478000 1.441000
20.117000 21.493000 1.376000
20.377000 21.621000 1.244000
20.537000 21.903000 1.366000
20.655000 22.183000 1.528000
20.837000 22.210000 1.373000
20.927000 22.813000 1.886000
21.047000 23.248000 2.201000
21.199000 23.360000 2.161000
21.574000 23.407000 1.833000
21.595000 23.507000 1.912000
21.687000 23.723000 2.036000
21.759000 23.799000 2.040000
22.372000 23.942000 1.570000
22.567000 24.003000 1.436000
22.602000 24.098000 1.496000
23.283000 24.445000 1.162000
23.468000 24.639000 1.171000
23.637000 24.733000 1.096000
24.207000 24.768000 0.561000
24.307000 24.854000 0.547000
24.460000 25.035000 0.575000
24.597000 25.051000 0.454000
25.107000 25.236000 0.129000
25.273000 25.378000 0.105000
25.507000 25.648000 0.141000
25.957000 26.125000 0.168000
25.967000 26.396000 0.429000
26.282000 26.698000 0.416000
26.525000 26.762000 0.237000
26.577000 26.777000 0.200000
27.027000 27.118000 0.091000
27.193000 27.209000 0.016000
27.477000 27.649000 0.172000
27.552000 27.894000 0.342000
27.940000 28.144000 0.204000
28.297000 28.378000 0.081000
28.517000 28.619000 0.102000
28.939000 29.193000 0.254000
28.975000 29.328000 0.353000
29.295000 29.533000 0.238000
29.987000 30.217000 0.230000
30.026000 30.261000 0.235000
30.077000 30.698000 0.621000
30.372000 31.119000 0.747000
30.397000 31.263000 0.866000
30.576000 31.537000 0.961000
30.607000 31.642000 1.035000
30.798000 31.899000 1.101000
31.819000 32.013000 0.194000
31.972000 32.103000 0.131000
32.160000 32.459000 0.299000
32.517000 32.628000 0.111000
32.618000 32.724000 0.106000
33.177000 33.197000 0.020000
33.217000 33.287000 0.070000
33.487000 33.548000 0.061000
33.707000 34.064000 0.357000
33.866000 34.096000 0.230000
34.925000 35.417000 0.492000
35.137000 35.456000 0.319000
35.472000 35.548000 0.076000
36.217000 36.328000 0.111000
36.397000 36.685000 0.288000
36.537000 36.793000 0.256000
36.712000 36.939000 0.227000
37.317000 37.579000 0.262000
37.527000 37.608000 0.081000
37.541000 37.637000 0.096000
37.677000 37.875000 0.198000
37.790000 38.128000 0.338000
37.836000 38.147000 0.311000
37.860000 38.619000 0.759000
38.127000 38.633000 0.506000
38.197000 38.853000 0.656000
38.366000 38.947000 0.581000
38.457000 38.968000 0.511000
38.687000 39.318000 0.631000
38.777000 39.359000 0.582000
39.427000 39.588000 0.161000
39.743000 39.873000 0.130000
40.127000 40.175000 0.048000
40.368000 40.819000 0.451000
41.137000 41.269000 0.132000
41.377000 41.767000 0.390000
41.437000 41.989000 0.552000
41.477000 42.950000 1.473000
41.527000 43.148000 1.621000
41.871000 43.628000 1.757000
42.093000 43.911000 1.818000
42.169000 44.554000 2.385000
42.170000 44.927000 2.757000
42.207000 45.578000 3.371000
42.367000 45.598000 3.231000
42.408000 46.269000 3.861000
42.467000 46.288000 3.821000
42.526000 46.463000 3.937000
43.207000 46.614000 3.407000
43.457000 46.688000 3.231000
43.608000 46.877000 3.269000
43.637000 47.138000 3.501000
44.146000 47.579000 3.433000
44.157000 47.734000 3.577000
44.177000 47.919000 3.742000
44.538000 48.482000 3.944000
44.867000 48.492000 3.625000
45.507000 49.054000 3.547000
45.597000 49.165000 3.568000
45.847000 49.393000 3.546000
45.947000 0.000000 0.000000
46.046000 0.000000 0.000000
46.859000 49.826000 2.967000
47.009000 50.179000 3.170000
47.027000 50.218000 3.191000
47.612000 50.622000 3.010000
47.702000 50.699000 2.997000
47.717000 50.902000 3.185000
47.802000 50.963000 3.161000
48.147000 51.079000 2.932000
48.877000 51.766000 2.889000
50.263000 51.797000 1.534000
50.476000 52.197000 1.721000
50.486000 52.197000 1.711000
50.538000 52.226000 1.688000
50.767000 52.308000 1.541000
50.983000 52.934000 1.951000
51.057000 53.154000 2.097000
51.632000 53.513000 1.881000
51.667000 53.573000 1.906000
51.928000 53.700000 1.772000
51.975000 53.953000 1.978000
52.042000 54.218000 2.176000
52.100000 54.570000 2.470000
52.516000 54.858000 2.342000
53.102000 54.858000 1.756000
53.650000 54.908000 1.258000
53.678000 55.231000 1.553000
53.776000 55.647000 1.871000
53.897000 55.718000 1.821000
54.276000 55.988000 1.712000
54.625000 56.068000 1.443000
55.057000 56.238000 1.181000
55.117000 56.503000 1.386000
55.167000 56.522000 1.355000
55.297000 56.633000 1.336000
55.333000 56.676000 1.343000
55.617000 56.848000 1.231000
55.627000 57.018000 1.391000
55.746000 57.288000 1.542000
55.785000 57.367000 1.582000
55.972000 57.399000 1.427000
56.917000 57.760000 0.843000
57.047000 57.944000 0.897000
57.062000 57.980000 0.918000
57.117000 58.824000 1.707000
57.822000 58.918000 1.096000
58.176000 59.219000 1.043000
58.537000 59.698000 1.161000
59.017000 60.677000 1.660000
59.207000 60.698000 1.491000
59.316000 61.101000 1.785000
59.749000 61.502000 1.753000
59.943000 61.942000 1.999000
60.443000 62.185000 1.742000
60.474000 62.244000 1.770000
60.502000 62.339000 1.837000
60.617000 62.397000 1.780000
60.891000 62.564000 1.673000
61.580000 62.651000 1.071000
61.617000 62.738000 1.121000
61.741000 62.814000 1.073000
61.900000 63.056000 1.156000
61.917000 63.373000 1.456000
62.518000 63.563000 1.045000
62.755000 63.819000 1.064000
62.829000 64.124000 1.295000
62.919000 64.287000 1.368000
63.456000 64.387000 0.931000
63.491000 64.398000 0.907000
63.817000 64.486000 0.669000
63.987000 65.099000 1.112000
64.397000 65.131000 0.734000
64.485000 65.212000 0.727000
64.657000 65.468000 0.811000
64.670000 65.728000 1.058000
64.981000 65.762000 0.781000
65.467000 65.805000 0.338000
65.861000 65.902000 0.041000
66.087000 66.327000 0.240000
66.392000 66.576000 0.184000
66.787000 66.828000 0.041000
67.077000 67.109000 0.032000
67.090000 67.269000 0.179000
67.137000 67.688000 0.551000
67.543000 67.703000 0.160000
67.840000 67.994000 0.154000
68.074000 68.111000 0.037000
68.217000 68.383000 0.166000
68.507000 68.526000 0.019000
68.526000 68.959000 0.433000
68.617000 69.863000 1.246000
68.667000 69.900000 1.233000
68.740000 69.961000 1.221000
68.767000 69.962000 1.195000
68.813000 70.477000 1.664000
68.872000 70.609000 1.737000
68.997000 70.733000 1.736000
69.212000 70.811000 1.599000
69.386000 71.598000 2.212000
69.747000 71.678000 1.931000
69.977000 71.854000 1.877000
70.097000 71.971000 1.874000
70.347000 72.184000 1.837000
70.732000 72.248000 1.516000
71.617000 72.752000 1.135000
71.797000 72.771000 0.974000
72.007000 73.308000 1.301000
72.047000 73.448000 1.401000
72.342000 73.698000 1.356000
72.567000 74.141000 1.574000
72.745000 74.648000 1.903000
72.770000 74.668000 1.898000
73.251000 74.847000 1.596000
73.507000 74.916000 1.409000
74.325000 74.932000 0.607000
74.582000 75.310000 0.728000
74.667000 75.658000 0.991000
74.737000 75.928000 1.191000
74.810000 76.163000 1.353000
75.082000 76.296000 1.214000
75.226000 76.363000 1.137000
75.307000 76.398000 1.091000
75.710000 76.645000 0.935000
75.766000 76.699000 0.933000
76.626000 76.744000 0.118000
76.749000 76.798000 0.049000
76.777000 77.344000 0.567000
76.877000 77.468000 0.591000
76.965000 77.488000 0.523000
77.111000 78.075000 0.964000
77.237000 78.256000 1.019000
77.487000 78.300000 0.813000
77.687000 78.394000 0.707000
77.688000 78.417000 0.729000
77.767000 78.728000 0.961000
77.848000 78.948000 1.100000
78.020000 79.711000 1.691000
78.352000 79.791000 1.439000
78.707000 80.053000 1.346000
78.727000 80.168000 1.441000
78.737000 80.352000 1.615000
78.837000 80.450000 1.613000
78.900000 81.087000 2.187000
79.040000 81.302000 2.262000
79.737000 81.324000 1.587000
79.872000 81.639000 1.767000
80.384000 81.708000 1.324000
80.397000 82.039000 1.642000
80.409000 82.478000 2.069000
80.447000 82.562000 2.115000
80.656000 82.761000 2.105000
80.827000 83.030000 2.203000
80.875000 83.118000 2.243000
81.008000 83.193000 2.185000
81.054000 83.349000 2.295000
81.097000 83.371000 2.274000
81.117000 83.383000 2.266000
81.343000 83.446000 2.103000
81.442000 83.626000 2.184000
81.881000 83.997000 2.116000
81.980000 84.028000 2.048000
82.191000 85.063000 2.872000
82.222000 85.134000 2.912000
82.561000 85.430000 2.869000
82.912000 85.517000 2.605000
83.371000 85.518000 2.147000
83.427000 86.012000 2.585000
83.577000 86.143000 2.566000
83.614000 86.736000 3.122000
83.841000 87.068000 3.227000
83.870000 87.304000 3.434000
84.239000 87.778000 3.539000
84.397000 88.001000 3.604000
84.462000 88.198000 3.736000
84.757000 88.633000 3.876000
84.864000 88.998000 4.134000
84.893000 0.000000 0.000000
85.180000 89.458000 4.278000
85.297000 90.155000 4.858000
85.346000 0.000000 0.000000
85.563000 90.229000 4.666000
85.610000 90.398000 4.788000
85.880000 90.605000 4.725000
86.118000 90.868000 4.750000
86.277000 90.939000 4.662000
86.367000 0.000000 0.000000
86.546000 0.000000 0.000000
86.787000 91.538000 4.751000
87.022000 0.000000 0.000000
87.067000 91.820000 4.753000
87.237000 0.000000 0.000000
87.347000 91.838000 4.491000
87.543000 0.000000 0.000000
87.817000 92.027000 4.210000
88.017000 92.064000 4.047000
88.610000 92.248000 3.638000
88.843000 92.407000 3.564000
89.017000 92.466000 3.449000
89.217000 0.000000 0.000000
89.376000 0.000000 0.000000
89.897000 92.568000 2.671000
89.977000 0.000000 0.000000
90.327000 92.664000 2.337000
90.375000 92.908000 2.533000
90.640000 92.948000 2.308000
90.926000 93.288000 2.362000
91.068000 93.429000 2.361000
91.202000 93.553000 2.351000
91.279000 0.000000 0.000000
92.367000 93.611000 1.244000
92.797000 94.128000 1.331000
93.052000 94.333000 1.281000
93.132000 94.894000 1.762000
93.366000 95.044000 1.678000
93.817000 95.248000 1.431000
94.094000 95.448000 1.354000
94.137000 95.602000 1.465000
94.287000 95.698000 1.411000
94.397000 95.815000 1.418000
94.661000 95.946000 1.285000
94.817000 95.962000 1.145000
94.932000 95.991000 1.059000
95.267000 96.184000 0.917000
95.407000 96.275000 0.868000
95.457000 96.797000 1.340000
96.727000 97.015000 0.288000
96.967000 97.038000 0.071000
97.077000 97.238000 0.161000
97.112000 97.365000 0.253000
97.391000 97.438000 0.047000
97.407000 97.559000 0.152000
97.597000 97.708000 0.111000
97.653000 97.746000 0.093000
97.817000 98.260000 0.443000
97.837000 98.644000 0.807000
97.917000 98.667000 0.750000
98.107000 98.718000 0.611000
98.265000 98.788000 0.523000
98.310000 99.002000 0.692000
98.358000 99.097000 0.739000
98.771000 99.128000 0.357000
98.893000 99.211000 0.318000
99.079000 99.403000 0.324000
99.266000 99.458000 0.192000
99.607000 99.617000 0.010000
100.027000 100.563000 0.536000
100.452000 100.575000 0.123000
100.562000 101.298000 0.736000
100.574000 101.348000 0.774000
100.591000 101.549000 0.958000
100.852000 101.667000 0.815000
101.152000 101.893000 0.741000
101.675000 101.927000 0.252000
101.727000 102.359000 0.632000
101.892000 102.378000 0.486000
102.077000 102.418000 0.341000
102.177000 102.504000 0.327000
102.343000 102.558000 0.215000
102.379000 102.639000 0.260000
102.774000 103.609000 0.835000
103.154000 103.642000 0.488000
103.277000 103.805000 0.528000
103.397000 104.064000 0.667000
103.767000 104.612000 0.845000
103.902000 104.696000 0.794000
104.725000 104.753000 0.028000
105.547000 105.654000 0.107000
105.564000 105.868000 0.304000
105.910000 106.198000 0.288000
106.042000 106.651000 0.609000
106.607000 106.753000 0.146000
106.627000 106.959000 0.332000
106.649000 107.867000 1.218000
107.017000 108.088000 1.071000
107.217000 108.160000 0.943000
107.277000 108.178000 0.901000
107.457000 108.268000 0.811000
107.557000 108.711000 1.154000
107.812000 108.747000 0.935000
107.887000 108.778000 0.891000
107.902000 108.838000 0.936000
107.919000 109.008000 1.089000
108.050000 109.470000 1.420000
108.327000 109.711000 1.384000
108.692000 109.827000 1.135000
108.897000 110.502000 1.605000
109.037000 111.468000 2.431000
109.067000 112.175000 3.108000
109.197000 112.449000 3.252000
109.227000 112.495000 3.268000
109.307000 113.153000 3.846000
109.455000 113.463000 4.008000
110.239000 114.059000 3.820000
110.523000 114.098000 3.575000
110.959000 114.234000 3.275000
111.037000 114.389000 3.352000
111.052000 114.412000 3.360000
111.642000 114.928000 3.286000
111.732000 114.998000 3.266000
111.861000 115.011000 3.150000
112.041000 115.138000 3.097000
112.285000 115.225000 2.940000
112.327000 115.490000 3.163000
112.494000 115.660000 3.166000
112.547000 116.023000 3.476000
112.997000 0.000000 0.000000
113.502000 116.058000 2.556000
113.691000 116.444000 2.753000
113.898000 0.000000 0.000000
114.507000 116.462000 1.955000
114.827000 116.503000 1.676000
115.322000 116.598000 1.276000
115.397000 117.093000 1.696000
115.422000 117.172000 1.750000
115.547000 117.494000 1.947000
115.570000 117.667000 2.097000
115.817000 117.750000 1.933000
116.147000 117.773000 1.626000
116.472000 117.804000 1.332000
116.697000 118.047000 1.350000
117.112000 118.800000 1.688000
117.127000 119.010000 1.883000
117.379000 119.189000 1.810000
118.157000 119.224000 1.067000
118.257000 119.430000 1.173000
118.299000 119.938000 1.639000
118.312000 120.160000 1.848000
118.327000 120.300000 1.973000
118.552000 120.874000 2.322000
118.677000 120.955000 2.278000
119.097000 121.160000 2.063000
119.164000 121.210000 2.046000
119.397000 121.879000 2.482000
119.550000 122.010000 2.460000
119.813000 122.125000 2.312000
119.833000 122.139000 2.306000
120.202000 122.198000 1.996000
120.647000 122.319000 1.672000
120.716000 122.560000 1.844000
120.727000 122.623000 1.896000
120.874000 122.808000 1.934000
121.088000 122.930000 1.842000
121.485000 123.194000 1.709000
121.892000 123.268000 1.376000
122.152000 123.643000 1.491000
122.298000 123.764000 1.466000
122.352000 123.877000 1.525000
122.577000 124.178000 1.601000
122.822000 124.266000 1.444000
122.893000 124.534000 1.641000
123.302000 124.586000 1.284000
123.477000 124.737000 1.260000
123.525000 124.848000 1.323000
123.747000 125.159000 1.412000
123.902000 125.358000 1.456000
124.043000 125.489000 1.446000
124.127000 125.518000 1.391000
124.187000 125.788000 1.601000
124.557000 126.301000 1.744000
124.586000 126.353000 1.767000
125.016000 127.527000 2.511000
125.059000 127.573000 2.514000
125.087000 127.931000 2.844000
125.231000 128.008000 2.777000
125.387000 128.069000 2.682000
125.517000 128.188000 2.671000
125.707000 128.448000 2.741000
126.272000 128.578000 2.306000
126.426000 128.610000 2.184000
126.842000 128.688000 1.846000
126.937000 128.704000 1.767000
127.087000 128.739000 1.652000
127.167000 129.150000 1.983000
127.392000 129.394000 2.002000
128.112000 129.444000 1.332000
128.337000 130.178000 1.841000
128.577000 130.246000 1.669000
128.705000 130.435000 1.730000
128.783000 130.461000 1.678000
129.132000 130.743000 1.611000
129.277000 130.998000 1.721000
129.414000 131.395000 1.981000
129.577000 131.739000 2.162000
129.615000 131.752000 2.137000
130.244000 131.836000 1.592000
130.557000 132.307000 1.750000
130.857000 132.353000 1.496000
130.997000 132.388000 1.391000
131.380000 132.499000 1.119000
131.717000 133.024000 1.307000
131.854000 133.160000 1.306000
132.042000 133.745000 1.703000
132.197000 133.825000 1.628000
132.387000 133.842000 1.455000
132.497000 134.448000 1.951000
132.879000 134.469000 1.590000
132.917000 134.488000 1.571000
133.009000 134.967000 1.958000
133.097000 135.101000 2.004000
133.317000 135.159000 1.842000
133.793000 135.260000 1.467000
133.997000 135.278000 1.281000
134.184000 135.301000 1.117000
134.239000 135.440000 1.201000
134.913000 135.538000 0.625000
135.010000 135.748000 0.738000
135.192000 136.068000 0.876000
135.458000 136.259000 0.801000
135.597000 136.298000 0.701000
135.853000 136.418000 0.565000
136.437000 136.534000 0.097000
136.542000 136.828000 0.286000
136.639000 137.023000 0.384000
136.775000 137.048000 0.273000
137.187000 137.777000 0.590000
137.552000 138.106000 0.554000
138.140000 138.319000 0.179000
138.164000 138.409000 0.245000
138.267000 138.985000 0.718000
138.311000 139.158000 0.847000
138.467000 139.458000 0.991000
139.017000 139.615000 0.598000
139.189000 140.123000 0.934000
139.247000 140.299000 1.052000
139.367000 140.362000 0.995000
139.868000 140.572000 0.704000
139.883000 140.838000 0.955000
139.967000 140.853000 0.886000
139.982000 141.048000 1.066000
139.997000 141.073000 1.076000
140.282000 141.242000 0.960000
140.412000 141.252000 0.840000
140.707000 141.440000 0.733000
140.887000 141.588000 0.701000
140.967000 142.470000 1.503000
141.924000 142.664000 0.740000
142.221000 142.982000 0.761000
142.377000 143.142000 0.765000
142.507000 143.326000 0.819000
142.675000 143.475000 0.800000
142.837000 143.513000 0.676000
143.227000 143.698000 0.471000
143.326000 143.760000 0.434000
143.578000 143.961000 0.383000
143.630000 144.013000 0.383000
143.712000 144.060000 0.348000
143.825000 144.268000 0.443000
144.277000 144.483000 0.206000
144.837000 145.080000 0.243000
145.164000 145.222000 0.058000
145.180000 145.272000 0.092000
145.837000 146.283000 0.446000
145.967000 146.514000 0.547000
146.444000 146.976000 0.532000
146.452000 147.478000 1.026000
146.477000 148.050000 1.573000
146.631000 148.383000 1.752000
147.562000 148.458000 0.896000
147.597000 148.571000 0.974000
147.710000 148.700000 0.990000
147.874000 148.761000 0.887000
148.361000 148.933000 0.572000
148.917000 148.963000 0.046000
149.141000 149.379000 0.238000
149.657000 149.718000 0.061000
150.207000 150.252000 0.045000
150.434000 151.089000 0.655000
150.469000 151.192000 0.723000
150.679000 151.290000 0.611000
151.407000 151.858000 0.451000
