client_6.log: seed=111, lambda=4.850000, T=150, total_pkts=674, total_drops=19
1.909000 2.506000 0.597000
2.038000 2.553000 0.515000
2.428000 2.860000 0.432000
2.553000 3.116000 0.563000
2.876000 3.544000 0.668000
2.969000 3.656000 0.687000
3.038000 3.715000 0.677000
3.604000 3.948000 0.344000
3.904000 4.001000 0.097000
4.379000 4.954000 0.575000
4.474000 4.994000 0.520000
5.508000 5.644000 0.136000
6.249000 6.519000 0.270000
6.846000 7.492000 0.646000
6.893000 7.566000 0.673000
7.210000 7.601000 0.391000
7.652000 7.812000 0.160000
7.979000 8.395000 0.416000
8.244000 8.490000 0.246000
8.664000 8.914000 0.250000
8.914000 9.007000 0.093000
9.098000 9.295000 0.197000
9.235000 9.340000 0.105000
9.359000 9.705000 0.346000
10.084000 10.335000 0.251000
10.227000 10.490000 0.263000
10.809000 11.165000 0.356000
10.841000 11.165000 0.324000
11.239000 11.654000 0.415000
11.934000 11.978000 0.044000
12.230000 12.275000 0.045000
12.329000 12.435000 0.106000
12.664000 12.927000 0.263000
12.743000 13.016000 0.273000
12.865000 14.006000 1.141000
13.244000 14.026000 0.782000
13.335000 14.090000 0.755000
13.410000 14.167000 0.757000
13.440000 14.216000 0.776000
13.545000 14.277000 0.732000
14.045000 14.292000 0.247000
14.167000 14.559000 0.392000
14.390000 14.887000 0.497000
14.465000 14.978000 0.513000
14.517000 15.026000 0.509000
14.593000 15.230000 0.637000
14.845000 15.815000 0.970000
14.936000 16.485000 1.549000
15.224000 16.594000 1.370000
15.244000 16.745000 1.501000
15.260000 16.836000 1.576000
15.275000 17.002000 1.727000
15.460000 17.301000 1.841000
15.571000 17.398000 1.827000
16.651000 17.428000 0.777000
16.814000 17.741000 0.927000
17.193000 18.124000 0.931000
17.225000 18.426000 1.201000
17.413000 19.236000 1.823000
17.428000 19.479000 2.051000
17.591000 19.515000 1.924000
17.635000 19.752000 2.117000
17.694000 19.767000 2.073000
17.829000 19.886000 2.057000
18.093000 20.028000 1.935000
18.165000 20.116000 1.951000
18.185000 20.453000 2.268000
18.246000 20.487000 2.241000
18.427000 20.745000 2.318000
18.556000 20.847000 2.291000
18.650000 20.958000 2.308000
18.919000 21.075000 2.156000
19.392000 21.095000 1.703000
19.475000 21.110000 1.635000
19.727000 21.246000 1.519000
19.885000 21.532000 1.647000
19.998000 21.810000 1.812000
20.169000 21.826000 1.657000
20.243000 22.424000 2.181000
20.375000 22.863000 2.488000
20.520000 22.965000 2.445000
20.877000 23.026000 2.149000
20.914000 23.130000 2.216000
20.995000 23.349000 2.354000
21.074000 23.408000 2.334000
21.685000 23.551000 1.866000
21.884000 23.608000 1.724000
21.919000 23.701000 1.782000
22.590000 24.041000 1.451000
22.785000 24.226000 1.441000
22.945000 24.316000 1.371000
23.496000 24.348000 0.852000
23.592000 24.425000 0.833000
23.740000 24.602000 0.862000
23.885000 24.617000 0.732000
24.384000 24.734000 0.350000
24.530000 24.835000 0.305000
24.775000 24.976000 0.201000
25.219000 25.386000 0.167000
25.234000 25.662000 0.428000
25.545000 25.960000 0.415000
25.792000 26.015000 0.223000
25.845000 26.037000 0.192000
26.289000 26.391000 0.102000
26.445000 26.465000 0.020000
26.714000 26.886000 0.172000
26.784000 27.135000 0.351000
27.162000 27.356000 0.194000
27.499000 27.595000 0.096000
27.710000 27.805000 0.095000
28.114000 28.365000 0.251000
28.149000 28.509000 0.360000
28.456000 28.704000 0.248000
29.138000 29.356000 0.218000
29.185000 29.374000 0.189000
29.240000 29.806000 0.566000
29.535000 30.230000 0.695000
29.579000 30.386000 0.807000
29.767000 30.656000 0.889000
29.791000 30.760000 0.969000
29.974000 31.005000 1.031000
30.959000 31.135000 0.176000
31.102000 31.215000 0.113000
31.293000 31.578000 0.285000
31.639000 31.748000 0.109000
31.747000 31.845000 0.098000
32.299000 32.325000 0.026000
32.324000 32.394000 0.070000
32.593000 32.657000 0.064000
32.812000 33.176000 0.364000
32.979000 33.197000 0.218000
34.014000 34.517000 0.503000
34.235000 34.559000 0.324000
34.559000 34.635000 0.076000
35.264000 35.372000 0.108000
35.441000 35.726000 0.285000
35.580000 35.844000 0.264000
35.745000 35.996000 0.251000
36.324000 36.586000 0.262000
36.540000 36.606000 0.066000
36.565000 36.646000 0.081000
36.688000 36.899000 0.211000
36.801000 37.144000 0.343000
36.855000 37.158000 0.303000
36.899000 37.625000 0.726000
37.157000 37.645000 0.488000
37.224000 37.875000 0.651000
37.376000 37.971000 0.595000
37.465000 37.994000 0.529000
37.685000 38.346000 0.661000
37.771000 38.381000 0.610000
38.412000 38.585000 0.173000
38.727000 38.862000 0.135000
39.104000 39.160000 0.056000
39.334000 39.792000 0.458000
40.084000 40.223000 0.139000
40.309000 40.711000 0.402000
40.365000 40.926000 0.561000
40.403000 41.882000 1.479000
40.456000 42.086000 1.630000
40.805000 42.567000 1.762000
41.030000 42.858000 1.828000
41.109000 43.508000 2.399000
41.109000 43.880000 2.771000
41.141000 44.525000 3.384000
41.305000 44.534000 3.229000
41.342000 45.209000 3.867000
41.396000 45.224000 3.828000
41.450000 45.393000 3.943000
42.108000 45.546000 3.438000
42.352000 45.616000 3.264000
42.500000 45.801000 3.301000
42.520000 46.066000 3.546000
43.024000 46.493000 3.469000
43.043000 46.637000 3.594000
43.059000 46.831000 3.772000
43.397000 47.392000 3.995000
43.710000 47.415000 3.705000
44.324000 47.981000 3.657000
44.410000 0.000000 0.000000
44.650000 48.095000 3.445000
44.743000 48.316000 3.573000
44.845000 0.000000 0.000000
45.628000 48.745000 3.117000
45.770000 49.095000 3.325000
45.785000 49.120000 3.335000
46.358000 49.530000 3.172000
46.448000 49.615000 3.167000
46.462000 49.835000 3.373000
46.541000 49.896000 3.355000
46.879000 49.993000 3.114000
47.577000 50.674000 3.097000
48.909000 50.716000 1.807000
49.114000 51.109000 1.995000
49.120000 51.109000 1.989000
49.174000 51.155000 1.981000
49.395000 51.235000 1.840000
49.615000 51.852000 2.237000
49.675000 52.072000 2.397000
50.241000 52.427000 2.186000
50.285000 52.496000 2.211000
50.535000 52.627000 2.092000
50.572000 52.880000 2.308000
50.643000 53.136000 2.493000
50.695000 53.477000 2.782000
51.108000 53.764000 2.656000
51.673000 53.765000 2.092000
52.208000 53.823000 1.615000
52.240000 54.156000 1.916000
52.337000 54.576000 2.239000
52.463000 54.645000 2.182000
52.825000 54.906000 2.081000
53.172000 54.983000 1.811000
53.585000 55.155000 1.570000
53.650000 55.422000 1.772000
53.693000 55.443000 1.750000
53.822000 55.555000 1.733000
53.854000 55.592000 1.738000
54.140000 55.766000 1.626000
54.155000 55.945000 1.790000
54.254000 56.221000 1.967000
54.287000 56.293000 2.006000
54.475000 56.310000 1.835000
55.391000 56.671000 1.280000
55.515000 56.851000 1.336000
55.535000 56.871000 1.336000
55.591000 57.716000 2.125000
56.258000 57.801000 1.543000
56.595000 58.108000 1.513000
56.953000 58.596000 1.643000
57.410000 59.578000 2.168000
57.592000 59.601000 2.009000
57.694000 60.009000 2.315000
58.123000 60.405000 2.282000
58.323000 60.845000 2.522000
58.805000 61.090000 2.285000
58.825000 61.145000 2.320000
58.864000 61.250000 2.386000
58.974000 61.309000 2.335000
59.256000 61.469000 2.213000
59.915000 61.558000 1.643000
59.948000 61.649000 1.701000
60.065000 61.724000 1.659000
60.219000 61.961000 1.742000
60.240000 62.268000 2.028000
60.829000 62.465000 1.636000
61.055000 62.716000 1.661000
61.124000 63.013000 1.889000
61.218000 63.187000 1.969000
61.729000 63.294000 1.565000
61.760000 63.309000 1.549000
62.086000 63.406000 1.320000
62.267000 64.005000 1.738000
62.657000 64.035000 1.378000
62.750000 64.115000 1.365000
62.914000 64.376000 1.462000
62.935000 64.642000 1.707000
63.229000 64.675000 1.446000
63.692000 64.717000 1.025000
64.066000 64.758000 0.692000
64.286000 64.995000 0.709000
64.594000 65.198000 0.604000
64.979000 65.243000 0.264000
65.273000 65.315000 0.042000
65.295000 65.475000 0.180000
65.335000 65.893000 0.558000
65.723000 65.908000 0.185000
66.014000 66.166000 0.152000
66.231000 66.276000 0.045000
66.384000 66.542000 0.158000
66.674000 66.693000 0.019000
66.692000 67.120000 0.428000
66.786000 68.026000 1.240000
66.845000 68.058000 1.213000
66.911000 68.115000 1.204000
66.942000 68.116000 1.174000
66.994000 68.645000 1.651000
67.046000 68.786000 1.740000
67.159000 68.908000 1.749000
67.364000 68.986000 1.622000
67.538000 69.758000 2.220000
67.905000 69.835000 1.930000
68.137000 70.008000 1.871000
68.258000 70.131000 1.873000
68.495000 70.344000 1.849000
68.878000 70.411000 1.533000
69.720000 70.911000 1.191000
69.891000 70.931000 1.040000
70.101000 71.475000 1.374000
70.145000 71.621000 1.476000
70.441000 71.868000 1.427000
70.657000 72.322000 1.665000
70.828000 72.827000 1.999000
70.859000 72.841000 1.982000
71.325000 73.025000 1.700000
71.585000 73.085000 1.500000
72.374000 73.106000 0.732000
72.625000 73.474000 0.849000
72.705000 73.816000 1.111000
72.766000 74.076000 1.310000
72.841000 74.309000 1.468000
73.105000 74.443000 1.338000
73.257000 74.516000 1.259000
73.325000 74.550000 1.225000
73.715000 74.795000 1.080000
73.775000 74.837000 1.062000
74.605000 74.893000 0.288000
74.723000 74.945000 0.222000
74.750000 75.496000 0.746000
74.837000 75.610000 0.773000
74.917000 75.642000 0.725000
75.050000 76.229000 1.179000
75.171000 76.419000 1.248000
75.411000 76.460000 1.049000
75.610000 76.555000 0.945000
75.610000 76.572000 0.962000
75.685000 76.880000 1.195000
75.763000 77.111000 1.348000
75.935000 77.866000 1.931000
76.264000 77.939000 1.675000
76.608000 78.193000 1.585000
76.635000 78.308000 1.673000
76.645000 78.486000 1.841000
76.740000 78.571000 1.831000
76.796000 79.206000 2.410000
76.925000 79.406000 2.481000
77.594000 79.441000 1.847000
77.720000 79.759000 2.039000
78.208000 79.830000 1.622000
78.224000 80.166000 1.942000
78.234000 80.588000 2.354000
78.251000 80.664000 2.413000
78.464000 80.860000 2.396000
78.628000 81.125000 2.497000
78.673000 81.207000 2.534000
78.808000 81.275000 2.467000
78.852000 81.426000 2.574000
78.893000 81.443000 2.550000
78.907000 81.460000 2.553000
79.140000 0.000000 0.000000
79.236000 81.512000 2.276000
79.655000 81.693000 2.038000
79.759000 82.057000 2.298000
79.976000 82.088000 2.112000
80.007000 83.115000 3.108000
80.324000 83.184000 2.860000
80.664000 83.475000 2.811000
81.091000 83.569000 2.478000
81.144000 83.570000 2.426000
81.275000 84.061000 2.786000
81.314000 84.196000 2.882000
81.544000 84.797000 3.253000
81.564000 85.127000 3.563000
81.924000 85.357000 3.433000
82.072000 85.834000 3.762000
82.140000 86.066000 3.926000
82.433000 86.261000 3.828000
82.543000 86.683000 4.140000
82.558000 87.066000 4.508000
82.845000 0.000000 0.000000
82.953000 0.000000 0.000000
83.008000 0.000000 0.000000
83.210000 87.524000 4.314000
83.265000 88.223000 4.958000
83.520000 88.293000 4.773000
83.755000 88.461000 4.706000
83.915000 88.667000 4.752000
84.013000 0.000000 0.000000
84.196000 88.926000 4.730000
84.436000 89.005000 4.569000
84.669000 0.000000 0.000000
84.710000 0.000000 0.000000
84.882000 89.615000 4.733000
84.991000 0.000000 0.000000
85.190000 89.892000 4.702000
85.445000 89.915000 4.470000
85.630000 0.000000 0.000000
86.201000 90.104000 3.903000
86.411000 90.145000 3.734000
86.580000 90.324000 3.744000
86.774000 90.493000 3.719000
86.928000 0.000000 0.000000
87.440000 90.556000 3.116000
87.517000 0.000000 0.000000
87.841000 90.647000 2.806000
87.875000 0.000000 0.000000
88.135000 0.000000 0.000000
88.418000 90.755000 2.337000
88.565000 90.985000 2.420000
88.694000 91.024000 2.330000
88.785000 91.358000 2.573000
89.829000 91.499000 1.670000
90.244000 91.636000 1.392000
90.492000 91.688000 1.196000
90.576000 92.208000 1.632000
90.790000 92.413000 1.623000
91.220000 92.971000 1.751000
91.498000 93.115000 1.617000
91.544000 93.338000 1.794000
91.687000 93.545000 1.858000
91.795000 93.694000 1.899000
92.055000 93.786000 1.731000
92.208000 93.910000 1.702000
92.305000 94.045000 1.740000
92.644000 94.063000 1.419000
92.769000 94.079000 1.310000
92.810000 94.256000 1.446000
94.045000 94.344000 0.299000
94.278000 94.865000 0.587000
94.389000 95.086000 0.697000
94.430000 95.126000 0.696000
94.705000 95.285000 0.580000
94.721000 95.401000 0.680000
94.920000 95.445000 0.525000
94.974000 95.576000 0.602000
95.145000 95.678000 0.533000
95.168000 95.708000 0.540000
95.254000 96.145000 0.891000
95.444000 96.521000 1.077000
95.597000 96.536000 0.939000
95.644000 96.595000 0.951000
95.693000 96.671000 0.978000
96.093000 96.891000 0.798000
96.201000 96.993000 0.792000
96.375000 97.008000 0.633000
96.552000 97.085000 0.533000
96.878000 97.286000 0.408000
97.285000 97.326000 0.041000
97.704000 97.725000 0.021000
97.813000 98.365000 0.552000
97.828000 98.387000 0.559000
97.844000 99.114000 1.270000
98.095000 99.161000 1.066000
98.385000 99.356000 0.971000
98.880000 99.465000 0.585000
98.929000 99.685000 0.756000
99.090000 99.727000 0.637000
99.265000 100.156000 0.891000
99.356000 100.176000 0.820000
99.521000 100.220000 0.699000
99.562000 100.293000 0.731000
99.935000 100.347000 0.412000
100.308000 100.437000 0.129000
100.420000 101.277000 0.857000
100.526000 101.317000 0.791000
100.874000 101.477000 0.603000
101.015000 101.732000 0.717000
101.825000 102.387000 0.562000
102.627000 102.725000 0.098000
102.642000 102.745000 0.103000
102.979000 103.076000 0.097000
103.114000 103.324000 0.210000
103.654000 103.929000 0.275000
103.666000 104.368000 0.702000
103.682000 104.465000 0.783000
104.045000 104.656000 0.611000
104.245000 105.566000 1.321000
104.304000 105.795000 1.491000
104.485000 105.870000 1.385000
104.587000 105.885000 1.298000
104.835000 105.975000 1.140000
104.908000 106.425000 1.517000
104.925000 106.465000 1.540000
104.940000 106.503000 1.563000
105.076000 106.566000 1.490000
105.341000 106.736000 1.395000
105.679000 107.189000 1.510000
105.883000 107.427000 1.544000
106.035000 107.551000 1.516000
106.071000 108.216000 2.145000
106.191000 109.180000 2.989000
106.210000 109.880000 3.670000
106.282000 110.166000 3.884000
106.425000 110.203000 3.778000
107.189000 110.868000 3.679000
107.473000 111.186000 3.713000
107.884000 111.773000 3.889000
107.965000 111.808000 3.843000
107.985000 111.944000 3.959000
108.559000 112.107000 3.548000
108.655000 112.122000 3.467000
108.776000 112.630000 3.854000
108.944000 112.695000 3.751000
109.179000 112.716000 3.537000
109.224000 112.843000 3.619000
109.384000 112.936000 3.552000
109.441000 0.000000 0.000000
109.879000 113.192000 3.313000
110.375000 113.366000 2.991000
110.555000 113.740000 3.185000
110.755000 0.000000 0.000000
111.346000 113.786000 2.440000
111.675000 114.175000 2.500000
112.158000 114.201000 2.043000
112.226000 114.256000 2.030000
112.241000 114.348000 2.107000
112.356000 114.845000 2.489000
112.371000 114.917000 2.546000
112.609000 0.000000 0.000000
112.935000 115.227000 2.292000
113.250000 115.400000 2.150000
113.476000 115.493000 2.017000
113.876000 115.525000 1.649000
113.893000 115.567000 1.674000
114.141000 115.809000 1.668000
114.895000 116.545000 1.650000
114.986000 116.760000 1.774000
115.020000 116.946000 1.926000
115.035000 116.985000 1.950000
115.050000 117.183000 2.133000
115.275000 117.695000 2.420000
115.385000 117.916000 2.531000
115.785000 118.046000 2.261000
115.848000 118.616000 2.768000
116.076000 118.693000 2.617000
116.225000 118.906000 2.681000
116.471000 118.956000 2.485000
116.488000 119.626000 3.138000
116.855000 119.752000 2.897000
117.295000 119.856000 2.561000
117.367000 119.875000 2.508000
117.385000 119.935000 2.550000
117.525000 120.044000 2.519000
117.735000 120.278000 2.543000
118.125000 120.342000 2.217000
118.515000 120.526000 2.011000
118.758000 120.658000 1.900000
118.886000 120.922000 2.036000
118.932000 120.995000 2.063000
119.150000 121.375000 2.225000
119.379000 121.502000 2.123000
119.426000 121.615000 2.189000
119.825000 121.926000 2.101000
119.981000 122.011000 2.030000
120.031000 122.295000 2.264000
120.247000 122.357000 2.110000
120.405000 122.505000 2.100000
120.542000 122.609000 2.067000
120.619000 122.924000 2.305000
120.673000 123.127000 2.454000
121.037000 123.252000 2.215000
121.090000 123.285000 2.195000
121.501000 123.558000 2.057000
121.544000 124.065000 2.521000
121.574000 124.108000 2.534000
121.733000 125.278000 3.545000
121.885000 125.323000 3.438000
122.010000 125.685000 3.675000
122.198000 125.759000 3.561000
122.760000 125.831000 3.071000
122.908000 125.962000 3.054000
123.320000 126.216000 2.896000
123.415000 126.345000 2.930000
123.557000 126.376000 2.819000
123.655000 126.456000 2.801000
123.865000 126.475000 2.610000
124.554000 126.518000 1.964000
124.764000 126.934000 2.170000
125.002000 127.167000 2.165000
125.115000 127.225000 2.110000
125.191000 0.000000 0.000000
125.541000 127.965000 2.424000
125.672000 128.039000 2.367000
125.815000 128.227000 2.412000
125.961000 128.251000 2.290000
125.995000 128.543000 2.548000
126.607000 128.816000 2.209000
126.914000 129.208000 2.294000
127.210000 129.544000 2.334000
127.355000 129.551000 2.196000
127.725000 129.642000 1.917000
128.052000 130.125000 2.073000
128.185000 130.166000 1.981000
128.342000 130.224000 1.882000
128.494000 130.336000 1.842000
128.675000 130.863000 2.188000
128.795000 131.007000 2.212000
129.160000 131.592000 2.432000
129.192000 131.677000 2.485000
129.285000 131.699000 2.414000
129.376000 132.306000 2.930000
129.581000 132.329000 2.748000
130.042000 132.371000 2.329000
130.239000 132.849000 2.610000
130.411000 132.965000 2.554000
130.464000 133.018000 2.554000
131.126000 133.110000 1.984000
131.235000 133.126000 1.891000
131.425000 133.141000 1.716000
131.675000 133.283000 1.608000
131.814000 133.365000 1.551000
132.065000 133.575000 1.510000
132.629000 133.903000 1.274000
132.735000 134.086000 1.351000
132.833000 134.124000 1.291000
132.965000 134.240000 1.275000
133.365000 134.347000 0.982000
133.717000 134.642000 0.925000
134.285000 134.815000 0.530000
134.305000 134.830000 0.525000
134.395000 135.430000 1.035000
134.440000 135.765000 1.325000
134.594000 135.941000 1.347000
135.136000 136.041000 0.905000
135.305000 136.626000 1.321000
135.350000 136.793000 1.443000
135.467000 137.096000 1.629000
135.941000 137.265000 1.324000
135.960000 137.776000 1.816000
136.040000 137.945000 1.905000
136.055000 138.013000 1.958000
136.103000 138.211000 2.108000
136.375000 138.482000 2.107000
136.492000 138.501000 2.009000
136.778000 138.698000 1.920000
136.954000 138.730000 1.776000
137.026000 138.896000 1.870000
137.965000 138.910000 0.945000
138.248000 139.092000 0.844000
138.404000 139.235000 0.831000
138.527000 140.127000 1.600000
138.682000 140.315000 1.633000
138.835000 140.633000 1.798000
139.215000 140.795000 1.580000
139.311000 140.985000 1.674000
139.541000 141.145000 1.604000
139.595000 141.186000 1.591000
139.675000 141.380000 1.705000
139.784000 141.452000 1.668000
140.224000 141.652000 1.428000
140.774000 141.705000 0.931000
141.091000 141.759000 0.668000
141.108000 141.961000 0.853000
141.743000 142.178000 0.435000
141.875000 142.409000 0.534000
142.341000 142.486000 0.145000
142.356000 142.542000 0.186000
142.375000 142.989000 0.614000
142.525000 143.230000 0.705000
143.427000 143.880000 0.453000
143.443000 144.381000 0.938000
143.555000 144.959000 1.404000
143.708000 145.291000 1.583000
144.175000 145.365000 1.190000
144.715000 145.461000 0.746000
144.940000 145.587000 0.647000
145.445000 145.637000 0.192000
145.970000 146.145000 0.175000
146.185000 146.226000 0.041000
146.225000 146.460000 0.235000
146.425000 146.504000 0.079000
147.129000 147.179000 0.050000
147.360000 148.018000 0.658000
147.525000 148.130000 0.605000
147.608000 148.228000 0.620000
147.645000 148.678000 1.033000
147.827000 148.959000 1.132000
147.950000 148.995000 1.045000
148.108000 149.331000 1.223000
148.196000 149.467000 1.271000
148.759000 149.501000 0.742000
148.958000 149.767000 0.809000
149.314000 149.780000 0.466000
149.349000 149.950000 0.601000
149.465000 150.310000 0.845000
150.004000 150.415000 0.411000
150.135000 150.845000 0.710000
150.184000 151.078000 0.894000
150.228000 151.265000 1.037000
150.260000 151.606000 1.346000
150.714000 151.932000 1.218000
150.845000 152.236000 1.391000
150.965000 152.256000 1.291000
151.000000 152.271000 1.271000
