client_9.log: seed=111, lambda=5.000000, T=150, total_pkts=699, total_drops=26
1.187000 1.829000 0.642000
1.351000 1.893000 0.542000
1.757000 2.212000 0.455000
1.893000 2.446000 0.553000
2.213000 2.885000 0.672000
2.305000 2.993000 0.688000
2.361000 3.042000 0.681000
2.898000 3.289000 0.391000
3.194000 3.339000 0.145000
3.653000 4.237000 0.584000
3.739000 4.277000 0.538000
4.742000 4.869000 0.127000
5.467000 5.728000 0.261000
6.048000 6.705000 0.657000
6.093000 6.788000 0.695000
6.417000 6.828000 0.411000
6.847000 6.997000 0.150000
7.166000 7.570000 0.404000
7.417000 7.678000 0.261000
7.832000 8.088000 0.256000
8.087000 8.188000 0.101000
8.269000 8.472000 0.203000
8.407000 8.519000 0.112000
8.535000 8.892000 0.357000
9.247000 9.501000 0.254000
9.387000 9.648000 0.261000
9.950000 10.298000 0.348000
9.982000 10.298000 0.316000
10.377000 10.785000 0.408000
11.042000 11.078000 0.036000
11.347000 11.388000 0.041000
11.450000 11.548000 0.098000
11.762000 12.028000 0.266000
11.844000 12.131000 0.287000
11.957000 13.123000 1.166000
12.335000 13.130000 0.795000
12.428000 13.186000 0.758000
12.495000 13.247000 0.752000
12.525000 13.308000 0.783000
12.632000 13.355000 0.723000
13.123000 13.371000 0.248000
13.247000 13.642000 0.395000
13.457000 13.973000 0.516000
13.527000 14.067000 0.540000
13.581000 14.117000 0.536000
13.657000 14.325000 0.668000
13.919000 14.904000 0.985000
14.011000 15.561000 1.550000
14.290000 15.658000 1.368000
14.309000 15.818000 1.509000
14.325000 15.913000 1.588000
14.347000 16.088000 1.741000
14.523000 16.375000 1.852000
14.627000 16.478000 1.851000
15.677000 16.504000 0.827000
15.847000 16.807000 0.960000
16.219000 17.193000 0.974000
16.250000 17.494000 1.244000
16.427000 18.297000 1.870000
16.443000 18.537000 2.094000
16.603000 18.567000 1.964000
16.650000 18.801000 2.151000
16.703000 18.816000 2.113000
16.837000 18.937000 2.100000
17.093000 19.089000 1.996000
17.157000 19.165000 2.008000
17.192000 19.502000 2.310000
17.245000 19.541000 2.296000
17.413000 19.806000 2.393000
17.533000 19.898000 2.365000
17.627000 20.012000 2.385000
17.885000 20.132000 2.247000
18.335000 20.158000 1.823000
18.401000 20.178000 1.777000
18.632000 20.303000 1.671000
18.785000 20.578000 1.793000
18.895000 20.865000 1.970000
19.067000 20.891000 1.824000
19.143000 21.499000 2.356000
19.264000 21.941000 2.677000
19.407000 22.049000 2.642000
19.767000 22.108000 2.341000
19.791000 22.214000 2.423000
19.867000 22.436000 2.569000
19.932000 22.500000 2.568000
20.520000 22.645000 2.125000
20.703000 22.700000 1.997000
20.750000 22.798000 2.048000
21.398000 23.131000 1.733000
21.574000 23.312000 1.738000
21.737000 23.414000 1.677000
22.282000 23.438000 1.156000
22.377000 23.530000 1.153000
22.516000 23.704000 1.188000
22.644000 23.721000 1.077000
23.131000 23.839000 0.708000
23.270000 23.940000 0.670000
23.504000 24.078000 0.574000
23.939000 24.233000 0.294000
23.950000 24.507000 0.557000
24.248000 24.806000 0.558000
24.482000 24.867000 0.385000
24.527000 24.882000 0.355000
24.967000 25.064000 0.097000
25.127000 25.147000 0.020000
25.397000 25.577000 0.180000
25.468000 25.818000 0.350000
25.838000 26.028000 0.190000
26.167000 26.247000 0.080000
26.366000 26.459000 0.093000
26.767000 27.017000 0.250000
26.798000 27.154000 0.356000
27.087000 27.348000 0.261000
27.752000 27.977000 0.225000
27.800000 28.005000 0.205000
27.849000 28.445000 0.596000
28.127000 28.865000 0.738000
28.164000 29.016000 0.852000
28.337000 29.291000 0.954000
28.377000 29.407000 1.030000
28.557000 29.658000 1.101000
29.518000 29.782000 0.264000
29.657000 29.866000 0.209000
29.842000 30.161000 0.319000
30.176000 30.288000 0.112000
30.287000 30.393000 0.106000
30.814000 30.817000 0.003000
30.850000 30.928000 0.078000
31.107000 31.167000 0.060000
31.327000 31.692000 0.365000
31.484000 31.708000 0.224000
32.474000 32.978000 0.504000
32.687000 33.017000 0.330000
33.000000 33.093000 0.093000
33.687000 33.790000 0.103000
33.857000 34.138000 0.281000
33.987000 34.253000 0.266000
34.157000 34.408000 0.251000
34.718000 34.988000 0.270000
34.919000 35.008000 0.089000
34.934000 35.048000 0.114000
35.063000 35.265000 0.202000
35.177000 35.516000 0.339000
35.227000 35.531000 0.304000
35.249000 36.002000 0.753000
35.493000 36.017000 0.524000
35.557000 36.235000 0.678000
35.707000 36.329000 0.622000
35.800000 36.348000 0.548000
36.017000 36.698000 0.681000
36.107000 36.738000 0.631000
36.717000 36.900000 0.183000
37.017000 37.144000 0.127000
37.377000 37.424000 0.047000
37.607000 38.062000 0.455000
38.334000 38.463000 0.129000
38.557000 38.956000 0.399000
38.607000 39.166000 0.559000
38.647000 40.118000 1.471000
38.702000 40.315000 1.613000
39.037000 40.808000 1.771000
39.247000 41.101000 1.854000
39.313000 41.743000 2.430000
39.313000 42.118000 2.805000
39.344000 42.768000 3.424000
39.507000 42.790000 3.283000
39.543000 43.464000 3.921000
39.605000 43.484000 3.879000
39.665000 43.662000 3.997000
40.315000 43.807000 3.492000
40.550000 43.879000 3.329000
40.695000 44.078000 3.383000
40.717000 44.342000 3.625000
41.197000 44.782000 3.585000
41.217000 44.929000 3.712000
41.237000 45.128000 3.891000
41.568000 45.684000 4.116000
41.878000 45.702000 3.824000
42.487000 46.275000 3.788000
42.562000 0.000000 0.000000
42.790000 46.382000 3.592000
42.883000 46.605000 3.722000
42.977000 0.000000 0.000000
43.735000 47.032000 3.297000
43.879000 47.373000 3.494000
43.906000 47.412000 3.506000
44.448000 47.818000 3.370000
44.530000 47.901000 3.371000
44.546000 48.112000 3.566000
44.631000 48.187000 3.556000
44.959000 48.291000 3.332000
45.638000 48.976000 3.338000
46.934000 49.000000 2.066000
47.147000 49.404000 2.257000
47.159000 49.404000 2.245000
47.227000 49.434000 2.207000
47.432000 49.508000 2.076000
47.630000 50.132000 2.502000
47.685000 50.347000 2.662000
48.227000 50.697000 2.470000
48.263000 50.766000 2.503000
48.495000 50.895000 2.400000
48.533000 51.151000 2.618000
48.597000 51.418000 2.821000
48.657000 51.764000 3.107000
49.047000 52.047000 3.000000
49.595000 52.048000 2.453000
50.116000 52.101000 1.985000
50.147000 52.423000 2.276000
50.238000 52.842000 2.604000
50.347000 52.918000 2.571000
50.699000 53.184000 2.485000
51.027000 53.260000 2.233000
51.437000 53.433000 1.996000
51.497000 53.693000 2.196000
51.552000 53.721000 2.169000
51.682000 53.833000 2.151000
51.727000 53.878000 2.151000
51.994000 54.048000 2.054000
52.008000 54.217000 2.209000
52.116000 54.488000 2.372000
52.147000 54.564000 2.417000
52.337000 54.588000 2.251000
53.222000 54.958000 1.736000
53.335000 55.139000 1.804000
53.350000 55.158000 1.808000
53.397000 56.000000 2.603000
54.047000 56.096000 2.049000
54.380000 56.401000 2.021000
54.727000 56.882000 2.155000
55.177000 57.865000 2.688000
55.357000 57.880000 2.523000
55.460000 58.281000 2.821000
55.873000 58.684000 2.811000
56.057000 59.138000 3.081000
56.528000 59.378000 2.850000
56.550000 59.434000 2.884000
56.580000 59.540000 2.960000
56.687000 59.597000 2.910000
56.946000 59.764000 2.818000
57.597000 59.852000 2.255000
57.630000 59.938000 2.308000
57.734000 60.014000 2.280000
57.894000 60.253000 2.359000
57.910000 60.558000 2.648000
58.473000 60.747000 2.274000
58.690000 61.007000 2.317000
58.751000 61.314000 2.563000
58.837000 61.475000 2.638000
59.357000 61.588000 2.231000
59.377000 0.000000 0.000000
59.688000 61.608000 1.920000
59.846000 61.703000 1.857000
60.230000 62.308000 2.078000
60.313000 62.328000 2.015000
60.467000 62.417000 1.950000
60.473000 62.667000 2.194000
60.767000 62.933000 2.166000
61.217000 62.978000 1.761000
61.587000 63.015000 1.428000
61.800000 63.051000 1.251000
62.097000 63.282000 1.185000
62.466000 63.464000 0.998000
62.757000 63.508000 0.751000
62.777000 63.539000 0.762000
62.831000 63.691000 0.860000
63.207000 64.103000 0.896000
63.492000 64.111000 0.619000
63.707000 64.277000 0.570000
63.848000 64.315000 0.467000
64.126000 64.468000 0.342000
64.142000 64.489000 0.347000
64.217000 64.908000 0.691000
64.277000 65.818000 1.541000
64.342000 65.852000 1.510000
64.374000 65.907000 1.533000
64.417000 65.908000 1.491000
64.468000 66.429000 1.961000
64.573000 66.564000 1.991000
64.776000 66.706000 1.930000
64.947000 66.778000 1.831000
65.293000 67.562000 2.269000
65.499000 67.649000 2.150000
65.607000 67.817000 2.210000
65.850000 67.928000 2.078000
66.217000 68.138000 1.921000
67.047000 68.194000 1.147000
67.227000 68.701000 1.474000
67.417000 68.716000 1.299000
67.467000 69.258000 1.791000
67.747000 69.400000 1.653000
67.947000 69.658000 1.711000
68.117000 70.108000 1.991000
68.137000 70.619000 2.482000
68.582000 70.636000 2.054000
68.827000 70.813000 1.986000
69.593000 70.882000 1.289000
69.833000 70.908000 1.075000
69.917000 71.267000 1.350000
69.992000 71.612000 1.620000
70.064000 71.882000 1.818000
70.327000 72.118000 1.791000
70.466000 72.257000 1.791000
70.547000 72.334000 1.787000
70.927000 72.387000 1.460000
70.977000 72.632000 1.655000
71.787000 72.672000 0.885000
71.901000 72.723000 0.822000
71.932000 72.766000 0.834000
72.017000 73.307000 1.290000
72.102000 73.432000 1.330000
72.227000 73.457000 1.230000
72.350000 74.048000 1.698000
72.582000 74.234000 1.652000
72.782000 74.265000 1.483000
72.782000 74.347000 1.565000
72.847000 74.367000 1.520000
72.929000 74.677000 1.748000
73.097000 74.900000 1.803000
73.415000 75.658000 2.243000
73.747000 75.738000 1.991000
73.767000 76.001000 2.234000
73.776000 76.123000 2.347000
73.867000 76.308000 2.441000
73.927000 76.388000 2.461000
74.047000 77.045000 2.998000
74.700000 77.244000 2.544000
74.833000 77.268000 2.435000
75.307000 77.597000 2.290000
75.322000 77.663000 2.341000
75.337000 77.987000 2.650000
75.367000 78.417000 3.050000
75.560000 78.507000 2.947000
75.722000 78.702000 2.980000
75.768000 78.957000 3.189000
75.892000 79.037000 3.145000
75.923000 0.000000 0.000000
75.970000 0.000000 0.000000
75.985000 0.000000 0.000000
76.202000 79.097000 2.895000
76.287000 79.257000 2.970000
76.707000 79.277000 2.570000
76.800000 79.297000 2.497000
77.012000 0.000000 0.000000
77.045000 79.357000 2.312000
77.357000 79.537000 2.180000
77.684000 79.907000 2.223000
78.105000 79.947000 1.842000
78.148000 80.966000 2.818000
78.282000 81.042000 2.760000
78.317000 0.000000 0.000000
78.529000 81.322000 2.793000
78.551000 81.417000 2.866000
78.897000 81.417000 2.520000
79.057000 81.917000 2.860000
79.112000 82.058000 2.946000
79.385000 82.652000 3.267000
79.482000 82.992000 3.510000
79.497000 83.228000 3.731000
79.762000 83.707000 3.945000
79.877000 83.937000 4.060000
79.927000 84.130000 4.203000
80.127000 84.557000 4.430000
80.182000 84.925000 4.743000
80.424000 0.000000 0.000000
80.647000 0.000000 0.000000
80.787000 0.000000 0.000000
80.881000 0.000000 0.000000
81.042000 85.387000 4.345000
81.277000 86.086000 4.809000
81.511000 86.157000 4.646000
81.536000 86.318000 4.782000
81.697000 86.524000 4.827000
81.799000 0.000000 0.000000
81.993000 86.783000 4.790000
82.247000 86.857000 4.610000
82.436000 0.000000 0.000000
82.992000 87.457000 4.465000
83.211000 87.738000 4.527000
83.378000 87.753000 4.375000
83.557000 0.000000 0.000000
83.706000 0.000000 0.000000
84.197000 87.937000 3.740000
84.262000 87.966000 3.704000
84.579000 88.137000 3.558000
84.623000 88.307000 3.684000
84.869000 0.000000 0.000000
85.147000 88.367000 3.220000
85.287000 0.000000 0.000000
85.415000 88.465000 3.050000
85.487000 0.000000 0.000000
86.509000 88.567000 2.058000
86.914000 88.807000 1.893000
87.167000 88.847000 1.680000
87.237000 89.197000 1.960000
87.457000 89.332000 1.875000
87.872000 89.459000 1.587000
88.137000 89.501000 1.364000
88.177000 90.029000 1.852000
88.307000 90.229000 1.922000
88.413000 90.799000 2.386000
88.665000 90.934000 2.269000
88.807000 91.142000 2.335000
88.917000 91.332000 2.415000
89.241000 91.483000 2.242000
89.377000 91.569000 2.192000
89.427000 91.688000 2.261000
90.617000 91.823000 1.206000
90.857000 91.827000 0.970000
90.955000 91.852000 0.897000
90.984000 92.024000 1.040000
91.237000 92.113000 0.876000
91.257000 92.637000 1.380000
91.449000 92.852000 1.403000
91.507000 92.881000 1.374000
91.657000 93.042000 1.385000
91.687000 93.152000 1.465000
91.773000 93.192000 1.419000
91.967000 93.317000 1.350000
92.113000 93.417000 1.304000
92.152000 93.455000 1.303000
92.199000 93.892000 1.693000
92.587000 94.272000 1.685000
92.700000 94.293000 1.593000
92.880000 94.343000 1.463000
93.057000 94.416000 1.359000
93.367000 94.632000 1.265000
93.750000 94.727000 0.977000
94.147000 94.742000 0.595000
94.257000 94.827000 0.570000
94.272000 95.017000 0.745000
94.293000 95.067000 0.774000
94.547000 95.087000 0.540000
94.827000 95.624000 0.797000
95.322000 95.639000 0.317000
95.387000 96.367000 0.980000
95.547000 96.427000 0.880000
95.718000 96.629000 0.911000
95.817000 96.733000 0.916000
95.973000 96.958000 0.985000
95.992000 96.985000 0.993000
96.350000 97.415000 1.065000
96.703000 97.433000 0.730000
96.807000 97.473000 0.666000
96.910000 97.559000 0.649000
97.247000 97.617000 0.370000
97.368000 97.714000 0.346000
98.142000 98.973000 0.831000
98.915000 99.008000 0.093000
98.932000 99.168000 0.236000
99.259000 99.518000 0.259000
99.397000 100.078000 0.681000
99.921000 100.173000 0.252000
99.936000 100.186000 0.250000
99.950000 100.298000 0.348000
100.297000 100.499000 0.202000
100.497000 100.772000 0.275000
100.553000 101.211000 0.658000
100.727000 101.317000 0.590000
100.819000 101.515000 0.696000
101.066000 102.417000 1.351000
101.127000 102.637000 1.510000
101.147000 102.698000 1.551000
101.162000 102.718000 1.556000
101.284000 102.817000 1.533000
101.537000 103.265000 1.728000
101.863000 103.308000 1.445000
102.047000 103.348000 1.301000
102.185000 103.407000 1.222000
102.216000 103.578000 1.362000
102.327000 104.030000 1.703000
102.340000 104.283000 1.943000
102.417000 104.408000 1.991000
102.552000 105.077000 2.525000
103.287000 106.043000 2.756000
103.557000 106.734000 3.177000
103.957000 107.017000 3.060000
104.030000 107.049000 3.019000
104.053000 107.708000 3.655000
104.607000 108.014000 3.407000
104.697000 108.609000 3.912000
104.828000 108.644000 3.816000
105.001000 108.788000 3.787000
105.232000 108.950000 3.718000
105.277000 108.966000 3.689000
105.433000 109.478000 4.045000
105.487000 109.543000 4.056000
105.901000 109.560000 3.659000
106.387000 109.688000 3.301000
106.574000 109.772000 3.198000
106.766000 110.034000 3.268000
107.337000 110.195000 2.858000
107.653000 110.569000 2.916000
108.115000 110.610000 2.495000
108.175000 110.998000 2.823000
108.192000 0.000000 0.000000
108.301000 0.000000 0.000000
108.317000 0.000000 0.000000
108.549000 0.000000 0.000000
108.863000 111.018000 2.155000
109.166000 111.061000 1.895000
109.383000 111.149000 1.766000
109.772000 111.648000 1.876000
109.787000 111.720000 1.933000
110.033000 112.038000 2.005000
110.777000 112.216000 1.439000
110.868000 112.314000 1.446000
110.900000 112.341000 1.441000
110.916000 112.368000 1.452000
110.931000 112.604000 1.673000
111.134000 113.338000 2.204000
111.248000 113.547000 2.299000
111.647000 113.730000 2.083000
111.702000 113.767000 2.065000
111.920000 113.968000 2.048000
112.057000 114.478000 2.421000
112.292000 114.698000 2.406000
112.313000 114.833000 2.520000
112.665000 115.404000 2.739000
113.081000 115.482000 2.401000
113.148000 115.681000 2.533000
113.167000 115.743000 2.576000
113.300000 116.419000 3.119000
113.501000 116.555000 3.054000
113.881000 116.675000 2.794000
114.267000 116.694000 2.427000
114.499000 116.750000 2.251000
114.637000 116.864000 2.227000
114.699000 117.093000 2.394000
114.917000 117.153000 2.236000
115.143000 117.329000 2.186000
115.189000 117.457000 2.268000
115.573000 117.728000 2.155000
115.743000 117.808000 2.065000
115.782000 118.193000 2.411000
115.998000 118.308000 2.310000
116.147000 118.416000 2.269000
116.265000 0.000000 0.000000
116.337000 0.000000 0.000000
116.397000 0.000000 0.000000
116.750000 118.728000 1.978000
116.787000 118.814000 2.027000
117.183000 119.087000 1.904000
117.217000 119.134000 1.917000
117.237000 119.289000 2.052000
117.384000 119.398000 2.014000
117.532000 119.704000 2.172000
117.667000 119.908000 2.241000
117.851000 120.038000 2.187000
118.409000 120.059000 1.650000
118.567000 120.337000 1.770000
118.957000 120.836000 1.879000
119.045000 120.882000 1.837000
119.177000 122.053000 2.876000
119.271000 122.098000 2.827000
119.470000 122.467000 2.997000
120.144000 122.545000 2.401000
120.344000 122.619000 2.275000
120.573000 122.759000 2.186000
120.687000 123.022000 2.335000
120.762000 123.158000 2.396000
121.100000 123.198000 2.098000
121.227000 123.269000 2.042000
121.347000 123.284000 1.937000
121.489000 123.318000 1.829000
121.519000 123.717000 2.198000
122.115000 123.951000 1.836000
122.417000 123.998000 1.581000
122.703000 124.738000 2.035000
122.832000 124.796000 1.964000
123.197000 124.992000 1.795000
123.517000 125.011000 1.494000
123.648000 125.297000 1.649000
123.798000 125.559000 1.761000
123.933000 125.959000 2.026000
124.121000 126.306000 2.185000
124.241000 126.320000 2.079000
124.598000 126.408000 1.810000
124.638000 126.888000 2.250000
124.722000 126.941000 2.219000
124.817000 126.973000 2.156000
125.027000 127.083000 2.056000
125.485000 127.606000 2.121000
125.670000 127.738000 2.068000
125.844000 128.319000 2.475000
125.886000 128.407000 2.521000
126.532000 128.428000 1.896000
126.628000 129.038000 2.410000
126.802000 129.058000 2.256000
127.047000 129.078000 2.031000
127.175000 129.554000 2.379000
127.425000 129.668000 2.243000
127.972000 129.724000 1.752000
128.072000 129.828000 1.756000
128.157000 129.850000 1.693000
128.292000 129.866000 1.574000
128.684000 130.006000 1.322000
129.017000 130.084000 1.067000
129.575000 130.301000 0.726000
129.591000 130.628000 1.037000
129.687000 130.828000 1.141000
129.723000 130.865000 1.142000
129.866000 130.982000 1.116000
130.392000 131.083000 0.691000
130.557000 131.373000 0.816000
130.608000 131.557000 0.949000
130.717000 131.579000 0.862000
131.188000 132.173000 0.985000
131.205000 132.497000 1.292000
131.297000 132.674000 1.377000
131.314000 132.767000 1.453000
131.345000 133.351000 2.006000
131.605000 133.522000 1.917000
131.727000 133.833000 2.106000
132.006000 133.982000 1.976000
132.172000 134.498000 2.326000
132.251000 134.667000 2.416000
133.150000 134.718000 1.568000
133.432000 134.916000 1.484000
133.584000 135.188000 1.604000
133.717000 135.208000 1.491000
133.867000 135.409000 1.542000
134.018000 135.428000 1.410000
134.378000 135.598000 1.220000
134.481000 135.608000 1.127000
134.718000 135.798000 1.080000
134.777000 135.945000 1.168000
134.860000 136.816000 1.956000
134.957000 137.007000 2.050000
135.387000 137.329000 1.942000
135.913000 137.484000 1.571000
136.227000 137.667000 1.440000
136.242000 137.816000 1.574000
136.857000 137.854000 0.997000
136.988000 138.041000 1.053000
137.432000 138.101000 0.669000
137.437000 138.295000 0.858000
137.469000 138.339000 0.870000
137.608000 138.384000 0.776000
138.486000 138.691000 0.205000
138.501000 138.905000 0.404000
138.607000 139.146000 0.539000
138.766000 139.213000 0.447000
139.229000 139.288000 0.059000
139.750000 140.188000 0.438000
139.967000 140.430000 0.463000
140.459000 140.917000 0.458000
140.967000 141.468000 0.501000
141.168000 142.033000 0.865000
141.210000 142.364000 1.154000
141.407000 142.450000 1.043000
142.092000 142.543000 0.451000
142.307000 142.651000 0.344000
142.466000 142.708000 0.242000
142.542000 142.885000 0.343000
142.563000 142.916000 0.353000
142.749000 143.142000 0.393000
142.856000 143.197000 0.341000
143.012000 143.243000 0.231000
143.108000 143.886000 0.778000
143.650000 143.997000 0.347000
143.847000 144.100000 0.253000
144.187000 144.647000 0.460000
144.207000 144.917000 0.710000
144.307000 144.952000 0.645000
144.832000 145.297000 0.465000
144.952000 145.432000 0.480000
144.999000 145.477000 0.478000
145.037000 145.747000 0.710000
145.077000 145.767000 0.690000
145.517000 145.927000 0.410000
145.649000 146.282000 0.633000
145.767000 146.382000 0.615000
145.802000 146.812000 1.010000
145.887000 147.037000 1.150000
145.942000 147.217000 1.275000
146.049000 147.551000 1.502000
146.205000 147.887000 1.682000
146.287000 148.183000 1.896000
146.501000 148.199000 1.698000
146.717000 148.217000 1.500000
146.812000 148.657000 1.845000
146.859000 148.806000 1.947000
147.197000 148.983000 1.786000
147.437000 149.357000 1.920000
147.457000 149.515000 2.058000
147.551000 149.597000 2.046000
147.677000 150.678000 3.001000
147.767000 150.698000 2.931000
148.133000 150.776000 2.643000
148.237000 150.974000 2.737000
148.922000 151.069000 2.147000
149.142000 151.159000 2.017000
149.222000 151.238000 2.016000
149.417000 151.440000 2.023000
149.654000 151.513000 1.859000
150.006000 151.532000 1.526000
150.166000 151.593000 1.427000
150.543000 151.702000 1.159000
